13:10:53.932 [main                     ] DEBUG Logger               - Configured Logger
13:10:53.947 [main                     ] DEBUG GameApplication      - Logging settings
Title: FUCK THIS SHIT
Version: 0.0
Width: 1280
Height: 720
Fullscreen: false
Intro: false
Profiling: false
Single step:false
App Mode: DEVELOPER
Menu Key: ESCAPE
Stage Style: DECORATED
Scene Factory: class com.example.rpgplatform.RPGPlatform$1

13:10:54.220 [JavaFX Application Thread] DEBUG FXGLApplication      - Initializing FXGL
13:10:54.222 [JavaFX Application Thread] INFO  Engine               - FXGL-17.3 (30.03.2023 11.49) on WINDOWS (J:21.0.2 FX:21)
13:10:54.223 [JavaFX Application Thread] DEBUG Engine               - JRE Vendor Name: Oracle Corporation
13:10:54.223 [JavaFX Application Thread] DEBUG Engine               - Running on OS: Windows 11 version 10.0
13:10:54.223 [JavaFX Application Thread] DEBUG Engine               - Architecture: amd64
13:10:54.223 [JavaFX Application Thread] INFO  Engine               - Source code and latest versions at: https://github.com/AlmasB/FXGL
13:10:54.223 [JavaFX Application Thread] INFO  Engine               -       Ask questions and discuss at: https://github.com/AlmasB/FXGL/discussions
13:10:54.223 [JavaFX Application Thread] INFO  Engine               -              Join the FXGL chat at: https://gitter.im/AlmasB/FXGL
13:10:54.277 [JavaFX Application Thread] DEBUG PrimaryStageWindow   - Creating a JavaFX scene
13:10:54.306 [JavaFX Application Thread] DEBUG PrimaryStageWindow   - Target settings size: 1280.0 x 720.0
13:10:54.306 [JavaFX Application Thread] DEBUG PrimaryStageWindow   - Scaled scene size:    1280.0 x 720.0
13:10:54.306 [JavaFX Application Thread] DEBUG PrimaryStageWindow   - Scaled ratio: (1.0, 1.0)
13:10:54.307 [JavaFX Application Thread] DEBUG PrimaryStageWindow   - Set initial scene to FXGLStartupScene
13:10:54.309 [JavaFX Application Thread] DEBUG PrimaryStageWindow   - Opening main window
13:10:54.363 [JavaFX Application Thread] DEBUG PrimaryStageWindow   - Window border size: (14.4000244140625, 37.5999755859375)
13:10:54.363 [JavaFX Application Thread] DEBUG PrimaryStageWindow   - Scaled size: 1280.0 x 720.0
13:10:54.363 [JavaFX Application Thread] DEBUG PrimaryStageWindow   - Scaled ratio: (1.0, 1.0)
13:10:54.363 [JavaFX Application Thread] DEBUG PrimaryStageWindow   - Scene size: 1280.0 x 720.0
13:10:54.363 [JavaFX Application Thread] DEBUG PrimaryStageWindow   - Stage size: 1294.4000244140625 x 757.5999755859375
13:10:54.369 [FXGL Background Thread 1 ] DEBUG Engine               - Initializing environment variables
13:10:54.417 [FXGL Background Thread 1 ] DEBUG FXGLAssetLoaderServi - User app class for loading assets: class com.example.rpgplatform.RPGPlatform
13:10:54.418 [FXGL Background Thread 1 ] DEBUG GameApplicationServi - Applying CSS: fxgl_dark.css
13:10:54.418 [FXGL Background Thread 1 ] DEBUG FXGLAssetLoaderServi - Loading from file system: jar:file:///C:/Users/acer/.m2/repository/com/github/almasb/fxgl/17.3/fxgl-17.3.jar!/fxglassets/ui/css/fxgl_dark.css
13:10:54.451 [FXGL Background Thread 1 ] DEBUG GameApplicationServi - Initializing application scenes
13:10:54.485 [FXGL Background Thread 1 ] DEBUG FXGLAssetLoaderServi - Loading from file system: file:/C:/Users/acer/JavaProjects/RPGPlatform/target/classes/assets/textures/warriorIdle1.png
13:10:54.512 [FXGL Background Thread 1 ] DEBUG GameWorld            - Game world initialized
13:10:54.546 [FXGL Background Thread 1 ] DEBUG PhysicsWorld         - Physics world initialized: appHeight=720, physics.ppm=50.0
13:10:54.547 [FXGL Background Thread 1 ] DEBUG PhysicsWorld         - Using strategy: BRUTE_FORCE
13:10:54.549 [FXGL Background Thread 1 ] DEBUG GameScene            - Game scene initialized: 1280x720
13:10:54.555 [FXGL Background Thread 1 ] DEBUG FXGL.DefaultMenu     - createMenuBodyGameMenu()
13:10:54.567 [FXGL Background Thread 1 ] DEBUG FXGL.DefaultMenu     - createOptionsMenu()
13:10:54.573 [FXGL Background Thread 1 ] DEBUG FXGLAssetLoaderServi - Loading from file system: jar:file:///C:/Users/acer/.m2/repository/com/github/almasb/fxgl/17.3/fxgl-17.3.jar!/fxglassets/textures/particles/smoke.png
13:10:54.624 [FXGL Background Thread 1 ] DEBUG FXGLAssetLoaderServi - Loading from file system: jar:file:///C:/Users/acer/.m2/repository/com/github/almasb/fxgl/17.3/fxgl-17.3.jar!/fxglassets/textures/particles/trace_horizontal.png
13:10:54.656 [FXGL Background Thread 1 ] DEBUG GameApplicationServi - Application scenes initialized
13:10:54.664 [FXGL Background Thread 1 ] DEBUG SystemBundleService  - Loading FXGL system data
13:10:54.666 [FXGL Background Thread 1 ] DEBUG FileSystemAccess     - Reading from: C:\Users\acer\JavaProjects\RPGPlatform\system\fxgl.bundle
13:10:54.672 [FXGL Background Thread 1 ] DEBUG SystemBundleService  - Bundle FXGL: {}
13:10:54.672 [FXGL Background Thread 1 ] DEBUG UpdaterService       - Checking for updates
13:10:54.675 [FXGL Background Thread 4 ] DEBUG FXGLApplication      - Loading fonts
13:10:54.675 [FXGL Background Thread 4 ] DEBUG FXGLAssetLoaderServi - Loading from file system: jar:file:///C:/Users/acer/.m2/repository/com/github/almasb/fxgl/17.3/fxgl-17.3.jar!/fxglassets/ui/fonts/VarelaRound-Regular.ttf
13:10:54.675 [FXGL Background Thread 1 ] DEBUG FXGLApplication      - Loading default localization
13:10:54.676 [FXGL Background Thread 1 ] DEBUG FXGLAssetLoaderServi - Loading from file system: jar:file:///C:/Users/acer/.m2/repository/com/github/almasb/fxgl/17.3/fxgl-17.3.jar!/fxglassets/languages/english.lang
13:10:54.692 [FXGL Background Thread 1 ] INFO  FXGLApplication      - FXGL initialization took: 0.322 sec
13:10:54.699 [JavaFX Application Thread] DEBUG Input                - Registered new binding: Left - A
13:10:54.699 [JavaFX Application Thread] DEBUG Input                - Registered new binding: Right - D
13:10:54.699 [JavaFX Application Thread] DEBUG Input                - Registered new binding: Jump - W
13:10:54.700 [JavaFX Application Thread] DEBUG FXGLAssetLoaderServi - Loading from file system: file:/C:/Users/acer/JavaProjects/RPGPlatform/target/classes/assets/music/BGM_dash_runner.wav
13:10:54.700 [FXGL Background Thread 4 ] DEBUG FXGLAssetLoaderServi - Loading from file system: jar:file:///C:/Users/acer/.m2/repository/com/github/almasb/fxgl/17.3/fxgl-17.3.jar!/fxglassets/ui/fonts/Abel-Regular.ttf
13:10:54.703 [FXGL Background Thread 4 ] DEBUG FXGLAssetLoaderServi - Loading from file system: jar:file:///C:/Users/acer/.m2/repository/com/github/almasb/fxgl/17.3/fxgl-17.3.jar!/fxglassets/ui/fonts/TerminalLandMono-Regular.otf
13:10:54.707 [FXGL Background Thread 4 ] DEBUG FXGLAssetLoaderServi - Loading from file system: jar:file:///C:/Users/acer/.m2/repository/com/github/almasb/fxgl/17.3/fxgl-17.3.jar!/fxglassets/ui/fonts/Courier-Prime.ttf
13:10:54.800 [JavaFX Application Thread] DEBUG AudioPlayer          - Playing music com.almasb.fxgl.audio.Music@65217c8e
13:10:54.800 [JavaFX Application Thread] DEBUG FXGLAssetLoaderServi - Loading from file system: jar:file:///C:/Users/acer/.m2/repository/com/github/almasb/fxgl/17.3/fxgl-17.3.jar!/fxglassets/textures/fxgl_icon.png
13:10:54.805 [JavaFX Application Thread] DEBUG FXGLAssetLoaderServi - Loading from file system: jar:file:///C:/Users/acer/.m2/repository/com/github/almasb/fxgl/17.3/fxgl-17.3.jar!/fxglassets/textures/fxgl_default_cursor.png
13:10:54.807 [JavaFX Application Thread] DEBUG Input                - Registered new binding: Screenshot - CTRL+8
13:10:54.807 [JavaFX Application Thread] DEBUG Input                - Registered new binding: System info dump - CTRL+9
13:10:54.807 [JavaFX Application Thread] DEBUG Input                - Registered new binding: Restart - CTRL+R
13:10:54.807 [JavaFX Application Thread] DEBUG Input                - Registered new binding: Toggle Debug Camera - CTRL+7
13:10:54.809 [JavaFX Application Thread] DEBUG LoopRunner           - Starting loop
13:10:54.809 [JavaFX Application Thread] DEBUG LoopRunner           - Initializing JavaFX AnimationTimerLoop
13:10:54.809 [JavaFX Application Thread] DEBUG GameApplicationServi - Starting new game
13:10:54.810 [JavaFX Application Thread] DEBUG Input                - Clearing active input actions
13:10:54.818 [JavaFX Application Thread] DEBUG GameApplicationServi - Removing overlay from FXGLStartupScene and adding to MainLoadingScene
13:10:54.818 [JavaFX Application Thread] DEBUG PrimaryStageWindow   - FXGLStartupScene -> MainLoadingScene
13:10:54.818 [JavaFX Application Thread] DEBUG GameApplicationServi - Clearing previous game
13:10:54.818 [JavaFX Application Thread] DEBUG GameScene            - Clearing game scene
13:10:54.818 [JavaFX Application Thread] DEBUG GameWorld            - Clearing game world
13:10:54.818 [JavaFX Application Thread] DEBUG PhysicsWorld         - Clearing physics world
13:10:54.819 [FXGL Background Thread 4 ] DEBUG FXGLApplication      - Initializing game
13:10:54.821 [JavaFX Application Thread] DEBUG FXGLApplication      - Registering font factories with UI factory
13:10:54.840 [FXGL Background Thread 4 ] DEBUG FXGLAssetLoaderServi - Loading from file system: file:/C:/Users/acer/JavaProjects/RPGPlatform/target/classes/assets/textures/WarriorIdleAnim.png
13:10:54.842 [FXGL Background Thread 4 ] DEBUG FXGLAssetLoaderServi - Loading from file system: file:/C:/Users/acer/JavaProjects/RPGPlatform/target/classes/assets/textures/WalkingAnimation.png
13:10:54.857 [FXGL Background Thread 4 ] DEBUG FXGLAssetLoaderServi - Loading from file system: file:/C:/Users/acer/JavaProjects/RPGPlatform/target/classes/assets/textures/background/windrise-background.png
13:10:54.878 [FXGL Background Thread 4 ] INFO  FXGLApplication      - Game initialization took: 0.058 sec
13:10:54.902 [JavaFX Application Thread] DEBUG Input                - Clearing active input actions
13:10:54.908 [JavaFX Application Thread] DEBUG GameApplicationServi - Removing overlay from MainLoadingScene and adding to GameScene
13:10:54.909 [JavaFX Application Thread] DEBUG PrimaryStageWindow   - MainLoadingScene -> GameScene
13:10:55.120 [FXGL Background Thread 2 ] INFO  UpdaterService       - Your current version:  17.3
13:10:55.120 [FXGL Background Thread 2 ] INFO  UpdaterService       - Latest stable version: 21.1
13:10:55.525 [JavaFX Application Thread] WARN  TMXLevelLoader       - TiledMap generated from 1.2.3. Supported version: 1.9.0. Some features may not be parsed fully.
13:10:55.529 [JavaFX Application Thread] DEBUG TMXLevelLoader       - Parsed TiledMap: file:/C:/Users/acer/JavaProjects/RPGPlatform/target/classes/assets/levels/tmx/level1.tmx
13:10:55.530 [JavaFX Application Thread] DEBUG TMXLevelLoader       - Creating tile layer entities
13:10:55.531 [JavaFX Application Thread] DEBUG TilesetLoader        - Loading view for layer Tile Layer 1
13:10:55.532 [JavaFX Application Thread] DEBUG TilesetLoader        - Created buffer with size 1050.0x700.0
13:10:55.539 [JavaFX Application Thread] DEBUG TMXLevelLoader       - Creating object layer entities
13:10:55.541 [JavaFX Application Thread] DEBUG GameWorld            - Clearing removable entities
13:10:55.541 [JavaFX Application Thread] DEBUG GameWorld            - Setting level: com.almasb.fxgl.entity.level.Level@7f2042d9
13:10:57.675 [FXGL Background Thread 3 ] DEBUG Engine               - Logging environment variables
13:10:57.676 [FXGL Background Thread 3 ] DEBUG Engine               - achievements: []
13:10:57.676 [FXGL Background Thread 3 ] DEBUG Engine               - actualHeight: 720.0
13:10:57.676 [FXGL Background Thread 3 ] DEBUG Engine               - actualHeightProperty: ReadOnlyDoubleProperty [value: 720.0]
13:10:57.676 [FXGL Background Thread 3 ] DEBUG Engine               - actualWidth: 1280.0
13:10:57.676 [FXGL Background Thread 3 ] DEBUG Engine               - actualWidthProperty: ReadOnlyDoubleProperty [value: 1280.0]
13:10:57.676 [FXGL Background Thread 3 ] DEBUG Engine               - appIcon: fxgl_icon.png
13:10:57.676 [FXGL Background Thread 3 ] DEBUG Engine               - applicationMode: DEVELOPER
13:10:57.676 [FXGL Background Thread 3 ] DEBUG Engine               - cSSList: [fxgl_dark.css]
13:10:57.676 [FXGL Background Thread 3 ] DEBUG Engine               - collisionDetectionStrategy: BRUTE_FORCE
13:10:57.676 [FXGL Background Thread 3 ] DEBUG Engine               - configClass: Optional.empty
13:10:57.676 [FXGL Background Thread 3 ] DEBUG Engine               - credits: []
13:10:57.677 [FXGL Background Thread 3 ] DEBUG Engine               - defaultCursor: CursorInfo(imageName=fxgl_default_cursor.png, hotspotX=7.0, hotspotY=6.0)
13:10:57.677 [FXGL Background Thread 3 ] DEBUG Engine               - devBBoxColorProperty: ObjectProperty [value: 0xff0000ff]
13:10:57.677 [FXGL Background Thread 3 ] DEBUG Engine               - devEnableDebugCameraProperty: BooleanProperty [value: false]
13:10:57.677 [FXGL Background Thread 3 ] DEBUG Engine               - devSensorColorProperty: ObjectProperty [value: 0xffff00ff]
13:10:57.677 [FXGL Background Thread 3 ] DEBUG Engine               - devShowBBoxProperty: BooleanProperty [value: false]
13:10:57.677 [FXGL Background Thread 3 ] DEBUG Engine               - devShowPositionProperty: BooleanProperty [value: false]
13:10:57.677 [FXGL Background Thread 3 ] DEBUG Engine               - enabledMenuItems: []
13:10:57.677 [FXGL Background Thread 3 ] DEBUG Engine               - engineServices: [class com.almasb.fxgl.app.services.FXGLAssetLoaderService, class com.almasb.fxgl.app.FXGLApplication$GameApplicationService, class com.almasb.fxgl.app.services.FXGLDialogService, class com.almasb.fxgl.app.services.IOTaskExecutorService, class com.almasb.fxgl.io.FileSystemService, class com.almasb.fxgl.localization.LocalizationService, class com.almasb.fxgl.app.services.SystemBundleService, class com.almasb.fxgl.profile.SaveLoadService, class com.almasb.fxgl.ui.FXGLUIFactoryServiceProvider, class com.almasb.fxgl.ui.FXGLDialogFactoryServiceProvider, class com.almasb.fxgl.audio.AudioPlayer, class com.almasb.fxgl.notification.impl.NotificationServiceProvider, class com.almasb.fxgl.achievement.AchievementService, class com.almasb.fxgl.cutscene.CutsceneService, class com.almasb.fxgl.minigames.MiniGameService, class com.almasb.fxgl.net.NetService, class com.almasb.fxgl.app.services.UpdaterService, class com.almasb.fxgl.dev.DevService]
13:10:57.677 [FXGL Background Thread 3 ] DEBUG Engine               - fontGame: Abel-Regular.ttf
13:10:57.678 [FXGL Background Thread 3 ] DEBUG Engine               - fontMono: TerminalLandMono-Regular.otf
13:10:57.678 [FXGL Background Thread 3 ] DEBUG Engine               - fontSizeScaleUI: 1.0
13:10:57.678 [FXGL Background Thread 3 ] DEBUG Engine               - fontText: Courier-Prime.ttf
13:10:57.678 [FXGL Background Thread 3 ] DEBUG Engine               - fontUI: VarelaRound-Regular.ttf
13:10:57.678 [FXGL Background Thread 3 ] DEBUG Engine               - fullScreen: BooleanProperty [value: false]
13:10:57.678 [FXGL Background Thread 3 ] DEBUG Engine               - gameDifficulty: MEDIUM
13:10:57.678 [FXGL Background Thread 3 ] DEBUG Engine               - gameDifficultyProperty: ObjectProperty [value: MEDIUM]
13:10:57.678 [FXGL Background Thread 3 ] DEBUG Engine               - globalMusicVolume: 0.5
13:10:57.678 [FXGL Background Thread 3 ] DEBUG Engine               - globalMusicVolumeProperty: DoubleProperty [value: 0.25]
13:10:57.678 [FXGL Background Thread 3 ] DEBUG Engine               - globalSoundVolume: 0.5
13:10:57.678 [FXGL Background Thread 3 ] DEBUG Engine               - globalSoundVolumeProperty: DoubleProperty [value: 0.5]
13:10:57.678 [FXGL Background Thread 3 ] DEBUG Engine               - height: 720
13:10:57.678 [FXGL Background Thread 3 ] DEBUG Engine               - is3D: false
13:10:57.678 [FXGL Background Thread 3 ] DEBUG Engine               - isAndroid: false
13:10:57.678 [FXGL Background Thread 3 ] DEBUG Engine               - isBrowser: false
13:10:57.678 [FXGL Background Thread 3 ] DEBUG Engine               - isClickFeedbackEnabled: false
13:10:57.678 [FXGL Background Thread 3 ] DEBUG Engine               - isCloseConfirmation: false
13:10:57.679 [FXGL Background Thread 3 ] DEBUG Engine               - isDesktop: true
13:10:57.679 [FXGL Background Thread 3 ] DEBUG Engine               - isDeveloperMenuEnabled: false
13:10:57.679 [FXGL Background Thread 3 ] DEBUG Engine               - isEmbedded: false
13:10:57.679 [FXGL Background Thread 3 ] DEBUG Engine               - isEntityPreloadEnabled: true
13:10:57.679 [FXGL Background Thread 3 ] DEBUG Engine               - isExperimentalTiledLargeMap: false
13:10:57.679 [FXGL Background Thread 3 ] DEBUG Engine               - isFileSystemWriteAllowed: true
13:10:57.679 [FXGL Background Thread 3 ] DEBUG Engine               - isFullScreenAllowed: false
13:10:57.679 [FXGL Background Thread 3 ] DEBUG Engine               - isFullScreenFromStart: false
13:10:57.680 [FXGL Background Thread 3 ] DEBUG Engine               - isGameMenuEnabled: true
13:10:57.680 [FXGL Background Thread 3 ] DEBUG Engine               - isIOS: false
13:10:57.680 [FXGL Background Thread 3 ] DEBUG Engine               - isIntroEnabled: false
13:10:57.680 [FXGL Background Thread 3 ] DEBUG Engine               - isLinux: false
13:10:57.680 [FXGL Background Thread 3 ] DEBUG Engine               - isMac: false
13:10:57.680 [FXGL Background Thread 3 ] DEBUG Engine               - isMainMenuEnabled: false
13:10:57.680 [FXGL Background Thread 3 ] DEBUG Engine               - isManualResizeEnabled: false
13:10:57.680 [FXGL Background Thread 3 ] DEBUG Engine               - isMobile: false
13:10:57.681 [FXGL Background Thread 3 ] DEBUG Engine               - isNative: false
13:10:57.681 [FXGL Background Thread 3 ] DEBUG Engine               - isPauseMusicWhenMinimized: true
13:10:57.681 [FXGL Background Thread 3 ] DEBUG Engine               - isPreserveResizeRatio: false
13:10:57.681 [FXGL Background Thread 3 ] DEBUG Engine               - isProfilingEnabled: false
13:10:57.681 [FXGL Background Thread 3 ] DEBUG Engine               - isScaleAffectedOnResize: true
13:10:57.681 [FXGL Background Thread 3 ] DEBUG Engine               - isSingleStep: false
13:10:57.681 [FXGL Background Thread 3 ] DEBUG Engine               - isUserProfileEnabled: false
13:10:57.681 [FXGL Background Thread 3 ] DEBUG Engine               - isWindows: true
13:10:57.681 [FXGL Background Thread 3 ] DEBUG Engine               - language: ObjectProperty [value: ENGLISH]
13:10:57.681 [FXGL Background Thread 3 ] DEBUG Engine               - menuKey: ESCAPE
13:10:57.681 [FXGL Background Thread 3 ] DEBUG Engine               - mouseSensitivity: 0.2
13:10:57.681 [FXGL Background Thread 3 ] DEBUG Engine               - notificationViewClass: class com.almasb.fxgl.notification.view.XboxNotificationView
13:10:57.681 [FXGL Background Thread 3 ] DEBUG Engine               - pixelsPerMeter: 50.0
13:10:57.681 [FXGL Background Thread 3 ] DEBUG Engine               - platform: WINDOWS
13:10:57.681 [FXGL Background Thread 3 ] DEBUG Engine               - prefHeightProperty: ReadOnlyDoubleProperty [value: 720.0]
13:10:57.681 [FXGL Background Thread 3 ] DEBUG Engine               - prefWidthProperty: ReadOnlyDoubleProperty [value: 1280.0]
13:10:57.681 [FXGL Background Thread 3 ] DEBUG Engine               - profileDir: profiles/
13:10:57.681 [FXGL Background Thread 3 ] DEBUG Engine               - profileName: StringProperty [value: DEFAULT]
13:10:57.681 [FXGL Background Thread 3 ] DEBUG Engine               - randomSeed: -1
13:10:57.682 [FXGL Background Thread 3 ] DEBUG Engine               - runtimeInfo: RuntimeInfo(platform=WINDOWS, version=17.3, build=30.03.2023 11.49)
13:10:57.682 [FXGL Background Thread 3 ] DEBUG Engine               - saveFileExt: sav
13:10:57.682 [FXGL Background Thread 3 ] DEBUG Engine               - scaledHeightProp$fxgl: DoubleProperty [bound, value: 720.0]
13:10:57.682 [FXGL Background Thread 3 ] DEBUG Engine               - scaledWidthProp$fxgl: DoubleProperty [bound, value: 1280.0]
13:10:57.682 [FXGL Background Thread 3 ] DEBUG Engine               - sceneFactory: com.example.rpgplatform.RPGPlatform$1@5cb08f0a
13:10:57.682 [FXGL Background Thread 3 ] DEBUG Engine               - secondsIn24h: 60
13:10:57.682 [FXGL Background Thread 3 ] DEBUG Engine               - soundMenuBack: menu/back.wav
13:10:57.682 [FXGL Background Thread 3 ] DEBUG Engine               - soundMenuPress: menu/press.wav
13:10:57.682 [FXGL Background Thread 3 ] DEBUG Engine               - soundMenuSelect: menu/select.wav
13:10:57.682 [FXGL Background Thread 3 ] DEBUG Engine               - soundNotification: core/notification.wav
13:10:57.682 [FXGL Background Thread 3 ] DEBUG Engine               - stageStyle: DECORATED
13:10:57.682 [FXGL Background Thread 3 ] DEBUG Engine               - supportedLanguages: [ENGLISH, FRENCH, GERMAN, HUNGARIAN, RUSSIAN]
13:10:57.682 [FXGL Background Thread 3 ] DEBUG Engine               - ticksPerSecond: -1
13:10:57.683 [FXGL Background Thread 3 ] DEBUG Engine               - title: FUCK THIS SHIT
13:10:57.683 [FXGL Background Thread 3 ] DEBUG Engine               - urlGithub: https://github.com/AlmasB/FXGL
13:10:57.683 [FXGL Background Thread 3 ] DEBUG Engine               - urlLeaderboard: http://fxgl-top.herokuapp.com/
13:10:57.683 [FXGL Background Thread 3 ] DEBUG Engine               - urlPOM: https://raw.githubusercontent.com/AlmasB/FXGL/release/README.md
13:10:57.683 [FXGL Background Thread 3 ] DEBUG Engine               - userAppClass: class com.example.rpgplatform.RPGPlatform
13:10:57.683 [FXGL Background Thread 3 ] DEBUG Engine               - version: 0.0
13:10:57.683 [FXGL Background Thread 3 ] DEBUG Engine               - versionCheckDays: 7
13:10:57.683 [FXGL Background Thread 3 ] DEBUG Engine               - width: 1280
13:10:57.683 [FXGL Background Thread 3 ] DEBUG Engine               - Logging services
13:10:57.683 [FXGL Background Thread 3 ] DEBUG Engine               - class com.almasb.fxgl.app.services.FXGLAssetLoaderService
13:10:57.683 [FXGL Background Thread 3 ] DEBUG Engine               - class com.almasb.fxgl.app.FXGLApplication$GameApplicationService
13:10:57.683 [FXGL Background Thread 3 ] DEBUG Engine               - class com.almasb.fxgl.app.services.FXGLDialogService
13:10:57.683 [FXGL Background Thread 3 ] DEBUG Engine               - class com.almasb.fxgl.app.services.IOTaskExecutorService
13:10:57.683 [FXGL Background Thread 3 ] DEBUG Engine               - class com.almasb.fxgl.io.FileSystemService
13:10:57.683 [FXGL Background Thread 3 ] DEBUG Engine               - class com.almasb.fxgl.localization.LocalizationService
13:10:57.684 [FXGL Background Thread 3 ] DEBUG Engine               - class com.almasb.fxgl.app.services.SystemBundleService
13:10:57.684 [FXGL Background Thread 3 ] DEBUG Engine               - class com.almasb.fxgl.profile.SaveLoadService
13:10:57.684 [FXGL Background Thread 3 ] DEBUG Engine               - class com.almasb.fxgl.ui.FXGLUIFactoryServiceProvider
13:10:57.684 [FXGL Background Thread 3 ] DEBUG Engine               - class com.almasb.fxgl.ui.FXGLDialogFactoryServiceProvider
13:10:57.684 [FXGL Background Thread 3 ] DEBUG Engine               - class com.almasb.fxgl.audio.AudioPlayer
13:10:57.684 [FXGL Background Thread 3 ] DEBUG Engine               - class com.almasb.fxgl.notification.impl.NotificationServiceProvider
13:10:57.684 [FXGL Background Thread 3 ] DEBUG Engine               - class com.almasb.fxgl.achievement.AchievementService
13:10:57.684 [FXGL Background Thread 3 ] DEBUG Engine               - class com.almasb.fxgl.cutscene.CutsceneService
13:10:57.684 [FXGL Background Thread 3 ] DEBUG Engine               - class com.almasb.fxgl.minigames.MiniGameService
13:10:57.684 [FXGL Background Thread 3 ] DEBUG Engine               - class com.almasb.fxgl.net.NetService
13:10:57.684 [FXGL Background Thread 3 ] DEBUG Engine               - class com.almasb.fxgl.app.services.UpdaterService
13:10:57.684 [FXGL Background Thread 3 ] DEBUG Engine               - class com.almasb.fxgl.dev.DevService
13:11:00.683 [JavaFX Application Thread] DEBUG FXGLApplication      - Exiting FXGL
13:11:00.683 [JavaFX Application Thread] DEBUG LoopRunner           - Stopping loop
13:11:00.683 [JavaFX Application Thread] DEBUG SystemBundleService  - Saving FXGL system data
13:11:00.684 [JavaFX Application Thread] DEBUG FileSystemAccess     - Writing to: C:\Users\acer\JavaProjects\RPGPlatform\system\fxgl.bundle
13:11:00.685 [JavaFX Application Thread] DEBUG Async                - Shutting down background threads
13:11:00.685 [JavaFX Application Thread] DEBUG PrimaryStageWindow   - Closing main window
13:11:00.696 [JavaFX Application Thread] DEBUG Logger               - Closing Logger
