10:21:17.332 [main                     ] DEBUG Logger               - Configured Logger
10:21:17.363 [main                     ] DEBUG GameApplication      - Logging settings
Title: Flat Former
 Ge Mu
Version: 0.0
Width: 1080
Height: 720
Fullscreen: false
Intro: false
Profiling: false
Single step:false
App Mode: DEVELOPER
Menu Key: ESCAPE
Stage Style: DECORATED
Scene Factory: class com.example.rpgplatform.RPGPlatform$1

10:21:17.850 [JavaFX Application Thread] DEBUG FXGLApplication      - Initializing FXGL
10:21:17.856 [JavaFX Application Thread] INFO  Engine               - FXGL-17.3 (30.03.2023 11.49) on WINDOWS (J:21.0.2 FX:21)
10:21:17.856 [JavaFX Application Thread] DEBUG Engine               - JRE Vendor Name: Oracle Corporation
10:21:17.857 [JavaFX Application Thread] DEBUG Engine               - Running on OS: Windows 10 version 10.0
10:21:17.857 [JavaFX Application Thread] DEBUG Engine               - Architecture: amd64
10:21:17.857 [JavaFX Application Thread] INFO  Engine               - Source code and latest versions at: https://github.com/AlmasB/FXGL
10:21:17.857 [JavaFX Application Thread] INFO  Engine               -       Ask questions and discuss at: https://github.com/AlmasB/FXGL/discussions
10:21:17.858 [JavaFX Application Thread] INFO  Engine               -              Join the FXGL chat at: https://gitter.im/AlmasB/FXGL
10:21:17.978 [JavaFX Application Thread] DEBUG PrimaryStageWindow   - Creating a JavaFX scene
10:21:18.041 [JavaFX Application Thread] DEBUG PrimaryStageWindow   - Target settings size: 1080.0 x 720.0
10:21:18.041 [JavaFX Application Thread] DEBUG PrimaryStageWindow   - Scaled scene size:    1080.0 x 720.0
10:21:18.042 [JavaFX Application Thread] DEBUG PrimaryStageWindow   - Scaled ratio: (1.0, 1.0)
10:21:18.044 [JavaFX Application Thread] DEBUG PrimaryStageWindow   - Set initial scene to FXGLStartupScene
10:21:18.049 [JavaFX Application Thread] DEBUG PrimaryStageWindow   - Opening main window
10:21:18.148 [JavaFX Application Thread] DEBUG PrimaryStageWindow   - Window border size: (16.0, 39.0)
10:21:18.148 [JavaFX Application Thread] DEBUG PrimaryStageWindow   - Scaled size: 1080.0 x 720.0
10:21:18.148 [JavaFX Application Thread] DEBUG PrimaryStageWindow   - Scaled ratio: (1.0, 1.0)
10:21:18.149 [JavaFX Application Thread] DEBUG PrimaryStageWindow   - Scene size: 1080.0 x 720.0
10:21:18.149 [JavaFX Application Thread] DEBUG PrimaryStageWindow   - Stage size: 1096.0 x 759.0
10:21:18.158 [FXGL Background Thread 1 ] DEBUG Engine               - Initializing environment variables
10:21:18.222 [FXGL Background Thread 1 ] DEBUG FXGLAssetLoaderServi - User app class for loading assets: class com.example.rpgplatform.RPGPlatform
10:21:18.222 [FXGL Background Thread 1 ] DEBUG GameApplicationServi - Applying CSS: fxgl_dark.css
10:21:18.223 [FXGL Background Thread 1 ] DEBUG FXGLAssetLoaderServi - Loading from file system: jar:file:///C:/Users/User/.m2/repository/com/github/almasb/fxgl/17.3/fxgl-17.3.jar!/fxglassets/ui/css/fxgl_dark.css
10:21:18.285 [FXGL Background Thread 1 ] DEBUG GameApplicationServi - Initializing application scenes
10:21:18.388 [FXGL Background Thread 1 ] DEBUG GameWorld            - Game world initialized
10:21:18.454 [FXGL Background Thread 1 ] DEBUG PhysicsWorld         - Physics world initialized: appHeight=720, physics.ppm=50.0
10:21:18.454 [FXGL Background Thread 1 ] DEBUG PhysicsWorld         - Using strategy: BRUTE_FORCE
10:21:18.458 [FXGL Background Thread 1 ] DEBUG GameScene            - Game scene initialized: 1080x720
10:21:18.571 [FXGL Background Thread 1 ] DEBUG GameApplicationServi - Application scenes initialized
10:21:18.587 [FXGL Background Thread 1 ] DEBUG SystemBundleService  - Loading FXGL system data
10:21:18.592 [FXGL Background Thread 1 ] DEBUG FileSystemAccess     - Reading from: C:\Users\User\IdeaProjects\RPGPlatform\system\fxgl.bundle
10:21:18.604 [FXGL Background Thread 1 ] DEBUG SystemBundleService  - Bundle FXGL: {}
10:21:18.604 [FXGL Background Thread 1 ] DEBUG UpdaterService       - Checking for updates
10:21:18.648 [FXGL Background Thread 1 ] DEBUG FXGLApplication      - Loading default localization
10:21:18.650 [FXGL Background Thread 1 ] DEBUG FXGLAssetLoaderServi - Loading from file system: jar:file:///C:/Users/User/.m2/repository/com/github/almasb/fxgl/17.3/fxgl-17.3.jar!/fxglassets/languages/english.lang
10:21:18.666 [FXGL Background Thread 4 ] DEBUG FXGLApplication      - Loading fonts
10:21:18.667 [FXGL Background Thread 4 ] DEBUG FXGLAssetLoaderServi - Loading from file system: jar:file:///C:/Users/User/.m2/repository/com/github/almasb/fxgl/17.3/fxgl-17.3.jar!/fxglassets/ui/fonts/VarelaRound-Regular.ttf
10:21:18.672 [FXGL Background Thread 1 ] INFO  FXGLApplication      - FXGL initialization took: 0.514 sec
10:21:18.674 [JavaFX Application Thread] DEBUG FXGLAssetLoaderServi - Loading from file system: file:/C:/Users/User/IdeaProjects/RPGPlatform/target/classes/assets/music/BGM_dash_runner.wav
10:21:18.720 [FXGL Background Thread 4 ] DEBUG FXGLAssetLoaderServi - Loading from file system: jar:file:///C:/Users/User/.m2/repository/com/github/almasb/fxgl/17.3/fxgl-17.3.jar!/fxglassets/ui/fonts/Abel-Regular.ttf
10:21:18.791 [FXGL Background Thread 4 ] DEBUG FXGLAssetLoaderServi - Loading from file system: jar:file:///C:/Users/User/.m2/repository/com/github/almasb/fxgl/17.3/fxgl-17.3.jar!/fxglassets/ui/fonts/TerminalLandMono-Regular.otf
10:21:18.809 [FXGL Background Thread 4 ] DEBUG FXGLAssetLoaderServi - Loading from file system: jar:file:///C:/Users/User/.m2/repository/com/github/almasb/fxgl/17.3/fxgl-17.3.jar!/fxglassets/ui/fonts/Courier-Prime.ttf
10:21:18.918 [JavaFX Application Thread] DEBUG AudioPlayer          - Playing music com.almasb.fxgl.audio.Music@4d19883f
10:21:18.919 [JavaFX Application Thread] DEBUG FXGLAssetLoaderServi - Loading from file system: jar:file:///C:/Users/User/.m2/repository/com/github/almasb/fxgl/17.3/fxgl-17.3.jar!/fxglassets/textures/fxgl_icon.png
10:21:18.946 [JavaFX Application Thread] DEBUG FXGLAssetLoaderServi - Loading from file system: jar:file:///C:/Users/User/.m2/repository/com/github/almasb/fxgl/17.3/fxgl-17.3.jar!/fxglassets/textures/fxgl_default_cursor.png
10:21:18.958 [JavaFX Application Thread] DEBUG Input                - Registered new binding: Screenshot - CTRL+8
10:21:18.959 [JavaFX Application Thread] DEBUG Input                - Registered new binding: Dev Options - 1
10:21:18.959 [JavaFX Application Thread] DEBUG Input                - Registered new binding: Dev Console - 2
10:21:18.960 [JavaFX Application Thread] DEBUG Input                - Registered new binding: System info dump - CTRL+9
10:21:18.960 [JavaFX Application Thread] DEBUG Input                - Registered new binding: Restart - CTRL+R
10:21:18.961 [JavaFX Application Thread] DEBUG Input                - Registered new binding: Toggle Debug Camera - CTRL+7
10:21:18.965 [JavaFX Application Thread] DEBUG LoopRunner           - Starting loop
10:21:18.982 [JavaFX Application Thread] DEBUG LoopRunner           - Initializing JavaFX AnimationTimerLoop
10:21:18.985 [JavaFX Application Thread] DEBUG Input                - Clearing active input actions
10:21:19.006 [JavaFX Application Thread] DEBUG GameApplicationServi - Removing overlay from FXGLStartupScene and adding to FXGLMainMenuDummyScene
10:21:19.027 [JavaFX Application Thread] DEBUG PrimaryStageWindow   - FXGLStartupScene -> FXGLMainMenuDummyScene
10:21:19.027 [JavaFX Application Thread] DEBUG PrimaryStageWindow   - Push state: MainMenu
10:21:19.027 [JavaFX Application Thread] DEBUG Input                - Clearing active input actions
10:21:19.031 [JavaFX Application Thread] DEBUG GameApplicationServi - Removing overlay from FXGLMainMenuDummyScene and adding to MainMenu
10:21:19.032 [JavaFX Application Thread] DEBUG PrimaryStageWindow   - FXGLMainMenuDummyScene -> MainMenu
10:21:19.052 [JavaFX Application Thread] DEBUG FXGLApplication      - Registering font factories with UI factory
10:21:19.321 [FXGL Background Thread 2 ] INFO  UpdaterService       - Your current version:  17.3
10:21:19.322 [FXGL Background Thread 2 ] INFO  UpdaterService       - Latest stable version: 21.1
10:21:21.645 [FXGL Background Thread 3 ] DEBUG Engine               - Logging environment variables
10:21:21.645 [FXGL Background Thread 3 ] DEBUG Engine               - achievements: []
10:21:21.645 [FXGL Background Thread 3 ] DEBUG Engine               - actualHeight: 720.0
10:21:21.645 [FXGL Background Thread 3 ] DEBUG Engine               - actualHeightProperty: ReadOnlyDoubleProperty [value: 720.0]
10:21:21.646 [FXGL Background Thread 3 ] DEBUG Engine               - actualWidth: 1080.0
10:21:21.646 [FXGL Background Thread 3 ] DEBUG Engine               - actualWidthProperty: ReadOnlyDoubleProperty [value: 1080.0]
10:21:21.646 [FXGL Background Thread 3 ] DEBUG Engine               - appIcon: fxgl_icon.png
10:21:21.646 [FXGL Background Thread 3 ] DEBUG Engine               - applicationMode: DEVELOPER
10:21:21.646 [FXGL Background Thread 3 ] DEBUG Engine               - cSSList: [fxgl_dark.css]
10:21:21.646 [FXGL Background Thread 3 ] DEBUG Engine               - collisionDetectionStrategy: BRUTE_FORCE
10:21:21.646 [FXGL Background Thread 3 ] DEBUG Engine               - configClass: Optional.empty
10:21:21.646 [FXGL Background Thread 3 ] DEBUG Engine               - credits: []
10:21:21.648 [FXGL Background Thread 3 ] DEBUG Engine               - defaultCursor: CursorInfo(imageName=fxgl_default_cursor.png, hotspotX=7.0, hotspotY=6.0)
10:21:21.648 [FXGL Background Thread 3 ] DEBUG Engine               - devBBoxColorProperty: ObjectProperty [value: 0xff0000ff]
10:21:21.648 [FXGL Background Thread 3 ] DEBUG Engine               - devEnableDebugCameraProperty: BooleanProperty [value: false]
10:21:21.648 [FXGL Background Thread 3 ] DEBUG Engine               - devSensorColorProperty: ObjectProperty [value: 0xffff00ff]
10:21:21.648 [FXGL Background Thread 3 ] DEBUG Engine               - devShowBBoxProperty: BooleanProperty [value: false]
10:21:21.649 [FXGL Background Thread 3 ] DEBUG Engine               - devShowPositionProperty: BooleanProperty [value: false]
10:21:21.649 [FXGL Background Thread 3 ] DEBUG Engine               - enabledMenuItems: []
10:21:21.649 [FXGL Background Thread 3 ] DEBUG Engine               - engineServices: [class com.almasb.fxgl.app.services.FXGLAssetLoaderService, class com.almasb.fxgl.app.FXGLApplication$GameApplicationService, class com.almasb.fxgl.app.services.FXGLDialogService, class com.almasb.fxgl.app.services.IOTaskExecutorService, class com.almasb.fxgl.io.FileSystemService, class com.almasb.fxgl.localization.LocalizationService, class com.almasb.fxgl.app.services.SystemBundleService, class com.almasb.fxgl.profile.SaveLoadService, class com.almasb.fxgl.ui.FXGLUIFactoryServiceProvider, class com.almasb.fxgl.ui.FXGLDialogFactoryServiceProvider, class com.almasb.fxgl.audio.AudioPlayer, class com.almasb.fxgl.notification.impl.NotificationServiceProvider, class com.almasb.fxgl.achievement.AchievementService, class com.almasb.fxgl.cutscene.CutsceneService, class com.almasb.fxgl.minigames.MiniGameService, class com.almasb.fxgl.net.NetService, class com.almasb.fxgl.app.services.UpdaterService, class com.almasb.fxgl.dev.DevService]
10:21:21.649 [FXGL Background Thread 3 ] DEBUG Engine               - fontGame: Abel-Regular.ttf
10:21:21.649 [FXGL Background Thread 3 ] DEBUG Engine               - fontMono: TerminalLandMono-Regular.otf
10:21:21.649 [FXGL Background Thread 3 ] DEBUG Engine               - fontSizeScaleUI: 1.0
10:21:21.649 [FXGL Background Thread 3 ] DEBUG Engine               - fontText: Courier-Prime.ttf
10:21:21.649 [FXGL Background Thread 3 ] DEBUG Engine               - fontUI: VarelaRound-Regular.ttf
10:21:21.649 [FXGL Background Thread 3 ] DEBUG Engine               - fullScreen: BooleanProperty [value: false]
10:21:21.649 [FXGL Background Thread 3 ] DEBUG Engine               - gameDifficulty: MEDIUM
10:21:21.650 [FXGL Background Thread 3 ] DEBUG Engine               - gameDifficultyProperty: ObjectProperty [value: MEDIUM]
10:21:21.650 [FXGL Background Thread 3 ] DEBUG Engine               - globalMusicVolume: 0.5
10:21:21.650 [FXGL Background Thread 3 ] DEBUG Engine               - globalMusicVolumeProperty: DoubleProperty [value: 0.0]
10:21:21.650 [FXGL Background Thread 3 ] DEBUG Engine               - globalSoundVolume: 0.5
10:21:21.650 [FXGL Background Thread 3 ] DEBUG Engine               - globalSoundVolumeProperty: DoubleProperty [value: 0.5]
10:21:21.650 [FXGL Background Thread 3 ] DEBUG Engine               - height: 720
10:21:21.650 [FXGL Background Thread 3 ] DEBUG Engine               - is3D: false
10:21:21.650 [FXGL Background Thread 3 ] DEBUG Engine               - isAndroid: false
10:21:21.650 [FXGL Background Thread 3 ] DEBUG Engine               - isBrowser: false
10:21:21.650 [FXGL Background Thread 3 ] DEBUG Engine               - isClickFeedbackEnabled: false
10:21:21.650 [FXGL Background Thread 3 ] DEBUG Engine               - isCloseConfirmation: false
10:21:21.651 [FXGL Background Thread 3 ] DEBUG Engine               - isDesktop: true
10:21:21.651 [FXGL Background Thread 3 ] DEBUG Engine               - isDeveloperMenuEnabled: true
10:21:21.651 [FXGL Background Thread 3 ] DEBUG Engine               - isEmbedded: false
10:21:21.651 [FXGL Background Thread 3 ] DEBUG Engine               - isEntityPreloadEnabled: true
10:21:21.651 [FXGL Background Thread 3 ] DEBUG Engine               - isExperimentalTiledLargeMap: false
10:21:21.651 [FXGL Background Thread 3 ] DEBUG Engine               - isFileSystemWriteAllowed: true
10:21:21.651 [FXGL Background Thread 3 ] DEBUG Engine               - isFullScreenAllowed: false
10:21:21.651 [FXGL Background Thread 3 ] DEBUG Engine               - isFullScreenFromStart: false
10:21:21.651 [FXGL Background Thread 3 ] DEBUG Engine               - isGameMenuEnabled: true
10:21:21.651 [FXGL Background Thread 3 ] DEBUG Engine               - isIOS: false
10:21:21.651 [FXGL Background Thread 3 ] DEBUG Engine               - isIntroEnabled: false
10:21:21.651 [FXGL Background Thread 3 ] DEBUG Engine               - isLinux: false
10:21:21.651 [FXGL Background Thread 3 ] DEBUG Engine               - isMac: false
10:21:21.651 [FXGL Background Thread 3 ] DEBUG Engine               - isMainMenuEnabled: true
10:21:21.652 [FXGL Background Thread 3 ] DEBUG Engine               - isManualResizeEnabled: false
10:21:21.652 [FXGL Background Thread 3 ] DEBUG Engine               - isMobile: false
10:21:21.652 [FXGL Background Thread 3 ] DEBUG Engine               - isNative: false
10:21:21.652 [FXGL Background Thread 3 ] DEBUG Engine               - isPauseMusicWhenMinimized: true
10:21:21.652 [FXGL Background Thread 3 ] DEBUG Engine               - isPreserveResizeRatio: false
10:21:21.652 [FXGL Background Thread 3 ] DEBUG Engine               - isProfilingEnabled: false
10:21:21.652 [FXGL Background Thread 3 ] DEBUG Engine               - isScaleAffectedOnResize: true
10:21:21.652 [FXGL Background Thread 3 ] DEBUG Engine               - isSingleStep: false
10:21:21.652 [FXGL Background Thread 3 ] DEBUG Engine               - isUserProfileEnabled: false
10:21:21.652 [FXGL Background Thread 3 ] DEBUG Engine               - isWindows: true
10:21:21.652 [FXGL Background Thread 3 ] DEBUG Engine               - language: ObjectProperty [value: ENGLISH]
10:21:21.652 [FXGL Background Thread 3 ] DEBUG Engine               - menuKey: ESCAPE
10:21:21.653 [FXGL Background Thread 3 ] DEBUG Engine               - mouseSensitivity: 0.2
10:21:21.653 [FXGL Background Thread 3 ] DEBUG Engine               - notificationViewClass: class com.almasb.fxgl.notification.view.XboxNotificationView
10:21:21.653 [FXGL Background Thread 3 ] DEBUG Engine               - pixelsPerMeter: 50.0
10:21:21.653 [FXGL Background Thread 3 ] DEBUG Engine               - platform: WINDOWS
10:21:21.653 [FXGL Background Thread 3 ] DEBUG Engine               - prefHeightProperty: ReadOnlyDoubleProperty [value: 720.0]
10:21:21.653 [FXGL Background Thread 3 ] DEBUG Engine               - prefWidthProperty: ReadOnlyDoubleProperty [value: 1080.0]
10:21:21.653 [FXGL Background Thread 3 ] DEBUG Engine               - profileDir: profiles/
10:21:21.653 [FXGL Background Thread 3 ] DEBUG Engine               - profileName: StringProperty [value: DEFAULT]
10:21:21.653 [FXGL Background Thread 3 ] DEBUG Engine               - randomSeed: -1
10:21:21.654 [FXGL Background Thread 3 ] DEBUG Engine               - runtimeInfo: RuntimeInfo(platform=WINDOWS, version=17.3, build=30.03.2023 11.49)
10:21:21.654 [FXGL Background Thread 3 ] DEBUG Engine               - saveFileExt: sav
10:21:21.654 [FXGL Background Thread 3 ] DEBUG Engine               - scaledHeightProp$fxgl: DoubleProperty [bound, value: 720.0]
10:21:21.654 [FXGL Background Thread 3 ] DEBUG Engine               - scaledWidthProp$fxgl: DoubleProperty [bound, value: 1080.0]
10:21:21.654 [FXGL Background Thread 3 ] DEBUG Engine               - sceneFactory: com.example.rpgplatform.RPGPlatform$1@2868d2be
10:21:21.654 [FXGL Background Thread 3 ] DEBUG Engine               - secondsIn24h: 60
10:21:21.654 [FXGL Background Thread 3 ] DEBUG Engine               - soundMenuBack: menu/back.wav
10:21:21.654 [FXGL Background Thread 3 ] DEBUG Engine               - soundMenuPress: menu/press.wav
10:21:21.654 [FXGL Background Thread 3 ] DEBUG Engine               - soundMenuSelect: menu/select.wav
10:21:21.654 [FXGL Background Thread 3 ] DEBUG Engine               - soundNotification: core/notification.wav
10:21:21.654 [FXGL Background Thread 3 ] DEBUG Engine               - stageStyle: DECORATED
10:21:21.654 [FXGL Background Thread 3 ] DEBUG Engine               - supportedLanguages: [ENGLISH, FRENCH, GERMAN, HUNGARIAN, RUSSIAN]
10:21:21.654 [FXGL Background Thread 3 ] DEBUG Engine               - ticksPerSecond: -1
10:21:21.655 [FXGL Background Thread 3 ] DEBUG Engine               - title: Flat Former
 Ge Mu
10:21:21.655 [FXGL Background Thread 3 ] DEBUG Engine               - urlGithub: https://github.com/AlmasB/FXGL
10:21:21.655 [FXGL Background Thread 3 ] DEBUG Engine               - urlLeaderboard: http://fxgl-top.herokuapp.com/
10:21:21.655 [FXGL Background Thread 3 ] DEBUG Engine               - urlPOM: https://raw.githubusercontent.com/AlmasB/FXGL/release/README.md
10:21:21.655 [FXGL Background Thread 3 ] DEBUG Engine               - userAppClass: class com.example.rpgplatform.RPGPlatform
10:21:21.655 [FXGL Background Thread 3 ] DEBUG Engine               - version: 0.0
10:21:21.655 [FXGL Background Thread 3 ] DEBUG Engine               - versionCheckDays: 7
10:21:21.655 [FXGL Background Thread 3 ] DEBUG Engine               - width: 1080
10:21:21.655 [FXGL Background Thread 3 ] DEBUG Engine               - Logging services
10:21:21.655 [FXGL Background Thread 3 ] DEBUG Engine               - class com.almasb.fxgl.app.services.FXGLAssetLoaderService
10:21:21.655 [FXGL Background Thread 3 ] DEBUG Engine               - class com.almasb.fxgl.app.FXGLApplication$GameApplicationService
10:21:21.655 [FXGL Background Thread 3 ] DEBUG Engine               - class com.almasb.fxgl.app.services.FXGLDialogService
10:21:21.655 [FXGL Background Thread 3 ] DEBUG Engine               - class com.almasb.fxgl.app.services.IOTaskExecutorService
10:21:21.655 [FXGL Background Thread 3 ] DEBUG Engine               - class com.almasb.fxgl.io.FileSystemService
10:21:21.655 [FXGL Background Thread 3 ] DEBUG Engine               - class com.almasb.fxgl.localization.LocalizationService
10:21:21.656 [FXGL Background Thread 3 ] DEBUG Engine               - class com.almasb.fxgl.app.services.SystemBundleService
10:21:21.656 [FXGL Background Thread 3 ] DEBUG Engine               - class com.almasb.fxgl.profile.SaveLoadService
10:21:21.656 [FXGL Background Thread 3 ] DEBUG Engine               - class com.almasb.fxgl.ui.FXGLUIFactoryServiceProvider
10:21:21.656 [FXGL Background Thread 3 ] DEBUG Engine               - class com.almasb.fxgl.ui.FXGLDialogFactoryServiceProvider
10:21:21.656 [FXGL Background Thread 3 ] DEBUG Engine               - class com.almasb.fxgl.audio.AudioPlayer
10:21:21.656 [FXGL Background Thread 3 ] DEBUG Engine               - class com.almasb.fxgl.notification.impl.NotificationServiceProvider
10:21:21.656 [FXGL Background Thread 3 ] DEBUG Engine               - class com.almasb.fxgl.achievement.AchievementService
10:21:21.656 [FXGL Background Thread 3 ] DEBUG Engine               - class com.almasb.fxgl.cutscene.CutsceneService
10:21:21.656 [FXGL Background Thread 3 ] DEBUG Engine               - class com.almasb.fxgl.minigames.MiniGameService
10:21:21.656 [FXGL Background Thread 3 ] DEBUG Engine               - class com.almasb.fxgl.net.NetService
10:21:21.656 [FXGL Background Thread 3 ] DEBUG Engine               - class com.almasb.fxgl.app.services.UpdaterService
10:21:21.656 [FXGL Background Thread 3 ] DEBUG Engine               - class com.almasb.fxgl.dev.DevService
10:21:30.534 [JavaFX Application Thread] DEBUG PrimaryStageWindow   - Push state: DialogSubScene
10:21:30.535 [JavaFX Application Thread] DEBUG Input                - Clearing active input actions
10:21:30.536 [JavaFX Application Thread] DEBUG GameApplicationServi - Removing overlay from MainMenu and adding to DialogSubScene
10:21:30.539 [JavaFX Application Thread] DEBUG PrimaryStageWindow   - MainMenu -> DialogSubScene
10:21:33.223 [JavaFX Application Thread] DEBUG PrimaryStageWindow   - Pop state: DialogSubScene
10:21:33.223 [JavaFX Application Thread] DEBUG Input                - Clearing active input actions
10:21:33.224 [JavaFX Application Thread] DEBUG GameApplicationServi - Removing overlay from DialogSubScene and adding to MainMenu
10:21:33.228 [JavaFX Application Thread] DEBUG PrimaryStageWindow   - MainMenu <- DialogSubScene
10:21:33.832 [JavaFX Application Thread] DEBUG PrimaryStageWindow   - Push state: DialogSubScene
10:21:33.833 [JavaFX Application Thread] DEBUG Input                - Clearing active input actions
10:21:33.834 [JavaFX Application Thread] DEBUG GameApplicationServi - Removing overlay from MainMenu and adding to DialogSubScene
10:21:33.836 [JavaFX Application Thread] DEBUG PrimaryStageWindow   - MainMenu -> DialogSubScene
10:21:39.469 [JavaFX Application Thread] DEBUG PrimaryStageWindow   - Pop state: DialogSubScene
10:21:39.470 [JavaFX Application Thread] DEBUG Input                - Clearing active input actions
10:21:39.470 [JavaFX Application Thread] DEBUG GameApplicationServi - Removing overlay from DialogSubScene and adding to MainMenu
10:21:39.471 [JavaFX Application Thread] DEBUG PrimaryStageWindow   - MainMenu <- DialogSubScene
10:21:41.871 [JavaFX Application Thread] DEBUG Menu                 - fireNewGame()
10:21:41.871 [JavaFX Application Thread] DEBUG GameApplicationServi - Starting new game
10:21:41.872 [JavaFX Application Thread] DEBUG PrimaryStageWindow   - Pop state: MainMenu
10:21:41.872 [JavaFX Application Thread] DEBUG Input                - Clearing active input actions
10:21:41.873 [JavaFX Application Thread] DEBUG GameApplicationServi - Removing overlay from MainMenu and adding to FXGLMainMenuDummyScene
10:21:41.874 [JavaFX Application Thread] DEBUG PrimaryStageWindow   - FXGLMainMenuDummyScene <- MainMenu
10:21:41.874 [JavaFX Application Thread] DEBUG Input                - Clearing active input actions
10:21:41.880 [JavaFX Application Thread] DEBUG GameApplicationServi - Removing overlay from FXGLMainMenuDummyScene and adding to FXGLLoadingScene
10:21:41.881 [JavaFX Application Thread] DEBUG PrimaryStageWindow   - FXGLMainMenuDummyScene -> FXGLLoadingScene
10:21:41.881 [JavaFX Application Thread] DEBUG GameApplicationServi - Clearing previous game
10:21:41.881 [JavaFX Application Thread] DEBUG GameScene            - Clearing game scene
10:21:41.881 [JavaFX Application Thread] DEBUG GameWorld            - Clearing game world
10:21:41.881 [JavaFX Application Thread] DEBUG PhysicsWorld         - Clearing physics world
10:21:41.883 [FXGL Background Thread 2 ] DEBUG FXGLApplication      - Initializing game
10:21:41.929 [JavaFX Application Thread] DEBUG LoopRunner           - Stopping loop
10:21:41.930 [JavaFX Application Thread] FATAL FXGLApplication      - Uncaught Exception:
java.lang.RuntimeException: Initialization failed
	at com.almasb.fxgl.all@17.3/com.almasb.fxgl.app.FXGLApplication$InitAppTask.failed(FXGLApplication.kt:343)
	at javafx.graphics@21/javafx.concurrent.Task.setState(Task.java:710)
	at javafx.graphics@21/javafx.concurrent.Task$TaskCallable.lambda$call$2(Task.java:1429)
	at javafx.graphics@21/com.sun.javafx.application.PlatformImpl.lambda$runLater$10(PlatformImpl.java:456)
	at java.base/java.security.AccessController.doPrivileged(AccessController.java:400)
	at javafx.graphics@21/com.sun.javafx.application.PlatformImpl.lambda$runLater$11(PlatformImpl.java:455)
	at javafx.graphics@21/com.sun.glass.ui.InvokeLaterDispatcher$Future.run(InvokeLaterDispatcher.java:95)
	at javafx.graphics@21/com.sun.glass.ui.win.WinApplication._runLoop(Native Method)
	at javafx.graphics@21/com.sun.glass.ui.win.WinApplication.lambda$runLoop$3(WinApplication.java:185)
	at java.base/java.lang.Thread.run(Thread.java:1583)
Caused by: java.lang.IllegalStateException: Not on FX application thread; currentThread = FXGL Background Thread 2
	at javafx.graphics@21/com.sun.javafx.tk.Toolkit.checkFxUserThread(Toolkit.java:294)
	at javafx.graphics@21/com.sun.javafx.tk.quantum.QuantumToolkit.checkFxUserThread(QuantumToolkit.java:475)
	at javafx.graphics@21/javafx.stage.Stage.<init>(Stage.java:258)
	at javafx.graphics@21/javafx.stage.Stage.<init>(Stage.java:244)
	at javafx.controls@21/javafx.scene.control.HeavyweightDialog$1.<init>(HeavyweightDialog.java:52)
	at javafx.controls@21/javafx.scene.control.HeavyweightDialog.<init>(HeavyweightDialog.java:52)
	at javafx.controls@21/javafx.scene.control.Dialog.<init>(Dialog.java:253)
	at javafx.controls@21/javafx.scene.control.TextInputDialog.<init>(TextInputDialog.java:76)
	at RPGPLATFORM.main/com.example.rpgplatform.RPGPlatform.initGame(RPGPlatform.java:94)
	at com.almasb.fxgl.all@17.3/com.almasb.fxgl.app.FXGLApplication$InitAppTask.initGame(FXGLApplication.kt:339)
	at com.almasb.fxgl.all@17.3/com.almasb.fxgl.app.FXGLApplication$InitAppTask.call(FXGLApplication.kt:319)
	at com.almasb.fxgl.all@17.3/com.almasb.fxgl.app.FXGLApplication$InitAppTask.call(FXGLApplication.kt:311)
	at javafx.graphics@21/javafx.concurrent.Task$TaskCallable.call(Task.java:1399)
	at java.base/java.util.concurrent.FutureTask.run(FutureTask.java:317)
	at java.base/java.util.concurrent.Executors$RunnableAdapter.call(Executors.java:572)
	at java.base/java.util.concurrent.FutureTask.run(FutureTask.java:317)
	at java.base/java.util.concurrent.ThreadPoolExecutor.runWorker(ThreadPoolExecutor.java:1144)
	at java.base/java.util.concurrent.ThreadPoolExecutor$Worker.run(ThreadPoolExecutor.java:642)
	... 1 more

10:21:41.931 [JavaFX Application Thread] FATAL FXGLApplication      - Application will now exit
10:21:41.936 [JavaFX Application Thread] DEBUG PrimaryStageWindow   - Push state: ErrorSubScene
10:21:41.937 [JavaFX Application Thread] DEBUG Input                - Clearing active input actions
10:21:41.937 [JavaFX Application Thread] DEBUG GameApplicationServi - Removing overlay from FXGLLoadingScene and adding to ErrorSubScene
10:21:41.939 [JavaFX Application Thread] DEBUG PrimaryStageWindow   - FXGLLoadingScene -> ErrorSubScene
10:21:42.925 [JavaFX Application Thread] DEBUG FXGLApplication      - Exiting FXGL
10:21:42.925 [JavaFX Application Thread] DEBUG Async                - Shutting down background threads
10:21:42.925 [JavaFX Application Thread] DEBUG PrimaryStageWindow   - Closing main window
10:21:42.934 [JavaFX Application Thread] DEBUG Logger               - Closing Logger
