13:06:53.545 [main                     ] DEBUG Logger               - Configured Logger
13:06:53.560 [main                     ] DEBUG GameApplication      - Logging settings
Title: FUCK THIS SHIT
Version: 0.0
Width: 1280
Height: 720
Fullscreen: false
Intro: false
Profiling: false
Single step:false
App Mode: DEVELOPER
Menu Key: ESCAPE
Stage Style: DECORATED
Scene Factory: class com.example.rpgplatform.RPGPlatform$1

13:06:53.928 [JavaFX Application Thread] DEBUG FXGLApplication      - Initializing FXGL
13:06:53.930 [JavaFX Application Thread] INFO  Engine               - FXGL-17.3 (30.03.2023 11.49) on WINDOWS (J:21.0.2 FX:21)
13:06:53.931 [JavaFX Application Thread] DEBUG Engine               - JRE Vendor Name: Oracle Corporation
13:06:53.931 [JavaFX Application Thread] DEBUG Engine               - Running on OS: Windows 11 version 10.0
13:06:53.931 [JavaFX Application Thread] DEBUG Engine               - Architecture: amd64
13:06:53.931 [JavaFX Application Thread] INFO  Engine               - Source code and latest versions at: https://github.com/AlmasB/FXGL
13:06:53.931 [JavaFX Application Thread] INFO  Engine               -       Ask questions and discuss at: https://github.com/AlmasB/FXGL/discussions
13:06:53.931 [JavaFX Application Thread] INFO  Engine               -              Join the FXGL chat at: https://gitter.im/AlmasB/FXGL
13:06:53.994 [JavaFX Application Thread] DEBUG PrimaryStageWindow   - Creating a JavaFX scene
13:06:54.030 [JavaFX Application Thread] DEBUG PrimaryStageWindow   - Target settings size: 1280.0 x 720.0
13:06:54.030 [JavaFX Application Thread] DEBUG PrimaryStageWindow   - Scaled scene size:    1280.0 x 720.0
13:06:54.030 [JavaFX Application Thread] DEBUG PrimaryStageWindow   - Scaled ratio: (1.0, 1.0)
13:06:54.030 [JavaFX Application Thread] DEBUG PrimaryStageWindow   - Set initial scene to FXGLStartupScene
13:06:54.033 [JavaFX Application Thread] DEBUG PrimaryStageWindow   - Opening main window
13:06:54.100 [JavaFX Application Thread] DEBUG PrimaryStageWindow   - Window border size: (14.4000244140625, 37.5999755859375)
13:06:54.100 [JavaFX Application Thread] DEBUG PrimaryStageWindow   - Scaled size: 1280.0 x 720.0
13:06:54.100 [JavaFX Application Thread] DEBUG PrimaryStageWindow   - Scaled ratio: (1.0, 1.0)
13:06:54.100 [JavaFX Application Thread] DEBUG PrimaryStageWindow   - Scene size: 1280.0 x 720.0
13:06:54.101 [JavaFX Application Thread] DEBUG PrimaryStageWindow   - Stage size: 1294.4000244140625 x 757.5999755859375
13:06:54.107 [FXGL Background Thread 1 ] DEBUG Engine               - Initializing environment variables
13:06:54.154 [FXGL Background Thread 1 ] DEBUG FXGLAssetLoaderServi - User app class for loading assets: class com.example.rpgplatform.RPGPlatform
13:06:54.155 [FXGL Background Thread 1 ] DEBUG GameApplicationServi - Applying CSS: fxgl_dark.css
13:06:54.156 [FXGL Background Thread 1 ] DEBUG FXGLAssetLoaderServi - Loading from file system: jar:file:///C:/Users/acer/.m2/repository/com/github/almasb/fxgl/17.3/fxgl-17.3.jar!/fxglassets/ui/css/fxgl_dark.css
13:06:54.193 [FXGL Background Thread 1 ] DEBUG GameApplicationServi - Initializing application scenes
13:06:54.233 [FXGL Background Thread 1 ] DEBUG FXGLAssetLoaderServi - Loading from file system: file:/C:/Users/acer/JavaProjects/RPGPlatform/target/classes/assets/textures/warriorIdle1.png
13:06:54.263 [FXGL Background Thread 1 ] DEBUG GameWorld            - Game world initialized
13:06:54.301 [FXGL Background Thread 1 ] DEBUG PhysicsWorld         - Physics world initialized: appHeight=720, physics.ppm=50.0
13:06:54.302 [FXGL Background Thread 1 ] DEBUG PhysicsWorld         - Using strategy: BRUTE_FORCE
13:06:54.305 [FXGL Background Thread 1 ] DEBUG GameScene            - Game scene initialized: 1280x720
13:06:54.312 [FXGL Background Thread 1 ] DEBUG FXGL.DefaultMenu     - createMenuBodyGameMenu()
13:06:54.327 [FXGL Background Thread 1 ] DEBUG FXGL.DefaultMenu     - createOptionsMenu()
13:06:54.334 [FXGL Background Thread 1 ] DEBUG FXGLAssetLoaderServi - Loading from file system: jar:file:///C:/Users/acer/.m2/repository/com/github/almasb/fxgl/17.3/fxgl-17.3.jar!/fxglassets/textures/particles/smoke.png
13:06:54.393 [FXGL Background Thread 1 ] DEBUG FXGLAssetLoaderServi - Loading from file system: jar:file:///C:/Users/acer/.m2/repository/com/github/almasb/fxgl/17.3/fxgl-17.3.jar!/fxglassets/textures/particles/trace_horizontal.png
13:06:54.426 [FXGL Background Thread 1 ] DEBUG GameApplicationServi - Application scenes initialized
13:06:54.433 [FXGL Background Thread 1 ] DEBUG SystemBundleService  - Loading FXGL system data
13:06:54.437 [FXGL Background Thread 1 ] DEBUG FileSystemAccess     - Reading from: C:\Users\acer\JavaProjects\RPGPlatform\system\fxgl.bundle
13:06:54.447 [FXGL Background Thread 1 ] DEBUG SystemBundleService  - Bundle FXGL: {}
13:06:54.448 [FXGL Background Thread 1 ] DEBUG UpdaterService       - Checking for updates
13:06:54.450 [FXGL Background Thread 4 ] DEBUG FXGLApplication      - Loading fonts
13:06:54.450 [FXGL Background Thread 4 ] DEBUG FXGLAssetLoaderServi - Loading from file system: jar:file:///C:/Users/acer/.m2/repository/com/github/almasb/fxgl/17.3/fxgl-17.3.jar!/fxglassets/ui/fonts/VarelaRound-Regular.ttf
13:06:54.451 [FXGL Background Thread 1 ] DEBUG FXGLApplication      - Loading default localization
13:06:54.451 [FXGL Background Thread 1 ] DEBUG FXGLAssetLoaderServi - Loading from file system: jar:file:///C:/Users/acer/.m2/repository/com/github/almasb/fxgl/17.3/fxgl-17.3.jar!/fxglassets/languages/english.lang
13:06:54.466 [FXGL Background Thread 1 ] INFO  FXGLApplication      - FXGL initialization took: 0.359 sec
13:06:54.474 [JavaFX Application Thread] DEBUG Input                - Registered new binding: Left - A
13:06:54.475 [JavaFX Application Thread] DEBUG Input                - Registered new binding: Right - D
13:06:54.475 [JavaFX Application Thread] DEBUG Input                - Registered new binding: Jump - W
13:06:54.475 [JavaFX Application Thread] DEBUG FXGLAssetLoaderServi - Loading from file system: file:/C:/Users/acer/JavaProjects/RPGPlatform/target/classes/assets/music/BGM_dash_runner.wav
13:06:54.477 [FXGL Background Thread 4 ] DEBUG FXGLAssetLoaderServi - Loading from file system: jar:file:///C:/Users/acer/.m2/repository/com/github/almasb/fxgl/17.3/fxgl-17.3.jar!/fxglassets/ui/fonts/Abel-Regular.ttf
13:06:54.480 [FXGL Background Thread 4 ] DEBUG FXGLAssetLoaderServi - Loading from file system: jar:file:///C:/Users/acer/.m2/repository/com/github/almasb/fxgl/17.3/fxgl-17.3.jar!/fxglassets/ui/fonts/TerminalLandMono-Regular.otf
13:06:54.483 [FXGL Background Thread 4 ] DEBUG FXGLAssetLoaderServi - Loading from file system: jar:file:///C:/Users/acer/.m2/repository/com/github/almasb/fxgl/17.3/fxgl-17.3.jar!/fxglassets/ui/fonts/Courier-Prime.ttf
13:06:54.571 [JavaFX Application Thread] DEBUG AudioPlayer          - Playing music com.almasb.fxgl.audio.Music@65217c8e
13:06:54.571 [JavaFX Application Thread] DEBUG FXGLAssetLoaderServi - Loading from file system: jar:file:///C:/Users/acer/.m2/repository/com/github/almasb/fxgl/17.3/fxgl-17.3.jar!/fxglassets/textures/fxgl_icon.png
13:06:54.582 [JavaFX Application Thread] DEBUG FXGLAssetLoaderServi - Loading from file system: jar:file:///C:/Users/acer/.m2/repository/com/github/almasb/fxgl/17.3/fxgl-17.3.jar!/fxglassets/textures/fxgl_default_cursor.png
13:06:54.584 [JavaFX Application Thread] DEBUG Input                - Registered new binding: Screenshot - CTRL+8
13:06:54.584 [JavaFX Application Thread] DEBUG Input                - Registered new binding: System info dump - CTRL+9
13:06:54.584 [JavaFX Application Thread] DEBUG Input                - Registered new binding: Restart - CTRL+R
13:06:54.586 [JavaFX Application Thread] DEBUG Input                - Registered new binding: Toggle Debug Camera - CTRL+7
13:06:54.587 [JavaFX Application Thread] DEBUG LoopRunner           - Starting loop
13:06:54.587 [JavaFX Application Thread] DEBUG LoopRunner           - Initializing JavaFX AnimationTimerLoop
13:06:54.588 [JavaFX Application Thread] DEBUG GameApplicationServi - Starting new game
13:06:54.588 [JavaFX Application Thread] DEBUG Input                - Clearing active input actions
13:06:54.597 [JavaFX Application Thread] DEBUG GameApplicationServi - Removing overlay from FXGLStartupScene and adding to MainLoadingScene
13:06:54.597 [JavaFX Application Thread] DEBUG PrimaryStageWindow   - FXGLStartupScene -> MainLoadingScene
13:06:54.597 [JavaFX Application Thread] DEBUG GameApplicationServi - Clearing previous game
13:06:54.597 [JavaFX Application Thread] DEBUG GameScene            - Clearing game scene
13:06:54.597 [JavaFX Application Thread] DEBUG GameWorld            - Clearing game world
13:06:54.597 [JavaFX Application Thread] DEBUG PhysicsWorld         - Clearing physics world
13:06:54.598 [FXGL Background Thread 4 ] DEBUG FXGLApplication      - Initializing game
13:06:54.598 [JavaFX Application Thread] DEBUG FXGLApplication      - Registering font factories with UI factory
13:06:54.619 [FXGL Background Thread 4 ] DEBUG FXGLAssetLoaderServi - Loading from file system: file:/C:/Users/acer/JavaProjects/RPGPlatform/target/classes/assets/textures/WarriorIdleAnim.png
13:06:54.621 [FXGL Background Thread 4 ] DEBUG FXGLAssetLoaderServi - Loading from file system: file:/C:/Users/acer/JavaProjects/RPGPlatform/target/classes/assets/textures/WalkingAnimation.png
13:06:54.631 [FXGL Background Thread 4 ] DEBUG FXGLAssetLoaderServi - Loading from file system: file:/C:/Users/acer/JavaProjects/RPGPlatform/target/classes/assets/textures/background/windrise-background.png
13:06:54.646 [FXGL Background Thread 4 ] INFO  FXGLApplication      - Game initialization took: 0.048 sec
13:06:54.677 [JavaFX Application Thread] DEBUG Input                - Clearing active input actions
13:06:54.683 [JavaFX Application Thread] DEBUG GameApplicationServi - Removing overlay from MainLoadingScene and adding to GameScene
13:06:54.683 [JavaFX Application Thread] DEBUG PrimaryStageWindow   - MainLoadingScene -> GameScene
13:06:55.304 [JavaFX Application Thread] WARN  TMXLevelLoader       - TiledMap generated from 1.2.3. Supported version: 1.9.0. Some features may not be parsed fully.
13:06:55.309 [FXGL Background Thread 2 ] INFO  UpdaterService       - Your current version:  17.3
13:06:55.309 [FXGL Background Thread 2 ] INFO  UpdaterService       - Latest stable version: 21.1
13:06:55.310 [JavaFX Application Thread] DEBUG TMXLevelLoader       - Parsed TiledMap: file:/C:/Users/acer/JavaProjects/RPGPlatform/target/classes/assets/levels/tmx/level1.tmx
13:06:55.311 [JavaFX Application Thread] DEBUG TMXLevelLoader       - Creating tile layer entities
13:06:55.312 [JavaFX Application Thread] DEBUG TilesetLoader        - Loading view for layer Tile Layer 1
13:06:55.313 [JavaFX Application Thread] DEBUG TilesetLoader        - Created buffer with size 1050.0x700.0
13:06:55.321 [JavaFX Application Thread] DEBUG TMXLevelLoader       - Creating object layer entities
13:06:55.324 [JavaFX Application Thread] DEBUG GameWorld            - Clearing removable entities
13:06:55.324 [JavaFX Application Thread] DEBUG GameWorld            - Setting level: com.almasb.fxgl.entity.level.Level@3813d210
13:06:56.843 [JavaFX Application Thread] DEBUG FXGLApplication      - Exiting FXGL
13:06:56.843 [JavaFX Application Thread] DEBUG LoopRunner           - Stopping loop
13:06:56.843 [JavaFX Application Thread] DEBUG SystemBundleService  - Saving FXGL system data
13:06:56.847 [JavaFX Application Thread] DEBUG FileSystemAccess     - Writing to: C:\Users\acer\JavaProjects\RPGPlatform\system\fxgl.bundle
13:06:56.850 [JavaFX Application Thread] DEBUG Async                - Shutting down background threads
13:06:56.851 [JavaFX Application Thread] DEBUG PrimaryStageWindow   - Closing main window
13:06:56.870 [JavaFX Application Thread] DEBUG Logger               - Closing Logger
