09:37:37.816 [main                     ] DEBUG Logger               - Configured Logger
09:37:37.843 [main                     ] DEBUG GameApplication      - Logging settings
Title: Flat Former Game
Version: 0.0
Width: 1280
Height: 720
Fullscreen: false
Intro: false
Profiling: false
Single step:false
App Mode: DEVELOPER
Menu Key: ESCAPE
Stage Style: DECORATED
Scene Factory: class com.example.rpgplatform.RPGPlatform$1

09:37:38.234 [JavaFX Application Thread] DEBUG FXGLApplication      - Initializing FXGL
09:37:38.239 [JavaFX Application Thread] INFO  Engine               - FXGL-17.3 (30.03.2023 11.49) on WINDOWS (J:21.0.2 FX:21)
09:37:38.239 [JavaFX Application Thread] DEBUG Engine               - JRE Vendor Name: Oracle Corporation
09:37:38.240 [JavaFX Application Thread] DEBUG Engine               - Running on OS: Windows 10 version 10.0
09:37:38.240 [JavaFX Application Thread] DEBUG Engine               - Architecture: amd64
09:37:38.240 [JavaFX Application Thread] INFO  Engine               - Source code and latest versions at: https://github.com/AlmasB/FXGL
09:37:38.240 [JavaFX Application Thread] INFO  Engine               -       Ask questions and discuss at: https://github.com/AlmasB/FXGL/discussions
09:37:38.240 [JavaFX Application Thread] INFO  Engine               -              Join the FXGL chat at: https://gitter.im/AlmasB/FXGL
09:37:38.348 [JavaFX Application Thread] DEBUG PrimaryStageWindow   - Creating a JavaFX scene
09:37:38.405 [JavaFX Application Thread] DEBUG PrimaryStageWindow   - Target settings size: 1280.0 x 720.0
09:37:38.405 [JavaFX Application Thread] DEBUG PrimaryStageWindow   - Scaled scene size:    1280.0 x 720.0
09:37:38.405 [JavaFX Application Thread] DEBUG PrimaryStageWindow   - Scaled ratio: (1.0, 1.0)
09:37:38.406 [JavaFX Application Thread] DEBUG PrimaryStageWindow   - Set initial scene to FXGLStartupScene
09:37:38.410 [JavaFX Application Thread] DEBUG PrimaryStageWindow   - Opening main window
09:37:38.502 [JavaFX Application Thread] DEBUG PrimaryStageWindow   - Window border size: (16.0, 39.0)
09:37:38.502 [JavaFX Application Thread] DEBUG PrimaryStageWindow   - Scaled size: 1280.0 x 720.0
09:37:38.502 [JavaFX Application Thread] DEBUG PrimaryStageWindow   - Scaled ratio: (1.0, 1.0)
09:37:38.502 [JavaFX Application Thread] DEBUG PrimaryStageWindow   - Scene size: 1280.0 x 720.0
09:37:38.503 [JavaFX Application Thread] DEBUG PrimaryStageWindow   - Stage size: 1296.0 x 759.0
09:37:38.510 [FXGL Background Thread 1 ] DEBUG Engine               - Initializing environment variables
09:37:38.585 [FXGL Background Thread 1 ] DEBUG FXGLAssetLoaderServi - User app class for loading assets: class com.example.rpgplatform.RPGPlatform
09:37:38.586 [FXGL Background Thread 1 ] DEBUG GameApplicationServi - Applying CSS: fxgl_dark.css
09:37:38.587 [FXGL Background Thread 1 ] DEBUG FXGLAssetLoaderServi - Loading from file system: jar:file:///C:/Users/User/.m2/repository/com/github/almasb/fxgl/17.3/fxgl-17.3.jar!/fxglassets/ui/css/fxgl_dark.css
09:37:38.656 [FXGL Background Thread 1 ] DEBUG GameApplicationServi - Initializing application scenes
09:37:38.741 [FXGL Background Thread 1 ] DEBUG FXGLAssetLoaderServi - Loading from file system: file:/C:/Users/User/IdeaProjects/RPGPlatform/target/classes/assets/textures/WarriorIdle.png
09:37:38.792 [FXGL Background Thread 1 ] DEBUG GameWorld            - Game world initialized
09:37:38.850 [FXGL Background Thread 1 ] DEBUG PhysicsWorld         - Physics world initialized: appHeight=720, physics.ppm=50.0
09:37:38.851 [FXGL Background Thread 1 ] DEBUG PhysicsWorld         - Using strategy: BRUTE_FORCE
09:37:38.855 [FXGL Background Thread 1 ] DEBUG GameScene            - Game scene initialized: 1280x720
09:37:38.866 [FXGL Background Thread 1 ] DEBUG FXGL.DefaultMenu     - createMenuBodyGameMenu()
09:37:38.910 [FXGL Background Thread 1 ] DEBUG FXGL.DefaultMenu     - createOptionsMenu()
09:37:38.926 [FXGL Background Thread 1 ] DEBUG FXGLAssetLoaderServi - Loading from file system: jar:file:///C:/Users/User/.m2/repository/com/github/almasb/fxgl/17.3/fxgl-17.3.jar!/fxglassets/textures/particles/smoke.png
09:37:38.998 [FXGL Background Thread 1 ] DEBUG FXGLAssetLoaderServi - Loading from file system: jar:file:///C:/Users/User/.m2/repository/com/github/almasb/fxgl/17.3/fxgl-17.3.jar!/fxglassets/textures/particles/trace_horizontal.png
09:37:39.017 [FXGL Background Thread 1 ] DEBUG GameApplicationServi - Application scenes initialized
09:37:39.031 [FXGL Background Thread 1 ] DEBUG SystemBundleService  - Loading FXGL system data
09:37:39.036 [FXGL Background Thread 1 ] DEBUG FileSystemAccess     - Reading from: C:\Users\User\IdeaProjects\RPGPlatform\system\fxgl.bundle
09:37:39.047 [FXGL Background Thread 1 ] DEBUG SystemBundleService  - Bundle FXGL: {}
09:37:39.047 [FXGL Background Thread 1 ] DEBUG UpdaterService       - Checking for updates
09:37:39.084 [FXGL Background Thread 1 ] DEBUG FXGLApplication      - Loading default localization
09:37:39.086 [FXGL Background Thread 1 ] DEBUG FXGLAssetLoaderServi - Loading from file system: jar:file:///C:/Users/User/.m2/repository/com/github/almasb/fxgl/17.3/fxgl-17.3.jar!/fxglassets/languages/english.lang
09:37:39.103 [FXGL Background Thread 1 ] INFO  FXGLApplication      - FXGL initialization took: 0.593 sec
09:37:39.105 [FXGL Background Thread 4 ] DEBUG FXGLApplication      - Loading fonts
09:37:39.107 [FXGL Background Thread 4 ] DEBUG FXGLAssetLoaderServi - Loading from file system: jar:file:///C:/Users/User/.m2/repository/com/github/almasb/fxgl/17.3/fxgl-17.3.jar!/fxglassets/ui/fonts/VarelaRound-Regular.ttf
09:37:39.113 [JavaFX Application Thread] DEBUG Input                - Registered new binding: Left - A
09:37:39.113 [JavaFX Application Thread] DEBUG Input                - Registered new binding: Right - D
09:37:39.114 [JavaFX Application Thread] DEBUG Input                - Registered new binding: Jump - W
09:37:39.114 [JavaFX Application Thread] DEBUG Input                - Registered new binding: BasicAttack - I
09:37:39.114 [JavaFX Application Thread] DEBUG Input                - Registered new binding: SkillAttack - P
09:37:39.114 [JavaFX Application Thread] DEBUG FXGLAssetLoaderServi - Loading from file system: file:/C:/Users/User/IdeaProjects/RPGPlatform/target/classes/assets/music/BGM_dash_runner.wav
09:37:39.151 [FXGL Background Thread 4 ] DEBUG FXGLAssetLoaderServi - Loading from file system: jar:file:///C:/Users/User/.m2/repository/com/github/almasb/fxgl/17.3/fxgl-17.3.jar!/fxglassets/ui/fonts/Abel-Regular.ttf
09:37:39.170 [FXGL Background Thread 4 ] DEBUG FXGLAssetLoaderServi - Loading from file system: jar:file:///C:/Users/User/.m2/repository/com/github/almasb/fxgl/17.3/fxgl-17.3.jar!/fxglassets/ui/fonts/TerminalLandMono-Regular.otf
09:37:39.180 [FXGL Background Thread 4 ] DEBUG FXGLAssetLoaderServi - Loading from file system: jar:file:///C:/Users/User/.m2/repository/com/github/almasb/fxgl/17.3/fxgl-17.3.jar!/fxglassets/ui/fonts/Courier-Prime.ttf
09:37:39.334 [JavaFX Application Thread] DEBUG AudioPlayer          - Playing music com.almasb.fxgl.audio.Music@58b1ed18
09:37:39.336 [JavaFX Application Thread] DEBUG FXGLAssetLoaderServi - Loading from file system: jar:file:///C:/Users/User/.m2/repository/com/github/almasb/fxgl/17.3/fxgl-17.3.jar!/fxglassets/textures/fxgl_icon.png
09:37:39.349 [JavaFX Application Thread] DEBUG FXGLAssetLoaderServi - Loading from file system: jar:file:///C:/Users/User/.m2/repository/com/github/almasb/fxgl/17.3/fxgl-17.3.jar!/fxglassets/textures/fxgl_default_cursor.png
09:37:39.351 [JavaFX Application Thread] DEBUG Input                - Registered new binding: Screenshot - CTRL+8
09:37:39.352 [JavaFX Application Thread] DEBUG Input                - Registered new binding: Dev Options - 1
09:37:39.352 [JavaFX Application Thread] DEBUG Input                - Registered new binding: Dev Console - 2
09:37:39.352 [JavaFX Application Thread] DEBUG Input                - Registered new binding: System info dump - CTRL+9
09:37:39.353 [JavaFX Application Thread] DEBUG Input                - Registered new binding: Restart - CTRL+R
09:37:39.354 [JavaFX Application Thread] DEBUG Input                - Registered new binding: Toggle Debug Camera - CTRL+7
09:37:39.357 [JavaFX Application Thread] DEBUG LoopRunner           - Starting loop
09:37:39.372 [JavaFX Application Thread] DEBUG LoopRunner           - Initializing JavaFX AnimationTimerLoop
09:37:39.376 [JavaFX Application Thread] DEBUG GameApplicationServi - Starting new game
09:37:39.376 [JavaFX Application Thread] DEBUG Input                - Clearing active input actions
09:37:39.452 [JavaFX Application Thread] DEBUG GameApplicationServi - Removing overlay from FXGLStartupScene and adding to MainLoadingScene
09:37:39.462 [JavaFX Application Thread] DEBUG PrimaryStageWindow   - FXGLStartupScene -> MainLoadingScene
09:37:39.463 [JavaFX Application Thread] DEBUG GameApplicationServi - Clearing previous game
09:37:39.464 [JavaFX Application Thread] DEBUG GameScene            - Clearing game scene
09:37:39.464 [JavaFX Application Thread] DEBUG GameWorld            - Clearing game world
09:37:39.464 [JavaFX Application Thread] DEBUG PhysicsWorld         - Clearing physics world
09:37:39.481 [FXGL Background Thread 4 ] DEBUG FXGLApplication      - Initializing game
09:37:39.481 [JavaFX Application Thread] DEBUG FXGLApplication      - Registering font factories with UI factory
09:37:39.494 [FXGL Background Thread 4 ] INFO  FXGLApplication      - Game initialization took: 0.013 sec
09:37:39.742 [JavaFX Application Thread] DEBUG Input                - Clearing active input actions
09:37:39.748 [JavaFX Application Thread] DEBUG GameApplicationServi - Removing overlay from MainLoadingScene and adding to GameScene
09:37:39.753 [JavaFX Application Thread] DEBUG PrimaryStageWindow   - MainLoadingScene -> GameScene
09:37:40.162 [FXGL Background Thread 2 ] INFO  UpdaterService       - Your current version:  17.3
09:37:40.162 [FXGL Background Thread 2 ] INFO  UpdaterService       - Latest stable version: 21.1
09:37:40.464 [JavaFX Application Thread] DEBUG PrimaryStageWindow   - Push state: DialogSubScene
09:37:40.464 [JavaFX Application Thread] DEBUG Input                - Clearing active input actions
09:37:40.465 [JavaFX Application Thread] DEBUG GameApplicationServi - Removing overlay from GameScene and adding to DialogSubScene
09:37:40.467 [JavaFX Application Thread] DEBUG PrimaryStageWindow   - GameScene -> DialogSubScene
09:37:42.079 [FXGL Background Thread 3 ] DEBUG Engine               - Logging environment variables
09:37:42.079 [FXGL Background Thread 3 ] DEBUG Engine               - achievements: []
09:37:42.080 [FXGL Background Thread 3 ] DEBUG Engine               - actualHeight: 720.0
09:37:42.080 [FXGL Background Thread 3 ] DEBUG Engine               - actualHeightProperty: ReadOnlyDoubleProperty [value: 720.0]
09:37:42.080 [FXGL Background Thread 3 ] DEBUG Engine               - actualWidth: 1280.0
09:37:42.080 [FXGL Background Thread 3 ] DEBUG Engine               - actualWidthProperty: ReadOnlyDoubleProperty [value: 1280.0]
09:37:42.080 [FXGL Background Thread 3 ] DEBUG Engine               - appIcon: fxgl_icon.png
09:37:42.080 [FXGL Background Thread 3 ] DEBUG Engine               - applicationMode: DEVELOPER
09:37:42.081 [FXGL Background Thread 3 ] DEBUG Engine               - cSSList: [fxgl_dark.css]
09:37:42.081 [FXGL Background Thread 3 ] DEBUG Engine               - collisionDetectionStrategy: BRUTE_FORCE
09:37:42.083 [FXGL Background Thread 3 ] DEBUG Engine               - configClass: Optional.empty
09:37:42.083 [FXGL Background Thread 3 ] DEBUG Engine               - credits: []
09:37:42.084 [FXGL Background Thread 3 ] DEBUG Engine               - defaultCursor: CursorInfo(imageName=fxgl_default_cursor.png, hotspotX=7.0, hotspotY=6.0)
09:37:42.084 [FXGL Background Thread 3 ] DEBUG Engine               - devBBoxColorProperty: ObjectProperty [value: 0xff0000ff]
09:37:42.084 [FXGL Background Thread 3 ] DEBUG Engine               - devEnableDebugCameraProperty: BooleanProperty [value: false]
09:37:42.084 [FXGL Background Thread 3 ] DEBUG Engine               - devSensorColorProperty: ObjectProperty [value: 0xffff00ff]
09:37:42.084 [FXGL Background Thread 3 ] DEBUG Engine               - devShowBBoxProperty: BooleanProperty [value: false]
09:37:42.084 [FXGL Background Thread 3 ] DEBUG Engine               - devShowPositionProperty: BooleanProperty [value: false]
09:37:42.084 [FXGL Background Thread 3 ] DEBUG Engine               - enabledMenuItems: []
09:37:42.085 [FXGL Background Thread 3 ] DEBUG Engine               - engineServices: [class com.almasb.fxgl.app.services.FXGLAssetLoaderService, class com.almasb.fxgl.app.FXGLApplication$GameApplicationService, class com.almasb.fxgl.app.services.FXGLDialogService, class com.almasb.fxgl.app.services.IOTaskExecutorService, class com.almasb.fxgl.io.FileSystemService, class com.almasb.fxgl.localization.LocalizationService, class com.almasb.fxgl.app.services.SystemBundleService, class com.almasb.fxgl.profile.SaveLoadService, class com.almasb.fxgl.ui.FXGLUIFactoryServiceProvider, class com.almasb.fxgl.ui.FXGLDialogFactoryServiceProvider, class com.almasb.fxgl.audio.AudioPlayer, class com.almasb.fxgl.notification.impl.NotificationServiceProvider, class com.almasb.fxgl.achievement.AchievementService, class com.almasb.fxgl.cutscene.CutsceneService, class com.almasb.fxgl.minigames.MiniGameService, class com.almasb.fxgl.net.NetService, class com.almasb.fxgl.app.services.UpdaterService, class com.almasb.fxgl.dev.DevService, class com.almasb.fxgl.multiplayer.MultiplayerService]
09:37:42.085 [FXGL Background Thread 3 ] DEBUG Engine               - fontGame: Abel-Regular.ttf
09:37:42.085 [FXGL Background Thread 3 ] DEBUG Engine               - fontMono: TerminalLandMono-Regular.otf
09:37:42.085 [FXGL Background Thread 3 ] DEBUG Engine               - fontSizeScaleUI: 1.0
09:37:42.085 [FXGL Background Thread 3 ] DEBUG Engine               - fontText: Courier-Prime.ttf
09:37:42.085 [FXGL Background Thread 3 ] DEBUG Engine               - fontUI: VarelaRound-Regular.ttf
09:37:42.085 [FXGL Background Thread 3 ] DEBUG Engine               - fullScreen: BooleanProperty [value: false]
09:37:42.085 [FXGL Background Thread 3 ] DEBUG Engine               - gameDifficulty: MEDIUM
09:37:42.085 [FXGL Background Thread 3 ] DEBUG Engine               - gameDifficultyProperty: ObjectProperty [value: MEDIUM]
09:37:42.085 [FXGL Background Thread 3 ] DEBUG Engine               - globalMusicVolume: 0.5
09:37:42.086 [FXGL Background Thread 3 ] DEBUG Engine               - globalMusicVolumeProperty: DoubleProperty [value: 0.0]
09:37:42.086 [FXGL Background Thread 3 ] DEBUG Engine               - globalSoundVolume: 0.5
09:37:42.087 [FXGL Background Thread 3 ] DEBUG Engine               - globalSoundVolumeProperty: DoubleProperty [value: 0.5]
09:37:42.087 [FXGL Background Thread 3 ] DEBUG Engine               - height: 720
09:37:42.088 [FXGL Background Thread 3 ] DEBUG Engine               - is3D: false
09:37:42.088 [FXGL Background Thread 3 ] DEBUG Engine               - isAndroid: false
09:37:42.088 [FXGL Background Thread 3 ] DEBUG Engine               - isBrowser: false
09:37:42.089 [FXGL Background Thread 3 ] DEBUG Engine               - isClickFeedbackEnabled: false
09:37:42.089 [FXGL Background Thread 3 ] DEBUG Engine               - isCloseConfirmation: false
09:37:42.089 [FXGL Background Thread 3 ] DEBUG Engine               - isDesktop: true
09:37:42.089 [FXGL Background Thread 3 ] DEBUG Engine               - isDeveloperMenuEnabled: true
09:37:42.089 [FXGL Background Thread 3 ] DEBUG Engine               - isEmbedded: false
09:37:42.090 [FXGL Background Thread 3 ] DEBUG Engine               - isEntityPreloadEnabled: true
09:37:42.090 [FXGL Background Thread 3 ] DEBUG Engine               - isExperimentalTiledLargeMap: false
09:37:42.090 [FXGL Background Thread 3 ] DEBUG Engine               - isFileSystemWriteAllowed: true
09:37:42.090 [FXGL Background Thread 3 ] DEBUG Engine               - isFullScreenAllowed: false
09:37:42.090 [FXGL Background Thread 3 ] DEBUG Engine               - isFullScreenFromStart: false
09:37:42.090 [FXGL Background Thread 3 ] DEBUG Engine               - isGameMenuEnabled: true
09:37:42.090 [FXGL Background Thread 3 ] DEBUG Engine               - isIOS: false
09:37:42.090 [FXGL Background Thread 3 ] DEBUG Engine               - isIntroEnabled: false
09:37:42.090 [FXGL Background Thread 3 ] DEBUG Engine               - isLinux: false
09:37:42.090 [FXGL Background Thread 3 ] DEBUG Engine               - isMac: false
09:37:42.090 [FXGL Background Thread 3 ] DEBUG Engine               - isMainMenuEnabled: false
09:37:42.090 [FXGL Background Thread 3 ] DEBUG Engine               - isManualResizeEnabled: false
09:37:42.090 [FXGL Background Thread 3 ] DEBUG Engine               - isMobile: false
09:37:42.091 [FXGL Background Thread 3 ] DEBUG Engine               - isNative: false
09:37:42.091 [FXGL Background Thread 3 ] DEBUG Engine               - isPauseMusicWhenMinimized: true
09:37:42.091 [FXGL Background Thread 3 ] DEBUG Engine               - isPreserveResizeRatio: false
09:37:42.091 [FXGL Background Thread 3 ] DEBUG Engine               - isProfilingEnabled: false
09:37:42.091 [FXGL Background Thread 3 ] DEBUG Engine               - isScaleAffectedOnResize: true
09:37:42.091 [FXGL Background Thread 3 ] DEBUG Engine               - isSingleStep: false
09:37:42.091 [FXGL Background Thread 3 ] DEBUG Engine               - isUserProfileEnabled: false
09:37:42.091 [FXGL Background Thread 3 ] DEBUG Engine               - isWindows: true
09:37:42.091 [FXGL Background Thread 3 ] DEBUG Engine               - language: ObjectProperty [value: ENGLISH]
09:37:42.091 [FXGL Background Thread 3 ] DEBUG Engine               - menuKey: ESCAPE
09:37:42.091 [FXGL Background Thread 3 ] DEBUG Engine               - mouseSensitivity: 0.2
09:37:42.091 [FXGL Background Thread 3 ] DEBUG Engine               - notificationViewClass: class com.almasb.fxgl.notification.view.XboxNotificationView
09:37:42.091 [FXGL Background Thread 3 ] DEBUG Engine               - pixelsPerMeter: 50.0
09:37:42.092 [FXGL Background Thread 3 ] DEBUG Engine               - platform: WINDOWS
09:37:42.092 [FXGL Background Thread 3 ] DEBUG Engine               - prefHeightProperty: ReadOnlyDoubleProperty [value: 720.0]
09:37:42.092 [FXGL Background Thread 3 ] DEBUG Engine               - prefWidthProperty: ReadOnlyDoubleProperty [value: 1280.0]
09:37:42.092 [FXGL Background Thread 3 ] DEBUG Engine               - profileDir: profiles/
09:37:42.092 [FXGL Background Thread 3 ] DEBUG Engine               - profileName: StringProperty [value: DEFAULT]
09:37:42.092 [FXGL Background Thread 3 ] DEBUG Engine               - randomSeed: -1
09:37:42.092 [FXGL Background Thread 3 ] DEBUG Engine               - runtimeInfo: RuntimeInfo(platform=WINDOWS, version=17.3, build=30.03.2023 11.49)
09:37:42.092 [FXGL Background Thread 3 ] DEBUG Engine               - saveFileExt: sav
09:37:42.093 [FXGL Background Thread 3 ] DEBUG Engine               - scaledHeightProp$fxgl: DoubleProperty [bound, value: 720.0]
09:37:42.093 [FXGL Background Thread 3 ] DEBUG Engine               - scaledWidthProp$fxgl: DoubleProperty [bound, value: 1280.0]
09:37:42.093 [FXGL Background Thread 3 ] DEBUG Engine               - sceneFactory: com.example.rpgplatform.RPGPlatform$1@3b4762ba
09:37:42.094 [FXGL Background Thread 3 ] DEBUG Engine               - secondsIn24h: 60
09:37:42.094 [FXGL Background Thread 3 ] DEBUG Engine               - soundMenuBack: menu/back.wav
09:37:42.094 [FXGL Background Thread 3 ] DEBUG Engine               - soundMenuPress: menu/press.wav
09:37:42.096 [FXGL Background Thread 3 ] DEBUG Engine               - soundMenuSelect: menu/select.wav
09:37:42.096 [FXGL Background Thread 3 ] DEBUG Engine               - soundNotification: core/notification.wav
09:37:42.096 [FXGL Background Thread 3 ] DEBUG Engine               - stageStyle: DECORATED
09:37:42.096 [FXGL Background Thread 3 ] DEBUG Engine               - supportedLanguages: [ENGLISH, FRENCH, GERMAN, HUNGARIAN, RUSSIAN]
09:37:42.096 [FXGL Background Thread 3 ] DEBUG Engine               - ticksPerSecond: -1
09:37:42.097 [FXGL Background Thread 3 ] DEBUG Engine               - title: Flat Former Game
09:37:42.097 [FXGL Background Thread 3 ] DEBUG Engine               - urlGithub: https://github.com/AlmasB/FXGL
09:37:42.097 [FXGL Background Thread 3 ] DEBUG Engine               - urlLeaderboard: http://fxgl-top.herokuapp.com/
09:37:42.097 [FXGL Background Thread 3 ] DEBUG Engine               - urlPOM: https://raw.githubusercontent.com/AlmasB/FXGL/release/README.md
09:37:42.097 [FXGL Background Thread 3 ] DEBUG Engine               - userAppClass: class com.example.rpgplatform.RPGPlatform
09:37:42.097 [FXGL Background Thread 3 ] DEBUG Engine               - version: 0.0
09:37:42.098 [FXGL Background Thread 3 ] DEBUG Engine               - versionCheckDays: 7
09:37:42.098 [FXGL Background Thread 3 ] DEBUG Engine               - width: 1280
09:37:42.098 [FXGL Background Thread 3 ] DEBUG Engine               - Logging services
09:37:42.098 [FXGL Background Thread 3 ] DEBUG Engine               - class com.almasb.fxgl.app.services.FXGLAssetLoaderService
09:37:42.098 [FXGL Background Thread 3 ] DEBUG Engine               - class com.almasb.fxgl.app.FXGLApplication$GameApplicationService
09:37:42.098 [FXGL Background Thread 3 ] DEBUG Engine               - class com.almasb.fxgl.app.services.FXGLDialogService
09:37:42.098 [FXGL Background Thread 3 ] DEBUG Engine               - class com.almasb.fxgl.app.services.IOTaskExecutorService
09:37:42.098 [FXGL Background Thread 3 ] DEBUG Engine               - class com.almasb.fxgl.io.FileSystemService
09:37:42.098 [FXGL Background Thread 3 ] DEBUG Engine               - class com.almasb.fxgl.localization.LocalizationService
09:37:42.098 [FXGL Background Thread 3 ] DEBUG Engine               - class com.almasb.fxgl.app.services.SystemBundleService
09:37:42.098 [FXGL Background Thread 3 ] DEBUG Engine               - class com.almasb.fxgl.profile.SaveLoadService
09:37:42.098 [FXGL Background Thread 3 ] DEBUG Engine               - class com.almasb.fxgl.ui.FXGLUIFactoryServiceProvider
09:37:42.098 [FXGL Background Thread 3 ] DEBUG Engine               - class com.almasb.fxgl.ui.FXGLDialogFactoryServiceProvider
09:37:42.098 [FXGL Background Thread 3 ] DEBUG Engine               - class com.almasb.fxgl.audio.AudioPlayer
09:37:42.098 [FXGL Background Thread 3 ] DEBUG Engine               - class com.almasb.fxgl.notification.impl.NotificationServiceProvider
09:37:42.098 [FXGL Background Thread 3 ] DEBUG Engine               - class com.almasb.fxgl.achievement.AchievementService
09:37:42.099 [FXGL Background Thread 3 ] DEBUG Engine               - class com.almasb.fxgl.cutscene.CutsceneService
09:37:42.099 [FXGL Background Thread 3 ] DEBUG Engine               - class com.almasb.fxgl.minigames.MiniGameService
09:37:42.099 [FXGL Background Thread 3 ] DEBUG Engine               - class com.almasb.fxgl.net.NetService
09:37:42.099 [FXGL Background Thread 3 ] DEBUG Engine               - class com.almasb.fxgl.app.services.UpdaterService
09:37:42.099 [FXGL Background Thread 3 ] DEBUG Engine               - class com.almasb.fxgl.dev.DevService
09:37:42.099 [FXGL Background Thread 3 ] DEBUG Engine               - class com.almasb.fxgl.multiplayer.MultiplayerService
09:37:49.825 [JavaFX Application Thread] DEBUG PrimaryStageWindow   - Pop state: DialogSubScene
09:37:49.826 [JavaFX Application Thread] DEBUG Input                - Clearing active input actions
09:37:49.827 [JavaFX Application Thread] DEBUG GameApplicationServi - Removing overlay from DialogSubScene and adding to GameScene
09:37:49.830 [JavaFX Application Thread] DEBUG PrimaryStageWindow   - GameScene <- DialogSubScene
09:37:49.858 [ServerAsyncConnThread    ] DEBUG TCPServer            - Starting to listen at: 55555 type: class com.almasb.fxgl.core.serialization.Bundle
09:37:51.268 [ServerAsyncConnThread    ] DEBUG Endpoint             - TCPServer opening new connection (1) from /127.0.0.1:52654 type: class com.almasb.fxgl.core.serialization.Bundle
09:37:51.270 [ServerAsyncConnThread    ] DEBUG Endpoint             - TCPServer successfully opened connection (1)
09:37:51.310 [TCPServer_RecvThread-1   ] DEBUG Readers              - Getting TCPMessageReader for class com.almasb.fxgl.core.serialization.Bundle
09:37:51.310 [TCPServer_SendThread-1   ] DEBUG Writers              - Getting TCPMessageWriter for class com.almasb.fxgl.core.serialization.Bundle
09:37:51.310 [TCPServer_RecvThread-1   ] DEBUG Readers              - Constructed MessageReader for class com.almasb.fxgl.core.serialization.Bundle: BundleTCPMessageReader
09:37:51.314 [TCPServer_SendThread-1   ] DEBUG Writers              - Constructed TCPMessageWriter for class com.almasb.fxgl.core.serialization.Bundle: BundleTCPMessageWriter
09:37:51.317 [JavaFX Application Thread] WARN  TMXLevelLoader       - TiledMap generated from 1.2.3. Supported version: 1.9.0. Some features may not be parsed fully.
09:37:51.324 [JavaFX Application Thread] DEBUG TMXLevelLoader       - Parsed TiledMap: file:/C:/Users/User/IdeaProjects/RPGPlatform/target/classes/assets/levels/tmx/level1.tmx
09:37:51.325 [JavaFX Application Thread] DEBUG TMXLevelLoader       - Creating tile layer entities
09:37:51.327 [JavaFX Application Thread] DEBUG TilesetLoader        - Loading view for layer Tile Layer 1
09:37:51.328 [JavaFX Application Thread] DEBUG TilesetLoader        - Created buffer with size 1050.0x700.0
09:37:51.345 [JavaFX Application Thread] DEBUG TMXLevelLoader       - Creating object layer entities
09:37:51.364 [JavaFX Application Thread] DEBUG GameWorld            - Clearing removable entities
09:37:51.365 [JavaFX Application Thread] DEBUG GameWorld            - Setting level: com.almasb.fxgl.entity.level.Level@59abfaf7
09:37:51.374 [JavaFX Application Thread] DEBUG FXGLAssetLoaderServi - Loading from file system: file:/C:/Users/User/IdeaProjects/RPGPlatform/target/classes/assets/textures/WarriorHigh_Jump.png
09:37:51.380 [JavaFX Application Thread] DEBUG FXGLAssetLoaderServi - Loading from file system: file:/C:/Users/User/IdeaProjects/RPGPlatform/target/classes/assets/textures/WarriorWalk.png
09:37:51.383 [JavaFX Application Thread] DEBUG FXGLAssetLoaderServi - Loading from file system: file:/C:/Users/User/IdeaProjects/RPGPlatform/target/classes/assets/textures/WarriorAttack.png
09:37:51.387 [JavaFX Application Thread] DEBUG FXGLAssetLoaderServi - Loading from file system: file:/C:/Users/User/IdeaProjects/RPGPlatform/target/classes/assets/textures/WarriorSpecialAttack.png
09:37:51.423 [JavaFX Application Thread] DEBUG FXGLAssetLoaderServi - Loading from file system: file:/C:/Users/User/IdeaProjects/RPGPlatform/target/classes/assets/textures/background/windrise-background.png
09:39:51.110 [JavaFX Application Thread] DEBUG FXGLApplication      - Exiting FXGL
09:39:51.110 [JavaFX Application Thread] DEBUG LoopRunner           - Stopping loop
09:39:51.110 [JavaFX Application Thread] DEBUG SystemBundleService  - Saving FXGL system data
09:39:51.112 [JavaFX Application Thread] DEBUG FileSystemAccess     - Writing to: C:\Users\User\IdeaProjects\RPGPlatform\system\fxgl.bundle
09:39:51.113 [JavaFX Application Thread] DEBUG Async                - Shutting down background threads
09:39:51.113 [JavaFX Application Thread] DEBUG PrimaryStageWindow   - Closing main window
09:39:51.126 [JavaFX Application Thread] DEBUG Logger               - Closing Logger
