10:23:16.808 [main                     ] DEBUG Logger               - Configured Logger
10:23:16.834 [main                     ] DEBUG GameApplication      - Logging settings
Title: Flat Former
 Ge Mu
Version: 0.0
Width: 1080
Height: 720
Fullscreen: false
Intro: false
Profiling: false
Single step:false
App Mode: DEVELOPER
Menu Key: ESCAPE
Stage Style: DECORATED
Scene Factory: class com.example.rpgplatform.RPGPlatform$1

10:23:17.254 [JavaFX Application Thread] DEBUG FXGLApplication      - Initializing FXGL
10:23:17.259 [JavaFX Application Thread] INFO  Engine               - FXGL-17.3 (30.03.2023 11.49) on WINDOWS (J:21.0.2 FX:21)
10:23:17.260 [JavaFX Application Thread] DEBUG Engine               - JRE Vendor Name: Oracle Corporation
10:23:17.260 [JavaFX Application Thread] DEBUG Engine               - Running on OS: Windows 10 version 10.0
10:23:17.260 [JavaFX Application Thread] DEBUG Engine               - Architecture: amd64
10:23:17.260 [JavaFX Application Thread] INFO  Engine               - Source code and latest versions at: https://github.com/AlmasB/FXGL
10:23:17.261 [JavaFX Application Thread] INFO  Engine               -       Ask questions and discuss at: https://github.com/AlmasB/FXGL/discussions
10:23:17.261 [JavaFX Application Thread] INFO  Engine               -              Join the FXGL chat at: https://gitter.im/AlmasB/FXGL
10:23:17.365 [JavaFX Application Thread] DEBUG PrimaryStageWindow   - Creating a JavaFX scene
10:23:17.428 [JavaFX Application Thread] DEBUG PrimaryStageWindow   - Target settings size: 1080.0 x 720.0
10:23:17.428 [JavaFX Application Thread] DEBUG PrimaryStageWindow   - Scaled scene size:    1080.0 x 720.0
10:23:17.429 [JavaFX Application Thread] DEBUG PrimaryStageWindow   - Scaled ratio: (1.0, 1.0)
10:23:17.430 [JavaFX Application Thread] DEBUG PrimaryStageWindow   - Set initial scene to FXGLStartupScene
10:23:17.434 [JavaFX Application Thread] DEBUG PrimaryStageWindow   - Opening main window
10:23:17.522 [JavaFX Application Thread] DEBUG PrimaryStageWindow   - Window border size: (16.0, 39.0)
10:23:17.522 [JavaFX Application Thread] DEBUG PrimaryStageWindow   - Scaled size: 1080.0 x 720.0
10:23:17.522 [JavaFX Application Thread] DEBUG PrimaryStageWindow   - Scaled ratio: (1.0, 1.0)
10:23:17.523 [JavaFX Application Thread] DEBUG PrimaryStageWindow   - Scene size: 1080.0 x 720.0
10:23:17.523 [JavaFX Application Thread] DEBUG PrimaryStageWindow   - Stage size: 1096.0 x 759.0
10:23:17.531 [FXGL Background Thread 1 ] DEBUG Engine               - Initializing environment variables
10:23:17.589 [FXGL Background Thread 1 ] DEBUG FXGLAssetLoaderServi - User app class for loading assets: class com.example.rpgplatform.RPGPlatform
10:23:17.589 [FXGL Background Thread 1 ] DEBUG GameApplicationServi - Applying CSS: fxgl_dark.css
10:23:17.591 [FXGL Background Thread 1 ] DEBUG FXGLAssetLoaderServi - Loading from file system: jar:file:///C:/Users/User/.m2/repository/com/github/almasb/fxgl/17.3/fxgl-17.3.jar!/fxglassets/ui/css/fxgl_dark.css
10:23:17.655 [FXGL Background Thread 1 ] DEBUG GameApplicationServi - Initializing application scenes
10:23:17.743 [FXGL Background Thread 1 ] DEBUG GameWorld            - Game world initialized
10:23:17.811 [FXGL Background Thread 1 ] DEBUG PhysicsWorld         - Physics world initialized: appHeight=720, physics.ppm=50.0
10:23:17.812 [FXGL Background Thread 1 ] DEBUG PhysicsWorld         - Using strategy: BRUTE_FORCE
10:23:17.817 [FXGL Background Thread 1 ] DEBUG GameScene            - Game scene initialized: 1080x720
10:23:17.921 [FXGL Background Thread 1 ] DEBUG GameApplicationServi - Application scenes initialized
10:23:17.937 [FXGL Background Thread 1 ] DEBUG SystemBundleService  - Loading FXGL system data
10:23:17.943 [FXGL Background Thread 1 ] DEBUG FileSystemAccess     - Reading from: C:\Users\User\IdeaProjects\RPGPlatform\system\fxgl.bundle
10:23:17.954 [FXGL Background Thread 1 ] DEBUG SystemBundleService  - Bundle FXGL: {}
10:23:17.954 [FXGL Background Thread 1 ] DEBUG UpdaterService       - Checking for updates
10:23:17.994 [FXGL Background Thread 1 ] DEBUG FXGLApplication      - Loading default localization
10:23:17.995 [FXGL Background Thread 1 ] DEBUG FXGLAssetLoaderServi - Loading from file system: jar:file:///C:/Users/User/.m2/repository/com/github/almasb/fxgl/17.3/fxgl-17.3.jar!/fxglassets/languages/english.lang
10:23:17.998 [FXGL Background Thread 4 ] DEBUG FXGLApplication      - Loading fonts
10:23:17.999 [FXGL Background Thread 4 ] DEBUG FXGLAssetLoaderServi - Loading from file system: jar:file:///C:/Users/User/.m2/repository/com/github/almasb/fxgl/17.3/fxgl-17.3.jar!/fxglassets/ui/fonts/VarelaRound-Regular.ttf
10:23:18.030 [FXGL Background Thread 1 ] INFO  FXGLApplication      - FXGL initialization took: 0.498 sec
10:23:18.034 [JavaFX Application Thread] DEBUG FXGLAssetLoaderServi - Loading from file system: file:/C:/Users/User/IdeaProjects/RPGPlatform/target/classes/assets/music/BGM_dash_runner.wav
10:23:18.058 [FXGL Background Thread 4 ] DEBUG FXGLAssetLoaderServi - Loading from file system: jar:file:///C:/Users/User/.m2/repository/com/github/almasb/fxgl/17.3/fxgl-17.3.jar!/fxglassets/ui/fonts/Abel-Regular.ttf
10:23:18.083 [FXGL Background Thread 4 ] DEBUG FXGLAssetLoaderServi - Loading from file system: jar:file:///C:/Users/User/.m2/repository/com/github/almasb/fxgl/17.3/fxgl-17.3.jar!/fxglassets/ui/fonts/TerminalLandMono-Regular.otf
10:23:18.149 [FXGL Background Thread 4 ] DEBUG FXGLAssetLoaderServi - Loading from file system: jar:file:///C:/Users/User/.m2/repository/com/github/almasb/fxgl/17.3/fxgl-17.3.jar!/fxglassets/ui/fonts/Courier-Prime.ttf
10:23:18.277 [JavaFX Application Thread] DEBUG AudioPlayer          - Playing music com.almasb.fxgl.audio.Music@59621c11
10:23:18.278 [JavaFX Application Thread] DEBUG FXGLAssetLoaderServi - Loading from file system: jar:file:///C:/Users/User/.m2/repository/com/github/almasb/fxgl/17.3/fxgl-17.3.jar!/fxglassets/textures/fxgl_icon.png
10:23:18.311 [JavaFX Application Thread] DEBUG FXGLAssetLoaderServi - Loading from file system: jar:file:///C:/Users/User/.m2/repository/com/github/almasb/fxgl/17.3/fxgl-17.3.jar!/fxglassets/textures/fxgl_default_cursor.png
10:23:18.329 [JavaFX Application Thread] DEBUG Input                - Registered new binding: Screenshot - CTRL+8
10:23:18.330 [JavaFX Application Thread] DEBUG Input                - Registered new binding: Dev Options - 1
10:23:18.330 [JavaFX Application Thread] DEBUG Input                - Registered new binding: Dev Console - 2
10:23:18.331 [JavaFX Application Thread] DEBUG Input                - Registered new binding: System info dump - CTRL+9
10:23:18.336 [JavaFX Application Thread] DEBUG Input                - Registered new binding: Restart - CTRL+R
10:23:18.338 [JavaFX Application Thread] DEBUG Input                - Registered new binding: Toggle Debug Camera - CTRL+7
10:23:18.344 [JavaFX Application Thread] DEBUG LoopRunner           - Starting loop
10:23:18.358 [JavaFX Application Thread] DEBUG LoopRunner           - Initializing JavaFX AnimationTimerLoop
10:23:18.362 [JavaFX Application Thread] DEBUG Input                - Clearing active input actions
10:23:18.378 [JavaFX Application Thread] DEBUG GameApplicationServi - Removing overlay from FXGLStartupScene and adding to FXGLMainMenuDummyScene
10:23:18.382 [JavaFX Application Thread] DEBUG PrimaryStageWindow   - FXGLStartupScene -> FXGLMainMenuDummyScene
10:23:18.382 [JavaFX Application Thread] DEBUG PrimaryStageWindow   - Push state: MainMenu
10:23:18.382 [JavaFX Application Thread] DEBUG Input                - Clearing active input actions
10:23:18.386 [JavaFX Application Thread] DEBUG GameApplicationServi - Removing overlay from FXGLMainMenuDummyScene and adding to MainMenu
10:23:18.386 [JavaFX Application Thread] DEBUG PrimaryStageWindow   - FXGLMainMenuDummyScene -> MainMenu
10:23:18.397 [JavaFX Application Thread] DEBUG FXGLApplication      - Registering font factories with UI factory
10:23:18.682 [FXGL Background Thread 2 ] INFO  UpdaterService       - Your current version:  17.3
10:23:18.682 [FXGL Background Thread 2 ] INFO  UpdaterService       - Latest stable version: 21.1
10:23:19.782 [JavaFX Application Thread] DEBUG PrimaryStageWindow   - Push state: DialogSubScene
10:23:19.782 [JavaFX Application Thread] DEBUG Input                - Clearing active input actions
10:23:19.783 [JavaFX Application Thread] DEBUG GameApplicationServi - Removing overlay from MainMenu and adding to DialogSubScene
10:23:19.786 [JavaFX Application Thread] DEBUG PrimaryStageWindow   - MainMenu -> DialogSubScene
10:23:20.993 [FXGL Background Thread 3 ] DEBUG Engine               - Logging environment variables
10:23:20.993 [FXGL Background Thread 3 ] DEBUG Engine               - achievements: []
10:23:20.993 [FXGL Background Thread 3 ] DEBUG Engine               - actualHeight: 720.0
10:23:20.994 [FXGL Background Thread 3 ] DEBUG Engine               - actualHeightProperty: ReadOnlyDoubleProperty [value: 720.0]
10:23:20.994 [FXGL Background Thread 3 ] DEBUG Engine               - actualWidth: 1080.0
10:23:20.994 [FXGL Background Thread 3 ] DEBUG Engine               - actualWidthProperty: ReadOnlyDoubleProperty [value: 1080.0]
10:23:20.994 [FXGL Background Thread 3 ] DEBUG Engine               - appIcon: fxgl_icon.png
10:23:20.994 [FXGL Background Thread 3 ] DEBUG Engine               - applicationMode: DEVELOPER
10:23:20.994 [FXGL Background Thread 3 ] DEBUG Engine               - cSSList: [fxgl_dark.css]
10:23:20.994 [FXGL Background Thread 3 ] DEBUG Engine               - collisionDetectionStrategy: BRUTE_FORCE
10:23:20.994 [FXGL Background Thread 3 ] DEBUG Engine               - configClass: Optional.empty
10:23:20.994 [FXGL Background Thread 3 ] DEBUG Engine               - credits: []
10:23:20.996 [FXGL Background Thread 3 ] DEBUG Engine               - defaultCursor: CursorInfo(imageName=fxgl_default_cursor.png, hotspotX=7.0, hotspotY=6.0)
10:23:20.996 [FXGL Background Thread 3 ] DEBUG Engine               - devBBoxColorProperty: ObjectProperty [value: 0xff0000ff]
10:23:20.996 [FXGL Background Thread 3 ] DEBUG Engine               - devEnableDebugCameraProperty: BooleanProperty [value: false]
10:23:20.997 [FXGL Background Thread 3 ] DEBUG Engine               - devSensorColorProperty: ObjectProperty [value: 0xffff00ff]
10:23:20.997 [FXGL Background Thread 3 ] DEBUG Engine               - devShowBBoxProperty: BooleanProperty [value: false]
10:23:20.997 [FXGL Background Thread 3 ] DEBUG Engine               - devShowPositionProperty: BooleanProperty [value: false]
10:23:20.997 [FXGL Background Thread 3 ] DEBUG Engine               - enabledMenuItems: []
10:23:20.997 [FXGL Background Thread 3 ] DEBUG Engine               - engineServices: [class com.almasb.fxgl.app.services.FXGLAssetLoaderService, class com.almasb.fxgl.app.FXGLApplication$GameApplicationService, class com.almasb.fxgl.app.services.FXGLDialogService, class com.almasb.fxgl.app.services.IOTaskExecutorService, class com.almasb.fxgl.io.FileSystemService, class com.almasb.fxgl.localization.LocalizationService, class com.almasb.fxgl.app.services.SystemBundleService, class com.almasb.fxgl.profile.SaveLoadService, class com.almasb.fxgl.ui.FXGLUIFactoryServiceProvider, class com.almasb.fxgl.ui.FXGLDialogFactoryServiceProvider, class com.almasb.fxgl.audio.AudioPlayer, class com.almasb.fxgl.notification.impl.NotificationServiceProvider, class com.almasb.fxgl.achievement.AchievementService, class com.almasb.fxgl.cutscene.CutsceneService, class com.almasb.fxgl.minigames.MiniGameService, class com.almasb.fxgl.net.NetService, class com.almasb.fxgl.app.services.UpdaterService, class com.almasb.fxgl.dev.DevService]
10:23:20.997 [FXGL Background Thread 3 ] DEBUG Engine               - fontGame: Abel-Regular.ttf
10:23:20.997 [FXGL Background Thread 3 ] DEBUG Engine               - fontMono: TerminalLandMono-Regular.otf
10:23:20.997 [FXGL Background Thread 3 ] DEBUG Engine               - fontSizeScaleUI: 1.0
10:23:20.997 [FXGL Background Thread 3 ] DEBUG Engine               - fontText: Courier-Prime.ttf
10:23:20.997 [FXGL Background Thread 3 ] DEBUG Engine               - fontUI: VarelaRound-Regular.ttf
10:23:20.997 [FXGL Background Thread 3 ] DEBUG Engine               - fullScreen: BooleanProperty [value: false]
10:23:20.997 [FXGL Background Thread 3 ] DEBUG Engine               - gameDifficulty: MEDIUM
10:23:20.998 [FXGL Background Thread 3 ] DEBUG Engine               - gameDifficultyProperty: ObjectProperty [value: MEDIUM]
10:23:20.998 [FXGL Background Thread 3 ] DEBUG Engine               - globalMusicVolume: 0.5
10:23:20.998 [FXGL Background Thread 3 ] DEBUG Engine               - globalMusicVolumeProperty: DoubleProperty [value: 0.0]
10:23:20.998 [FXGL Background Thread 3 ] DEBUG Engine               - globalSoundVolume: 0.5
10:23:20.998 [FXGL Background Thread 3 ] DEBUG Engine               - globalSoundVolumeProperty: DoubleProperty [value: 0.5]
10:23:20.998 [FXGL Background Thread 3 ] DEBUG Engine               - height: 720
10:23:20.998 [FXGL Background Thread 3 ] DEBUG Engine               - is3D: false
10:23:20.998 [FXGL Background Thread 3 ] DEBUG Engine               - isAndroid: false
10:23:20.998 [FXGL Background Thread 3 ] DEBUG Engine               - isBrowser: false
10:23:20.998 [FXGL Background Thread 3 ] DEBUG Engine               - isClickFeedbackEnabled: false
10:23:20.999 [FXGL Background Thread 3 ] DEBUG Engine               - isCloseConfirmation: false
10:23:20.999 [FXGL Background Thread 3 ] DEBUG Engine               - isDesktop: true
10:23:20.999 [FXGL Background Thread 3 ] DEBUG Engine               - isDeveloperMenuEnabled: true
10:23:20.999 [FXGL Background Thread 3 ] DEBUG Engine               - isEmbedded: false
10:23:20.999 [FXGL Background Thread 3 ] DEBUG Engine               - isEntityPreloadEnabled: true
10:23:20.999 [FXGL Background Thread 3 ] DEBUG Engine               - isExperimentalTiledLargeMap: false
10:23:20.999 [FXGL Background Thread 3 ] DEBUG Engine               - isFileSystemWriteAllowed: true
10:23:20.999 [FXGL Background Thread 3 ] DEBUG Engine               - isFullScreenAllowed: false
10:23:20.999 [FXGL Background Thread 3 ] DEBUG Engine               - isFullScreenFromStart: false
10:23:20.999 [FXGL Background Thread 3 ] DEBUG Engine               - isGameMenuEnabled: true
10:23:20.999 [FXGL Background Thread 3 ] DEBUG Engine               - isIOS: false
10:23:20.999 [FXGL Background Thread 3 ] DEBUG Engine               - isIntroEnabled: false
10:23:20.999 [FXGL Background Thread 3 ] DEBUG Engine               - isLinux: false
10:23:20.999 [FXGL Background Thread 3 ] DEBUG Engine               - isMac: false
10:23:20.999 [FXGL Background Thread 3 ] DEBUG Engine               - isMainMenuEnabled: true
10:23:21.000 [FXGL Background Thread 3 ] DEBUG Engine               - isManualResizeEnabled: false
10:23:21.000 [FXGL Background Thread 3 ] DEBUG Engine               - isMobile: false
10:23:21.000 [FXGL Background Thread 3 ] DEBUG Engine               - isNative: false
10:23:21.000 [FXGL Background Thread 3 ] DEBUG Engine               - isPauseMusicWhenMinimized: true
10:23:21.000 [FXGL Background Thread 3 ] DEBUG Engine               - isPreserveResizeRatio: false
10:23:21.000 [FXGL Background Thread 3 ] DEBUG Engine               - isProfilingEnabled: false
10:23:21.000 [FXGL Background Thread 3 ] DEBUG Engine               - isScaleAffectedOnResize: true
10:23:21.000 [FXGL Background Thread 3 ] DEBUG Engine               - isSingleStep: false
10:23:21.000 [FXGL Background Thread 3 ] DEBUG Engine               - isUserProfileEnabled: false
10:23:21.000 [FXGL Background Thread 3 ] DEBUG Engine               - isWindows: true
10:23:21.000 [FXGL Background Thread 3 ] DEBUG Engine               - language: ObjectProperty [value: ENGLISH]
10:23:21.000 [FXGL Background Thread 3 ] DEBUG Engine               - menuKey: ESCAPE
10:23:21.000 [FXGL Background Thread 3 ] DEBUG Engine               - mouseSensitivity: 0.2
10:23:21.000 [FXGL Background Thread 3 ] DEBUG Engine               - notificationViewClass: class com.almasb.fxgl.notification.view.XboxNotificationView
10:23:21.001 [FXGL Background Thread 3 ] DEBUG Engine               - pixelsPerMeter: 50.0
10:23:21.001 [FXGL Background Thread 3 ] DEBUG Engine               - platform: WINDOWS
10:23:21.001 [FXGL Background Thread 3 ] DEBUG Engine               - prefHeightProperty: ReadOnlyDoubleProperty [value: 720.0]
10:23:21.001 [FXGL Background Thread 3 ] DEBUG Engine               - prefWidthProperty: ReadOnlyDoubleProperty [value: 1080.0]
10:23:21.001 [FXGL Background Thread 3 ] DEBUG Engine               - profileDir: profiles/
10:23:21.001 [FXGL Background Thread 3 ] DEBUG Engine               - profileName: StringProperty [value: DEFAULT]
10:23:21.001 [FXGL Background Thread 3 ] DEBUG Engine               - randomSeed: -1
10:23:21.001 [FXGL Background Thread 3 ] DEBUG Engine               - runtimeInfo: RuntimeInfo(platform=WINDOWS, version=17.3, build=30.03.2023 11.49)
10:23:21.001 [FXGL Background Thread 3 ] DEBUG Engine               - saveFileExt: sav
10:23:21.002 [FXGL Background Thread 3 ] DEBUG Engine               - scaledHeightProp$fxgl: DoubleProperty [bound, value: 720.0]
10:23:21.002 [FXGL Background Thread 3 ] DEBUG Engine               - scaledWidthProp$fxgl: DoubleProperty [bound, value: 1080.0]
10:23:21.002 [FXGL Background Thread 3 ] DEBUG Engine               - sceneFactory: com.example.rpgplatform.RPGPlatform$1@5ec558f6
10:23:21.002 [FXGL Background Thread 3 ] DEBUG Engine               - secondsIn24h: 60
10:23:21.002 [FXGL Background Thread 3 ] DEBUG Engine               - soundMenuBack: menu/back.wav
10:23:21.002 [FXGL Background Thread 3 ] DEBUG Engine               - soundMenuPress: menu/press.wav
10:23:21.002 [FXGL Background Thread 3 ] DEBUG Engine               - soundMenuSelect: menu/select.wav
10:23:21.002 [FXGL Background Thread 3 ] DEBUG Engine               - soundNotification: core/notification.wav
10:23:21.002 [FXGL Background Thread 3 ] DEBUG Engine               - stageStyle: DECORATED
10:23:21.002 [FXGL Background Thread 3 ] DEBUG Engine               - supportedLanguages: [ENGLISH, FRENCH, GERMAN, HUNGARIAN, RUSSIAN]
10:23:21.002 [FXGL Background Thread 3 ] DEBUG Engine               - ticksPerSecond: -1
10:23:21.002 [FXGL Background Thread 3 ] DEBUG Engine               - title: Flat Former
 Ge Mu
10:23:21.002 [FXGL Background Thread 3 ] DEBUG Engine               - urlGithub: https://github.com/AlmasB/FXGL
10:23:21.002 [FXGL Background Thread 3 ] DEBUG Engine               - urlLeaderboard: http://fxgl-top.herokuapp.com/
10:23:21.002 [FXGL Background Thread 3 ] DEBUG Engine               - urlPOM: https://raw.githubusercontent.com/AlmasB/FXGL/release/README.md
10:23:21.003 [FXGL Background Thread 3 ] DEBUG Engine               - userAppClass: class com.example.rpgplatform.RPGPlatform
10:23:21.003 [FXGL Background Thread 3 ] DEBUG Engine               - version: 0.0
10:23:21.003 [FXGL Background Thread 3 ] DEBUG Engine               - versionCheckDays: 7
10:23:21.003 [FXGL Background Thread 3 ] DEBUG Engine               - width: 1080
10:23:21.003 [FXGL Background Thread 3 ] DEBUG Engine               - Logging services
10:23:21.003 [FXGL Background Thread 3 ] DEBUG Engine               - class com.almasb.fxgl.app.services.FXGLAssetLoaderService
10:23:21.003 [FXGL Background Thread 3 ] DEBUG Engine               - class com.almasb.fxgl.app.FXGLApplication$GameApplicationService
10:23:21.003 [FXGL Background Thread 3 ] DEBUG Engine               - class com.almasb.fxgl.app.services.FXGLDialogService
10:23:21.003 [FXGL Background Thread 3 ] DEBUG Engine               - class com.almasb.fxgl.app.services.IOTaskExecutorService
10:23:21.003 [FXGL Background Thread 3 ] DEBUG Engine               - class com.almasb.fxgl.io.FileSystemService
10:23:21.003 [FXGL Background Thread 3 ] DEBUG Engine               - class com.almasb.fxgl.localization.LocalizationService
10:23:21.003 [FXGL Background Thread 3 ] DEBUG Engine               - class com.almasb.fxgl.app.services.SystemBundleService
10:23:21.003 [FXGL Background Thread 3 ] DEBUG Engine               - class com.almasb.fxgl.profile.SaveLoadService
10:23:21.004 [FXGL Background Thread 3 ] DEBUG Engine               - class com.almasb.fxgl.ui.FXGLUIFactoryServiceProvider
10:23:21.004 [FXGL Background Thread 3 ] DEBUG Engine               - class com.almasb.fxgl.ui.FXGLDialogFactoryServiceProvider
10:23:21.004 [FXGL Background Thread 3 ] DEBUG Engine               - class com.almasb.fxgl.audio.AudioPlayer
10:23:21.004 [FXGL Background Thread 3 ] DEBUG Engine               - class com.almasb.fxgl.notification.impl.NotificationServiceProvider
10:23:21.004 [FXGL Background Thread 3 ] DEBUG Engine               - class com.almasb.fxgl.achievement.AchievementService
10:23:21.004 [FXGL Background Thread 3 ] DEBUG Engine               - class com.almasb.fxgl.cutscene.CutsceneService
10:23:21.004 [FXGL Background Thread 3 ] DEBUG Engine               - class com.almasb.fxgl.minigames.MiniGameService
10:23:21.004 [FXGL Background Thread 3 ] DEBUG Engine               - class com.almasb.fxgl.net.NetService
10:23:21.004 [FXGL Background Thread 3 ] DEBUG Engine               - class com.almasb.fxgl.app.services.UpdaterService
10:23:21.004 [FXGL Background Thread 3 ] DEBUG Engine               - class com.almasb.fxgl.dev.DevService
10:23:31.894 [JavaFX Application Thread] DEBUG PrimaryStageWindow   - Pop state: DialogSubScene
10:23:31.895 [JavaFX Application Thread] DEBUG Input                - Clearing active input actions
10:23:31.896 [JavaFX Application Thread] DEBUG GameApplicationServi - Removing overlay from DialogSubScene and adding to MainMenu
10:23:31.899 [JavaFX Application Thread] DEBUG PrimaryStageWindow   - MainMenu <- DialogSubScene
10:23:32.696 [JavaFX Application Thread] DEBUG FXGLApplication      - Exiting FXGL
10:23:32.696 [JavaFX Application Thread] DEBUG LoopRunner           - Stopping loop
10:23:32.696 [JavaFX Application Thread] DEBUG SystemBundleService  - Saving FXGL system data
10:23:32.698 [JavaFX Application Thread] DEBUG FileSystemAccess     - Writing to: C:\Users\User\IdeaProjects\RPGPlatform\system\fxgl.bundle
10:23:32.701 [JavaFX Application Thread] DEBUG Async                - Shutting down background threads
10:23:32.701 [JavaFX Application Thread] DEBUG PrimaryStageWindow   - Closing main window
10:23:32.712 [JavaFX Application Thread] DEBUG Logger               - Closing Logger
