09:20:56.189 [main                     ] DEBUG Logger               - Configured Logger
09:20:56.218 [main                     ] DEBUG GameApplication      - Logging settings
Title: Flat Former Game
Version: 0.0
Width: 1280
Height: 720
Fullscreen: false
Intro: false
Profiling: false
Single step:false
App Mode: DEVELOPER
Menu Key: ESCAPE
Stage Style: DECORATED
Scene Factory: class com.example.rpgplatform.RPGPlatform$1

09:20:56.769 [JavaFX Application Thread] DEBUG FXGLApplication      - Initializing FXGL
09:20:56.774 [JavaFX Application Thread] INFO  Engine               - FXGL-17.3 (30.03.2023 11.49) on WINDOWS (J:21.0.2 FX:21)
09:20:56.774 [JavaFX Application Thread] DEBUG Engine               - JRE Vendor Name: Oracle Corporation
09:20:56.775 [JavaFX Application Thread] DEBUG Engine               - Running on OS: Windows 10 version 10.0
09:20:56.775 [JavaFX Application Thread] DEBUG Engine               - Architecture: amd64
09:20:56.775 [JavaFX Application Thread] INFO  Engine               - Source code and latest versions at: https://github.com/AlmasB/FXGL
09:20:56.775 [JavaFX Application Thread] INFO  Engine               -       Ask questions and discuss at: https://github.com/AlmasB/FXGL/discussions
09:20:56.775 [JavaFX Application Thread] INFO  Engine               -              Join the FXGL chat at: https://gitter.im/AlmasB/FXGL
09:20:56.884 [JavaFX Application Thread] DEBUG PrimaryStageWindow   - Creating a JavaFX scene
09:20:56.940 [JavaFX Application Thread] DEBUG PrimaryStageWindow   - Target settings size: 1280.0 x 720.0
09:20:56.941 [JavaFX Application Thread] DEBUG PrimaryStageWindow   - Scaled scene size:    1280.0 x 720.0
09:20:56.942 [JavaFX Application Thread] DEBUG PrimaryStageWindow   - Scaled ratio: (1.0, 1.0)
09:20:56.943 [JavaFX Application Thread] DEBUG PrimaryStageWindow   - Set initial scene to FXGLStartupScene
09:20:56.947 [JavaFX Application Thread] DEBUG PrimaryStageWindow   - Opening main window
09:20:57.037 [JavaFX Application Thread] DEBUG PrimaryStageWindow   - Window border size: (16.0, 39.0)
09:20:57.037 [JavaFX Application Thread] DEBUG PrimaryStageWindow   - Scaled size: 1280.0 x 720.0
09:20:57.037 [JavaFX Application Thread] DEBUG PrimaryStageWindow   - Scaled ratio: (1.0, 1.0)
09:20:57.037 [JavaFX Application Thread] DEBUG PrimaryStageWindow   - Scene size: 1280.0 x 720.0
09:20:57.038 [JavaFX Application Thread] DEBUG PrimaryStageWindow   - Stage size: 1296.0 x 759.0
09:20:57.045 [FXGL Background Thread 1 ] DEBUG Engine               - Initializing environment variables
09:20:57.136 [FXGL Background Thread 1 ] DEBUG FXGLAssetLoaderServi - User app class for loading assets: class com.example.rpgplatform.RPGPlatform
09:20:57.136 [FXGL Background Thread 1 ] DEBUG GameApplicationServi - Applying CSS: fxgl_dark.css
09:20:57.137 [FXGL Background Thread 1 ] DEBUG FXGLAssetLoaderServi - Loading from file system: jar:file:///C:/Users/User/.m2/repository/com/github/almasb/fxgl/17.3/fxgl-17.3.jar!/fxglassets/ui/css/fxgl_dark.css
09:20:57.201 [FXGL Background Thread 1 ] DEBUG GameApplicationServi - Initializing application scenes
09:20:57.271 [FXGL Background Thread 1 ] DEBUG FXGLAssetLoaderServi - Loading from file system: file:/C:/Users/User/IdeaProjects/RPGPlatform/target/classes/assets/textures/WarriorIdle.png
09:20:57.329 [FXGL Background Thread 1 ] DEBUG GameWorld            - Game world initialized
09:20:57.391 [FXGL Background Thread 1 ] DEBUG PhysicsWorld         - Physics world initialized: appHeight=720, physics.ppm=50.0
09:20:57.391 [FXGL Background Thread 1 ] DEBUG PhysicsWorld         - Using strategy: BRUTE_FORCE
09:20:57.396 [FXGL Background Thread 1 ] DEBUG GameScene            - Game scene initialized: 1280x720
09:20:57.407 [FXGL Background Thread 1 ] DEBUG FXGL.DefaultMenu     - createMenuBodyGameMenu()
09:20:57.465 [FXGL Background Thread 1 ] DEBUG FXGL.DefaultMenu     - createOptionsMenu()
09:20:57.478 [FXGL Background Thread 1 ] DEBUG FXGLAssetLoaderServi - Loading from file system: jar:file:///C:/Users/User/.m2/repository/com/github/almasb/fxgl/17.3/fxgl-17.3.jar!/fxglassets/textures/particles/smoke.png
09:20:57.557 [FXGL Background Thread 1 ] DEBUG FXGLAssetLoaderServi - Loading from file system: jar:file:///C:/Users/User/.m2/repository/com/github/almasb/fxgl/17.3/fxgl-17.3.jar!/fxglassets/textures/particles/trace_horizontal.png
09:20:57.577 [FXGL Background Thread 1 ] DEBUG GameApplicationServi - Application scenes initialized
09:20:57.593 [FXGL Background Thread 1 ] DEBUG SystemBundleService  - Loading FXGL system data
09:20:57.599 [FXGL Background Thread 1 ] DEBUG FileSystemAccess     - Reading from: C:\Users\User\IdeaProjects\RPGPlatform\system\fxgl.bundle
09:20:57.613 [FXGL Background Thread 1 ] DEBUG SystemBundleService  - Bundle FXGL: {}
09:20:57.614 [FXGL Background Thread 1 ] DEBUG UpdaterService       - Checking for updates
09:20:57.679 [FXGL Background Thread 1 ] DEBUG FXGLApplication      - Loading default localization
09:20:57.679 [FXGL Background Thread 1 ] DEBUG FXGLAssetLoaderServi - Loading from file system: jar:file:///C:/Users/User/.m2/repository/com/github/almasb/fxgl/17.3/fxgl-17.3.jar!/fxglassets/languages/english.lang
09:20:57.682 [FXGL Background Thread 4 ] DEBUG FXGLApplication      - Loading fonts
09:20:57.698 [FXGL Background Thread 4 ] DEBUG FXGLAssetLoaderServi - Loading from file system: jar:file:///C:/Users/User/.m2/repository/com/github/almasb/fxgl/17.3/fxgl-17.3.jar!/fxglassets/ui/fonts/VarelaRound-Regular.ttf
09:20:57.702 [FXGL Background Thread 1 ] INFO  FXGLApplication      - FXGL initialization took: 0.657 sec
09:20:57.712 [JavaFX Application Thread] DEBUG Input                - Registered new binding: Left - A
09:20:57.713 [JavaFX Application Thread] DEBUG Input                - Registered new binding: Right - D
09:20:57.713 [JavaFX Application Thread] DEBUG Input                - Registered new binding: Jump - W
09:20:57.714 [JavaFX Application Thread] DEBUG Input                - Registered new binding: BasicAttack - I
09:20:57.714 [JavaFX Application Thread] DEBUG Input                - Registered new binding: SkillAttack - P
09:20:57.715 [JavaFX Application Thread] DEBUG FXGLAssetLoaderServi - Loading from file system: file:/C:/Users/User/IdeaProjects/RPGPlatform/target/classes/assets/music/BGM_dash_runner.wav
09:20:57.757 [FXGL Background Thread 4 ] DEBUG FXGLAssetLoaderServi - Loading from file system: jar:file:///C:/Users/User/.m2/repository/com/github/almasb/fxgl/17.3/fxgl-17.3.jar!/fxglassets/ui/fonts/Abel-Regular.ttf
09:20:57.762 [FXGL Background Thread 4 ] DEBUG FXGLAssetLoaderServi - Loading from file system: jar:file:///C:/Users/User/.m2/repository/com/github/almasb/fxgl/17.3/fxgl-17.3.jar!/fxglassets/ui/fonts/TerminalLandMono-Regular.otf
09:20:57.768 [FXGL Background Thread 4 ] DEBUG FXGLAssetLoaderServi - Loading from file system: jar:file:///C:/Users/User/.m2/repository/com/github/almasb/fxgl/17.3/fxgl-17.3.jar!/fxglassets/ui/fonts/Courier-Prime.ttf
09:20:57.945 [JavaFX Application Thread] DEBUG AudioPlayer          - Playing music com.almasb.fxgl.audio.Music@afd84f7
09:20:57.946 [JavaFX Application Thread] DEBUG FXGLAssetLoaderServi - Loading from file system: jar:file:///C:/Users/User/.m2/repository/com/github/almasb/fxgl/17.3/fxgl-17.3.jar!/fxglassets/textures/fxgl_icon.png
09:20:57.969 [JavaFX Application Thread] DEBUG FXGLAssetLoaderServi - Loading from file system: jar:file:///C:/Users/User/.m2/repository/com/github/almasb/fxgl/17.3/fxgl-17.3.jar!/fxglassets/textures/fxgl_default_cursor.png
09:20:57.972 [JavaFX Application Thread] DEBUG Input                - Registered new binding: Screenshot - CTRL+8
09:20:57.973 [JavaFX Application Thread] DEBUG Input                - Registered new binding: Dev Options - 1
09:20:57.973 [JavaFX Application Thread] DEBUG Input                - Registered new binding: Dev Console - 2
09:20:57.974 [JavaFX Application Thread] DEBUG Input                - Registered new binding: System info dump - CTRL+9
09:20:57.976 [JavaFX Application Thread] DEBUG Input                - Registered new binding: Restart - CTRL+R
09:20:57.976 [JavaFX Application Thread] DEBUG Input                - Registered new binding: Toggle Debug Camera - CTRL+7
09:20:58.002 [JavaFX Application Thread] DEBUG LoopRunner           - Starting loop
09:20:58.054 [JavaFX Application Thread] DEBUG LoopRunner           - Initializing JavaFX AnimationTimerLoop
09:20:58.056 [JavaFX Application Thread] DEBUG GameApplicationServi - Starting new game
09:20:58.056 [JavaFX Application Thread] DEBUG Input                - Clearing active input actions
09:20:58.082 [JavaFX Application Thread] DEBUG GameApplicationServi - Removing overlay from FXGLStartupScene and adding to MainLoadingScene
09:20:58.088 [JavaFX Application Thread] DEBUG PrimaryStageWindow   - FXGLStartupScene -> MainLoadingScene
09:20:58.088 [JavaFX Application Thread] DEBUG GameApplicationServi - Clearing previous game
09:20:58.088 [JavaFX Application Thread] DEBUG GameScene            - Clearing game scene
09:20:58.088 [JavaFX Application Thread] DEBUG GameWorld            - Clearing game world
09:20:58.088 [JavaFX Application Thread] DEBUG PhysicsWorld         - Clearing physics world
09:20:58.090 [JavaFX Application Thread] DEBUG FXGLApplication      - Registering font factories with UI factory
09:20:58.090 [FXGL Background Thread 4 ] DEBUG FXGLApplication      - Initializing game
09:20:58.095 [FXGL Background Thread 4 ] INFO  FXGLApplication      - Game initialization took: 0.005 sec
09:20:58.451 [JavaFX Application Thread] DEBUG Input                - Clearing active input actions
09:20:58.461 [JavaFX Application Thread] DEBUG GameApplicationServi - Removing overlay from MainLoadingScene and adding to GameScene
09:20:58.470 [JavaFX Application Thread] DEBUG PrimaryStageWindow   - MainLoadingScene -> GameScene
09:20:58.668 [FXGL Background Thread 2 ] INFO  UpdaterService       - Your current version:  17.3
09:20:58.668 [FXGL Background Thread 2 ] INFO  UpdaterService       - Latest stable version: 21.1
09:20:59.160 [JavaFX Application Thread] DEBUG PrimaryStageWindow   - Push state: DialogSubScene
09:20:59.160 [JavaFX Application Thread] DEBUG Input                - Clearing active input actions
09:20:59.161 [JavaFX Application Thread] DEBUG GameApplicationServi - Removing overlay from GameScene and adding to DialogSubScene
09:20:59.164 [JavaFX Application Thread] DEBUG PrimaryStageWindow   - GameScene -> DialogSubScene
09:21:00.678 [FXGL Background Thread 3 ] DEBUG Engine               - Logging environment variables
09:21:00.679 [FXGL Background Thread 3 ] DEBUG Engine               - achievements: []
09:21:00.679 [FXGL Background Thread 3 ] DEBUG Engine               - actualHeight: 720.0
09:21:00.679 [FXGL Background Thread 3 ] DEBUG Engine               - actualHeightProperty: ReadOnlyDoubleProperty [value: 720.0]
09:21:00.679 [FXGL Background Thread 3 ] DEBUG Engine               - actualWidth: 1280.0
09:21:00.679 [FXGL Background Thread 3 ] DEBUG Engine               - actualWidthProperty: ReadOnlyDoubleProperty [value: 1280.0]
09:21:00.679 [FXGL Background Thread 3 ] DEBUG Engine               - appIcon: fxgl_icon.png
09:21:00.679 [FXGL Background Thread 3 ] DEBUG Engine               - applicationMode: DEVELOPER
09:21:00.679 [FXGL Background Thread 3 ] DEBUG Engine               - cSSList: [fxgl_dark.css]
09:21:00.681 [FXGL Background Thread 3 ] DEBUG Engine               - collisionDetectionStrategy: BRUTE_FORCE
09:21:00.681 [FXGL Background Thread 3 ] DEBUG Engine               - configClass: Optional.empty
09:21:00.682 [FXGL Background Thread 3 ] DEBUG Engine               - credits: []
09:21:00.684 [FXGL Background Thread 3 ] DEBUG Engine               - defaultCursor: CursorInfo(imageName=fxgl_default_cursor.png, hotspotX=7.0, hotspotY=6.0)
09:21:00.685 [FXGL Background Thread 3 ] DEBUG Engine               - devBBoxColorProperty: ObjectProperty [value: 0xff0000ff]
09:21:00.685 [FXGL Background Thread 3 ] DEBUG Engine               - devEnableDebugCameraProperty: BooleanProperty [value: false]
09:21:00.686 [FXGL Background Thread 3 ] DEBUG Engine               - devSensorColorProperty: ObjectProperty [value: 0xffff00ff]
09:21:00.686 [FXGL Background Thread 3 ] DEBUG Engine               - devShowBBoxProperty: BooleanProperty [value: false]
09:21:00.686 [FXGL Background Thread 3 ] DEBUG Engine               - devShowPositionProperty: BooleanProperty [value: false]
09:21:00.686 [FXGL Background Thread 3 ] DEBUG Engine               - enabledMenuItems: []
09:21:00.686 [FXGL Background Thread 3 ] DEBUG Engine               - engineServices: [class com.almasb.fxgl.app.services.FXGLAssetLoaderService, class com.almasb.fxgl.app.FXGLApplication$GameApplicationService, class com.almasb.fxgl.app.services.FXGLDialogService, class com.almasb.fxgl.app.services.IOTaskExecutorService, class com.almasb.fxgl.io.FileSystemService, class com.almasb.fxgl.localization.LocalizationService, class com.almasb.fxgl.app.services.SystemBundleService, class com.almasb.fxgl.profile.SaveLoadService, class com.almasb.fxgl.ui.FXGLUIFactoryServiceProvider, class com.almasb.fxgl.ui.FXGLDialogFactoryServiceProvider, class com.almasb.fxgl.audio.AudioPlayer, class com.almasb.fxgl.notification.impl.NotificationServiceProvider, class com.almasb.fxgl.achievement.AchievementService, class com.almasb.fxgl.cutscene.CutsceneService, class com.almasb.fxgl.minigames.MiniGameService, class com.almasb.fxgl.net.NetService, class com.almasb.fxgl.app.services.UpdaterService, class com.almasb.fxgl.dev.DevService, class com.almasb.fxgl.multiplayer.MultiplayerService]
09:21:00.686 [FXGL Background Thread 3 ] DEBUG Engine               - fontGame: Abel-Regular.ttf
09:21:00.687 [FXGL Background Thread 3 ] DEBUG Engine               - fontMono: TerminalLandMono-Regular.otf
09:21:00.687 [FXGL Background Thread 3 ] DEBUG Engine               - fontSizeScaleUI: 1.0
09:21:00.688 [FXGL Background Thread 3 ] DEBUG Engine               - fontText: Courier-Prime.ttf
09:21:00.689 [FXGL Background Thread 3 ] DEBUG Engine               - fontUI: VarelaRound-Regular.ttf
09:21:00.689 [FXGL Background Thread 3 ] DEBUG Engine               - fullScreen: BooleanProperty [value: false]
09:21:00.689 [FXGL Background Thread 3 ] DEBUG Engine               - gameDifficulty: MEDIUM
09:21:00.689 [FXGL Background Thread 3 ] DEBUG Engine               - gameDifficultyProperty: ObjectProperty [value: MEDIUM]
09:21:00.689 [FXGL Background Thread 3 ] DEBUG Engine               - globalMusicVolume: 0.5
09:21:00.689 [FXGL Background Thread 3 ] DEBUG Engine               - globalMusicVolumeProperty: DoubleProperty [value: 0.25]
09:21:00.689 [FXGL Background Thread 3 ] DEBUG Engine               - globalSoundVolume: 0.5
09:21:00.690 [FXGL Background Thread 3 ] DEBUG Engine               - globalSoundVolumeProperty: DoubleProperty [value: 0.5]
09:21:00.690 [FXGL Background Thread 3 ] DEBUG Engine               - height: 720
09:21:00.690 [FXGL Background Thread 3 ] DEBUG Engine               - is3D: false
09:21:00.690 [FXGL Background Thread 3 ] DEBUG Engine               - isAndroid: false
09:21:00.690 [FXGL Background Thread 3 ] DEBUG Engine               - isBrowser: false
09:21:00.690 [FXGL Background Thread 3 ] DEBUG Engine               - isClickFeedbackEnabled: false
09:21:00.691 [FXGL Background Thread 3 ] DEBUG Engine               - isCloseConfirmation: false
09:21:00.692 [FXGL Background Thread 3 ] DEBUG Engine               - isDesktop: true
09:21:00.692 [FXGL Background Thread 3 ] DEBUG Engine               - isDeveloperMenuEnabled: true
09:21:00.696 [FXGL Background Thread 3 ] DEBUG Engine               - isEmbedded: false
09:21:00.696 [FXGL Background Thread 3 ] DEBUG Engine               - isEntityPreloadEnabled: true
09:21:00.696 [FXGL Background Thread 3 ] DEBUG Engine               - isExperimentalTiledLargeMap: false
09:21:00.700 [FXGL Background Thread 3 ] DEBUG Engine               - isFileSystemWriteAllowed: true
09:21:00.700 [FXGL Background Thread 3 ] DEBUG Engine               - isFullScreenAllowed: false
09:21:00.700 [FXGL Background Thread 3 ] DEBUG Engine               - isFullScreenFromStart: false
09:21:00.700 [FXGL Background Thread 3 ] DEBUG Engine               - isGameMenuEnabled: true
09:21:00.702 [FXGL Background Thread 3 ] DEBUG Engine               - isIOS: false
09:21:00.702 [FXGL Background Thread 3 ] DEBUG Engine               - isIntroEnabled: false
09:21:00.703 [FXGL Background Thread 3 ] DEBUG Engine               - isLinux: false
09:21:00.703 [FXGL Background Thread 3 ] DEBUG Engine               - isMac: false
09:21:00.703 [FXGL Background Thread 3 ] DEBUG Engine               - isMainMenuEnabled: false
09:21:00.703 [FXGL Background Thread 3 ] DEBUG Engine               - isManualResizeEnabled: false
09:21:00.703 [FXGL Background Thread 3 ] DEBUG Engine               - isMobile: false
09:21:00.703 [FXGL Background Thread 3 ] DEBUG Engine               - isNative: false
09:21:00.703 [FXGL Background Thread 3 ] DEBUG Engine               - isPauseMusicWhenMinimized: true
09:21:00.703 [FXGL Background Thread 3 ] DEBUG Engine               - isPreserveResizeRatio: false
09:21:00.703 [FXGL Background Thread 3 ] DEBUG Engine               - isProfilingEnabled: false
09:21:00.703 [FXGL Background Thread 3 ] DEBUG Engine               - isScaleAffectedOnResize: true
09:21:00.703 [FXGL Background Thread 3 ] DEBUG Engine               - isSingleStep: false
09:21:00.703 [FXGL Background Thread 3 ] DEBUG Engine               - isUserProfileEnabled: false
09:21:00.703 [FXGL Background Thread 3 ] DEBUG Engine               - isWindows: true
09:21:00.704 [FXGL Background Thread 3 ] DEBUG Engine               - language: ObjectProperty [value: ENGLISH]
09:21:00.704 [FXGL Background Thread 3 ] DEBUG Engine               - menuKey: ESCAPE
09:21:00.704 [FXGL Background Thread 3 ] DEBUG Engine               - mouseSensitivity: 0.2
09:21:00.704 [FXGL Background Thread 3 ] DEBUG Engine               - notificationViewClass: class com.almasb.fxgl.notification.view.XboxNotificationView
09:21:00.704 [FXGL Background Thread 3 ] DEBUG Engine               - pixelsPerMeter: 50.0
09:21:00.704 [FXGL Background Thread 3 ] DEBUG Engine               - platform: WINDOWS
09:21:00.707 [FXGL Background Thread 3 ] DEBUG Engine               - prefHeightProperty: ReadOnlyDoubleProperty [value: 720.0]
09:21:00.707 [FXGL Background Thread 3 ] DEBUG Engine               - prefWidthProperty: ReadOnlyDoubleProperty [value: 1280.0]
09:21:00.707 [FXGL Background Thread 3 ] DEBUG Engine               - profileDir: profiles/
09:21:00.707 [FXGL Background Thread 3 ] DEBUG Engine               - profileName: StringProperty [value: DEFAULT]
09:21:00.707 [FXGL Background Thread 3 ] DEBUG Engine               - randomSeed: -1
09:21:00.708 [FXGL Background Thread 3 ] DEBUG Engine               - runtimeInfo: RuntimeInfo(platform=WINDOWS, version=17.3, build=30.03.2023 11.49)
09:21:00.709 [FXGL Background Thread 3 ] DEBUG Engine               - saveFileExt: sav
09:21:00.709 [FXGL Background Thread 3 ] DEBUG Engine               - scaledHeightProp$fxgl: DoubleProperty [bound, value: 720.0]
09:21:00.709 [FXGL Background Thread 3 ] DEBUG Engine               - scaledWidthProp$fxgl: DoubleProperty [bound, value: 1280.0]
09:21:00.709 [FXGL Background Thread 3 ] DEBUG Engine               - sceneFactory: com.example.rpgplatform.RPGPlatform$1@29df68fd
09:21:00.709 [FXGL Background Thread 3 ] DEBUG Engine               - secondsIn24h: 60
09:21:00.709 [FXGL Background Thread 3 ] DEBUG Engine               - soundMenuBack: menu/back.wav
09:21:00.709 [FXGL Background Thread 3 ] DEBUG Engine               - soundMenuPress: menu/press.wav
09:21:00.709 [FXGL Background Thread 3 ] DEBUG Engine               - soundMenuSelect: menu/select.wav
09:21:00.713 [FXGL Background Thread 3 ] DEBUG Engine               - soundNotification: core/notification.wav
09:21:00.713 [FXGL Background Thread 3 ] DEBUG Engine               - stageStyle: DECORATED
09:21:00.713 [FXGL Background Thread 3 ] DEBUG Engine               - supportedLanguages: [ENGLISH, FRENCH, GERMAN, HUNGARIAN, RUSSIAN]
09:21:00.713 [FXGL Background Thread 3 ] DEBUG Engine               - ticksPerSecond: -1
09:21:00.713 [FXGL Background Thread 3 ] DEBUG Engine               - title: Flat Former Game
09:21:00.713 [FXGL Background Thread 3 ] DEBUG Engine               - urlGithub: https://github.com/AlmasB/FXGL
09:21:00.713 [FXGL Background Thread 3 ] DEBUG Engine               - urlLeaderboard: http://fxgl-top.herokuapp.com/
09:21:00.716 [FXGL Background Thread 3 ] DEBUG Engine               - urlPOM: https://raw.githubusercontent.com/AlmasB/FXGL/release/README.md
09:21:00.716 [FXGL Background Thread 3 ] DEBUG Engine               - userAppClass: class com.example.rpgplatform.RPGPlatform
09:21:00.716 [FXGL Background Thread 3 ] DEBUG Engine               - version: 0.0
09:21:00.716 [FXGL Background Thread 3 ] DEBUG Engine               - versionCheckDays: 7
09:21:00.716 [FXGL Background Thread 3 ] DEBUG Engine               - width: 1280
09:21:00.716 [FXGL Background Thread 3 ] DEBUG Engine               - Logging services
09:21:00.716 [FXGL Background Thread 3 ] DEBUG Engine               - class com.almasb.fxgl.app.services.FXGLAssetLoaderService
09:21:00.716 [FXGL Background Thread 3 ] DEBUG Engine               - class com.almasb.fxgl.app.FXGLApplication$GameApplicationService
09:21:00.716 [FXGL Background Thread 3 ] DEBUG Engine               - class com.almasb.fxgl.app.services.FXGLDialogService
09:21:00.716 [FXGL Background Thread 3 ] DEBUG Engine               - class com.almasb.fxgl.app.services.IOTaskExecutorService
09:21:00.716 [FXGL Background Thread 3 ] DEBUG Engine               - class com.almasb.fxgl.io.FileSystemService
09:21:00.716 [FXGL Background Thread 3 ] DEBUG Engine               - class com.almasb.fxgl.localization.LocalizationService
09:21:00.717 [FXGL Background Thread 3 ] DEBUG Engine               - class com.almasb.fxgl.app.services.SystemBundleService
09:21:00.717 [FXGL Background Thread 3 ] DEBUG Engine               - class com.almasb.fxgl.profile.SaveLoadService
09:21:00.717 [FXGL Background Thread 3 ] DEBUG Engine               - class com.almasb.fxgl.ui.FXGLUIFactoryServiceProvider
09:21:00.717 [FXGL Background Thread 3 ] DEBUG Engine               - class com.almasb.fxgl.ui.FXGLDialogFactoryServiceProvider
09:21:00.717 [FXGL Background Thread 3 ] DEBUG Engine               - class com.almasb.fxgl.audio.AudioPlayer
09:21:00.717 [FXGL Background Thread 3 ] DEBUG Engine               - class com.almasb.fxgl.notification.impl.NotificationServiceProvider
09:21:00.717 [FXGL Background Thread 3 ] DEBUG Engine               - class com.almasb.fxgl.achievement.AchievementService
09:21:00.717 [FXGL Background Thread 3 ] DEBUG Engine               - class com.almasb.fxgl.cutscene.CutsceneService
09:21:00.717 [FXGL Background Thread 3 ] DEBUG Engine               - class com.almasb.fxgl.minigames.MiniGameService
09:21:00.717 [FXGL Background Thread 3 ] DEBUG Engine               - class com.almasb.fxgl.net.NetService
09:21:00.717 [FXGL Background Thread 3 ] DEBUG Engine               - class com.almasb.fxgl.app.services.UpdaterService
09:21:00.717 [FXGL Background Thread 3 ] DEBUG Engine               - class com.almasb.fxgl.dev.DevService
09:21:00.717 [FXGL Background Thread 3 ] DEBUG Engine               - class com.almasb.fxgl.multiplayer.MultiplayerService
09:21:05.739 [JavaFX Application Thread] DEBUG PrimaryStageWindow   - Pop state: DialogSubScene
09:21:05.739 [JavaFX Application Thread] DEBUG Input                - Clearing active input actions
09:21:05.740 [JavaFX Application Thread] DEBUG GameApplicationServi - Removing overlay from DialogSubScene and adding to GameScene
09:21:05.741 [JavaFX Application Thread] DEBUG PrimaryStageWindow   - GameScene <- DialogSubScene
09:21:05.759 [ClientAsyncConnThread    ] DEBUG Endpoint             - Opening UDP connection (1)
09:21:05.760 [ClientAsyncConnThread    ] DEBUG Endpoint             - UDPClient successfully opened connection (1)
09:21:05.765 [UDPClient_RecvThread-1   ] DEBUG Readers              - Getting UDPMessageReader for class com.almasb.fxgl.core.serialization.Bundle
09:21:05.765 [UDPClient_RecvThread-1   ] DEBUG Readers              - Constructed UDPMessageReader for class com.almasb.fxgl.core.serialization.Bundle: BundleUDPMessageReader
09:21:05.909 [JavaFX Application Thread] DEBUG FXGLAssetLoaderServi - Loading from file system: file:/C:/Users/User/IdeaProjects/RPGPlatform/target/classes/assets/textures/WarriorHigh_Jump.png
09:21:05.915 [JavaFX Application Thread] DEBUG FXGLAssetLoaderServi - Loading from file system: file:/C:/Users/User/IdeaProjects/RPGPlatform/target/classes/assets/textures/WarriorWalk.png
09:21:05.919 [JavaFX Application Thread] DEBUG FXGLAssetLoaderServi - Loading from file system: file:/C:/Users/User/IdeaProjects/RPGPlatform/target/classes/assets/textures/WarriorAttack.png
09:21:05.923 [JavaFX Application Thread] DEBUG FXGLAssetLoaderServi - Loading from file system: file:/C:/Users/User/IdeaProjects/RPGPlatform/target/classes/assets/textures/WarriorSpecialAttack.png
09:21:05.953 [JavaFX Application Thread] DEBUG FXGLAssetLoaderServi - Loading from file system: file:/C:/Users/User/IdeaProjects/RPGPlatform/target/classes/assets/textures/background/windrise-background.png
09:21:08.775 [JavaFX Application Thread] DEBUG LoopRunner           - Stopping loop
09:21:08.776 [JavaFX Application Thread] FATAL FXGLApplication      - Uncaught Exception:
java.lang.NullPointerException: Cannot invoke "com.almasb.fxgl.entity.Entity.getComponent(java.lang.Class)" because "com.example.rpgplatform.RPGPlatform.player1" is null
	at RPGPLATFORM.main/com.example.rpgplatform.RPGPlatform$3.onAction(RPGPlatform.java:85)
	at com.almasb.fxgl.core@17.3/com.almasb.fxgl.input.UserAction.action$fxgl_core(UserAction.kt:38)
	at com.almasb.fxgl.core@17.3/com.almasb.fxgl.input.Input.update(Input.kt:288)
	at com.almasb.fxgl.scene@17.3/com.almasb.fxgl.scene.Scene.update(Scene.kt:103)
	at com.almasb.fxgl.all@17.3/com.almasb.fxgl.app.MainWindow$update$1.invoke(MainWindow.kt:115)
	at com.almasb.fxgl.all@17.3/com.almasb.fxgl.app.MainWindow$update$1.invoke(MainWindow.kt:115)
	at com.almasb.fxgl.core@17.3/com.almasb.fxgl.core.fsm.StateMachine.runOnActiveStates(StateMachine.kt:69)
	at com.almasb.fxgl.all@17.3/com.almasb.fxgl.app.MainWindow.update(MainWindow.kt:115)
	at com.almasb.fxgl.all@17.3/com.almasb.fxgl.app.FXGLApplication$GameApplicationService.onUpdate(FXGLApplication.kt:426)
	at com.almasb.fxgl.all@17.3/com.almasb.fxgl.app.Engine.loop(Engine.kt:134)
	at com.almasb.fxgl.all@17.3/com.almasb.fxgl.app.Engine.access$loop(Engine.kt:24)
	at com.almasb.fxgl.all@17.3/com.almasb.fxgl.app.Engine$loop$1.invoke(Engine.kt:28)
	at com.almasb.fxgl.all@17.3/com.almasb.fxgl.app.Engine$loop$1.invoke(Engine.kt:28)
	at com.almasb.fxgl.all@17.3/com.almasb.fxgl.app.LoopRunner.frame(LoopRunner.kt:103)
	at com.almasb.fxgl.all@17.3/com.almasb.fxgl.app.LoopRunner.access$frame(LoopRunner.kt:23)
	at com.almasb.fxgl.all@17.3/com.almasb.fxgl.app.LoopRunner$impl$2$1.onTick(LoopRunner.kt:57)
	at com.almasb.fxgl.all@17.3/com.almasb.fxgl.app.AnimationTimerLoop$timer$1.handle(LoopRunner.kt:137)
	at javafx.graphics@21/javafx.animation.AnimationTimer$AnimationTimerReceiver.lambda$handle$0(AnimationTimer.java:58)
	at java.base/java.security.AccessController.doPrivileged(AccessController.java:400)
	at javafx.graphics@21/javafx.animation.AnimationTimer$AnimationTimerReceiver.handle(AnimationTimer.java:57)
	at javafx.graphics@21/com.sun.scenario.animation.AbstractPrimaryTimer.timePulseImpl(AbstractPrimaryTimer.java:356)
	at javafx.graphics@21/com.sun.scenario.animation.AbstractPrimaryTimer$MainLoop.run(AbstractPrimaryTimer.java:266)
	at javafx.graphics@21/com.sun.javafx.tk.quantum.QuantumToolkit.pulse(QuantumToolkit.java:588)
	at javafx.graphics@21/com.sun.javafx.tk.quantum.QuantumToolkit.pulse(QuantumToolkit.java:572)
	at javafx.graphics@21/com.sun.javafx.tk.quantum.QuantumToolkit.pulseFromQueue(QuantumToolkit.java:565)
	at javafx.graphics@21/com.sun.javafx.tk.quantum.QuantumToolkit.lambda$runToolkit$11(QuantumToolkit.java:352)
	at javafx.graphics@21/com.sun.glass.ui.InvokeLaterDispatcher$Future.run(InvokeLaterDispatcher.java:95)
	at javafx.graphics@21/com.sun.glass.ui.win.WinApplication._runLoop(Native Method)
	at javafx.graphics@21/com.sun.glass.ui.win.WinApplication.lambda$runLoop$3(WinApplication.java:185)
	at java.base/java.lang.Thread.run(Thread.java:1583)

09:21:08.776 [JavaFX Application Thread] FATAL FXGLApplication      - Application will now exit
09:21:08.781 [JavaFX Application Thread] DEBUG PrimaryStageWindow   - Push state: ErrorSubScene
09:21:08.781 [JavaFX Application Thread] DEBUG Input                - Clearing active input actions
09:21:39.621 [JavaFX Application Thread] DEBUG FXGLApplication      - Exiting FXGL
09:21:39.621 [JavaFX Application Thread] DEBUG Async                - Shutting down background threads
09:21:39.622 [JavaFX Application Thread] DEBUG PrimaryStageWindow   - Closing main window
09:21:39.631 [JavaFX Application Thread] DEBUG Logger               - Closing Logger
