10:09:07.847 [main                     ] DEBUG Logger               - Configured Logger
10:09:07.873 [main                     ] DEBUG GameApplication      - Logging settings
Title: Flat Former
 Ge Mu
Version: 0.0
Width: 1080
Height: 720
Fullscreen: false
Intro: false
Profiling: false
Single step:false
App Mode: DEVELOPER
Menu Key: ESCAPE
Stage Style: DECORATED
Scene Factory: class com.example.rpgplatform.RPGPlatform$1

10:09:08.268 [JavaFX Application Thread] DEBUG FXGLApplication      - Initializing FXGL
10:09:08.273 [JavaFX Application Thread] INFO  Engine               - FXGL-17.3 (30.03.2023 11.49) on WINDOWS (J:21.0.2 FX:21)
10:09:08.274 [JavaFX Application Thread] DEBUG Engine               - JRE Vendor Name: Oracle Corporation
10:09:08.274 [JavaFX Application Thread] DEBUG Engine               - Running on OS: Windows 10 version 10.0
10:09:08.274 [JavaFX Application Thread] DEBUG Engine               - Architecture: amd64
10:09:08.274 [JavaFX Application Thread] INFO  Engine               - Source code and latest versions at: https://github.com/AlmasB/FXGL
10:09:08.275 [JavaFX Application Thread] INFO  Engine               -       Ask questions and discuss at: https://github.com/AlmasB/FXGL/discussions
10:09:08.275 [JavaFX Application Thread] INFO  Engine               -              Join the FXGL chat at: https://gitter.im/AlmasB/FXGL
10:09:08.381 [JavaFX Application Thread] DEBUG PrimaryStageWindow   - Creating a JavaFX scene
10:09:08.434 [JavaFX Application Thread] DEBUG PrimaryStageWindow   - Target settings size: 1080.0 x 720.0
10:09:08.435 [JavaFX Application Thread] DEBUG PrimaryStageWindow   - Scaled scene size:    1080.0 x 720.0
10:09:08.435 [JavaFX Application Thread] DEBUG PrimaryStageWindow   - Scaled ratio: (1.0, 1.0)
10:09:08.436 [JavaFX Application Thread] DEBUG PrimaryStageWindow   - Set initial scene to FXGLStartupScene
10:09:08.441 [JavaFX Application Thread] DEBUG PrimaryStageWindow   - Opening main window
10:09:08.538 [JavaFX Application Thread] DEBUG PrimaryStageWindow   - Window border size: (16.0, 39.0)
10:09:08.538 [JavaFX Application Thread] DEBUG PrimaryStageWindow   - Scaled size: 1080.0 x 720.0
10:09:08.538 [JavaFX Application Thread] DEBUG PrimaryStageWindow   - Scaled ratio: (1.0, 1.0)
10:09:08.539 [JavaFX Application Thread] DEBUG PrimaryStageWindow   - Scene size: 1080.0 x 720.0
10:09:08.539 [JavaFX Application Thread] DEBUG PrimaryStageWindow   - Stage size: 1096.0 x 759.0
10:09:08.546 [FXGL Background Thread 1 ] DEBUG Engine               - Initializing environment variables
10:09:08.616 [FXGL Background Thread 1 ] DEBUG FXGLAssetLoaderServi - User app class for loading assets: class com.example.rpgplatform.RPGPlatform
10:09:08.616 [FXGL Background Thread 1 ] DEBUG GameApplicationServi - Applying CSS: fxgl_dark.css
10:09:08.617 [FXGL Background Thread 1 ] DEBUG FXGLAssetLoaderServi - Loading from file system: jar:file:///C:/Users/User/.m2/repository/com/github/almasb/fxgl/17.3/fxgl-17.3.jar!/fxglassets/ui/css/fxgl_dark.css
10:09:08.676 [FXGL Background Thread 1 ] DEBUG GameApplicationServi - Initializing application scenes
10:09:08.761 [FXGL Background Thread 1 ] DEBUG GameWorld            - Game world initialized
10:09:08.819 [FXGL Background Thread 1 ] DEBUG PhysicsWorld         - Physics world initialized: appHeight=720, physics.ppm=50.0
10:09:08.819 [FXGL Background Thread 1 ] DEBUG PhysicsWorld         - Using strategy: BRUTE_FORCE
10:09:08.823 [FXGL Background Thread 1 ] DEBUG GameScene            - Game scene initialized: 1080x720
10:09:08.899 [FXGL Background Thread 1 ] DEBUG GameApplicationServi - Application scenes initialized
10:09:08.913 [FXGL Background Thread 1 ] DEBUG SystemBundleService  - Loading FXGL system data
10:09:08.917 [FXGL Background Thread 1 ] DEBUG FileSystemAccess     - Reading from: C:\Users\User\IdeaProjects\RPGPlatform\system\fxgl.bundle
10:09:08.928 [FXGL Background Thread 1 ] DEBUG SystemBundleService  - Bundle FXGL: {}
10:09:08.928 [FXGL Background Thread 1 ] DEBUG UpdaterService       - Checking for updates
10:09:08.962 [FXGL Background Thread 1 ] DEBUG FXGLApplication      - Loading default localization
10:09:08.963 [FXGL Background Thread 1 ] DEBUG FXGLAssetLoaderServi - Loading from file system: jar:file:///C:/Users/User/.m2/repository/com/github/almasb/fxgl/17.3/fxgl-17.3.jar!/fxglassets/languages/english.lang
10:09:08.980 [FXGL Background Thread 1 ] INFO  FXGLApplication      - FXGL initialization took: 0.433 sec
10:09:08.981 [JavaFX Application Thread] DEBUG FXGLAssetLoaderServi - Loading from file system: file:/C:/Users/User/IdeaProjects/RPGPlatform/target/classes/assets/music/BGM_dash_runner.wav
10:09:08.989 [FXGL Background Thread 4 ] DEBUG FXGLApplication      - Loading fonts
10:09:08.989 [FXGL Background Thread 4 ] DEBUG FXGLAssetLoaderServi - Loading from file system: jar:file:///C:/Users/User/.m2/repository/com/github/almasb/fxgl/17.3/fxgl-17.3.jar!/fxglassets/ui/fonts/VarelaRound-Regular.ttf
10:09:09.033 [FXGL Background Thread 4 ] DEBUG FXGLAssetLoaderServi - Loading from file system: jar:file:///C:/Users/User/.m2/repository/com/github/almasb/fxgl/17.3/fxgl-17.3.jar!/fxglassets/ui/fonts/Abel-Regular.ttf
10:09:09.073 [FXGL Background Thread 4 ] DEBUG FXGLAssetLoaderServi - Loading from file system: jar:file:///C:/Users/User/.m2/repository/com/github/almasb/fxgl/17.3/fxgl-17.3.jar!/fxglassets/ui/fonts/TerminalLandMono-Regular.otf
10:09:09.079 [FXGL Background Thread 4 ] DEBUG FXGLAssetLoaderServi - Loading from file system: jar:file:///C:/Users/User/.m2/repository/com/github/almasb/fxgl/17.3/fxgl-17.3.jar!/fxglassets/ui/fonts/Courier-Prime.ttf
10:09:09.217 [JavaFX Application Thread] DEBUG AudioPlayer          - Playing music com.almasb.fxgl.audio.Music@6996e0bc
10:09:09.218 [JavaFX Application Thread] DEBUG FXGLAssetLoaderServi - Loading from file system: jar:file:///C:/Users/User/.m2/repository/com/github/almasb/fxgl/17.3/fxgl-17.3.jar!/fxglassets/textures/fxgl_icon.png
10:09:09.243 [JavaFX Application Thread] DEBUG FXGLAssetLoaderServi - Loading from file system: jar:file:///C:/Users/User/.m2/repository/com/github/almasb/fxgl/17.3/fxgl-17.3.jar!/fxglassets/textures/fxgl_default_cursor.png
10:09:09.254 [JavaFX Application Thread] DEBUG Input                - Registered new binding: Screenshot - CTRL+8
10:09:09.254 [JavaFX Application Thread] DEBUG Input                - Registered new binding: Dev Options - 1
10:09:09.254 [JavaFX Application Thread] DEBUG Input                - Registered new binding: Dev Console - 2
10:09:09.255 [JavaFX Application Thread] DEBUG Input                - Registered new binding: System info dump - CTRL+9
10:09:09.255 [JavaFX Application Thread] DEBUG Input                - Registered new binding: Restart - CTRL+R
10:09:09.256 [JavaFX Application Thread] DEBUG Input                - Registered new binding: Toggle Debug Camera - CTRL+7
10:09:09.260 [JavaFX Application Thread] DEBUG LoopRunner           - Starting loop
10:09:09.275 [JavaFX Application Thread] DEBUG LoopRunner           - Initializing JavaFX AnimationTimerLoop
10:09:09.276 [JavaFX Application Thread] DEBUG GameApplicationServi - Starting new game
10:09:09.277 [JavaFX Application Thread] DEBUG Input                - Clearing active input actions
10:09:09.327 [JavaFX Application Thread] DEBUG GameApplicationServi - Removing overlay from FXGLStartupScene and adding to FXGLLoadingScene
10:09:09.330 [JavaFX Application Thread] DEBUG PrimaryStageWindow   - FXGLStartupScene -> FXGLLoadingScene
10:09:09.330 [JavaFX Application Thread] DEBUG GameApplicationServi - Clearing previous game
10:09:09.330 [JavaFX Application Thread] DEBUG GameScene            - Clearing game scene
10:09:09.330 [JavaFX Application Thread] DEBUG GameWorld            - Clearing game world
10:09:09.330 [JavaFX Application Thread] DEBUG PhysicsWorld         - Clearing physics world
10:09:09.332 [FXGL Background Thread 4 ] DEBUG FXGLApplication      - Initializing game
10:09:09.332 [JavaFX Application Thread] DEBUG FXGLApplication      - Registering font factories with UI factory
10:09:09.403 [FXGL Background Thread 4 ] DEBUG TMXLevelLoader       - Parsed TiledMap: file:/C:/Users/User/IdeaProjects/RPGPlatform/target/classes/assets/levels/tmx/level1.tmx
10:09:09.404 [FXGL Background Thread 4 ] DEBUG TMXLevelLoader       - Creating tile layer entities
10:09:09.406 [FXGL Background Thread 4 ] DEBUG TilesetLoader        - Loading view for layer Tile Layer 1
10:09:09.408 [FXGL Background Thread 4 ] DEBUG TilesetLoader        - Created buffer with size 1050.0x700.0
10:09:09.455 [FXGL Background Thread 4 ] DEBUG TMXLevelLoader       - Creating object layer entities
10:09:09.482 [FXGL Background Thread 4 ] DEBUG GameWorld            - Clearing removable entities
10:09:09.482 [FXGL Background Thread 4 ] DEBUG GameWorld            - Setting level: com.almasb.fxgl.entity.level.Level@6726fd41
10:09:09.491 [FXGL Background Thread 4 ] DEBUG FXGLAssetLoaderServi - Loading from file system: file:/C:/Users/User/IdeaProjects/RPGPlatform/target/classes/assets/textures/WarriorIdle.png
10:09:09.497 [FXGL Background Thread 4 ] DEBUG FXGLAssetLoaderServi - Loading from file system: file:/C:/Users/User/IdeaProjects/RPGPlatform/target/classes/assets/textures/WarriorHigh_Jump.png
10:09:09.503 [FXGL Background Thread 4 ] DEBUG FXGLAssetLoaderServi - Loading from file system: file:/C:/Users/User/IdeaProjects/RPGPlatform/target/classes/assets/textures/WarriorWalk.png
10:09:09.506 [FXGL Background Thread 4 ] DEBUG FXGLAssetLoaderServi - Loading from file system: file:/C:/Users/User/IdeaProjects/RPGPlatform/target/classes/assets/textures/WarriorAttack.png
10:09:09.537 [FXGL Background Thread 4 ] DEBUG FXGLAssetLoaderServi - Loading from file system: file:/C:/Users/User/IdeaProjects/RPGPlatform/target/classes/assets/textures/WarriorSpecialAttack.png
10:09:09.607 [FXGL Background Thread 4 ] DEBUG FXGLAssetLoaderServi - Loading from file system: file:/C:/Users/User/IdeaProjects/RPGPlatform/target/classes/assets/textures/background/windrise-background.png
10:09:09.670 [FXGL Background Thread 4 ] INFO  FXGLApplication      - Game initialization took: 0.338 sec
10:09:09.673 [FXGL Background Thread 1 ] DEBUG Input                - Registered new binding: Left - A
10:09:09.674 [FXGL Background Thread 1 ] DEBUG Input                - Registered new binding: Right - D
10:09:09.674 [FXGL Background Thread 1 ] DEBUG Input                - Registered new binding: Jump - W
10:09:09.674 [FXGL Background Thread 1 ] DEBUG Input                - Registered new binding: BasicAttack - I
10:09:09.674 [FXGL Background Thread 1 ] DEBUG Input                - Registered new binding: SkillAttack - P
10:09:09.688 [JavaFX Application Thread] DEBUG Input                - Clearing active input actions
10:09:09.694 [JavaFX Application Thread] DEBUG GameApplicationServi - Removing overlay from FXGLLoadingScene and adding to GameScene
10:09:09.700 [JavaFX Application Thread] DEBUG PrimaryStageWindow   - FXGLLoadingScene -> GameScene
10:09:09.717 [FXGL Background Thread 2 ] INFO  UpdaterService       - Your current version:  17.3
10:09:09.718 [FXGL Background Thread 2 ] INFO  UpdaterService       - Latest stable version: 21.1
10:09:11.525 [JavaFX Application Thread] DEBUG PrimaryStageWindow   - Push state: GameMenu
10:09:11.525 [JavaFX Application Thread] DEBUG Input                - Clearing active input actions
10:09:11.526 [JavaFX Application Thread] DEBUG GameApplicationServi - Removing overlay from GameScene and adding to GameMenu
10:09:11.529 [JavaFX Application Thread] DEBUG PrimaryStageWindow   - GameScene -> GameMenu
10:09:11.961 [FXGL Background Thread 3 ] DEBUG Engine               - Logging environment variables
10:09:11.961 [FXGL Background Thread 3 ] DEBUG Engine               - achievements: []
10:09:11.961 [FXGL Background Thread 3 ] DEBUG Engine               - actualHeight: 720.0
10:09:11.962 [FXGL Background Thread 3 ] DEBUG Engine               - actualHeightProperty: ReadOnlyDoubleProperty [value: 720.0]
10:09:11.962 [FXGL Background Thread 3 ] DEBUG Engine               - actualWidth: 1080.0
10:09:11.962 [FXGL Background Thread 3 ] DEBUG Engine               - actualWidthProperty: ReadOnlyDoubleProperty [value: 1080.0]
10:09:11.962 [FXGL Background Thread 3 ] DEBUG Engine               - appIcon: fxgl_icon.png
10:09:11.962 [FXGL Background Thread 3 ] DEBUG Engine               - applicationMode: DEVELOPER
10:09:11.962 [FXGL Background Thread 3 ] DEBUG Engine               - cSSList: [fxgl_dark.css]
10:09:11.962 [FXGL Background Thread 3 ] DEBUG Engine               - collisionDetectionStrategy: BRUTE_FORCE
10:09:11.962 [FXGL Background Thread 3 ] DEBUG Engine               - configClass: Optional.empty
10:09:11.962 [FXGL Background Thread 3 ] DEBUG Engine               - credits: []
10:09:11.964 [FXGL Background Thread 3 ] DEBUG Engine               - defaultCursor: CursorInfo(imageName=fxgl_default_cursor.png, hotspotX=7.0, hotspotY=6.0)
10:09:11.965 [FXGL Background Thread 3 ] DEBUG Engine               - devBBoxColorProperty: ObjectProperty [value: 0xff0000ff]
10:09:11.965 [FXGL Background Thread 3 ] DEBUG Engine               - devEnableDebugCameraProperty: BooleanProperty [value: false]
10:09:11.965 [FXGL Background Thread 3 ] DEBUG Engine               - devSensorColorProperty: ObjectProperty [value: 0xffff00ff]
10:09:11.965 [FXGL Background Thread 3 ] DEBUG Engine               - devShowBBoxProperty: BooleanProperty [value: false]
10:09:11.965 [FXGL Background Thread 3 ] DEBUG Engine               - devShowPositionProperty: BooleanProperty [value: false]
10:09:11.965 [FXGL Background Thread 3 ] DEBUG Engine               - enabledMenuItems: []
10:09:11.965 [FXGL Background Thread 3 ] DEBUG Engine               - engineServices: [class com.almasb.fxgl.app.services.FXGLAssetLoaderService, class com.almasb.fxgl.app.FXGLApplication$GameApplicationService, class com.almasb.fxgl.app.services.FXGLDialogService, class com.almasb.fxgl.app.services.IOTaskExecutorService, class com.almasb.fxgl.io.FileSystemService, class com.almasb.fxgl.localization.LocalizationService, class com.almasb.fxgl.app.services.SystemBundleService, class com.almasb.fxgl.profile.SaveLoadService, class com.almasb.fxgl.ui.FXGLUIFactoryServiceProvider, class com.almasb.fxgl.ui.FXGLDialogFactoryServiceProvider, class com.almasb.fxgl.audio.AudioPlayer, class com.almasb.fxgl.notification.impl.NotificationServiceProvider, class com.almasb.fxgl.achievement.AchievementService, class com.almasb.fxgl.cutscene.CutsceneService, class com.almasb.fxgl.minigames.MiniGameService, class com.almasb.fxgl.net.NetService, class com.almasb.fxgl.app.services.UpdaterService, class com.almasb.fxgl.dev.DevService]
10:09:11.965 [FXGL Background Thread 3 ] DEBUG Engine               - fontGame: Abel-Regular.ttf
10:09:11.966 [FXGL Background Thread 3 ] DEBUG Engine               - fontMono: TerminalLandMono-Regular.otf
10:09:11.966 [FXGL Background Thread 3 ] DEBUG Engine               - fontSizeScaleUI: 1.0
10:09:11.966 [FXGL Background Thread 3 ] DEBUG Engine               - fontText: Courier-Prime.ttf
10:09:11.966 [FXGL Background Thread 3 ] DEBUG Engine               - fontUI: VarelaRound-Regular.ttf
10:09:11.966 [FXGL Background Thread 3 ] DEBUG Engine               - fullScreen: BooleanProperty [value: false]
10:09:11.966 [FXGL Background Thread 3 ] DEBUG Engine               - gameDifficulty: MEDIUM
10:09:11.966 [FXGL Background Thread 3 ] DEBUG Engine               - gameDifficultyProperty: ObjectProperty [value: MEDIUM]
10:09:11.966 [FXGL Background Thread 3 ] DEBUG Engine               - globalMusicVolume: 0.5
10:09:11.966 [FXGL Background Thread 3 ] DEBUG Engine               - globalMusicVolumeProperty: DoubleProperty [value: 0.0]
10:09:11.966 [FXGL Background Thread 3 ] DEBUG Engine               - globalSoundVolume: 0.5
10:09:11.966 [FXGL Background Thread 3 ] DEBUG Engine               - globalSoundVolumeProperty: DoubleProperty [value: 0.5]
10:09:11.967 [FXGL Background Thread 3 ] DEBUG Engine               - height: 720
10:09:11.967 [FXGL Background Thread 3 ] DEBUG Engine               - is3D: false
10:09:11.967 [FXGL Background Thread 3 ] DEBUG Engine               - isAndroid: false
10:09:11.967 [FXGL Background Thread 3 ] DEBUG Engine               - isBrowser: false
10:09:11.967 [FXGL Background Thread 3 ] DEBUG Engine               - isClickFeedbackEnabled: false
10:09:11.967 [FXGL Background Thread 3 ] DEBUG Engine               - isCloseConfirmation: false
10:09:11.967 [FXGL Background Thread 3 ] DEBUG Engine               - isDesktop: true
10:09:11.967 [FXGL Background Thread 3 ] DEBUG Engine               - isDeveloperMenuEnabled: true
10:09:11.967 [FXGL Background Thread 3 ] DEBUG Engine               - isEmbedded: false
10:09:11.967 [FXGL Background Thread 3 ] DEBUG Engine               - isEntityPreloadEnabled: true
10:09:11.968 [FXGL Background Thread 3 ] DEBUG Engine               - isExperimentalTiledLargeMap: false
10:09:11.968 [FXGL Background Thread 3 ] DEBUG Engine               - isFileSystemWriteAllowed: true
10:09:11.968 [FXGL Background Thread 3 ] DEBUG Engine               - isFullScreenAllowed: false
10:09:11.968 [FXGL Background Thread 3 ] DEBUG Engine               - isFullScreenFromStart: false
10:09:11.968 [FXGL Background Thread 3 ] DEBUG Engine               - isGameMenuEnabled: true
10:09:11.968 [FXGL Background Thread 3 ] DEBUG Engine               - isIOS: false
10:09:11.968 [FXGL Background Thread 3 ] DEBUG Engine               - isIntroEnabled: false
10:09:11.968 [FXGL Background Thread 3 ] DEBUG Engine               - isLinux: false
10:09:11.968 [FXGL Background Thread 3 ] DEBUG Engine               - isMac: false
10:09:11.968 [FXGL Background Thread 3 ] DEBUG Engine               - isMainMenuEnabled: false
10:09:11.968 [FXGL Background Thread 3 ] DEBUG Engine               - isManualResizeEnabled: false
10:09:11.968 [FXGL Background Thread 3 ] DEBUG Engine               - isMobile: false
10:09:11.968 [FXGL Background Thread 3 ] DEBUG Engine               - isNative: false
10:09:11.968 [FXGL Background Thread 3 ] DEBUG Engine               - isPauseMusicWhenMinimized: true
10:09:11.968 [FXGL Background Thread 3 ] DEBUG Engine               - isPreserveResizeRatio: false
10:09:11.968 [FXGL Background Thread 3 ] DEBUG Engine               - isProfilingEnabled: false
10:09:11.969 [FXGL Background Thread 3 ] DEBUG Engine               - isScaleAffectedOnResize: true
10:09:11.969 [FXGL Background Thread 3 ] DEBUG Engine               - isSingleStep: false
10:09:11.969 [FXGL Background Thread 3 ] DEBUG Engine               - isUserProfileEnabled: false
10:09:11.969 [FXGL Background Thread 3 ] DEBUG Engine               - isWindows: true
10:09:11.969 [FXGL Background Thread 3 ] DEBUG Engine               - language: ObjectProperty [value: ENGLISH]
10:09:11.969 [FXGL Background Thread 3 ] DEBUG Engine               - menuKey: ESCAPE
10:09:11.969 [FXGL Background Thread 3 ] DEBUG Engine               - mouseSensitivity: 0.2
10:09:11.969 [FXGL Background Thread 3 ] DEBUG Engine               - notificationViewClass: class com.almasb.fxgl.notification.view.XboxNotificationView
10:09:11.969 [FXGL Background Thread 3 ] DEBUG Engine               - pixelsPerMeter: 50.0
10:09:11.969 [FXGL Background Thread 3 ] DEBUG Engine               - platform: WINDOWS
10:09:11.969 [FXGL Background Thread 3 ] DEBUG Engine               - prefHeightProperty: ReadOnlyDoubleProperty [value: 720.0]
10:09:11.969 [FXGL Background Thread 3 ] DEBUG Engine               - prefWidthProperty: ReadOnlyDoubleProperty [value: 1080.0]
10:09:11.969 [FXGL Background Thread 3 ] DEBUG Engine               - profileDir: profiles/
10:09:11.970 [FXGL Background Thread 3 ] DEBUG Engine               - profileName: StringProperty [value: DEFAULT]
10:09:11.970 [FXGL Background Thread 3 ] DEBUG Engine               - randomSeed: -1
10:09:11.970 [FXGL Background Thread 3 ] DEBUG Engine               - runtimeInfo: RuntimeInfo(platform=WINDOWS, version=17.3, build=30.03.2023 11.49)
10:09:11.970 [FXGL Background Thread 3 ] DEBUG Engine               - saveFileExt: sav
10:09:11.970 [FXGL Background Thread 3 ] DEBUG Engine               - scaledHeightProp$fxgl: DoubleProperty [bound, value: 720.0]
10:09:11.971 [FXGL Background Thread 3 ] DEBUG Engine               - scaledWidthProp$fxgl: DoubleProperty [bound, value: 1080.0]
10:09:11.971 [FXGL Background Thread 3 ] DEBUG Engine               - sceneFactory: com.example.rpgplatform.RPGPlatform$1@105f227a
10:09:11.971 [FXGL Background Thread 3 ] DEBUG Engine               - secondsIn24h: 60
10:09:11.971 [FXGL Background Thread 3 ] DEBUG Engine               - soundMenuBack: menu/back.wav
10:09:11.971 [FXGL Background Thread 3 ] DEBUG Engine               - soundMenuPress: menu/press.wav
10:09:11.971 [FXGL Background Thread 3 ] DEBUG Engine               - soundMenuSelect: menu/select.wav
10:09:11.971 [FXGL Background Thread 3 ] DEBUG Engine               - soundNotification: core/notification.wav
10:09:11.971 [FXGL Background Thread 3 ] DEBUG Engine               - stageStyle: DECORATED
10:09:11.971 [FXGL Background Thread 3 ] DEBUG Engine               - supportedLanguages: [ENGLISH, FRENCH, GERMAN, HUNGARIAN, RUSSIAN]
10:09:11.971 [FXGL Background Thread 3 ] DEBUG Engine               - ticksPerSecond: -1
10:09:11.971 [FXGL Background Thread 3 ] DEBUG Engine               - title: Flat Former
 Ge Mu
10:09:11.971 [FXGL Background Thread 3 ] DEBUG Engine               - urlGithub: https://github.com/AlmasB/FXGL
10:09:11.971 [FXGL Background Thread 3 ] DEBUG Engine               - urlLeaderboard: http://fxgl-top.herokuapp.com/
10:09:11.971 [FXGL Background Thread 3 ] DEBUG Engine               - urlPOM: https://raw.githubusercontent.com/AlmasB/FXGL/release/README.md
10:09:11.972 [FXGL Background Thread 3 ] DEBUG Engine               - userAppClass: class com.example.rpgplatform.RPGPlatform
10:09:11.972 [FXGL Background Thread 3 ] DEBUG Engine               - version: 0.0
10:09:11.972 [FXGL Background Thread 3 ] DEBUG Engine               - versionCheckDays: 7
10:09:11.972 [FXGL Background Thread 3 ] DEBUG Engine               - width: 1080
10:09:11.972 [FXGL Background Thread 3 ] DEBUG Engine               - Logging services
10:09:11.972 [FXGL Background Thread 3 ] DEBUG Engine               - class com.almasb.fxgl.app.services.FXGLAssetLoaderService
10:09:11.972 [FXGL Background Thread 3 ] DEBUG Engine               - class com.almasb.fxgl.app.FXGLApplication$GameApplicationService
10:09:11.972 [FXGL Background Thread 3 ] DEBUG Engine               - class com.almasb.fxgl.app.services.FXGLDialogService
10:09:11.972 [FXGL Background Thread 3 ] DEBUG Engine               - class com.almasb.fxgl.app.services.IOTaskExecutorService
10:09:11.972 [FXGL Background Thread 3 ] DEBUG Engine               - class com.almasb.fxgl.io.FileSystemService
10:09:11.972 [FXGL Background Thread 3 ] DEBUG Engine               - class com.almasb.fxgl.localization.LocalizationService
10:09:11.972 [FXGL Background Thread 3 ] DEBUG Engine               - class com.almasb.fxgl.app.services.SystemBundleService
10:09:11.972 [FXGL Background Thread 3 ] DEBUG Engine               - class com.almasb.fxgl.profile.SaveLoadService
10:09:11.972 [FXGL Background Thread 3 ] DEBUG Engine               - class com.almasb.fxgl.ui.FXGLUIFactoryServiceProvider
10:09:11.972 [FXGL Background Thread 3 ] DEBUG Engine               - class com.almasb.fxgl.ui.FXGLDialogFactoryServiceProvider
10:09:11.972 [FXGL Background Thread 3 ] DEBUG Engine               - class com.almasb.fxgl.audio.AudioPlayer
10:09:11.972 [FXGL Background Thread 3 ] DEBUG Engine               - class com.almasb.fxgl.notification.impl.NotificationServiceProvider
10:09:11.972 [FXGL Background Thread 3 ] DEBUG Engine               - class com.almasb.fxgl.achievement.AchievementService
10:09:11.973 [FXGL Background Thread 3 ] DEBUG Engine               - class com.almasb.fxgl.cutscene.CutsceneService
10:09:11.973 [FXGL Background Thread 3 ] DEBUG Engine               - class com.almasb.fxgl.minigames.MiniGameService
10:09:11.973 [FXGL Background Thread 3 ] DEBUG Engine               - class com.almasb.fxgl.net.NetService
10:09:11.973 [FXGL Background Thread 3 ] DEBUG Engine               - class com.almasb.fxgl.app.services.UpdaterService
10:09:11.973 [FXGL Background Thread 3 ] DEBUG Engine               - class com.almasb.fxgl.dev.DevService
10:09:18.643 [JavaFX Application Thread] DEBUG Menu                 - fireResume()
10:09:18.643 [JavaFX Application Thread] DEBUG PrimaryStageWindow   - Pop state: GameMenu
10:09:18.644 [JavaFX Application Thread] DEBUG Input                - Clearing active input actions
10:09:18.644 [JavaFX Application Thread] DEBUG GameApplicationServi - Removing overlay from GameMenu and adding to GameScene
10:09:18.647 [JavaFX Application Thread] DEBUG PrimaryStageWindow   - GameScene <- GameMenu
10:09:19.773 [JavaFX Application Thread] DEBUG PrimaryStageWindow   - Push state: GameMenu
10:09:19.773 [JavaFX Application Thread] DEBUG Input                - Clearing active input actions
10:09:19.773 [JavaFX Application Thread] DEBUG GameApplicationServi - Removing overlay from GameScene and adding to GameMenu
10:09:19.775 [JavaFX Application Thread] DEBUG PrimaryStageWindow   - GameScene -> GameMenu
10:09:20.771 [JavaFX Application Thread] DEBUG Menu                 - fireExitToMainMenu()
10:09:20.776 [JavaFX Application Thread] DEBUG PrimaryStageWindow   - Push state: DialogSubScene
10:09:20.776 [JavaFX Application Thread] DEBUG Input                - Clearing active input actions
10:09:20.776 [JavaFX Application Thread] DEBUG GameApplicationServi - Removing overlay from GameMenu and adding to DialogSubScene
10:09:20.778 [JavaFX Application Thread] DEBUG PrimaryStageWindow   - GameMenu -> DialogSubScene
10:09:24.574 [JavaFX Application Thread] DEBUG PrimaryStageWindow   - Pop state: DialogSubScene
10:09:24.574 [JavaFX Application Thread] DEBUG Input                - Clearing active input actions
10:09:24.574 [JavaFX Application Thread] DEBUG GameApplicationServi - Removing overlay from DialogSubScene and adding to GameMenu
10:09:24.575 [JavaFX Application Thread] DEBUG PrimaryStageWindow   - GameMenu <- DialogSubScene
10:09:27.590 [JavaFX Application Thread] DEBUG PrimaryStageWindow   - Pop state: GameMenu
10:09:27.590 [JavaFX Application Thread] DEBUG Input                - Clearing active input actions
10:09:27.590 [JavaFX Application Thread] DEBUG GameApplicationServi - Removing overlay from GameMenu and adding to GameScene
10:09:27.591 [JavaFX Application Thread] DEBUG PrimaryStageWindow   - GameScene <- GameMenu
10:09:35.608 [JavaFX Application Thread] DEBUG PrimaryStageWindow   - Push state: GameMenu
10:09:35.608 [JavaFX Application Thread] DEBUG Input                - Clearing active input actions
10:09:35.609 [JavaFX Application Thread] DEBUG GameApplicationServi - Removing overlay from GameScene and adding to GameMenu
10:09:35.610 [JavaFX Application Thread] DEBUG PrimaryStageWindow   - GameScene -> GameMenu
10:09:40.983 [JavaFX Application Thread] DEBUG PrimaryStageWindow   - Pop state: GameMenu
10:09:40.983 [JavaFX Application Thread] DEBUG Input                - Clearing active input actions
10:09:40.983 [JavaFX Application Thread] DEBUG GameApplicationServi - Removing overlay from GameMenu and adding to GameScene
10:09:40.984 [JavaFX Application Thread] DEBUG PrimaryStageWindow   - GameScene <- GameMenu
10:09:47.927 [JavaFX Application Thread] DEBUG FXGLApplication      - Exiting FXGL
10:09:47.927 [JavaFX Application Thread] DEBUG LoopRunner           - Stopping loop
10:09:47.927 [JavaFX Application Thread] DEBUG SystemBundleService  - Saving FXGL system data
10:09:47.929 [JavaFX Application Thread] DEBUG FileSystemAccess     - Writing to: C:\Users\User\IdeaProjects\RPGPlatform\system\fxgl.bundle
10:09:47.932 [JavaFX Application Thread] DEBUG Async                - Shutting down background threads
10:09:47.932 [JavaFX Application Thread] DEBUG PrimaryStageWindow   - Closing main window
10:09:47.946 [JavaFX Application Thread] DEBUG Logger               - Closing Logger
