10:28:46.912 [main                     ] DEBUG Logger               - Configured Logger
10:28:46.955 [main                     ] DEBUG GameApplication      - Logging settings
Title: Flat Former
 Ge Mu
Version: 0.0
Width: 1080
Height: 720
Fullscreen: false
Intro: false
Profiling: false
Single step:false
App Mode: DEVELOPER
Menu Key: ESCAPE
Stage Style: DECORATED
Scene Factory: class com.example.rpgplatform.RPGPlatform$1

10:28:47.358 [JavaFX Application Thread] DEBUG FXGLApplication      - Initializing FXGL
10:28:47.362 [JavaFX Application Thread] INFO  Engine               - FXGL-17.3 (30.03.2023 11.49) on WINDOWS (J:21.0.2 FX:21)
10:28:47.363 [JavaFX Application Thread] DEBUG Engine               - JRE Vendor Name: Oracle Corporation
10:28:47.363 [JavaFX Application Thread] DEBUG Engine               - Running on OS: Windows 10 version 10.0
10:28:47.363 [JavaFX Application Thread] DEBUG Engine               - Architecture: amd64
10:28:47.363 [JavaFX Application Thread] INFO  Engine               - Source code and latest versions at: https://github.com/AlmasB/FXGL
10:28:47.364 [JavaFX Application Thread] INFO  Engine               -       Ask questions and discuss at: https://github.com/AlmasB/FXGL/discussions
10:28:47.364 [JavaFX Application Thread] INFO  Engine               -              Join the FXGL chat at: https://gitter.im/AlmasB/FXGL
10:28:47.475 [JavaFX Application Thread] DEBUG PrimaryStageWindow   - Creating a JavaFX scene
10:28:47.529 [JavaFX Application Thread] DEBUG PrimaryStageWindow   - Target settings size: 1080.0 x 720.0
10:28:47.529 [JavaFX Application Thread] DEBUG PrimaryStageWindow   - Scaled scene size:    1080.0 x 720.0
10:28:47.530 [JavaFX Application Thread] DEBUG PrimaryStageWindow   - Scaled ratio: (1.0, 1.0)
10:28:47.531 [JavaFX Application Thread] DEBUG PrimaryStageWindow   - Set initial scene to FXGLStartupScene
10:28:47.535 [JavaFX Application Thread] DEBUG PrimaryStageWindow   - Opening main window
10:28:47.630 [JavaFX Application Thread] DEBUG PrimaryStageWindow   - Window border size: (16.0, 39.0)
10:28:47.630 [JavaFX Application Thread] DEBUG PrimaryStageWindow   - Scaled size: 1080.0 x 720.0
10:28:47.630 [JavaFX Application Thread] DEBUG PrimaryStageWindow   - Scaled ratio: (1.0, 1.0)
10:28:47.631 [JavaFX Application Thread] DEBUG PrimaryStageWindow   - Scene size: 1080.0 x 720.0
10:28:47.631 [JavaFX Application Thread] DEBUG PrimaryStageWindow   - Stage size: 1096.0 x 759.0
10:28:47.639 [FXGL Background Thread 1 ] DEBUG Engine               - Initializing environment variables
10:28:47.698 [FXGL Background Thread 1 ] DEBUG FXGLAssetLoaderServi - User app class for loading assets: class com.example.rpgplatform.RPGPlatform
10:28:47.698 [FXGL Background Thread 1 ] DEBUG GameApplicationServi - Applying CSS: fxgl_dark.css
10:28:47.699 [FXGL Background Thread 1 ] DEBUG FXGLAssetLoaderServi - Loading from file system: jar:file:///C:/Users/User/.m2/repository/com/github/almasb/fxgl/17.3/fxgl-17.3.jar!/fxglassets/ui/css/fxgl_dark.css
10:28:47.753 [FXGL Background Thread 1 ] DEBUG GameApplicationServi - Initializing application scenes
10:28:47.839 [FXGL Background Thread 1 ] DEBUG GameWorld            - Game world initialized
10:28:47.899 [FXGL Background Thread 1 ] DEBUG PhysicsWorld         - Physics world initialized: appHeight=720, physics.ppm=50.0
10:28:47.899 [FXGL Background Thread 1 ] DEBUG PhysicsWorld         - Using strategy: BRUTE_FORCE
10:28:47.903 [FXGL Background Thread 1 ] DEBUG GameScene            - Game scene initialized: 1080x720
10:28:48.002 [FXGL Background Thread 1 ] DEBUG GameApplicationServi - Application scenes initialized
10:28:48.018 [FXGL Background Thread 1 ] DEBUG SystemBundleService  - Loading FXGL system data
10:28:48.023 [FXGL Background Thread 1 ] DEBUG FileSystemAccess     - Reading from: C:\Users\User\IdeaProjects\RPGPlatform\system\fxgl.bundle
10:28:48.034 [FXGL Background Thread 1 ] DEBUG SystemBundleService  - Bundle FXGL: {}
10:28:48.034 [FXGL Background Thread 1 ] DEBUG UpdaterService       - Checking for updates
10:28:48.070 [FXGL Background Thread 1 ] DEBUG FXGLApplication      - Loading default localization
10:28:48.071 [FXGL Background Thread 1 ] DEBUG FXGLAssetLoaderServi - Loading from file system: jar:file:///C:/Users/User/.m2/repository/com/github/almasb/fxgl/17.3/fxgl-17.3.jar!/fxglassets/languages/english.lang
10:28:48.092 [FXGL Background Thread 1 ] INFO  FXGLApplication      - FXGL initialization took: 0.453 sec
10:28:48.094 [JavaFX Application Thread] DEBUG FXGLAssetLoaderServi - Loading from file system: file:/C:/Users/User/IdeaProjects/RPGPlatform/target/classes/assets/music/BGM_dash_runner.wav
10:28:48.096 [FXGL Background Thread 4 ] DEBUG FXGLApplication      - Loading fonts
10:28:48.098 [FXGL Background Thread 4 ] DEBUG FXGLAssetLoaderServi - Loading from file system: jar:file:///C:/Users/User/.m2/repository/com/github/almasb/fxgl/17.3/fxgl-17.3.jar!/fxglassets/ui/fonts/VarelaRound-Regular.ttf
10:28:48.143 [FXGL Background Thread 4 ] DEBUG FXGLAssetLoaderServi - Loading from file system: jar:file:///C:/Users/User/.m2/repository/com/github/almasb/fxgl/17.3/fxgl-17.3.jar!/fxglassets/ui/fonts/Abel-Regular.ttf
10:28:48.160 [FXGL Background Thread 4 ] DEBUG FXGLAssetLoaderServi - Loading from file system: jar:file:///C:/Users/User/.m2/repository/com/github/almasb/fxgl/17.3/fxgl-17.3.jar!/fxglassets/ui/fonts/TerminalLandMono-Regular.otf
10:28:48.166 [FXGL Background Thread 4 ] DEBUG FXGLAssetLoaderServi - Loading from file system: jar:file:///C:/Users/User/.m2/repository/com/github/almasb/fxgl/17.3/fxgl-17.3.jar!/fxglassets/ui/fonts/Courier-Prime.ttf
10:28:48.345 [JavaFX Application Thread] DEBUG AudioPlayer          - Playing music com.almasb.fxgl.audio.Music@6aaf652f
10:28:48.345 [JavaFX Application Thread] DEBUG FXGLAssetLoaderServi - Loading from file system: jar:file:///C:/Users/User/.m2/repository/com/github/almasb/fxgl/17.3/fxgl-17.3.jar!/fxglassets/textures/fxgl_icon.png
10:28:48.374 [JavaFX Application Thread] DEBUG FXGLAssetLoaderServi - Loading from file system: jar:file:///C:/Users/User/.m2/repository/com/github/almasb/fxgl/17.3/fxgl-17.3.jar!/fxglassets/textures/fxgl_default_cursor.png
10:28:48.396 [JavaFX Application Thread] DEBUG Input                - Registered new binding: Screenshot - CTRL+8
10:28:48.396 [JavaFX Application Thread] DEBUG Input                - Registered new binding: Dev Options - 1
10:28:48.396 [JavaFX Application Thread] DEBUG Input                - Registered new binding: Dev Console - 2
10:28:48.397 [JavaFX Application Thread] DEBUG Input                - Registered new binding: System info dump - CTRL+9
10:28:48.397 [JavaFX Application Thread] DEBUG Input                - Registered new binding: Restart - CTRL+R
10:28:48.398 [JavaFX Application Thread] DEBUG Input                - Registered new binding: Toggle Debug Camera - CTRL+7
10:28:48.401 [JavaFX Application Thread] DEBUG LoopRunner           - Starting loop
10:28:48.436 [JavaFX Application Thread] DEBUG LoopRunner           - Initializing JavaFX AnimationTimerLoop
10:28:48.438 [JavaFX Application Thread] DEBUG Input                - Clearing active input actions
10:28:48.453 [JavaFX Application Thread] DEBUG GameApplicationServi - Removing overlay from FXGLStartupScene and adding to FXGLMainMenuDummyScene
10:28:48.460 [JavaFX Application Thread] DEBUG PrimaryStageWindow   - FXGLStartupScene -> FXGLMainMenuDummyScene
10:28:48.460 [JavaFX Application Thread] DEBUG PrimaryStageWindow   - Push state: MainMenu
10:28:48.460 [JavaFX Application Thread] DEBUG Input                - Clearing active input actions
10:28:48.464 [JavaFX Application Thread] DEBUG GameApplicationServi - Removing overlay from FXGLMainMenuDummyScene and adding to MainMenu
10:28:48.464 [JavaFX Application Thread] DEBUG PrimaryStageWindow   - FXGLMainMenuDummyScene -> MainMenu
10:28:48.465 [JavaFX Application Thread] DEBUG FXGLApplication      - Registering font factories with UI factory
10:28:48.722 [FXGL Background Thread 2 ] INFO  UpdaterService       - Your current version:  17.3
10:28:48.722 [FXGL Background Thread 2 ] INFO  UpdaterService       - Latest stable version: 21.1
10:28:50.420 [JavaFX Application Thread] DEBUG Menu                 - fireNewGame()
10:28:50.421 [JavaFX Application Thread] DEBUG GameApplicationServi - Starting new game
10:28:50.421 [JavaFX Application Thread] DEBUG PrimaryStageWindow   - Pop state: MainMenu
10:28:50.421 [JavaFX Application Thread] DEBUG Input                - Clearing active input actions
10:28:50.422 [JavaFX Application Thread] DEBUG GameApplicationServi - Removing overlay from MainMenu and adding to FXGLMainMenuDummyScene
10:28:50.424 [JavaFX Application Thread] DEBUG PrimaryStageWindow   - FXGLMainMenuDummyScene <- MainMenu
10:28:50.425 [JavaFX Application Thread] DEBUG Input                - Clearing active input actions
10:28:50.431 [JavaFX Application Thread] DEBUG GameApplicationServi - Removing overlay from FXGLMainMenuDummyScene and adding to FXGLLoadingScene
10:28:50.432 [JavaFX Application Thread] DEBUG PrimaryStageWindow   - FXGLMainMenuDummyScene -> FXGLLoadingScene
10:28:50.432 [JavaFX Application Thread] DEBUG GameApplicationServi - Clearing previous game
10:28:50.432 [JavaFX Application Thread] DEBUG GameScene            - Clearing game scene
10:28:50.433 [JavaFX Application Thread] DEBUG GameWorld            - Clearing game world
10:28:50.433 [JavaFX Application Thread] DEBUG PhysicsWorld         - Clearing physics world
10:28:50.434 [FXGL Background Thread 2 ] DEBUG FXGLApplication      - Initializing game
10:28:50.478 [FXGL Background Thread 2 ] DEBUG TMXLevelLoader       - Parsed TiledMap: file:/C:/Users/User/IdeaProjects/RPGPlatform/target/classes/assets/levels/tmx/level1.tmx
10:28:50.479 [FXGL Background Thread 2 ] DEBUG TMXLevelLoader       - Creating tile layer entities
10:28:50.481 [FXGL Background Thread 2 ] DEBUG TilesetLoader        - Loading view for layer Tile Layer 1
10:28:50.484 [FXGL Background Thread 2 ] DEBUG TilesetLoader        - Created buffer with size 1050.0x700.0
10:28:50.511 [FXGL Background Thread 2 ] DEBUG TMXLevelLoader       - Creating object layer entities
10:28:50.535 [FXGL Background Thread 2 ] DEBUG GameWorld            - Clearing removable entities
10:28:50.535 [FXGL Background Thread 2 ] DEBUG GameWorld            - Setting level: com.almasb.fxgl.entity.level.Level@7da24967
10:28:50.547 [FXGL Background Thread 2 ] DEBUG FXGLAssetLoaderServi - Loading from file system: file:/C:/Users/User/IdeaProjects/RPGPlatform/target/classes/assets/textures/WarriorIdle.png
10:28:50.570 [FXGL Background Thread 2 ] DEBUG FXGLAssetLoaderServi - Loading from file system: file:/C:/Users/User/IdeaProjects/RPGPlatform/target/classes/assets/textures/WarriorHigh_Jump.png
10:28:50.578 [FXGL Background Thread 2 ] DEBUG FXGLAssetLoaderServi - Loading from file system: file:/C:/Users/User/IdeaProjects/RPGPlatform/target/classes/assets/textures/WarriorWalk.png
10:28:50.593 [FXGL Background Thread 2 ] DEBUG FXGLAssetLoaderServi - Loading from file system: file:/C:/Users/User/IdeaProjects/RPGPlatform/target/classes/assets/textures/WarriorAttack.png
10:28:50.597 [FXGL Background Thread 2 ] DEBUG FXGLAssetLoaderServi - Loading from file system: file:/C:/Users/User/IdeaProjects/RPGPlatform/target/classes/assets/textures/WarriorSpecialAttack.png
10:28:50.618 [FXGL Background Thread 2 ] DEBUG FXGLAssetLoaderServi - Loading from file system: file:/C:/Users/User/IdeaProjects/RPGPlatform/target/classes/assets/textures/background/windrise-background.png
10:28:50.656 [FXGL Background Thread 2 ] INFO  FXGLApplication      - Game initialization took: 0.222 sec
10:28:50.657 [JavaFX Application Thread] DEBUG Input                - Clearing active input actions
10:28:50.664 [JavaFX Application Thread] DEBUG GameApplicationServi - Removing overlay from FXGLLoadingScene and adding to GameScene
10:28:50.670 [JavaFX Application Thread] DEBUG PrimaryStageWindow   - FXGLLoadingScene -> GameScene
10:28:50.671 [FXGL Background Thread 4 ] DEBUG Input                - Registered new binding: Left - A
10:28:50.672 [FXGL Background Thread 4 ] DEBUG Input                - Registered new binding: Right - D
10:28:50.672 [FXGL Background Thread 4 ] DEBUG Input                - Registered new binding: Jump - W
10:28:50.672 [FXGL Background Thread 4 ] DEBUG Input                - Registered new binding: BasicAttack - I
10:28:50.673 [FXGL Background Thread 4 ] DEBUG Input                - Registered new binding: SkillAttack - P
10:28:50.673 [JavaFX Application Thread] WARN  FXGLAssetLoaderServi - Asset "/assets/sounds/stage_start.wav" was not found!
10:28:50.674 [JavaFX Application Thread] WARN  FXGLAssetLoaderServi - Failed to load SOUND
10:28:50.678 [JavaFX Application Thread] DEBUG PrimaryStageWindow   - Push state: StageStartScene
10:28:50.678 [JavaFX Application Thread] DEBUG Input                - Clearing active input actions
10:28:50.678 [JavaFX Application Thread] DEBUG GameApplicationServi - Removing overlay from GameScene and adding to StageStartScene
10:28:50.679 [JavaFX Application Thread] DEBUG PrimaryStageWindow   - GameScene -> StageStartScene
10:28:51.069 [FXGL Background Thread 3 ] DEBUG Engine               - Logging environment variables
10:28:51.069 [FXGL Background Thread 3 ] DEBUG Engine               - achievements: []
10:28:51.069 [FXGL Background Thread 3 ] DEBUG Engine               - actualHeight: 720.0
10:28:51.070 [FXGL Background Thread 3 ] DEBUG Engine               - actualHeightProperty: ReadOnlyDoubleProperty [value: 720.0]
10:28:51.070 [FXGL Background Thread 3 ] DEBUG Engine               - actualWidth: 1080.0
10:28:51.070 [FXGL Background Thread 3 ] DEBUG Engine               - actualWidthProperty: ReadOnlyDoubleProperty [value: 1080.0]
10:28:51.070 [FXGL Background Thread 3 ] DEBUG Engine               - appIcon: fxgl_icon.png
10:28:51.070 [FXGL Background Thread 3 ] DEBUG Engine               - applicationMode: DEVELOPER
10:28:51.070 [FXGL Background Thread 3 ] DEBUG Engine               - cSSList: [fxgl_dark.css]
10:28:51.070 [FXGL Background Thread 3 ] DEBUG Engine               - collisionDetectionStrategy: BRUTE_FORCE
10:28:51.070 [FXGL Background Thread 3 ] DEBUG Engine               - configClass: Optional.empty
10:28:51.070 [FXGL Background Thread 3 ] DEBUG Engine               - credits: []
10:28:51.072 [FXGL Background Thread 3 ] DEBUG Engine               - defaultCursor: CursorInfo(imageName=fxgl_default_cursor.png, hotspotX=7.0, hotspotY=6.0)
10:28:51.072 [FXGL Background Thread 3 ] DEBUG Engine               - devBBoxColorProperty: ObjectProperty [value: 0xff0000ff]
10:28:51.072 [FXGL Background Thread 3 ] DEBUG Engine               - devEnableDebugCameraProperty: BooleanProperty [value: false]
10:28:51.073 [FXGL Background Thread 3 ] DEBUG Engine               - devSensorColorProperty: ObjectProperty [value: 0xffff00ff]
10:28:51.073 [FXGL Background Thread 3 ] DEBUG Engine               - devShowBBoxProperty: BooleanProperty [value: false]
10:28:51.073 [FXGL Background Thread 3 ] DEBUG Engine               - devShowPositionProperty: BooleanProperty [value: false]
10:28:51.073 [FXGL Background Thread 3 ] DEBUG Engine               - enabledMenuItems: []
10:28:51.073 [FXGL Background Thread 3 ] DEBUG Engine               - engineServices: [class com.almasb.fxgl.app.services.FXGLAssetLoaderService, class com.almasb.fxgl.app.FXGLApplication$GameApplicationService, class com.almasb.fxgl.app.services.FXGLDialogService, class com.almasb.fxgl.app.services.IOTaskExecutorService, class com.almasb.fxgl.io.FileSystemService, class com.almasb.fxgl.localization.LocalizationService, class com.almasb.fxgl.app.services.SystemBundleService, class com.almasb.fxgl.profile.SaveLoadService, class com.almasb.fxgl.ui.FXGLUIFactoryServiceProvider, class com.almasb.fxgl.ui.FXGLDialogFactoryServiceProvider, class com.almasb.fxgl.audio.AudioPlayer, class com.almasb.fxgl.notification.impl.NotificationServiceProvider, class com.almasb.fxgl.achievement.AchievementService, class com.almasb.fxgl.cutscene.CutsceneService, class com.almasb.fxgl.minigames.MiniGameService, class com.almasb.fxgl.net.NetService, class com.almasb.fxgl.app.services.UpdaterService, class com.almasb.fxgl.dev.DevService]
10:28:51.073 [FXGL Background Thread 3 ] DEBUG Engine               - fontGame: Abel-Regular.ttf
10:28:51.073 [FXGL Background Thread 3 ] DEBUG Engine               - fontMono: TerminalLandMono-Regular.otf
10:28:51.074 [FXGL Background Thread 3 ] DEBUG Engine               - fontSizeScaleUI: 1.0
10:28:51.074 [FXGL Background Thread 3 ] DEBUG Engine               - fontText: Courier-Prime.ttf
10:28:51.074 [FXGL Background Thread 3 ] DEBUG Engine               - fontUI: VarelaRound-Regular.ttf
10:28:51.074 [FXGL Background Thread 3 ] DEBUG Engine               - fullScreen: BooleanProperty [value: false]
10:28:51.074 [FXGL Background Thread 3 ] DEBUG Engine               - gameDifficulty: MEDIUM
10:28:51.074 [FXGL Background Thread 3 ] DEBUG Engine               - gameDifficultyProperty: ObjectProperty [value: MEDIUM]
10:28:51.074 [FXGL Background Thread 3 ] DEBUG Engine               - globalMusicVolume: 0.5
10:28:51.074 [FXGL Background Thread 3 ] DEBUG Engine               - globalMusicVolumeProperty: DoubleProperty [value: 0.0]
10:28:51.074 [FXGL Background Thread 3 ] DEBUG Engine               - globalSoundVolume: 0.5
10:28:51.074 [FXGL Background Thread 3 ] DEBUG Engine               - globalSoundVolumeProperty: DoubleProperty [value: 0.5]
10:28:51.074 [FXGL Background Thread 3 ] DEBUG Engine               - height: 720
10:28:51.074 [FXGL Background Thread 3 ] DEBUG Engine               - is3D: false
10:28:51.075 [FXGL Background Thread 3 ] DEBUG Engine               - isAndroid: false
10:28:51.075 [FXGL Background Thread 3 ] DEBUG Engine               - isBrowser: false
10:28:51.075 [FXGL Background Thread 3 ] DEBUG Engine               - isClickFeedbackEnabled: false
10:28:51.075 [FXGL Background Thread 3 ] DEBUG Engine               - isCloseConfirmation: false
10:28:51.075 [FXGL Background Thread 3 ] DEBUG Engine               - isDesktop: true
10:28:51.075 [FXGL Background Thread 3 ] DEBUG Engine               - isDeveloperMenuEnabled: true
10:28:51.075 [FXGL Background Thread 3 ] DEBUG Engine               - isEmbedded: false
10:28:51.075 [FXGL Background Thread 3 ] DEBUG Engine               - isEntityPreloadEnabled: true
10:28:51.075 [FXGL Background Thread 3 ] DEBUG Engine               - isExperimentalTiledLargeMap: false
10:28:51.075 [FXGL Background Thread 3 ] DEBUG Engine               - isFileSystemWriteAllowed: true
10:28:51.075 [FXGL Background Thread 3 ] DEBUG Engine               - isFullScreenAllowed: false
10:28:51.075 [FXGL Background Thread 3 ] DEBUG Engine               - isFullScreenFromStart: false
10:28:51.075 [FXGL Background Thread 3 ] DEBUG Engine               - isGameMenuEnabled: true
10:28:51.075 [FXGL Background Thread 3 ] DEBUG Engine               - isIOS: false
10:28:51.075 [FXGL Background Thread 3 ] DEBUG Engine               - isIntroEnabled: false
10:28:51.076 [FXGL Background Thread 3 ] DEBUG Engine               - isLinux: false
10:28:51.076 [FXGL Background Thread 3 ] DEBUG Engine               - isMac: false
10:28:51.076 [FXGL Background Thread 3 ] DEBUG Engine               - isMainMenuEnabled: true
10:28:51.076 [FXGL Background Thread 3 ] DEBUG Engine               - isManualResizeEnabled: false
10:28:51.076 [FXGL Background Thread 3 ] DEBUG Engine               - isMobile: false
10:28:51.076 [FXGL Background Thread 3 ] DEBUG Engine               - isNative: false
10:28:51.076 [FXGL Background Thread 3 ] DEBUG Engine               - isPauseMusicWhenMinimized: true
10:28:51.076 [FXGL Background Thread 3 ] DEBUG Engine               - isPreserveResizeRatio: false
10:28:51.076 [FXGL Background Thread 3 ] DEBUG Engine               - isProfilingEnabled: false
10:28:51.076 [FXGL Background Thread 3 ] DEBUG Engine               - isScaleAffectedOnResize: true
10:28:51.076 [FXGL Background Thread 3 ] DEBUG Engine               - isSingleStep: false
10:28:51.076 [FXGL Background Thread 3 ] DEBUG Engine               - isUserProfileEnabled: false
10:28:51.076 [FXGL Background Thread 3 ] DEBUG Engine               - isWindows: true
10:28:51.076 [FXGL Background Thread 3 ] DEBUG Engine               - language: ObjectProperty [value: ENGLISH]
10:28:51.076 [FXGL Background Thread 3 ] DEBUG Engine               - menuKey: ESCAPE
10:28:51.077 [FXGL Background Thread 3 ] DEBUG Engine               - mouseSensitivity: 0.2
10:28:51.077 [FXGL Background Thread 3 ] DEBUG Engine               - notificationViewClass: class com.almasb.fxgl.notification.view.XboxNotificationView
10:28:51.077 [FXGL Background Thread 3 ] DEBUG Engine               - pixelsPerMeter: 50.0
10:28:51.077 [FXGL Background Thread 3 ] DEBUG Engine               - platform: WINDOWS
10:28:51.077 [FXGL Background Thread 3 ] DEBUG Engine               - prefHeightProperty: ReadOnlyDoubleProperty [value: 720.0]
10:28:51.077 [FXGL Background Thread 3 ] DEBUG Engine               - prefWidthProperty: ReadOnlyDoubleProperty [value: 1080.0]
10:28:51.077 [FXGL Background Thread 3 ] DEBUG Engine               - profileDir: profiles/
10:28:51.077 [FXGL Background Thread 3 ] DEBUG Engine               - profileName: StringProperty [value: DEFAULT]
10:28:51.077 [FXGL Background Thread 3 ] DEBUG Engine               - randomSeed: -1
10:28:51.078 [FXGL Background Thread 3 ] DEBUG Engine               - runtimeInfo: RuntimeInfo(platform=WINDOWS, version=17.3, build=30.03.2023 11.49)
10:28:51.078 [FXGL Background Thread 3 ] DEBUG Engine               - saveFileExt: sav
10:28:51.078 [FXGL Background Thread 3 ] DEBUG Engine               - scaledHeightProp$fxgl: DoubleProperty [bound, value: 720.0]
10:28:51.078 [FXGL Background Thread 3 ] DEBUG Engine               - scaledWidthProp$fxgl: DoubleProperty [bound, value: 1080.0]
10:28:51.078 [FXGL Background Thread 3 ] DEBUG Engine               - sceneFactory: com.example.rpgplatform.RPGPlatform$1@3f98c627
10:28:51.078 [FXGL Background Thread 3 ] DEBUG Engine               - secondsIn24h: 60
10:28:51.078 [FXGL Background Thread 3 ] DEBUG Engine               - soundMenuBack: menu/back.wav
10:28:51.078 [FXGL Background Thread 3 ] DEBUG Engine               - soundMenuPress: menu/press.wav
10:28:51.078 [FXGL Background Thread 3 ] DEBUG Engine               - soundMenuSelect: menu/select.wav
10:28:51.078 [FXGL Background Thread 3 ] DEBUG Engine               - soundNotification: core/notification.wav
10:28:51.078 [FXGL Background Thread 3 ] DEBUG Engine               - stageStyle: DECORATED
10:28:51.079 [FXGL Background Thread 3 ] DEBUG Engine               - supportedLanguages: [ENGLISH, FRENCH, GERMAN, HUNGARIAN, RUSSIAN]
10:28:51.079 [FXGL Background Thread 3 ] DEBUG Engine               - ticksPerSecond: -1
10:28:51.079 [FXGL Background Thread 3 ] DEBUG Engine               - title: Flat Former
 Ge Mu
10:28:51.079 [FXGL Background Thread 3 ] DEBUG Engine               - urlGithub: https://github.com/AlmasB/FXGL
10:28:51.079 [FXGL Background Thread 3 ] DEBUG Engine               - urlLeaderboard: http://fxgl-top.herokuapp.com/
10:28:51.079 [FXGL Background Thread 3 ] DEBUG Engine               - urlPOM: https://raw.githubusercontent.com/AlmasB/FXGL/release/README.md
10:28:51.079 [FXGL Background Thread 3 ] DEBUG Engine               - userAppClass: class com.example.rpgplatform.RPGPlatform
10:28:51.079 [FXGL Background Thread 3 ] DEBUG Engine               - version: 0.0
10:28:51.079 [FXGL Background Thread 3 ] DEBUG Engine               - versionCheckDays: 7
10:28:51.079 [FXGL Background Thread 3 ] DEBUG Engine               - width: 1080
10:28:51.079 [FXGL Background Thread 3 ] DEBUG Engine               - Logging services
10:28:51.079 [FXGL Background Thread 3 ] DEBUG Engine               - class com.almasb.fxgl.app.services.FXGLAssetLoaderService
10:28:51.079 [FXGL Background Thread 3 ] DEBUG Engine               - class com.almasb.fxgl.app.FXGLApplication$GameApplicationService
10:28:51.079 [FXGL Background Thread 3 ] DEBUG Engine               - class com.almasb.fxgl.app.services.FXGLDialogService
10:28:51.079 [FXGL Background Thread 3 ] DEBUG Engine               - class com.almasb.fxgl.app.services.IOTaskExecutorService
10:28:51.080 [FXGL Background Thread 3 ] DEBUG Engine               - class com.almasb.fxgl.io.FileSystemService
10:28:51.080 [FXGL Background Thread 3 ] DEBUG Engine               - class com.almasb.fxgl.localization.LocalizationService
10:28:51.080 [FXGL Background Thread 3 ] DEBUG Engine               - class com.almasb.fxgl.app.services.SystemBundleService
10:28:51.080 [FXGL Background Thread 3 ] DEBUG Engine               - class com.almasb.fxgl.profile.SaveLoadService
10:28:51.080 [FXGL Background Thread 3 ] DEBUG Engine               - class com.almasb.fxgl.ui.FXGLUIFactoryServiceProvider
10:28:51.080 [FXGL Background Thread 3 ] DEBUG Engine               - class com.almasb.fxgl.ui.FXGLDialogFactoryServiceProvider
10:28:51.080 [FXGL Background Thread 3 ] DEBUG Engine               - class com.almasb.fxgl.audio.AudioPlayer
10:28:51.080 [FXGL Background Thread 3 ] DEBUG Engine               - class com.almasb.fxgl.notification.impl.NotificationServiceProvider
10:28:51.080 [FXGL Background Thread 3 ] DEBUG Engine               - class com.almasb.fxgl.achievement.AchievementService
10:28:51.080 [FXGL Background Thread 3 ] DEBUG Engine               - class com.almasb.fxgl.cutscene.CutsceneService
10:28:51.080 [FXGL Background Thread 3 ] DEBUG Engine               - class com.almasb.fxgl.minigames.MiniGameService
10:28:51.080 [FXGL Background Thread 3 ] DEBUG Engine               - class com.almasb.fxgl.net.NetService
10:28:51.080 [FXGL Background Thread 3 ] DEBUG Engine               - class com.almasb.fxgl.app.services.UpdaterService
10:28:51.080 [FXGL Background Thread 3 ] DEBUG Engine               - class com.almasb.fxgl.dev.DevService
10:28:54.307 [JavaFX Application Thread] DEBUG PrimaryStageWindow   - Pop state: StageStartScene
10:28:54.307 [JavaFX Application Thread] DEBUG Input                - Clearing active input actions
10:28:54.308 [JavaFX Application Thread] DEBUG GameApplicationServi - Removing overlay from StageStartScene and adding to GameScene
10:28:54.310 [JavaFX Application Thread] DEBUG PrimaryStageWindow   - GameScene <- StageStartScene
10:28:55.403 [JavaFX Application Thread] DEBUG FXGLApplication      - Exiting FXGL
10:28:55.403 [JavaFX Application Thread] DEBUG LoopRunner           - Stopping loop
10:28:55.403 [JavaFX Application Thread] DEBUG SystemBundleService  - Saving FXGL system data
10:28:55.405 [JavaFX Application Thread] DEBUG FileSystemAccess     - Writing to: C:\Users\User\IdeaProjects\RPGPlatform\system\fxgl.bundle
10:28:55.408 [JavaFX Application Thread] DEBUG Async                - Shutting down background threads
10:28:55.408 [JavaFX Application Thread] DEBUG PrimaryStageWindow   - Closing main window
10:28:55.419 [JavaFX Application Thread] DEBUG Logger               - Closing Logger
