18:58:36.820 [main                     ] DEBUG Logger               - Configured Logger
18:58:36.845 [main                     ] DEBUG GameApplication      - Logging settings
Title: Ew Walay Uyab
Version: 0.0
Width: 1280
Height: 720
Fullscreen: false
Intro: false
Profiling: false
Single step:false
App Mode: DEVELOPER
Menu Key: ESCAPE
Stage Style: DECORATED
Scene Factory: class com.example.rpgplatform.RPGPlatform$1

18:58:37.231 [JavaFX Application Thread] DEBUG FXGLApplication      - Initializing FXGL
18:58:37.236 [JavaFX Application Thread] INFO  Engine               - FXGL-17.3 (30.03.2023 11.49) on WINDOWS (J:21.0.2 FX:21)
18:58:37.236 [JavaFX Application Thread] DEBUG Engine               - JRE Vendor Name: Oracle Corporation
18:58:37.237 [JavaFX Application Thread] DEBUG Engine               - Running on OS: Windows 10 version 10.0
18:58:37.237 [JavaFX Application Thread] DEBUG Engine               - Architecture: amd64
18:58:37.237 [JavaFX Application Thread] INFO  Engine               - Source code and latest versions at: https://github.com/AlmasB/FXGL
18:58:37.237 [JavaFX Application Thread] INFO  Engine               -       Ask questions and discuss at: https://github.com/AlmasB/FXGL/discussions
18:58:37.237 [JavaFX Application Thread] INFO  Engine               -              Join the FXGL chat at: https://gitter.im/AlmasB/FXGL
18:58:37.333 [JavaFX Application Thread] DEBUG PrimaryStageWindow   - Creating a JavaFX scene
18:58:37.386 [JavaFX Application Thread] DEBUG PrimaryStageWindow   - Target settings size: 1280.0 x 720.0
18:58:37.387 [JavaFX Application Thread] DEBUG PrimaryStageWindow   - Scaled scene size:    1280.0 x 720.0
18:58:37.387 [JavaFX Application Thread] DEBUG PrimaryStageWindow   - Scaled ratio: (1.0, 1.0)
18:58:37.388 [JavaFX Application Thread] DEBUG PrimaryStageWindow   - Set initial scene to FXGLStartupScene
18:58:37.392 [JavaFX Application Thread] DEBUG PrimaryStageWindow   - Opening main window
18:58:37.491 [JavaFX Application Thread] DEBUG PrimaryStageWindow   - Window border size: (16.0, 39.0)
18:58:37.492 [JavaFX Application Thread] DEBUG PrimaryStageWindow   - Scaled size: 1280.0 x 720.0
18:58:37.492 [JavaFX Application Thread] DEBUG PrimaryStageWindow   - Scaled ratio: (1.0, 1.0)
18:58:37.493 [JavaFX Application Thread] DEBUG PrimaryStageWindow   - Scene size: 1280.0 x 720.0
18:58:37.493 [JavaFX Application Thread] DEBUG PrimaryStageWindow   - Stage size: 1296.0 x 759.0
18:58:37.545 [FXGL Background Thread 1 ] DEBUG Engine               - Initializing environment variables
18:58:37.601 [FXGL Background Thread 1 ] DEBUG FXGLAssetLoaderServi - User app class for loading assets: class com.example.rpgplatform.RPGPlatform
18:58:37.601 [FXGL Background Thread 1 ] DEBUG GameApplicationServi - Applying CSS: fxgl_dark.css
18:58:37.602 [FXGL Background Thread 1 ] DEBUG FXGLAssetLoaderServi - Loading from file system: jar:file:///C:/Users/User/.m2/repository/com/github/almasb/fxgl/17.3/fxgl-17.3.jar!/fxglassets/ui/css/fxgl_dark.css
18:58:37.653 [FXGL Background Thread 1 ] DEBUG GameApplicationServi - Initializing application scenes
18:58:37.707 [FXGL Background Thread 1 ] DEBUG FXGLAssetLoaderServi - Loading from file system: file:/C:/Users/User/IdeaProjects/RPGPlatform/target/classes/assets/textures/WarriorIdle.png
18:58:37.756 [FXGL Background Thread 1 ] DEBUG GameWorld            - Game world initialized
18:58:37.817 [FXGL Background Thread 1 ] DEBUG PhysicsWorld         - Physics world initialized: appHeight=720, physics.ppm=50.0
18:58:37.817 [FXGL Background Thread 1 ] DEBUG PhysicsWorld         - Using strategy: BRUTE_FORCE
18:58:37.821 [FXGL Background Thread 1 ] DEBUG GameScene            - Game scene initialized: 1280x720
18:58:37.832 [FXGL Background Thread 1 ] DEBUG FXGL.DefaultMenu     - createMenuBodyGameMenu()
18:58:37.868 [FXGL Background Thread 1 ] DEBUG FXGL.DefaultMenu     - createOptionsMenu()
18:58:37.888 [FXGL Background Thread 1 ] DEBUG FXGLAssetLoaderServi - Loading from file system: jar:file:///C:/Users/User/.m2/repository/com/github/almasb/fxgl/17.3/fxgl-17.3.jar!/fxglassets/textures/particles/smoke.png
18:58:37.961 [FXGL Background Thread 1 ] DEBUG FXGLAssetLoaderServi - Loading from file system: jar:file:///C:/Users/User/.m2/repository/com/github/almasb/fxgl/17.3/fxgl-17.3.jar!/fxglassets/textures/particles/trace_horizontal.png
18:58:37.990 [FXGL Background Thread 1 ] DEBUG GameApplicationServi - Application scenes initialized
18:58:38.006 [FXGL Background Thread 1 ] DEBUG SystemBundleService  - Loading FXGL system data
18:58:38.010 [FXGL Background Thread 1 ] DEBUG FileSystemAccess     - Reading from: C:\Users\User\IdeaProjects\RPGPlatform\system\fxgl.bundle
18:58:38.021 [FXGL Background Thread 1 ] DEBUG SystemBundleService  - Bundle FXGL: {}
18:58:38.022 [FXGL Background Thread 1 ] DEBUG UpdaterService       - Checking for updates
18:58:38.049 [FXGL Background Thread 1 ] DEBUG FXGLApplication      - Loading default localization
18:58:38.050 [FXGL Background Thread 1 ] DEBUG FXGLAssetLoaderServi - Loading from file system: jar:file:///C:/Users/User/.m2/repository/com/github/almasb/fxgl/17.3/fxgl-17.3.jar!/fxglassets/languages/english.lang
18:58:38.065 [FXGL Background Thread 4 ] DEBUG FXGLApplication      - Loading fonts
18:58:38.066 [FXGL Background Thread 4 ] DEBUG FXGLAssetLoaderServi - Loading from file system: jar:file:///C:/Users/User/.m2/repository/com/github/almasb/fxgl/17.3/fxgl-17.3.jar!/fxglassets/ui/fonts/VarelaRound-Regular.ttf
18:58:38.083 [FXGL Background Thread 1 ] INFO  FXGLApplication      - FXGL initialization took: 0.538 sec
18:58:38.092 [JavaFX Application Thread] DEBUG Input                - Registered new binding: Left - A
18:58:38.092 [JavaFX Application Thread] DEBUG Input                - Registered new binding: Right - D
18:58:38.093 [JavaFX Application Thread] DEBUG Input                - Registered new binding: Jump - W
18:58:38.093 [JavaFX Application Thread] DEBUG Input                - Registered new binding: BasicAttack - I
18:58:38.093 [JavaFX Application Thread] DEBUG Input                - Registered new binding: SkillAttack - P
18:58:38.094 [JavaFX Application Thread] DEBUG FXGLAssetLoaderServi - Loading from file system: file:/C:/Users/User/IdeaProjects/RPGPlatform/target/classes/assets/music/BGM_dash_runner.wav
18:58:38.115 [FXGL Background Thread 4 ] DEBUG FXGLAssetLoaderServi - Loading from file system: jar:file:///C:/Users/User/.m2/repository/com/github/almasb/fxgl/17.3/fxgl-17.3.jar!/fxglassets/ui/fonts/Abel-Regular.ttf
18:58:38.208 [FXGL Background Thread 4 ] DEBUG FXGLAssetLoaderServi - Loading from file system: jar:file:///C:/Users/User/.m2/repository/com/github/almasb/fxgl/17.3/fxgl-17.3.jar!/fxglassets/ui/fonts/TerminalLandMono-Regular.otf
18:58:38.214 [FXGL Background Thread 4 ] DEBUG FXGLAssetLoaderServi - Loading from file system: jar:file:///C:/Users/User/.m2/repository/com/github/almasb/fxgl/17.3/fxgl-17.3.jar!/fxglassets/ui/fonts/Courier-Prime.ttf
18:58:38.329 [JavaFX Application Thread] DEBUG AudioPlayer          - Playing music com.almasb.fxgl.audio.Music@1b95b8ab
18:58:38.329 [JavaFX Application Thread] DEBUG FXGLAssetLoaderServi - Loading from file system: jar:file:///C:/Users/User/.m2/repository/com/github/almasb/fxgl/17.3/fxgl-17.3.jar!/fxglassets/textures/fxgl_icon.png
18:58:38.346 [JavaFX Application Thread] DEBUG FXGLAssetLoaderServi - Loading from file system: jar:file:///C:/Users/User/.m2/repository/com/github/almasb/fxgl/17.3/fxgl-17.3.jar!/fxglassets/textures/fxgl_default_cursor.png
18:58:38.349 [JavaFX Application Thread] DEBUG Input                - Registered new binding: Screenshot - CTRL+8
18:58:38.349 [JavaFX Application Thread] DEBUG Input                - Registered new binding: Dev Options - 1
18:58:38.350 [JavaFX Application Thread] DEBUG Input                - Registered new binding: Dev Console - 2
18:58:38.350 [JavaFX Application Thread] DEBUG Input                - Registered new binding: System info dump - CTRL+9
18:58:38.350 [JavaFX Application Thread] DEBUG Input                - Registered new binding: Restart - CTRL+R
18:58:38.351 [JavaFX Application Thread] DEBUG Input                - Registered new binding: Toggle Debug Camera - CTRL+7
18:58:38.355 [JavaFX Application Thread] DEBUG LoopRunner           - Starting loop
18:58:38.371 [JavaFX Application Thread] DEBUG LoopRunner           - Initializing JavaFX AnimationTimerLoop
18:58:38.372 [JavaFX Application Thread] DEBUG GameApplicationServi - Starting new game
18:58:38.373 [JavaFX Application Thread] DEBUG Input                - Clearing active input actions
18:58:38.388 [JavaFX Application Thread] DEBUG GameApplicationServi - Removing overlay from FXGLStartupScene and adding to MainLoadingScene
18:58:38.391 [JavaFX Application Thread] DEBUG PrimaryStageWindow   - FXGLStartupScene -> MainLoadingScene
18:58:38.391 [JavaFX Application Thread] DEBUG GameApplicationServi - Clearing previous game
18:58:38.391 [JavaFX Application Thread] DEBUG GameScene            - Clearing game scene
18:58:38.391 [JavaFX Application Thread] DEBUG GameWorld            - Clearing game world
18:58:38.391 [JavaFX Application Thread] DEBUG PhysicsWorld         - Clearing physics world
18:58:38.392 [FXGL Background Thread 4 ] DEBUG FXGLApplication      - Initializing game
18:58:38.393 [JavaFX Application Thread] DEBUG FXGLApplication      - Registering font factories with UI factory
18:58:38.496 [FXGL Background Thread 4 ] WARN  TMXLevelLoader       - TiledMap generated from 1.2.3. Supported version: 1.9.0. Some features may not be parsed fully.
18:58:38.503 [FXGL Background Thread 4 ] DEBUG TMXLevelLoader       - Parsed TiledMap: file:/C:/Users/User/IdeaProjects/RPGPlatform/target/classes/assets/levels/tmx/level1.tmx
18:58:38.504 [FXGL Background Thread 4 ] DEBUG TMXLevelLoader       - Creating tile layer entities
18:58:38.505 [FXGL Background Thread 4 ] DEBUG TilesetLoader        - Loading view for layer Tile Layer 1
18:58:38.506 [FXGL Background Thread 4 ] DEBUG TilesetLoader        - Created buffer with size 1050.0x700.0
18:58:38.551 [FXGL Background Thread 4 ] DEBUG TMXLevelLoader       - Creating object layer entities
18:58:38.585 [FXGL Background Thread 4 ] DEBUG GameWorld            - Clearing removable entities
18:58:38.586 [FXGL Background Thread 4 ] DEBUG GameWorld            - Setting level: com.almasb.fxgl.entity.level.Level@5f6e93ef
18:58:38.593 [FXGL Background Thread 4 ] DEBUG FXGLAssetLoaderServi - Loading from file system: file:/C:/Users/User/IdeaProjects/RPGPlatform/target/classes/assets/textures/WarriorHigh_Jump.png
18:58:38.599 [FXGL Background Thread 4 ] DEBUG FXGLAssetLoaderServi - Loading from file system: file:/C:/Users/User/IdeaProjects/RPGPlatform/target/classes/assets/textures/WarriorWalk.png
18:58:38.602 [FXGL Background Thread 4 ] DEBUG FXGLAssetLoaderServi - Loading from file system: file:/C:/Users/User/IdeaProjects/RPGPlatform/target/classes/assets/textures/WarriorAttack.png
18:58:38.607 [FXGL Background Thread 4 ] DEBUG FXGLAssetLoaderServi - Loading from file system: file:/C:/Users/User/IdeaProjects/RPGPlatform/target/classes/assets/textures/WarriorSpecialAttack.png
18:58:38.648 [FXGL Background Thread 4 ] DEBUG FXGLAssetLoaderServi - Loading from file system: file:/C:/Users/User/IdeaProjects/RPGPlatform/target/classes/assets/textures/background/windrise-background.png
18:58:38.690 [FXGL Background Thread 4 ] INFO  FXGLApplication      - Game initialization took: 0.297 sec
18:58:38.786 [JavaFX Application Thread] DEBUG Input                - Clearing active input actions
18:58:38.793 [JavaFX Application Thread] DEBUG GameApplicationServi - Removing overlay from MainLoadingScene and adding to GameScene
18:58:38.799 [JavaFX Application Thread] DEBUG PrimaryStageWindow   - MainLoadingScene -> GameScene
18:58:38.813 [FXGL Background Thread 2 ] INFO  UpdaterService       - Your current version:  17.3
18:58:38.813 [FXGL Background Thread 2 ] INFO  UpdaterService       - Latest stable version: 21.1
18:58:41.048 [FXGL Background Thread 3 ] DEBUG Engine               - Logging environment variables
18:58:41.048 [FXGL Background Thread 3 ] DEBUG Engine               - achievements: []
18:58:41.048 [FXGL Background Thread 3 ] DEBUG Engine               - actualHeight: 720.0
18:58:41.048 [FXGL Background Thread 3 ] DEBUG Engine               - actualHeightProperty: ReadOnlyDoubleProperty [value: 720.0]
18:58:41.048 [FXGL Background Thread 3 ] DEBUG Engine               - actualWidth: 1280.0
18:58:41.049 [FXGL Background Thread 3 ] DEBUG Engine               - actualWidthProperty: ReadOnlyDoubleProperty [value: 1280.0]
18:58:41.049 [FXGL Background Thread 3 ] DEBUG Engine               - appIcon: fxgl_icon.png
18:58:41.049 [FXGL Background Thread 3 ] DEBUG Engine               - applicationMode: DEVELOPER
18:58:41.049 [FXGL Background Thread 3 ] DEBUG Engine               - cSSList: [fxgl_dark.css]
18:58:41.049 [FXGL Background Thread 3 ] DEBUG Engine               - collisionDetectionStrategy: BRUTE_FORCE
18:58:41.049 [FXGL Background Thread 3 ] DEBUG Engine               - configClass: Optional.empty
18:58:41.049 [FXGL Background Thread 3 ] DEBUG Engine               - credits: []
18:58:41.050 [FXGL Background Thread 3 ] DEBUG Engine               - defaultCursor: CursorInfo(imageName=fxgl_default_cursor.png, hotspotX=7.0, hotspotY=6.0)
18:58:41.050 [FXGL Background Thread 3 ] DEBUG Engine               - devBBoxColorProperty: ObjectProperty [value: 0xff0000ff]
18:58:41.051 [FXGL Background Thread 3 ] DEBUG Engine               - devEnableDebugCameraProperty: BooleanProperty [value: false]
18:58:41.051 [FXGL Background Thread 3 ] DEBUG Engine               - devSensorColorProperty: ObjectProperty [value: 0xffff00ff]
18:58:41.051 [FXGL Background Thread 3 ] DEBUG Engine               - devShowBBoxProperty: BooleanProperty [value: false]
18:58:41.051 [FXGL Background Thread 3 ] DEBUG Engine               - devShowPositionProperty: BooleanProperty [value: false]
18:58:41.051 [FXGL Background Thread 3 ] DEBUG Engine               - enabledMenuItems: []
18:58:41.051 [FXGL Background Thread 3 ] DEBUG Engine               - engineServices: [class com.almasb.fxgl.app.services.FXGLAssetLoaderService, class com.almasb.fxgl.app.FXGLApplication$GameApplicationService, class com.almasb.fxgl.app.services.FXGLDialogService, class com.almasb.fxgl.app.services.IOTaskExecutorService, class com.almasb.fxgl.io.FileSystemService, class com.almasb.fxgl.localization.LocalizationService, class com.almasb.fxgl.app.services.SystemBundleService, class com.almasb.fxgl.profile.SaveLoadService, class com.almasb.fxgl.ui.FXGLUIFactoryServiceProvider, class com.almasb.fxgl.ui.FXGLDialogFactoryServiceProvider, class com.almasb.fxgl.audio.AudioPlayer, class com.almasb.fxgl.notification.impl.NotificationServiceProvider, class com.almasb.fxgl.achievement.AchievementService, class com.almasb.fxgl.cutscene.CutsceneService, class com.almasb.fxgl.minigames.MiniGameService, class com.almasb.fxgl.net.NetService, class com.almasb.fxgl.app.services.UpdaterService, class com.almasb.fxgl.dev.DevService]
18:58:41.051 [FXGL Background Thread 3 ] DEBUG Engine               - fontGame: Abel-Regular.ttf
18:58:41.051 [FXGL Background Thread 3 ] DEBUG Engine               - fontMono: TerminalLandMono-Regular.otf
18:58:41.051 [FXGL Background Thread 3 ] DEBUG Engine               - fontSizeScaleUI: 1.0
18:58:41.051 [FXGL Background Thread 3 ] DEBUG Engine               - fontText: Courier-Prime.ttf
18:58:41.052 [FXGL Background Thread 3 ] DEBUG Engine               - fontUI: VarelaRound-Regular.ttf
18:58:41.052 [FXGL Background Thread 3 ] DEBUG Engine               - fullScreen: BooleanProperty [value: false]
18:58:41.052 [FXGL Background Thread 3 ] DEBUG Engine               - gameDifficulty: MEDIUM
18:58:41.052 [FXGL Background Thread 3 ] DEBUG Engine               - gameDifficultyProperty: ObjectProperty [value: MEDIUM]
18:58:41.052 [FXGL Background Thread 3 ] DEBUG Engine               - globalMusicVolume: 0.5
18:58:41.052 [FXGL Background Thread 3 ] DEBUG Engine               - globalMusicVolumeProperty: DoubleProperty [value: 0.25]
18:58:41.052 [FXGL Background Thread 3 ] DEBUG Engine               - globalSoundVolume: 0.5
18:58:41.052 [FXGL Background Thread 3 ] DEBUG Engine               - globalSoundVolumeProperty: DoubleProperty [value: 0.5]
18:58:41.052 [FXGL Background Thread 3 ] DEBUG Engine               - height: 720
18:58:41.052 [FXGL Background Thread 3 ] DEBUG Engine               - is3D: false
18:58:41.053 [FXGL Background Thread 3 ] DEBUG Engine               - isAndroid: false
18:58:41.053 [FXGL Background Thread 3 ] DEBUG Engine               - isBrowser: false
18:58:41.053 [FXGL Background Thread 3 ] DEBUG Engine               - isClickFeedbackEnabled: false
18:58:41.053 [FXGL Background Thread 3 ] DEBUG Engine               - isCloseConfirmation: false
18:58:41.053 [FXGL Background Thread 3 ] DEBUG Engine               - isDesktop: true
18:58:41.053 [FXGL Background Thread 3 ] DEBUG Engine               - isDeveloperMenuEnabled: true
18:58:41.053 [FXGL Background Thread 3 ] DEBUG Engine               - isEmbedded: false
18:58:41.053 [FXGL Background Thread 3 ] DEBUG Engine               - isEntityPreloadEnabled: true
18:58:41.053 [FXGL Background Thread 3 ] DEBUG Engine               - isExperimentalTiledLargeMap: false
18:58:41.053 [FXGL Background Thread 3 ] DEBUG Engine               - isFileSystemWriteAllowed: true
18:58:41.053 [FXGL Background Thread 3 ] DEBUG Engine               - isFullScreenAllowed: false
18:58:41.053 [FXGL Background Thread 3 ] DEBUG Engine               - isFullScreenFromStart: false
18:58:41.054 [FXGL Background Thread 3 ] DEBUG Engine               - isGameMenuEnabled: true
18:58:41.054 [FXGL Background Thread 3 ] DEBUG Engine               - isIOS: false
18:58:41.054 [FXGL Background Thread 3 ] DEBUG Engine               - isIntroEnabled: false
18:58:41.054 [FXGL Background Thread 3 ] DEBUG Engine               - isLinux: false
18:58:41.054 [FXGL Background Thread 3 ] DEBUG Engine               - isMac: false
18:58:41.054 [FXGL Background Thread 3 ] DEBUG Engine               - isMainMenuEnabled: false
18:58:41.054 [FXGL Background Thread 3 ] DEBUG Engine               - isManualResizeEnabled: false
18:58:41.054 [FXGL Background Thread 3 ] DEBUG Engine               - isMobile: false
18:58:41.054 [FXGL Background Thread 3 ] DEBUG Engine               - isNative: false
18:58:41.054 [FXGL Background Thread 3 ] DEBUG Engine               - isPauseMusicWhenMinimized: true
18:58:41.054 [FXGL Background Thread 3 ] DEBUG Engine               - isPreserveResizeRatio: false
18:58:41.054 [FXGL Background Thread 3 ] DEBUG Engine               - isProfilingEnabled: false
18:58:41.054 [FXGL Background Thread 3 ] DEBUG Engine               - isScaleAffectedOnResize: true
18:58:41.054 [FXGL Background Thread 3 ] DEBUG Engine               - isSingleStep: false
18:58:41.055 [FXGL Background Thread 3 ] DEBUG Engine               - isUserProfileEnabled: false
18:58:41.055 [FXGL Background Thread 3 ] DEBUG Engine               - isWindows: true
18:58:41.055 [FXGL Background Thread 3 ] DEBUG Engine               - language: ObjectProperty [value: ENGLISH]
18:58:41.055 [FXGL Background Thread 3 ] DEBUG Engine               - menuKey: ESCAPE
18:58:41.055 [FXGL Background Thread 3 ] DEBUG Engine               - mouseSensitivity: 0.2
18:58:41.055 [FXGL Background Thread 3 ] DEBUG Engine               - notificationViewClass: class com.almasb.fxgl.notification.view.XboxNotificationView
18:58:41.055 [FXGL Background Thread 3 ] DEBUG Engine               - pixelsPerMeter: 50.0
18:58:41.055 [FXGL Background Thread 3 ] DEBUG Engine               - platform: WINDOWS
18:58:41.055 [FXGL Background Thread 3 ] DEBUG Engine               - prefHeightProperty: ReadOnlyDoubleProperty [value: 720.0]
18:58:41.055 [FXGL Background Thread 3 ] DEBUG Engine               - prefWidthProperty: ReadOnlyDoubleProperty [value: 1280.0]
18:58:41.055 [FXGL Background Thread 3 ] DEBUG Engine               - profileDir: profiles/
18:58:41.055 [FXGL Background Thread 3 ] DEBUG Engine               - profileName: StringProperty [value: DEFAULT]
18:58:41.055 [FXGL Background Thread 3 ] DEBUG Engine               - randomSeed: -1
18:58:41.056 [FXGL Background Thread 3 ] DEBUG Engine               - runtimeInfo: RuntimeInfo(platform=WINDOWS, version=17.3, build=30.03.2023 11.49)
18:58:41.056 [FXGL Background Thread 3 ] DEBUG Engine               - saveFileExt: sav
18:58:41.056 [FXGL Background Thread 3 ] DEBUG Engine               - scaledHeightProp$fxgl: DoubleProperty [bound, value: 720.0]
18:58:41.056 [FXGL Background Thread 3 ] DEBUG Engine               - scaledWidthProp$fxgl: DoubleProperty [bound, value: 1280.0]
18:58:41.056 [FXGL Background Thread 3 ] DEBUG Engine               - sceneFactory: com.example.rpgplatform.RPGPlatform$1@34b4300d
18:58:41.056 [FXGL Background Thread 3 ] DEBUG Engine               - secondsIn24h: 60
18:58:41.056 [FXGL Background Thread 3 ] DEBUG Engine               - soundMenuBack: menu/back.wav
18:58:41.056 [FXGL Background Thread 3 ] DEBUG Engine               - soundMenuPress: menu/press.wav
18:58:41.057 [FXGL Background Thread 3 ] DEBUG Engine               - soundMenuSelect: menu/select.wav
18:58:41.057 [FXGL Background Thread 3 ] DEBUG Engine               - soundNotification: core/notification.wav
18:58:41.057 [FXGL Background Thread 3 ] DEBUG Engine               - stageStyle: DECORATED
18:58:41.057 [FXGL Background Thread 3 ] DEBUG Engine               - supportedLanguages: [ENGLISH, FRENCH, GERMAN, HUNGARIAN, RUSSIAN]
18:58:41.057 [FXGL Background Thread 3 ] DEBUG Engine               - ticksPerSecond: -1
18:58:41.057 [FXGL Background Thread 3 ] DEBUG Engine               - title: Ew Walay Uyab
18:58:41.057 [FXGL Background Thread 3 ] DEBUG Engine               - urlGithub: https://github.com/AlmasB/FXGL
18:58:41.057 [FXGL Background Thread 3 ] DEBUG Engine               - urlLeaderboard: http://fxgl-top.herokuapp.com/
18:58:41.057 [FXGL Background Thread 3 ] DEBUG Engine               - urlPOM: https://raw.githubusercontent.com/AlmasB/FXGL/release/README.md
18:58:41.057 [FXGL Background Thread 3 ] DEBUG Engine               - userAppClass: class com.example.rpgplatform.RPGPlatform
18:58:41.057 [FXGL Background Thread 3 ] DEBUG Engine               - version: 0.0
18:58:41.057 [FXGL Background Thread 3 ] DEBUG Engine               - versionCheckDays: 7
18:58:41.057 [FXGL Background Thread 3 ] DEBUG Engine               - width: 1280
18:58:41.057 [FXGL Background Thread 3 ] DEBUG Engine               - Logging services
18:58:41.057 [FXGL Background Thread 3 ] DEBUG Engine               - class com.almasb.fxgl.app.services.FXGLAssetLoaderService
18:58:41.057 [FXGL Background Thread 3 ] DEBUG Engine               - class com.almasb.fxgl.app.FXGLApplication$GameApplicationService
18:58:41.057 [FXGL Background Thread 3 ] DEBUG Engine               - class com.almasb.fxgl.app.services.FXGLDialogService
18:58:41.058 [FXGL Background Thread 3 ] DEBUG Engine               - class com.almasb.fxgl.app.services.IOTaskExecutorService
18:58:41.058 [FXGL Background Thread 3 ] DEBUG Engine               - class com.almasb.fxgl.io.FileSystemService
18:58:41.058 [FXGL Background Thread 3 ] DEBUG Engine               - class com.almasb.fxgl.localization.LocalizationService
18:58:41.058 [FXGL Background Thread 3 ] DEBUG Engine               - class com.almasb.fxgl.app.services.SystemBundleService
18:58:41.058 [FXGL Background Thread 3 ] DEBUG Engine               - class com.almasb.fxgl.profile.SaveLoadService
18:58:41.058 [FXGL Background Thread 3 ] DEBUG Engine               - class com.almasb.fxgl.ui.FXGLUIFactoryServiceProvider
18:58:41.058 [FXGL Background Thread 3 ] DEBUG Engine               - class com.almasb.fxgl.ui.FXGLDialogFactoryServiceProvider
18:58:41.058 [FXGL Background Thread 3 ] DEBUG Engine               - class com.almasb.fxgl.audio.AudioPlayer
18:58:41.058 [FXGL Background Thread 3 ] DEBUG Engine               - class com.almasb.fxgl.notification.impl.NotificationServiceProvider
18:58:41.058 [FXGL Background Thread 3 ] DEBUG Engine               - class com.almasb.fxgl.achievement.AchievementService
18:58:41.058 [FXGL Background Thread 3 ] DEBUG Engine               - class com.almasb.fxgl.cutscene.CutsceneService
18:58:41.058 [FXGL Background Thread 3 ] DEBUG Engine               - class com.almasb.fxgl.minigames.MiniGameService
18:58:41.058 [FXGL Background Thread 3 ] DEBUG Engine               - class com.almasb.fxgl.net.NetService
18:58:41.058 [FXGL Background Thread 3 ] DEBUG Engine               - class com.almasb.fxgl.app.services.UpdaterService
18:58:41.058 [FXGL Background Thread 3 ] DEBUG Engine               - class com.almasb.fxgl.dev.DevService
18:58:46.746 [JavaFX Application Thread] DEBUG FXGLApplication      - Exiting FXGL
18:58:46.746 [JavaFX Application Thread] DEBUG LoopRunner           - Stopping loop
18:58:46.746 [JavaFX Application Thread] DEBUG SystemBundleService  - Saving FXGL system data
18:58:46.748 [JavaFX Application Thread] DEBUG FileSystemAccess     - Writing to: C:\Users\User\IdeaProjects\RPGPlatform\system\fxgl.bundle
18:58:46.751 [JavaFX Application Thread] DEBUG Async                - Shutting down background threads
18:58:46.751 [JavaFX Application Thread] DEBUG PrimaryStageWindow   - Closing main window
18:58:46.765 [JavaFX Application Thread] DEBUG Logger               - Closing Logger
