17:08:58.058 [main                     ] DEBUG Logger               - Configured Logger
17:08:58.089 [main                     ] DEBUG GameApplication      - Logging settings
Title: Flat Former Game
Version: 0.0
Width: 1280
Height: 720
Fullscreen: false
Intro: false
Profiling: false
Single step:false
App Mode: DEVELOPER
Menu Key: ESCAPE
Stage Style: DECORATED
Scene Factory: class com.example.rpgplatform.RPGPlatform$1

17:08:58.591 [JavaFX Application Thread] DEBUG FXGLApplication      - Initializing FXGL
17:08:58.597 [JavaFX Application Thread] INFO  Engine               - FXGL-17.3 (30.03.2023 11.49) on WINDOWS (J:21.0.2 FX:21)
17:08:58.597 [JavaFX Application Thread] DEBUG Engine               - JRE Vendor Name: Oracle Corporation
17:08:58.598 [JavaFX Application Thread] DEBUG Engine               - Running on OS: Windows 10 version 10.0
17:08:58.598 [JavaFX Application Thread] DEBUG Engine               - Architecture: amd64
17:08:58.598 [JavaFX Application Thread] INFO  Engine               - Source code and latest versions at: https://github.com/AlmasB/FXGL
17:08:58.598 [JavaFX Application Thread] INFO  Engine               -       Ask questions and discuss at: https://github.com/AlmasB/FXGL/discussions
17:08:58.598 [JavaFX Application Thread] INFO  Engine               -              Join the FXGL chat at: https://gitter.im/AlmasB/FXGL
17:08:58.711 [JavaFX Application Thread] DEBUG PrimaryStageWindow   - Creating a JavaFX scene
17:08:58.770 [JavaFX Application Thread] DEBUG PrimaryStageWindow   - Target settings size: 1280.0 x 720.0
17:08:58.771 [JavaFX Application Thread] DEBUG PrimaryStageWindow   - Scaled scene size:    1280.0 x 720.0
17:08:58.772 [JavaFX Application Thread] DEBUG PrimaryStageWindow   - Scaled ratio: (1.0, 1.0)
17:08:58.773 [JavaFX Application Thread] DEBUG PrimaryStageWindow   - Set initial scene to FXGLStartupScene
17:08:58.777 [JavaFX Application Thread] DEBUG PrimaryStageWindow   - Opening main window
17:08:58.881 [JavaFX Application Thread] DEBUG PrimaryStageWindow   - Window border size: (16.0, 39.0)
17:08:58.881 [JavaFX Application Thread] DEBUG PrimaryStageWindow   - Scaled size: 1280.0 x 720.0
17:08:58.882 [JavaFX Application Thread] DEBUG PrimaryStageWindow   - Scaled ratio: (1.0, 1.0)
17:08:58.882 [JavaFX Application Thread] DEBUG PrimaryStageWindow   - Scene size: 1280.0 x 720.0
17:08:58.882 [JavaFX Application Thread] DEBUG PrimaryStageWindow   - Stage size: 1296.0 x 759.0
17:08:58.893 [FXGL Background Thread 1 ] DEBUG Engine               - Initializing environment variables
17:08:58.956 [FXGL Background Thread 1 ] DEBUG FXGLAssetLoaderServi - User app class for loading assets: class com.example.rpgplatform.RPGPlatform
17:08:58.957 [FXGL Background Thread 1 ] DEBUG GameApplicationServi - Applying CSS: fxgl_dark.css
17:08:58.958 [FXGL Background Thread 1 ] DEBUG FXGLAssetLoaderServi - Loading from file system: jar:file:///C:/Users/User/.m2/repository/com/github/almasb/fxgl/17.3/fxgl-17.3.jar!/fxglassets/ui/css/fxgl_dark.css
17:08:59.019 [FXGL Background Thread 1 ] DEBUG GameApplicationServi - Initializing application scenes
17:08:59.084 [FXGL Background Thread 1 ] DEBUG FXGLAssetLoaderServi - Loading from file system: file:/C:/Users/User/IdeaProjects/RPGPlatform/target/classes/assets/textures/WarriorIdle.png
17:08:59.141 [FXGL Background Thread 1 ] DEBUG GameWorld            - Game world initialized
17:08:59.208 [FXGL Background Thread 1 ] DEBUG PhysicsWorld         - Physics world initialized: appHeight=720, physics.ppm=50.0
17:08:59.209 [FXGL Background Thread 1 ] DEBUG PhysicsWorld         - Using strategy: BRUTE_FORCE
17:08:59.213 [FXGL Background Thread 1 ] DEBUG GameScene            - Game scene initialized: 1280x720
17:08:59.225 [FXGL Background Thread 1 ] DEBUG FXGL.DefaultMenu     - createMenuBodyGameMenu()
17:08:59.269 [FXGL Background Thread 1 ] DEBUG FXGL.DefaultMenu     - createOptionsMenu()
17:08:59.280 [FXGL Background Thread 1 ] DEBUG FXGLAssetLoaderServi - Loading from file system: jar:file:///C:/Users/User/.m2/repository/com/github/almasb/fxgl/17.3/fxgl-17.3.jar!/fxglassets/textures/particles/smoke.png
17:08:59.363 [FXGL Background Thread 1 ] DEBUG FXGLAssetLoaderServi - Loading from file system: jar:file:///C:/Users/User/.m2/repository/com/github/almasb/fxgl/17.3/fxgl-17.3.jar!/fxglassets/textures/particles/trace_horizontal.png
17:08:59.387 [FXGL Background Thread 1 ] DEBUG GameApplicationServi - Application scenes initialized
17:08:59.404 [FXGL Background Thread 1 ] DEBUG SystemBundleService  - Loading FXGL system data
17:08:59.409 [FXGL Background Thread 1 ] DEBUG FileSystemAccess     - Reading from: C:\Users\User\IdeaProjects\RPGPlatform\system\fxgl.bundle
17:08:59.421 [FXGL Background Thread 1 ] DEBUG SystemBundleService  - Bundle FXGL: {}
17:08:59.422 [FXGL Background Thread 1 ] DEBUG UpdaterService       - Checking for updates
17:08:59.460 [FXGL Background Thread 1 ] DEBUG FXGLApplication      - Loading default localization
17:08:59.461 [FXGL Background Thread 1 ] DEBUG FXGLAssetLoaderServi - Loading from file system: jar:file:///C:/Users/User/.m2/repository/com/github/almasb/fxgl/17.3/fxgl-17.3.jar!/fxglassets/languages/english.lang
17:08:59.484 [FXGL Background Thread 1 ] INFO  FXGLApplication      - FXGL initialization took: 0.591 sec
17:08:59.485 [JavaFX Application Thread] DEBUG FXGLAssetLoaderServi - Loading from file system: file:/C:/Users/User/IdeaProjects/RPGPlatform/target/classes/assets/music/BGM_dash_runner.wav
17:08:59.511 [FXGL Background Thread 4 ] DEBUG FXGLApplication      - Loading fonts
17:08:59.512 [FXGL Background Thread 4 ] DEBUG FXGLAssetLoaderServi - Loading from file system: jar:file:///C:/Users/User/.m2/repository/com/github/almasb/fxgl/17.3/fxgl-17.3.jar!/fxglassets/ui/fonts/VarelaRound-Regular.ttf
17:08:59.605 [FXGL Background Thread 4 ] DEBUG FXGLAssetLoaderServi - Loading from file system: jar:file:///C:/Users/User/.m2/repository/com/github/almasb/fxgl/17.3/fxgl-17.3.jar!/fxglassets/ui/fonts/Abel-Regular.ttf
17:08:59.613 [FXGL Background Thread 4 ] DEBUG FXGLAssetLoaderServi - Loading from file system: jar:file:///C:/Users/User/.m2/repository/com/github/almasb/fxgl/17.3/fxgl-17.3.jar!/fxglassets/ui/fonts/TerminalLandMono-Regular.otf
17:08:59.674 [FXGL Background Thread 4 ] DEBUG FXGLAssetLoaderServi - Loading from file system: jar:file:///C:/Users/User/.m2/repository/com/github/almasb/fxgl/17.3/fxgl-17.3.jar!/fxglassets/ui/fonts/Courier-Prime.ttf
17:08:59.771 [JavaFX Application Thread] DEBUG AudioPlayer          - Playing music com.almasb.fxgl.audio.Music@506e9e22
17:08:59.772 [JavaFX Application Thread] DEBUG FXGLAssetLoaderServi - Loading from file system: jar:file:///C:/Users/User/.m2/repository/com/github/almasb/fxgl/17.3/fxgl-17.3.jar!/fxglassets/textures/fxgl_icon.png
17:08:59.783 [JavaFX Application Thread] DEBUG FXGLAssetLoaderServi - Loading from file system: jar:file:///C:/Users/User/.m2/repository/com/github/almasb/fxgl/17.3/fxgl-17.3.jar!/fxglassets/textures/fxgl_default_cursor.png
17:08:59.795 [JavaFX Application Thread] DEBUG Input                - Registered new binding: Screenshot - CTRL+8
17:08:59.796 [JavaFX Application Thread] DEBUG Input                - Registered new binding: Dev Options - 1
17:08:59.797 [JavaFX Application Thread] DEBUG Input                - Registered new binding: Dev Console - 2
17:08:59.797 [JavaFX Application Thread] DEBUG Input                - Registered new binding: System info dump - CTRL+9
17:08:59.798 [JavaFX Application Thread] DEBUG Input                - Registered new binding: Restart - CTRL+R
17:08:59.798 [JavaFX Application Thread] DEBUG Input                - Registered new binding: Toggle Debug Camera - CTRL+7
17:08:59.802 [JavaFX Application Thread] DEBUG LoopRunner           - Starting loop
17:08:59.816 [JavaFX Application Thread] DEBUG LoopRunner           - Initializing JavaFX AnimationTimerLoop
17:08:59.817 [JavaFX Application Thread] DEBUG GameApplicationServi - Starting new game
17:08:59.818 [JavaFX Application Thread] DEBUG Input                - Clearing active input actions
17:08:59.881 [JavaFX Application Thread] DEBUG GameApplicationServi - Removing overlay from FXGLStartupScene and adding to MainLoadingScene
17:08:59.908 [JavaFX Application Thread] DEBUG PrimaryStageWindow   - FXGLStartupScene -> MainLoadingScene
17:08:59.908 [JavaFX Application Thread] DEBUG GameApplicationServi - Clearing previous game
17:08:59.909 [JavaFX Application Thread] DEBUG GameScene            - Clearing game scene
17:08:59.909 [JavaFX Application Thread] DEBUG GameWorld            - Clearing game world
17:08:59.909 [JavaFX Application Thread] DEBUG PhysicsWorld         - Clearing physics world
17:08:59.910 [FXGL Background Thread 4 ] DEBUG FXGLApplication      - Initializing game
17:08:59.910 [JavaFX Application Thread] DEBUG FXGLApplication      - Registering font factories with UI factory
17:08:59.917 [FXGL Background Thread 4 ] INFO  FXGLApplication      - Game initialization took: 0.007 sec
17:09:00.218 [JavaFX Application Thread] DEBUG Input                - Clearing active input actions
17:09:00.226 [JavaFX Application Thread] DEBUG GameApplicationServi - Removing overlay from MainLoadingScene and adding to GameScene
17:09:00.232 [JavaFX Application Thread] DEBUG PrimaryStageWindow   - MainLoadingScene -> GameScene
17:09:00.297 [FXGL Background Thread 2 ] INFO  UpdaterService       - Your current version:  17.3
17:09:00.297 [FXGL Background Thread 2 ] INFO  UpdaterService       - Latest stable version: 21.1
17:09:00.867 [JavaFX Application Thread] DEBUG PrimaryStageWindow   - Push state: DialogSubScene
17:09:00.868 [JavaFX Application Thread] DEBUG Input                - Clearing active input actions
17:09:00.869 [JavaFX Application Thread] DEBUG GameApplicationServi - Removing overlay from GameScene and adding to DialogSubScene
17:09:00.872 [JavaFX Application Thread] DEBUG PrimaryStageWindow   - GameScene -> DialogSubScene
17:09:02.457 [FXGL Background Thread 3 ] DEBUG Engine               - Logging environment variables
17:09:02.457 [FXGL Background Thread 3 ] DEBUG Engine               - achievements: []
17:09:02.457 [FXGL Background Thread 3 ] DEBUG Engine               - actualHeight: 720.0
17:09:02.457 [FXGL Background Thread 3 ] DEBUG Engine               - actualHeightProperty: ReadOnlyDoubleProperty [value: 720.0]
17:09:02.458 [FXGL Background Thread 3 ] DEBUG Engine               - actualWidth: 1280.0
17:09:02.458 [FXGL Background Thread 3 ] DEBUG Engine               - actualWidthProperty: ReadOnlyDoubleProperty [value: 1280.0]
17:09:02.458 [FXGL Background Thread 3 ] DEBUG Engine               - appIcon: fxgl_icon.png
17:09:02.458 [FXGL Background Thread 3 ] DEBUG Engine               - applicationMode: DEVELOPER
17:09:02.458 [FXGL Background Thread 3 ] DEBUG Engine               - cSSList: [fxgl_dark.css]
17:09:02.458 [FXGL Background Thread 3 ] DEBUG Engine               - collisionDetectionStrategy: BRUTE_FORCE
17:09:02.458 [FXGL Background Thread 3 ] DEBUG Engine               - configClass: Optional.empty
17:09:02.458 [FXGL Background Thread 3 ] DEBUG Engine               - credits: []
17:09:02.459 [FXGL Background Thread 3 ] DEBUG Engine               - defaultCursor: CursorInfo(imageName=fxgl_default_cursor.png, hotspotX=7.0, hotspotY=6.0)
17:09:02.459 [FXGL Background Thread 3 ] DEBUG Engine               - devBBoxColorProperty: ObjectProperty [value: 0xff0000ff]
17:09:02.459 [FXGL Background Thread 3 ] DEBUG Engine               - devEnableDebugCameraProperty: BooleanProperty [value: false]
17:09:02.459 [FXGL Background Thread 3 ] DEBUG Engine               - devSensorColorProperty: ObjectProperty [value: 0xffff00ff]
17:09:02.459 [FXGL Background Thread 3 ] DEBUG Engine               - devShowBBoxProperty: BooleanProperty [value: false]
17:09:02.459 [FXGL Background Thread 3 ] DEBUG Engine               - devShowPositionProperty: BooleanProperty [value: false]
17:09:02.460 [FXGL Background Thread 3 ] DEBUG Engine               - enabledMenuItems: []
17:09:02.460 [FXGL Background Thread 3 ] DEBUG Engine               - engineServices: [class com.almasb.fxgl.app.services.FXGLAssetLoaderService, class com.almasb.fxgl.app.FXGLApplication$GameApplicationService, class com.almasb.fxgl.app.services.FXGLDialogService, class com.almasb.fxgl.app.services.IOTaskExecutorService, class com.almasb.fxgl.io.FileSystemService, class com.almasb.fxgl.localization.LocalizationService, class com.almasb.fxgl.app.services.SystemBundleService, class com.almasb.fxgl.profile.SaveLoadService, class com.almasb.fxgl.ui.FXGLUIFactoryServiceProvider, class com.almasb.fxgl.ui.FXGLDialogFactoryServiceProvider, class com.almasb.fxgl.audio.AudioPlayer, class com.almasb.fxgl.notification.impl.NotificationServiceProvider, class com.almasb.fxgl.achievement.AchievementService, class com.almasb.fxgl.cutscene.CutsceneService, class com.almasb.fxgl.minigames.MiniGameService, class com.almasb.fxgl.net.NetService, class com.almasb.fxgl.app.services.UpdaterService, class com.almasb.fxgl.dev.DevService, class com.almasb.fxgl.multiplayer.MultiplayerService]
17:09:02.460 [FXGL Background Thread 3 ] DEBUG Engine               - fontGame: Abel-Regular.ttf
17:09:02.460 [FXGL Background Thread 3 ] DEBUG Engine               - fontMono: TerminalLandMono-Regular.otf
17:09:02.460 [FXGL Background Thread 3 ] DEBUG Engine               - fontSizeScaleUI: 1.0
17:09:02.460 [FXGL Background Thread 3 ] DEBUG Engine               - fontText: Courier-Prime.ttf
17:09:02.460 [FXGL Background Thread 3 ] DEBUG Engine               - fontUI: VarelaRound-Regular.ttf
17:09:02.460 [FXGL Background Thread 3 ] DEBUG Engine               - fullScreen: BooleanProperty [value: false]
17:09:02.460 [FXGL Background Thread 3 ] DEBUG Engine               - gameDifficulty: MEDIUM
17:09:02.460 [FXGL Background Thread 3 ] DEBUG Engine               - gameDifficultyProperty: ObjectProperty [value: MEDIUM]
17:09:02.460 [FXGL Background Thread 3 ] DEBUG Engine               - globalMusicVolume: 0.5
17:09:02.460 [FXGL Background Thread 3 ] DEBUG Engine               - globalMusicVolumeProperty: DoubleProperty [value: 0.0]
17:09:02.461 [FXGL Background Thread 3 ] DEBUG Engine               - globalSoundVolume: 0.5
17:09:02.461 [FXGL Background Thread 3 ] DEBUG Engine               - globalSoundVolumeProperty: DoubleProperty [value: 0.5]
17:09:02.461 [FXGL Background Thread 3 ] DEBUG Engine               - height: 720
17:09:02.461 [FXGL Background Thread 3 ] DEBUG Engine               - is3D: false
17:09:02.461 [FXGL Background Thread 3 ] DEBUG Engine               - isAndroid: false
17:09:02.461 [FXGL Background Thread 3 ] DEBUG Engine               - isBrowser: false
17:09:02.461 [FXGL Background Thread 3 ] DEBUG Engine               - isClickFeedbackEnabled: false
17:09:02.461 [FXGL Background Thread 3 ] DEBUG Engine               - isCloseConfirmation: false
17:09:02.461 [FXGL Background Thread 3 ] DEBUG Engine               - isDesktop: true
17:09:02.461 [FXGL Background Thread 3 ] DEBUG Engine               - isDeveloperMenuEnabled: true
17:09:02.461 [FXGL Background Thread 3 ] DEBUG Engine               - isEmbedded: false
17:09:02.462 [FXGL Background Thread 3 ] DEBUG Engine               - isEntityPreloadEnabled: true
17:09:02.462 [FXGL Background Thread 3 ] DEBUG Engine               - isExperimentalTiledLargeMap: false
17:09:02.462 [FXGL Background Thread 3 ] DEBUG Engine               - isFileSystemWriteAllowed: true
17:09:02.462 [FXGL Background Thread 3 ] DEBUG Engine               - isFullScreenAllowed: false
17:09:02.462 [FXGL Background Thread 3 ] DEBUG Engine               - isFullScreenFromStart: false
17:09:02.462 [FXGL Background Thread 3 ] DEBUG Engine               - isGameMenuEnabled: true
17:09:02.462 [FXGL Background Thread 3 ] DEBUG Engine               - isIOS: false
17:09:02.462 [FXGL Background Thread 3 ] DEBUG Engine               - isIntroEnabled: false
17:09:02.463 [FXGL Background Thread 3 ] DEBUG Engine               - isLinux: false
17:09:02.463 [FXGL Background Thread 3 ] DEBUG Engine               - isMac: false
17:09:02.463 [FXGL Background Thread 3 ] DEBUG Engine               - isMainMenuEnabled: false
17:09:02.465 [FXGL Background Thread 3 ] DEBUG Engine               - isManualResizeEnabled: false
17:09:02.465 [FXGL Background Thread 3 ] DEBUG Engine               - isMobile: false
17:09:02.465 [FXGL Background Thread 3 ] DEBUG Engine               - isNative: false
17:09:02.466 [FXGL Background Thread 3 ] DEBUG Engine               - isPauseMusicWhenMinimized: true
17:09:02.466 [FXGL Background Thread 3 ] DEBUG Engine               - isPreserveResizeRatio: false
17:09:02.466 [FXGL Background Thread 3 ] DEBUG Engine               - isProfilingEnabled: false
17:09:02.466 [FXGL Background Thread 3 ] DEBUG Engine               - isScaleAffectedOnResize: true
17:09:02.466 [FXGL Background Thread 3 ] DEBUG Engine               - isSingleStep: false
17:09:02.466 [FXGL Background Thread 3 ] DEBUG Engine               - isUserProfileEnabled: false
17:09:02.466 [FXGL Background Thread 3 ] DEBUG Engine               - isWindows: true
17:09:02.466 [FXGL Background Thread 3 ] DEBUG Engine               - language: ObjectProperty [value: ENGLISH]
17:09:02.466 [FXGL Background Thread 3 ] DEBUG Engine               - menuKey: ESCAPE
17:09:02.466 [FXGL Background Thread 3 ] DEBUG Engine               - mouseSensitivity: 0.2
17:09:02.467 [FXGL Background Thread 3 ] DEBUG Engine               - notificationViewClass: class com.almasb.fxgl.notification.view.XboxNotificationView
17:09:02.467 [FXGL Background Thread 3 ] DEBUG Engine               - pixelsPerMeter: 50.0
17:09:02.467 [FXGL Background Thread 3 ] DEBUG Engine               - platform: WINDOWS
17:09:02.467 [FXGL Background Thread 3 ] DEBUG Engine               - prefHeightProperty: ReadOnlyDoubleProperty [value: 720.0]
17:09:02.467 [FXGL Background Thread 3 ] DEBUG Engine               - prefWidthProperty: ReadOnlyDoubleProperty [value: 1280.0]
17:09:02.467 [FXGL Background Thread 3 ] DEBUG Engine               - profileDir: profiles/
17:09:02.467 [FXGL Background Thread 3 ] DEBUG Engine               - profileName: StringProperty [value: DEFAULT]
17:09:02.467 [FXGL Background Thread 3 ] DEBUG Engine               - randomSeed: -1
17:09:02.467 [FXGL Background Thread 3 ] DEBUG Engine               - runtimeInfo: RuntimeInfo(platform=WINDOWS, version=17.3, build=30.03.2023 11.49)
17:09:02.468 [FXGL Background Thread 3 ] DEBUG Engine               - saveFileExt: sav
17:09:02.468 [FXGL Background Thread 3 ] DEBUG Engine               - scaledHeightProp$fxgl: DoubleProperty [bound, value: 720.0]
17:09:02.468 [FXGL Background Thread 3 ] DEBUG Engine               - scaledWidthProp$fxgl: DoubleProperty [bound, value: 1280.0]
17:09:02.468 [FXGL Background Thread 3 ] DEBUG Engine               - sceneFactory: com.example.rpgplatform.RPGPlatform$1@7edb5b88
17:09:02.468 [FXGL Background Thread 3 ] DEBUG Engine               - secondsIn24h: 60
17:09:02.468 [FXGL Background Thread 3 ] DEBUG Engine               - soundMenuBack: menu/back.wav
17:09:02.469 [FXGL Background Thread 3 ] DEBUG Engine               - soundMenuPress: menu/press.wav
17:09:02.469 [FXGL Background Thread 3 ] DEBUG Engine               - soundMenuSelect: menu/select.wav
17:09:02.469 [FXGL Background Thread 3 ] DEBUG Engine               - soundNotification: core/notification.wav
17:09:02.469 [FXGL Background Thread 3 ] DEBUG Engine               - stageStyle: DECORATED
17:09:02.469 [FXGL Background Thread 3 ] DEBUG Engine               - supportedLanguages: [ENGLISH, FRENCH, GERMAN, HUNGARIAN, RUSSIAN]
17:09:02.469 [FXGL Background Thread 3 ] DEBUG Engine               - ticksPerSecond: -1
17:09:02.469 [FXGL Background Thread 3 ] DEBUG Engine               - title: Flat Former Game
17:09:02.470 [FXGL Background Thread 3 ] DEBUG Engine               - urlGithub: https://github.com/AlmasB/FXGL
17:09:02.470 [FXGL Background Thread 3 ] DEBUG Engine               - urlLeaderboard: http://fxgl-top.herokuapp.com/
17:09:02.470 [FXGL Background Thread 3 ] DEBUG Engine               - urlPOM: https://raw.githubusercontent.com/AlmasB/FXGL/release/README.md
17:09:02.470 [FXGL Background Thread 3 ] DEBUG Engine               - userAppClass: class com.example.rpgplatform.RPGPlatform
17:09:02.470 [FXGL Background Thread 3 ] DEBUG Engine               - version: 0.0
17:09:02.470 [FXGL Background Thread 3 ] DEBUG Engine               - versionCheckDays: 7
17:09:02.470 [FXGL Background Thread 3 ] DEBUG Engine               - width: 1280
17:09:02.470 [FXGL Background Thread 3 ] DEBUG Engine               - Logging services
17:09:02.470 [FXGL Background Thread 3 ] DEBUG Engine               - class com.almasb.fxgl.app.services.FXGLAssetLoaderService
17:09:02.471 [FXGL Background Thread 3 ] DEBUG Engine               - class com.almasb.fxgl.app.FXGLApplication$GameApplicationService
17:09:02.471 [FXGL Background Thread 3 ] DEBUG Engine               - class com.almasb.fxgl.app.services.FXGLDialogService
17:09:02.471 [FXGL Background Thread 3 ] DEBUG Engine               - class com.almasb.fxgl.app.services.IOTaskExecutorService
17:09:02.471 [FXGL Background Thread 3 ] DEBUG Engine               - class com.almasb.fxgl.io.FileSystemService
17:09:02.471 [FXGL Background Thread 3 ] DEBUG Engine               - class com.almasb.fxgl.localization.LocalizationService
17:09:02.471 [FXGL Background Thread 3 ] DEBUG Engine               - class com.almasb.fxgl.app.services.SystemBundleService
17:09:02.471 [FXGL Background Thread 3 ] DEBUG Engine               - class com.almasb.fxgl.profile.SaveLoadService
17:09:02.471 [FXGL Background Thread 3 ] DEBUG Engine               - class com.almasb.fxgl.ui.FXGLUIFactoryServiceProvider
17:09:02.471 [FXGL Background Thread 3 ] DEBUG Engine               - class com.almasb.fxgl.ui.FXGLDialogFactoryServiceProvider
17:09:02.471 [FXGL Background Thread 3 ] DEBUG Engine               - class com.almasb.fxgl.audio.AudioPlayer
17:09:02.471 [FXGL Background Thread 3 ] DEBUG Engine               - class com.almasb.fxgl.notification.impl.NotificationServiceProvider
17:09:02.471 [FXGL Background Thread 3 ] DEBUG Engine               - class com.almasb.fxgl.achievement.AchievementService
17:09:02.471 [FXGL Background Thread 3 ] DEBUG Engine               - class com.almasb.fxgl.cutscene.CutsceneService
17:09:02.472 [FXGL Background Thread 3 ] DEBUG Engine               - class com.almasb.fxgl.minigames.MiniGameService
17:09:02.472 [FXGL Background Thread 3 ] DEBUG Engine               - class com.almasb.fxgl.net.NetService
17:09:02.472 [FXGL Background Thread 3 ] DEBUG Engine               - class com.almasb.fxgl.app.services.UpdaterService
17:09:02.472 [FXGL Background Thread 3 ] DEBUG Engine               - class com.almasb.fxgl.dev.DevService
17:09:02.472 [FXGL Background Thread 3 ] DEBUG Engine               - class com.almasb.fxgl.multiplayer.MultiplayerService
17:09:10.296 [JavaFX Application Thread] DEBUG PrimaryStageWindow   - Pop state: DialogSubScene
17:09:10.296 [JavaFX Application Thread] DEBUG Input                - Clearing active input actions
17:09:10.297 [JavaFX Application Thread] DEBUG GameApplicationServi - Removing overlay from DialogSubScene and adding to GameScene
17:09:10.299 [JavaFX Application Thread] DEBUG PrimaryStageWindow   - GameScene <- DialogSubScene
17:09:10.338 [JavaFX Application Thread] DEBUG TMXLevelLoader       - Parsed TiledMap: file:/C:/Users/User/IdeaProjects/RPGPlatform/target/classes/assets/levels/tmx/level1.tmx
17:09:10.339 [JavaFX Application Thread] DEBUG TMXLevelLoader       - Creating tile layer entities
17:09:10.341 [JavaFX Application Thread] DEBUG TilesetLoader        - Loading view for layer Tile Layer 1
17:09:10.342 [JavaFX Application Thread] DEBUG TilesetLoader        - Created buffer with size 1050.0x700.0
17:09:10.354 [JavaFX Application Thread] DEBUG TMXLevelLoader       - Creating object layer entities
17:09:10.371 [JavaFX Application Thread] DEBUG GameWorld            - Clearing removable entities
17:09:10.372 [JavaFX Application Thread] DEBUG GameWorld            - Setting level: com.almasb.fxgl.entity.level.Level@7f805259
17:09:10.382 [ServerAsyncConnThread    ] DEBUG TCPServer            - Starting to listen at: 55555 type: class com.almasb.fxgl.core.serialization.Bundle
17:09:11.142 [ServerAsyncConnThread    ] DEBUG Endpoint             - TCPServer opening new connection (1) from /127.0.0.1:55917 type: class com.almasb.fxgl.core.serialization.Bundle
17:09:11.144 [ServerAsyncConnThread    ] DEBUG Endpoint             - TCPServer successfully opened connection (1)
17:09:11.151 [TCPServer_SendThread-1   ] DEBUG Writers              - Getting TCPMessageWriter for class com.almasb.fxgl.core.serialization.Bundle
17:09:11.159 [JavaFX Application Thread] DEBUG FXGLAssetLoaderServi - Loading from file system: file:/C:/Users/User/IdeaProjects/RPGPlatform/target/classes/assets/textures/WarriorHigh_Jump.png
17:09:11.159 [TCPServer_SendThread-1   ] DEBUG Writers              - Constructed TCPMessageWriter for class com.almasb.fxgl.core.serialization.Bundle: BundleTCPMessageWriter
17:09:11.161 [TCPServer_RecvThread-1   ] DEBUG Readers              - Getting TCPMessageReader for class com.almasb.fxgl.core.serialization.Bundle
17:09:11.162 [TCPServer_RecvThread-1   ] DEBUG Readers              - Constructed MessageReader for class com.almasb.fxgl.core.serialization.Bundle: BundleTCPMessageReader
17:09:11.165 [JavaFX Application Thread] DEBUG FXGLAssetLoaderServi - Loading from file system: file:/C:/Users/User/IdeaProjects/RPGPlatform/target/classes/assets/textures/WarriorWalk.png
17:09:11.168 [JavaFX Application Thread] DEBUG FXGLAssetLoaderServi - Loading from file system: file:/C:/Users/User/IdeaProjects/RPGPlatform/target/classes/assets/textures/WarriorAttack.png
17:09:11.171 [JavaFX Application Thread] DEBUG FXGLAssetLoaderServi - Loading from file system: file:/C:/Users/User/IdeaProjects/RPGPlatform/target/classes/assets/textures/WarriorSpecialAttack.png
17:09:11.201 [JavaFX Application Thread] DEBUG FXGLAssetLoaderServi - Loading from file system: file:/C:/Users/User/IdeaProjects/RPGPlatform/target/classes/assets/textures/background/windrise-background.png
17:09:11.205 [Thread-606               ] DEBUG Input                - Registered new binding: Left - A
17:09:11.205 [Thread-605               ] DEBUG Input                - Registered new binding: Left - A
17:09:11.206 [Thread-605               ] DEBUG Input                - Registered new binding: Right - D
17:09:11.206 [Thread-605               ] DEBUG Input                - Registered new binding: Jump - W
17:09:11.206 [Thread-606               ] DEBUG Input                - Registered new binding: Right - D
17:09:11.207 [Thread-606               ] DEBUG Input                - Registered new binding: Jump - W
17:09:11.207 [Thread-605               ] DEBUG Input                - Registered new binding: BasicAttack - I
17:09:11.207 [Thread-606               ] DEBUG Input                - Registered new binding: BasicAttack - I
17:09:11.207 [Thread-605               ] DEBUG Input                - Registered new binding: SkillAttack - P
17:09:11.207 [Thread-606               ] DEBUG Input                - Registered new binding: SkillAttack - P
17:09:13.259 [JavaFX Application Thread] DEBUG Input                - Mocking button press: LMB at 0.0, 0.0
17:09:13.336 [JavaFX Application Thread] DEBUG Input                - Mocking button release: LMB at 0.0, 0.0
17:09:13.549 [JavaFX Application Thread] DEBUG Input                - Mocking key press: D
17:09:13.562 [JavaFX Application Thread] DEBUG Input                - Mocking key release: D
17:09:13.804 [JavaFX Application Thread] DEBUG Input                - Mocking key press: A
17:09:13.870 [JavaFX Application Thread] DEBUG Input                - Mocking key release: A
17:09:14.064 [JavaFX Application Thread] DEBUG Input                - Mocking key press: A
17:09:14.137 [JavaFX Application Thread] DEBUG Input                - Mocking key release: A
17:09:14.313 [JavaFX Application Thread] DEBUG Input                - Mocking key press: D
17:09:14.396 [JavaFX Application Thread] DEBUG Input                - Mocking key release: D
17:09:14.591 [JavaFX Application Thread] DEBUG Input                - Mocking key press: A
17:09:14.651 [JavaFX Application Thread] DEBUG Input                - Mocking key release: A
17:09:15.129 [JavaFX Application Thread] DEBUG Input                - Mocking key press: D
17:09:15.192 [JavaFX Application Thread] DEBUG Input                - Mocking key release: D
17:09:15.363 [JavaFX Application Thread] DEBUG Input                - Mocking key press: A
17:09:15.446 [JavaFX Application Thread] DEBUG Input                - Mocking key release: A
17:09:16.263 [JavaFX Application Thread] DEBUG Input                - Mocking key press: A
17:09:16.365 [JavaFX Application Thread] DEBUG Input                - Mocking key release: A
17:09:16.397 [JavaFX Application Thread] DEBUG Input                - Mocking key press: D
17:09:16.459 [JavaFX Application Thread] DEBUG Input                - Mocking key release: D
17:09:16.476 [JavaFX Application Thread] DEBUG Input                - Mocking key press: A
17:09:16.551 [JavaFX Application Thread] DEBUG Input                - Mocking key release: A
17:09:16.553 [JavaFX Application Thread] DEBUG Input                - Mocking key press: D
17:09:16.621 [JavaFX Application Thread] DEBUG Input                - Mocking key release: D
17:09:16.632 [JavaFX Application Thread] DEBUG Input                - Mocking key press: A
17:09:16.699 [JavaFX Application Thread] DEBUG Input                - Mocking key release: A
17:09:16.704 [JavaFX Application Thread] DEBUG Input                - Mocking key press: D
17:09:16.777 [JavaFX Application Thread] DEBUG Input                - Mocking key press: A
17:09:16.778 [JavaFX Application Thread] DEBUG Input                - Mocking key release: D
17:09:16.845 [JavaFX Application Thread] DEBUG Input                - Mocking key release: A
17:09:16.857 [JavaFX Application Thread] DEBUG Input                - Mocking key press: D
17:09:16.924 [JavaFX Application Thread] DEBUG Input                - Mocking key release: D
17:09:16.924 [JavaFX Application Thread] DEBUG Input                - Mocking key press: A
17:09:16.980 [JavaFX Application Thread] DEBUG Input                - Mocking key release: A
17:09:17.006 [JavaFX Application Thread] DEBUG Input                - Mocking key press: D
17:09:17.044 [JavaFX Application Thread] DEBUG Input                - Mocking key press: A
17:09:17.084 [JavaFX Application Thread] DEBUG Input                - Mocking key release: D
17:09:17.119 [JavaFX Application Thread] DEBUG Input                - Mocking key release: A
17:09:17.141 [JavaFX Application Thread] DEBUG Input                - Mocking key press: D
17:09:17.179 [JavaFX Application Thread] DEBUG Input                - Mocking key press: A
17:09:17.192 [JavaFX Application Thread] DEBUG Input                - Mocking key release: D
17:09:17.245 [JavaFX Application Thread] DEBUG Input                - Mocking key release: A
17:09:17.258 [JavaFX Application Thread] DEBUG Input                - Mocking key press: D
17:09:17.297 [JavaFX Application Thread] DEBUG Input                - Mocking key press: A
17:09:17.325 [JavaFX Application Thread] DEBUG Input                - Mocking key release: D
17:09:17.406 [JavaFX Application Thread] DEBUG Input                - Mocking key press: W
17:09:17.484 [JavaFX Application Thread] DEBUG Input                - Mocking key release: A
17:09:17.485 [JavaFX Application Thread] DEBUG Input                - Mocking key press: D
17:09:17.514 [JavaFX Application Thread] DEBUG Input                - Mocking key release: W
17:09:17.590 [JavaFX Application Thread] DEBUG Input                - Mocking key press: A
17:09:17.604 [JavaFX Application Thread] DEBUG Input                - Mocking key release: D
17:09:17.605 [JavaFX Application Thread] DEBUG Input                - Mocking key press: W
17:09:17.614 [JavaFX Application Thread] DEBUG Input                - Mocking key release: W
17:09:17.751 [JavaFX Application Thread] DEBUG Input                - Mocking key press: S
17:09:17.805 [JavaFX Application Thread] DEBUG Input                - Mocking key release: A
17:09:17.831 [JavaFX Application Thread] DEBUG Input                - Mocking key press: D
17:09:17.868 [JavaFX Application Thread] DEBUG Input                - Mocking key release: S
17:09:17.952 [JavaFX Application Thread] DEBUG Input                - Mocking key press: W
17:09:17.998 [JavaFX Application Thread] DEBUG Input                - Mocking key release: D
17:09:18.040 [JavaFX Application Thread] DEBUG Input                - Mocking key press: A
17:09:18.076 [JavaFX Application Thread] DEBUG Input                - Mocking key release: W
17:09:18.207 [JavaFX Application Thread] DEBUG Input                - Mocking key press: W
17:09:18.208 [JavaFX Application Thread] DEBUG Input                - Mocking key press: S
17:09:18.315 [JavaFX Application Thread] DEBUG Input                - Mocking key release: A
17:09:18.342 [JavaFX Application Thread] DEBUG Input                - Mocking key release: S
17:09:18.366 [JavaFX Application Thread] DEBUG Input                - Mocking key release: W
17:09:19.127 [TCPServer_RecvThread-1   ] DEBUG Endpoint             - Connection 1 was unexpectedly disconnected: Connection reset
17:09:19.127 [TCPServer_RecvThread-1   ] DEBUG Connection           - Closing connection 1
17:09:19.128 [TCPServer_RecvThread-1   ] DEBUG Connection           - Connection 1 was correctly closed from local endpoint.
17:09:19.128 [TCPServer_RecvThread-1   ] DEBUG Endpoint             - TCPServer connection (1) was closed
17:09:19.173 [JavaFX Application Thread] DEBUG FXGLApplication      - Exiting FXGL
17:09:19.173 [JavaFX Application Thread] DEBUG LoopRunner           - Stopping loop
17:09:19.173 [JavaFX Application Thread] DEBUG SystemBundleService  - Saving FXGL system data
17:09:19.175 [JavaFX Application Thread] DEBUG FileSystemAccess     - Writing to: C:\Users\User\IdeaProjects\RPGPlatform\system\fxgl.bundle
17:09:19.176 [JavaFX Application Thread] DEBUG Async                - Shutting down background threads
17:09:19.176 [JavaFX Application Thread] DEBUG PrimaryStageWindow   - Closing main window
17:09:19.189 [JavaFX Application Thread] DEBUG Logger               - Closing Logger
