17:12:33.245 [main                     ] DEBUG Logger               - Configured Logger
17:12:33.271 [main                     ] DEBUG GameApplication      - Logging settings
Title: Flat Former Game
Version: 0.0
Width: 1280
Height: 720
Fullscreen: false
Intro: false
Profiling: false
Single step:false
App Mode: DEVELOPER
Menu Key: ESCAPE
Stage Style: DECORATED
Scene Factory: class com.example.rpgplatform.RPGPlatform$1

17:12:33.662 [JavaFX Application Thread] DEBUG FXGLApplication      - Initializing FXGL
17:12:33.667 [JavaFX Application Thread] INFO  Engine               - FXGL-17.3 (30.03.2023 11.49) on WINDOWS (J:21.0.2 FX:21)
17:12:33.667 [JavaFX Application Thread] DEBUG Engine               - JRE Vendor Name: Oracle Corporation
17:12:33.667 [JavaFX Application Thread] DEBUG Engine               - Running on OS: Windows 10 version 10.0
17:12:33.668 [JavaFX Application Thread] DEBUG Engine               - Architecture: amd64
17:12:33.668 [JavaFX Application Thread] INFO  Engine               - Source code and latest versions at: https://github.com/AlmasB/FXGL
17:12:33.668 [JavaFX Application Thread] INFO  Engine               -       Ask questions and discuss at: https://github.com/AlmasB/FXGL/discussions
17:12:33.668 [JavaFX Application Thread] INFO  Engine               -              Join the FXGL chat at: https://gitter.im/AlmasB/FXGL
17:12:33.769 [JavaFX Application Thread] DEBUG PrimaryStageWindow   - Creating a JavaFX scene
17:12:33.825 [JavaFX Application Thread] DEBUG PrimaryStageWindow   - Target settings size: 1280.0 x 720.0
17:12:33.825 [JavaFX Application Thread] DEBUG PrimaryStageWindow   - Scaled scene size:    1280.0 x 720.0
17:12:33.825 [JavaFX Application Thread] DEBUG PrimaryStageWindow   - Scaled ratio: (1.0, 1.0)
17:12:33.827 [JavaFX Application Thread] DEBUG PrimaryStageWindow   - Set initial scene to FXGLStartupScene
17:12:33.832 [JavaFX Application Thread] DEBUG PrimaryStageWindow   - Opening main window
17:12:33.924 [JavaFX Application Thread] DEBUG PrimaryStageWindow   - Window border size: (16.0, 39.0)
17:12:33.924 [JavaFX Application Thread] DEBUG PrimaryStageWindow   - Scaled size: 1280.0 x 720.0
17:12:33.924 [JavaFX Application Thread] DEBUG PrimaryStageWindow   - Scaled ratio: (1.0, 1.0)
17:12:33.925 [JavaFX Application Thread] DEBUG PrimaryStageWindow   - Scene size: 1280.0 x 720.0
17:12:33.925 [JavaFX Application Thread] DEBUG PrimaryStageWindow   - Stage size: 1296.0 x 759.0
17:12:33.931 [FXGL Background Thread 1 ] DEBUG Engine               - Initializing environment variables
17:12:33.986 [FXGL Background Thread 1 ] DEBUG FXGLAssetLoaderServi - User app class for loading assets: class com.example.rpgplatform.RPGPlatform
17:12:33.986 [FXGL Background Thread 1 ] DEBUG GameApplicationServi - Applying CSS: fxgl_dark.css
17:12:33.987 [FXGL Background Thread 1 ] DEBUG FXGLAssetLoaderServi - Loading from file system: jar:file:///C:/Users/User/.m2/repository/com/github/almasb/fxgl/17.3/fxgl-17.3.jar!/fxglassets/ui/css/fxgl_dark.css
17:12:34.042 [FXGL Background Thread 1 ] DEBUG GameApplicationServi - Initializing application scenes
17:12:34.121 [FXGL Background Thread 1 ] DEBUG FXGLAssetLoaderServi - Loading from file system: file:/C:/Users/User/IdeaProjects/RPGPlatform/target/classes/assets/textures/WarriorIdle.png
17:12:34.221 [FXGL Background Thread 1 ] DEBUG GameWorld            - Game world initialized
17:12:34.287 [FXGL Background Thread 1 ] DEBUG PhysicsWorld         - Physics world initialized: appHeight=720, physics.ppm=50.0
17:12:34.288 [FXGL Background Thread 1 ] DEBUG PhysicsWorld         - Using strategy: BRUTE_FORCE
17:12:34.294 [FXGL Background Thread 1 ] DEBUG GameScene            - Game scene initialized: 1280x720
17:12:34.306 [FXGL Background Thread 1 ] DEBUG FXGL.DefaultMenu     - createMenuBodyGameMenu()
17:12:34.372 [FXGL Background Thread 1 ] DEBUG FXGL.DefaultMenu     - createOptionsMenu()
17:12:34.396 [FXGL Background Thread 1 ] DEBUG FXGLAssetLoaderServi - Loading from file system: jar:file:///C:/Users/User/.m2/repository/com/github/almasb/fxgl/17.3/fxgl-17.3.jar!/fxglassets/textures/particles/smoke.png
17:12:34.470 [FXGL Background Thread 1 ] DEBUG FXGLAssetLoaderServi - Loading from file system: jar:file:///C:/Users/User/.m2/repository/com/github/almasb/fxgl/17.3/fxgl-17.3.jar!/fxglassets/textures/particles/trace_horizontal.png
17:12:34.490 [FXGL Background Thread 1 ] DEBUG GameApplicationServi - Application scenes initialized
17:12:34.505 [FXGL Background Thread 1 ] DEBUG SystemBundleService  - Loading FXGL system data
17:12:34.511 [FXGL Background Thread 1 ] DEBUG FileSystemAccess     - Reading from: C:\Users\User\IdeaProjects\RPGPlatform\system\fxgl.bundle
17:12:34.525 [FXGL Background Thread 1 ] DEBUG SystemBundleService  - Bundle FXGL: {}
17:12:34.525 [FXGL Background Thread 1 ] DEBUG UpdaterService       - Checking for updates
17:12:34.565 [FXGL Background Thread 4 ] DEBUG FXGLApplication      - Loading fonts
17:12:34.565 [FXGL Background Thread 1 ] DEBUG FXGLApplication      - Loading default localization
17:12:34.566 [FXGL Background Thread 1 ] DEBUG FXGLAssetLoaderServi - Loading from file system: jar:file:///C:/Users/User/.m2/repository/com/github/almasb/fxgl/17.3/fxgl-17.3.jar!/fxglassets/languages/english.lang
17:12:34.566 [FXGL Background Thread 4 ] DEBUG FXGLAssetLoaderServi - Loading from file system: jar:file:///C:/Users/User/.m2/repository/com/github/almasb/fxgl/17.3/fxgl-17.3.jar!/fxglassets/ui/fonts/VarelaRound-Regular.ttf
17:12:34.597 [FXGL Background Thread 1 ] INFO  FXGLApplication      - FXGL initialization took: 0.665 sec
17:12:34.601 [JavaFX Application Thread] DEBUG FXGLAssetLoaderServi - Loading from file system: file:/C:/Users/User/IdeaProjects/RPGPlatform/target/classes/assets/music/BGM_dash_runner.wav
17:12:34.668 [FXGL Background Thread 4 ] DEBUG FXGLAssetLoaderServi - Loading from file system: jar:file:///C:/Users/User/.m2/repository/com/github/almasb/fxgl/17.3/fxgl-17.3.jar!/fxglassets/ui/fonts/Abel-Regular.ttf
17:12:34.734 [FXGL Background Thread 4 ] DEBUG FXGLAssetLoaderServi - Loading from file system: jar:file:///C:/Users/User/.m2/repository/com/github/almasb/fxgl/17.3/fxgl-17.3.jar!/fxglassets/ui/fonts/TerminalLandMono-Regular.otf
17:12:34.739 [FXGL Background Thread 4 ] DEBUG FXGLAssetLoaderServi - Loading from file system: jar:file:///C:/Users/User/.m2/repository/com/github/almasb/fxgl/17.3/fxgl-17.3.jar!/fxglassets/ui/fonts/Courier-Prime.ttf
17:12:34.862 [JavaFX Application Thread] DEBUG AudioPlayer          - Playing music com.almasb.fxgl.audio.Music@71ad8de
17:12:34.862 [JavaFX Application Thread] DEBUG FXGLAssetLoaderServi - Loading from file system: jar:file:///C:/Users/User/.m2/repository/com/github/almasb/fxgl/17.3/fxgl-17.3.jar!/fxglassets/textures/fxgl_icon.png
17:12:34.875 [JavaFX Application Thread] DEBUG FXGLAssetLoaderServi - Loading from file system: jar:file:///C:/Users/User/.m2/repository/com/github/almasb/fxgl/17.3/fxgl-17.3.jar!/fxglassets/textures/fxgl_default_cursor.png
17:12:34.896 [JavaFX Application Thread] DEBUG Input                - Registered new binding: Screenshot - CTRL+8
17:12:34.897 [JavaFX Application Thread] DEBUG Input                - Registered new binding: Dev Options - 1
17:12:34.897 [JavaFX Application Thread] DEBUG Input                - Registered new binding: Dev Console - 2
17:12:34.898 [JavaFX Application Thread] DEBUG Input                - Registered new binding: System info dump - CTRL+9
17:12:34.898 [JavaFX Application Thread] DEBUG Input                - Registered new binding: Restart - CTRL+R
17:12:34.900 [JavaFX Application Thread] DEBUG Input                - Registered new binding: Toggle Debug Camera - CTRL+7
17:12:34.941 [JavaFX Application Thread] DEBUG LoopRunner           - Starting loop
17:12:34.955 [JavaFX Application Thread] DEBUG LoopRunner           - Initializing JavaFX AnimationTimerLoop
17:12:34.956 [JavaFX Application Thread] DEBUG GameApplicationServi - Starting new game
17:12:34.957 [JavaFX Application Thread] DEBUG Input                - Clearing active input actions
17:12:34.971 [JavaFX Application Thread] DEBUG GameApplicationServi - Removing overlay from FXGLStartupScene and adding to MainLoadingScene
17:12:34.974 [JavaFX Application Thread] DEBUG PrimaryStageWindow   - FXGLStartupScene -> MainLoadingScene
17:12:34.974 [JavaFX Application Thread] DEBUG GameApplicationServi - Clearing previous game
17:12:34.974 [JavaFX Application Thread] DEBUG GameScene            - Clearing game scene
17:12:34.974 [JavaFX Application Thread] DEBUG GameWorld            - Clearing game world
17:12:34.975 [JavaFX Application Thread] DEBUG PhysicsWorld         - Clearing physics world
17:12:34.976 [FXGL Background Thread 4 ] DEBUG FXGLApplication      - Initializing game
17:12:34.976 [JavaFX Application Thread] DEBUG FXGLApplication      - Registering font factories with UI factory
17:12:34.984 [FXGL Background Thread 4 ] INFO  FXGLApplication      - Game initialization took: 0.008 sec
17:12:34.993 [JavaFX Application Thread] DEBUG Input                - Clearing active input actions
17:12:35.013 [JavaFX Application Thread] DEBUG GameApplicationServi - Removing overlay from MainLoadingScene and adding to GameScene
17:12:35.015 [JavaFX Application Thread] DEBUG PrimaryStageWindow   - MainLoadingScene -> GameScene
17:12:35.609 [FXGL Background Thread 2 ] INFO  UpdaterService       - Your current version:  17.3
17:12:35.610 [FXGL Background Thread 2 ] INFO  UpdaterService       - Latest stable version: 21.1
17:12:35.846 [JavaFX Application Thread] DEBUG PrimaryStageWindow   - Push state: DialogSubScene
17:12:35.846 [JavaFX Application Thread] DEBUG Input                - Clearing active input actions
17:12:35.847 [JavaFX Application Thread] DEBUG GameApplicationServi - Removing overlay from GameScene and adding to DialogSubScene
17:12:35.849 [JavaFX Application Thread] DEBUG PrimaryStageWindow   - GameScene -> DialogSubScene
17:12:37.600 [FXGL Background Thread 3 ] DEBUG Engine               - Logging environment variables
17:12:37.601 [FXGL Background Thread 3 ] DEBUG Engine               - achievements: []
17:12:37.601 [FXGL Background Thread 3 ] DEBUG Engine               - actualHeight: 720.0
17:12:37.602 [FXGL Background Thread 3 ] DEBUG Engine               - actualHeightProperty: ReadOnlyDoubleProperty [value: 720.0]
17:12:37.603 [FXGL Background Thread 3 ] DEBUG Engine               - actualWidth: 1280.0
17:12:37.606 [FXGL Background Thread 3 ] DEBUG Engine               - actualWidthProperty: ReadOnlyDoubleProperty [value: 1280.0]
17:12:37.607 [FXGL Background Thread 3 ] DEBUG Engine               - appIcon: fxgl_icon.png
17:12:37.608 [FXGL Background Thread 3 ] DEBUG Engine               - applicationMode: DEVELOPER
17:12:37.608 [FXGL Background Thread 3 ] DEBUG Engine               - cSSList: [fxgl_dark.css]
17:12:37.609 [FXGL Background Thread 3 ] DEBUG Engine               - collisionDetectionStrategy: BRUTE_FORCE
17:12:37.609 [FXGL Background Thread 3 ] DEBUG Engine               - configClass: Optional.empty
17:12:37.609 [FXGL Background Thread 3 ] DEBUG Engine               - credits: []
17:12:37.610 [FXGL Background Thread 3 ] DEBUG Engine               - defaultCursor: CursorInfo(imageName=fxgl_default_cursor.png, hotspotX=7.0, hotspotY=6.0)
17:12:37.610 [FXGL Background Thread 3 ] DEBUG Engine               - devBBoxColorProperty: ObjectProperty [value: 0xff0000ff]
17:12:37.610 [FXGL Background Thread 3 ] DEBUG Engine               - devEnableDebugCameraProperty: BooleanProperty [value: false]
17:12:37.610 [FXGL Background Thread 3 ] DEBUG Engine               - devSensorColorProperty: ObjectProperty [value: 0xffff00ff]
17:12:37.610 [FXGL Background Thread 3 ] DEBUG Engine               - devShowBBoxProperty: BooleanProperty [value: false]
17:12:37.611 [FXGL Background Thread 3 ] DEBUG Engine               - devShowPositionProperty: BooleanProperty [value: false]
17:12:37.611 [FXGL Background Thread 3 ] DEBUG Engine               - enabledMenuItems: []
17:12:37.611 [FXGL Background Thread 3 ] DEBUG Engine               - engineServices: [class com.almasb.fxgl.app.services.FXGLAssetLoaderService, class com.almasb.fxgl.app.FXGLApplication$GameApplicationService, class com.almasb.fxgl.app.services.FXGLDialogService, class com.almasb.fxgl.app.services.IOTaskExecutorService, class com.almasb.fxgl.io.FileSystemService, class com.almasb.fxgl.localization.LocalizationService, class com.almasb.fxgl.app.services.SystemBundleService, class com.almasb.fxgl.profile.SaveLoadService, class com.almasb.fxgl.ui.FXGLUIFactoryServiceProvider, class com.almasb.fxgl.ui.FXGLDialogFactoryServiceProvider, class com.almasb.fxgl.audio.AudioPlayer, class com.almasb.fxgl.notification.impl.NotificationServiceProvider, class com.almasb.fxgl.achievement.AchievementService, class com.almasb.fxgl.cutscene.CutsceneService, class com.almasb.fxgl.minigames.MiniGameService, class com.almasb.fxgl.net.NetService, class com.almasb.fxgl.app.services.UpdaterService, class com.almasb.fxgl.dev.DevService, class com.almasb.fxgl.multiplayer.MultiplayerService]
17:12:37.611 [FXGL Background Thread 3 ] DEBUG Engine               - fontGame: Abel-Regular.ttf
17:12:37.611 [FXGL Background Thread 3 ] DEBUG Engine               - fontMono: TerminalLandMono-Regular.otf
17:12:37.611 [FXGL Background Thread 3 ] DEBUG Engine               - fontSizeScaleUI: 1.0
17:12:37.611 [FXGL Background Thread 3 ] DEBUG Engine               - fontText: Courier-Prime.ttf
17:12:37.611 [FXGL Background Thread 3 ] DEBUG Engine               - fontUI: VarelaRound-Regular.ttf
17:12:37.611 [FXGL Background Thread 3 ] DEBUG Engine               - fullScreen: BooleanProperty [value: false]
17:12:37.612 [FXGL Background Thread 3 ] DEBUG Engine               - gameDifficulty: MEDIUM
17:12:37.613 [FXGL Background Thread 3 ] DEBUG Engine               - gameDifficultyProperty: ObjectProperty [value: MEDIUM]
17:12:37.613 [FXGL Background Thread 3 ] DEBUG Engine               - globalMusicVolume: 0.5
17:12:37.613 [FXGL Background Thread 3 ] DEBUG Engine               - globalMusicVolumeProperty: DoubleProperty [value: 0.0]
17:12:37.613 [FXGL Background Thread 3 ] DEBUG Engine               - globalSoundVolume: 0.5
17:12:37.614 [FXGL Background Thread 3 ] DEBUG Engine               - globalSoundVolumeProperty: DoubleProperty [value: 0.5]
17:12:37.614 [FXGL Background Thread 3 ] DEBUG Engine               - height: 720
17:12:37.614 [FXGL Background Thread 3 ] DEBUG Engine               - is3D: false
17:12:37.614 [FXGL Background Thread 3 ] DEBUG Engine               - isAndroid: false
17:12:37.614 [FXGL Background Thread 3 ] DEBUG Engine               - isBrowser: false
17:12:37.614 [FXGL Background Thread 3 ] DEBUG Engine               - isClickFeedbackEnabled: false
17:12:37.614 [FXGL Background Thread 3 ] DEBUG Engine               - isCloseConfirmation: false
17:12:37.614 [FXGL Background Thread 3 ] DEBUG Engine               - isDesktop: true
17:12:37.614 [FXGL Background Thread 3 ] DEBUG Engine               - isDeveloperMenuEnabled: true
17:12:37.614 [FXGL Background Thread 3 ] DEBUG Engine               - isEmbedded: false
17:12:37.615 [FXGL Background Thread 3 ] DEBUG Engine               - isEntityPreloadEnabled: true
17:12:37.615 [FXGL Background Thread 3 ] DEBUG Engine               - isExperimentalTiledLargeMap: false
17:12:37.615 [FXGL Background Thread 3 ] DEBUG Engine               - isFileSystemWriteAllowed: true
17:12:37.615 [FXGL Background Thread 3 ] DEBUG Engine               - isFullScreenAllowed: false
17:12:37.615 [FXGL Background Thread 3 ] DEBUG Engine               - isFullScreenFromStart: false
17:12:37.615 [FXGL Background Thread 3 ] DEBUG Engine               - isGameMenuEnabled: true
17:12:37.615 [FXGL Background Thread 3 ] DEBUG Engine               - isIOS: false
17:12:37.615 [FXGL Background Thread 3 ] DEBUG Engine               - isIntroEnabled: false
17:12:37.615 [FXGL Background Thread 3 ] DEBUG Engine               - isLinux: false
17:12:37.615 [FXGL Background Thread 3 ] DEBUG Engine               - isMac: false
17:12:37.615 [FXGL Background Thread 3 ] DEBUG Engine               - isMainMenuEnabled: false
17:12:37.615 [FXGL Background Thread 3 ] DEBUG Engine               - isManualResizeEnabled: false
17:12:37.615 [FXGL Background Thread 3 ] DEBUG Engine               - isMobile: false
17:12:37.616 [FXGL Background Thread 3 ] DEBUG Engine               - isNative: false
17:12:37.616 [FXGL Background Thread 3 ] DEBUG Engine               - isPauseMusicWhenMinimized: true
17:12:37.616 [FXGL Background Thread 3 ] DEBUG Engine               - isPreserveResizeRatio: false
17:12:37.616 [FXGL Background Thread 3 ] DEBUG Engine               - isProfilingEnabled: false
17:12:37.616 [FXGL Background Thread 3 ] DEBUG Engine               - isScaleAffectedOnResize: true
17:12:37.616 [FXGL Background Thread 3 ] DEBUG Engine               - isSingleStep: false
17:12:37.616 [FXGL Background Thread 3 ] DEBUG Engine               - isUserProfileEnabled: false
17:12:37.616 [FXGL Background Thread 3 ] DEBUG Engine               - isWindows: true
17:12:37.616 [FXGL Background Thread 3 ] DEBUG Engine               - language: ObjectProperty [value: ENGLISH]
17:12:37.616 [FXGL Background Thread 3 ] DEBUG Engine               - menuKey: ESCAPE
17:12:37.616 [FXGL Background Thread 3 ] DEBUG Engine               - mouseSensitivity: 0.2
17:12:37.616 [FXGL Background Thread 3 ] DEBUG Engine               - notificationViewClass: class com.almasb.fxgl.notification.view.XboxNotificationView
17:12:37.616 [FXGL Background Thread 3 ] DEBUG Engine               - pixelsPerMeter: 50.0
17:12:37.616 [FXGL Background Thread 3 ] DEBUG Engine               - platform: WINDOWS
17:12:37.616 [FXGL Background Thread 3 ] DEBUG Engine               - prefHeightProperty: ReadOnlyDoubleProperty [value: 720.0]
17:12:37.616 [FXGL Background Thread 3 ] DEBUG Engine               - prefWidthProperty: ReadOnlyDoubleProperty [value: 1280.0]
17:12:37.616 [FXGL Background Thread 3 ] DEBUG Engine               - profileDir: profiles/
17:12:37.617 [FXGL Background Thread 3 ] DEBUG Engine               - profileName: StringProperty [value: DEFAULT]
17:12:37.617 [FXGL Background Thread 3 ] DEBUG Engine               - randomSeed: -1
17:12:37.617 [FXGL Background Thread 3 ] DEBUG Engine               - runtimeInfo: RuntimeInfo(platform=WINDOWS, version=17.3, build=30.03.2023 11.49)
17:12:37.617 [FXGL Background Thread 3 ] DEBUG Engine               - saveFileExt: sav
17:12:37.617 [FXGL Background Thread 3 ] DEBUG Engine               - scaledHeightProp$fxgl: DoubleProperty [bound, value: 720.0]
17:12:37.619 [FXGL Background Thread 3 ] DEBUG Engine               - scaledWidthProp$fxgl: DoubleProperty [bound, value: 1280.0]
17:12:37.620 [FXGL Background Thread 3 ] DEBUG Engine               - sceneFactory: com.example.rpgplatform.RPGPlatform$1@2d68d497
17:12:37.620 [FXGL Background Thread 3 ] DEBUG Engine               - secondsIn24h: 60
17:12:37.621 [FXGL Background Thread 3 ] DEBUG Engine               - soundMenuBack: menu/back.wav
17:12:37.621 [FXGL Background Thread 3 ] DEBUG Engine               - soundMenuPress: menu/press.wav
17:12:37.621 [FXGL Background Thread 3 ] DEBUG Engine               - soundMenuSelect: menu/select.wav
17:12:37.621 [FXGL Background Thread 3 ] DEBUG Engine               - soundNotification: core/notification.wav
17:12:37.621 [FXGL Background Thread 3 ] DEBUG Engine               - stageStyle: DECORATED
17:12:37.621 [FXGL Background Thread 3 ] DEBUG Engine               - supportedLanguages: [ENGLISH, FRENCH, GERMAN, HUNGARIAN, RUSSIAN]
17:12:37.621 [FXGL Background Thread 3 ] DEBUG Engine               - ticksPerSecond: -1
17:12:37.621 [FXGL Background Thread 3 ] DEBUG Engine               - title: Flat Former Game
17:12:37.621 [FXGL Background Thread 3 ] DEBUG Engine               - urlGithub: https://github.com/AlmasB/FXGL
17:12:37.621 [FXGL Background Thread 3 ] DEBUG Engine               - urlLeaderboard: http://fxgl-top.herokuapp.com/
17:12:37.621 [FXGL Background Thread 3 ] DEBUG Engine               - urlPOM: https://raw.githubusercontent.com/AlmasB/FXGL/release/README.md
17:12:37.621 [FXGL Background Thread 3 ] DEBUG Engine               - userAppClass: class com.example.rpgplatform.RPGPlatform
17:12:37.621 [FXGL Background Thread 3 ] DEBUG Engine               - version: 0.0
17:12:37.622 [FXGL Background Thread 3 ] DEBUG Engine               - versionCheckDays: 7
17:12:37.622 [FXGL Background Thread 3 ] DEBUG Engine               - width: 1280
17:12:37.622 [FXGL Background Thread 3 ] DEBUG Engine               - Logging services
17:12:37.622 [FXGL Background Thread 3 ] DEBUG Engine               - class com.almasb.fxgl.app.services.FXGLAssetLoaderService
17:12:37.622 [FXGL Background Thread 3 ] DEBUG Engine               - class com.almasb.fxgl.app.FXGLApplication$GameApplicationService
17:12:37.622 [FXGL Background Thread 3 ] DEBUG Engine               - class com.almasb.fxgl.app.services.FXGLDialogService
17:12:37.622 [FXGL Background Thread 3 ] DEBUG Engine               - class com.almasb.fxgl.app.services.IOTaskExecutorService
17:12:37.622 [FXGL Background Thread 3 ] DEBUG Engine               - class com.almasb.fxgl.io.FileSystemService
17:12:37.622 [FXGL Background Thread 3 ] DEBUG Engine               - class com.almasb.fxgl.localization.LocalizationService
17:12:37.622 [FXGL Background Thread 3 ] DEBUG Engine               - class com.almasb.fxgl.app.services.SystemBundleService
17:12:37.622 [FXGL Background Thread 3 ] DEBUG Engine               - class com.almasb.fxgl.profile.SaveLoadService
17:12:37.622 [FXGL Background Thread 3 ] DEBUG Engine               - class com.almasb.fxgl.ui.FXGLUIFactoryServiceProvider
17:12:37.622 [FXGL Background Thread 3 ] DEBUG Engine               - class com.almasb.fxgl.ui.FXGLDialogFactoryServiceProvider
17:12:37.622 [FXGL Background Thread 3 ] DEBUG Engine               - class com.almasb.fxgl.audio.AudioPlayer
17:12:37.622 [FXGL Background Thread 3 ] DEBUG Engine               - class com.almasb.fxgl.notification.impl.NotificationServiceProvider
17:12:37.622 [FXGL Background Thread 3 ] DEBUG Engine               - class com.almasb.fxgl.achievement.AchievementService
17:12:37.622 [FXGL Background Thread 3 ] DEBUG Engine               - class com.almasb.fxgl.cutscene.CutsceneService
17:12:37.622 [FXGL Background Thread 3 ] DEBUG Engine               - class com.almasb.fxgl.minigames.MiniGameService
17:12:37.622 [FXGL Background Thread 3 ] DEBUG Engine               - class com.almasb.fxgl.net.NetService
17:12:37.622 [FXGL Background Thread 3 ] DEBUG Engine               - class com.almasb.fxgl.app.services.UpdaterService
17:12:37.622 [FXGL Background Thread 3 ] DEBUG Engine               - class com.almasb.fxgl.dev.DevService
17:12:37.622 [FXGL Background Thread 3 ] DEBUG Engine               - class com.almasb.fxgl.multiplayer.MultiplayerService
17:12:41.248 [JavaFX Application Thread] DEBUG PrimaryStageWindow   - Pop state: DialogSubScene
17:12:41.249 [JavaFX Application Thread] DEBUG Input                - Clearing active input actions
17:12:41.250 [JavaFX Application Thread] DEBUG GameApplicationServi - Removing overlay from DialogSubScene and adding to GameScene
17:12:41.252 [JavaFX Application Thread] DEBUG PrimaryStageWindow   - GameScene <- DialogSubScene
17:12:41.293 [JavaFX Application Thread] DEBUG TMXLevelLoader       - Parsed TiledMap: file:/C:/Users/User/IdeaProjects/RPGPlatform/target/classes/assets/levels/tmx/level1.tmx
17:12:41.294 [JavaFX Application Thread] DEBUG TMXLevelLoader       - Creating tile layer entities
17:12:41.295 [JavaFX Application Thread] DEBUG TilesetLoader        - Loading view for layer Tile Layer 1
17:12:41.296 [JavaFX Application Thread] DEBUG TilesetLoader        - Created buffer with size 1050.0x700.0
17:12:41.308 [JavaFX Application Thread] DEBUG TMXLevelLoader       - Creating object layer entities
17:12:41.327 [JavaFX Application Thread] DEBUG GameWorld            - Clearing removable entities
17:12:41.328 [JavaFX Application Thread] DEBUG GameWorld            - Setting level: com.almasb.fxgl.entity.level.Level@259a745c
17:12:41.342 [ServerAsyncConnThread    ] DEBUG TCPServer            - Starting to listen at: 55555 type: class com.almasb.fxgl.core.serialization.Bundle
17:12:41.975 [ServerAsyncConnThread    ] DEBUG Endpoint             - TCPServer opening new connection (1) from /127.0.0.1:55944 type: class com.almasb.fxgl.core.serialization.Bundle
17:12:41.976 [ServerAsyncConnThread    ] DEBUG Endpoint             - TCPServer successfully opened connection (1)
17:12:41.987 [JavaFX Application Thread] DEBUG FXGLAssetLoaderServi - Loading from file system: file:/C:/Users/User/IdeaProjects/RPGPlatform/target/classes/assets/textures/WarriorHigh_Jump.png
17:12:41.994 [TCPServer_RecvThread-1   ] DEBUG Readers              - Getting TCPMessageReader for class com.almasb.fxgl.core.serialization.Bundle
17:12:41.995 [JavaFX Application Thread] DEBUG FXGLAssetLoaderServi - Loading from file system: file:/C:/Users/User/IdeaProjects/RPGPlatform/target/classes/assets/textures/WarriorWalk.png
17:12:41.995 [TCPServer_SendThread-1   ] DEBUG Writers              - Getting TCPMessageWriter for class com.almasb.fxgl.core.serialization.Bundle
17:12:41.998 [JavaFX Application Thread] DEBUG FXGLAssetLoaderServi - Loading from file system: file:/C:/Users/User/IdeaProjects/RPGPlatform/target/classes/assets/textures/WarriorAttack.png
17:12:41.997 [TCPServer_SendThread-1   ] DEBUG Writers              - Constructed TCPMessageWriter for class com.almasb.fxgl.core.serialization.Bundle: BundleTCPMessageWriter
17:12:42.001 [JavaFX Application Thread] DEBUG FXGLAssetLoaderServi - Loading from file system: file:/C:/Users/User/IdeaProjects/RPGPlatform/target/classes/assets/textures/WarriorSpecialAttack.png
17:12:42.025 [JavaFX Application Thread] DEBUG FXGLAssetLoaderServi - Loading from file system: file:/C:/Users/User/IdeaProjects/RPGPlatform/target/classes/assets/textures/background/windrise-background.png
17:12:42.060 [Thread-399               ] DEBUG Input                - Registered new binding: Left - A
17:12:42.060 [Thread-399               ] DEBUG Input                - Registered new binding: Right - D
17:12:42.061 [Thread-399               ] DEBUG Input                - Registered new binding: Jump - W
17:12:42.064 [Thread-399               ] DEBUG Input                - Registered new binding: BasicAttack - I
17:12:42.061 [Thread-400               ] DEBUG Input                - Registered new binding: Left - A
17:12:42.067 [Thread-400               ] DEBUG Input                - Registered new binding: Right - D
17:12:42.067 [Thread-400               ] DEBUG Input                - Registered new binding: Jump - W
17:12:42.068 [Thread-400               ] DEBUG Input                - Registered new binding: BasicAttack - I
17:12:42.068 [Thread-400               ] DEBUG Input                - Registered new binding: SkillAttack - P
17:12:42.068 [Thread-399               ] DEBUG Input                - Registered new binding: SkillAttack - P
17:12:45.249 [JavaFX Application Thread] DEBUG Input                - Mocking key press: A
17:12:45.289 [JavaFX Application Thread] DEBUG Input                - Mocking key press: D
17:12:45.318 [JavaFX Application Thread] DEBUG Input                - Mocking key release: A
17:12:45.368 [JavaFX Application Thread] DEBUG Input                - Mocking key release: D
17:12:45.386 [JavaFX Application Thread] DEBUG Input                - Mocking key press: A
17:12:45.443 [JavaFX Application Thread] DEBUG Input                - Mocking key press: D
17:12:45.466 [JavaFX Application Thread] DEBUG Input                - Mocking key release: A
17:12:45.532 [JavaFX Application Thread] DEBUG Input                - Mocking key release: D
17:12:45.543 [JavaFX Application Thread] DEBUG Input                - Mocking key press: A
17:12:45.608 [JavaFX Application Thread] DEBUG Input                - Mocking key press: D
17:12:45.615 [JavaFX Application Thread] DEBUG Input                - Mocking key release: A
17:12:45.689 [JavaFX Application Thread] DEBUG Input                - Mocking key release: D
17:12:45.698 [JavaFX Application Thread] DEBUG Input                - Mocking key press: A
17:12:45.755 [JavaFX Application Thread] DEBUG Input                - Mocking key press: D
17:12:45.761 [JavaFX Application Thread] DEBUG Input                - Mocking key release: A
17:12:45.835 [JavaFX Application Thread] DEBUG Input                - Mocking key release: D
17:12:45.838 [JavaFX Application Thread] DEBUG Input                - Mocking key press: A
17:12:45.901 [JavaFX Application Thread] DEBUG Input                - Mocking key press: D
17:12:45.915 [JavaFX Application Thread] DEBUG Input                - Mocking key release: A
17:12:45.984 [JavaFX Application Thread] DEBUG Input                - Mocking key release: D
17:12:45.996 [JavaFX Application Thread] DEBUG Input                - Mocking key press: A
17:12:46.048 [JavaFX Application Thread] DEBUG Input                - Mocking key press: D
17:12:46.061 [JavaFX Application Thread] DEBUG Input                - Mocking key release: A
17:12:46.131 [JavaFX Application Thread] DEBUG Input                - Mocking key release: D
17:12:46.142 [JavaFX Application Thread] DEBUG Input                - Mocking key press: A
17:12:46.208 [JavaFX Application Thread] DEBUG Input                - Mocking key press: D
17:12:46.221 [JavaFX Application Thread] DEBUG Input                - Mocking key release: A
17:12:46.301 [JavaFX Application Thread] DEBUG Input                - Mocking key release: D
17:12:47.433 [TCPServer_RecvThread-1   ] DEBUG Endpoint             - Connection 1 was unexpectedly disconnected: Connection reset
17:12:47.434 [TCPServer_RecvThread-1   ] DEBUG Connection           - Closing connection 1
17:12:47.434 [TCPServer_RecvThread-1   ] DEBUG Connection           - Connection 1 was correctly closed from local endpoint.
17:12:47.434 [TCPServer_RecvThread-1   ] DEBUG Endpoint             - TCPServer connection (1) was closed
17:12:47.823 [JavaFX Application Thread] DEBUG FXGLApplication      - Exiting FXGL
17:12:47.823 [JavaFX Application Thread] DEBUG LoopRunner           - Stopping loop
17:12:47.824 [JavaFX Application Thread] DEBUG SystemBundleService  - Saving FXGL system data
17:12:47.825 [JavaFX Application Thread] DEBUG FileSystemAccess     - Writing to: C:\Users\User\IdeaProjects\RPGPlatform\system\fxgl.bundle
17:12:47.826 [JavaFX Application Thread] DEBUG Async                - Shutting down background threads
17:12:47.827 [JavaFX Application Thread] DEBUG PrimaryStageWindow   - Closing main window
17:12:47.850 [JavaFX Application Thread] DEBUG Logger               - Closing Logger
