18:49:38.959 [main                     ] DEBUG Logger               - Configured Logger
18:49:38.989 [main                     ] DEBUG GameApplication      - Logging settings
Title: Flat Former Game
Version: 0.0
Width: 1280
Height: 720
Fullscreen: false
Intro: false
Profiling: false
Single step:false
App Mode: DEVELOPER
Menu Key: ESCAPE
Stage Style: DECORATED
Scene Factory: class com.example.rpgplatform.RPGPlatform$1

18:49:39.516 [JavaFX Application Thread] DEBUG FXGLApplication      - Initializing FXGL
18:49:39.522 [JavaFX Application Thread] INFO  Engine               - FXGL-17.3 (30.03.2023 11.49) on WINDOWS (J:21.0.2 FX:21)
18:49:39.522 [JavaFX Application Thread] DEBUG Engine               - JRE Vendor Name: Oracle Corporation
18:49:39.523 [JavaFX Application Thread] DEBUG Engine               - Running on OS: Windows 10 version 10.0
18:49:39.523 [JavaFX Application Thread] DEBUG Engine               - Architecture: amd64
18:49:39.523 [JavaFX Application Thread] INFO  Engine               - Source code and latest versions at: https://github.com/AlmasB/FXGL
18:49:39.524 [JavaFX Application Thread] INFO  Engine               -       Ask questions and discuss at: https://github.com/AlmasB/FXGL/discussions
18:49:39.524 [JavaFX Application Thread] INFO  Engine               -              Join the FXGL chat at: https://gitter.im/AlmasB/FXGL
18:49:39.665 [JavaFX Application Thread] DEBUG PrimaryStageWindow   - Creating a JavaFX scene
18:49:39.731 [JavaFX Application Thread] DEBUG PrimaryStageWindow   - Target settings size: 1280.0 x 720.0
18:49:39.731 [JavaFX Application Thread] DEBUG PrimaryStageWindow   - Scaled scene size:    1280.0 x 720.0
18:49:39.732 [JavaFX Application Thread] DEBUG PrimaryStageWindow   - Scaled ratio: (1.0, 1.0)
18:49:39.733 [JavaFX Application Thread] DEBUG PrimaryStageWindow   - Set initial scene to FXGLStartupScene
18:49:39.740 [JavaFX Application Thread] DEBUG PrimaryStageWindow   - Opening main window
18:49:39.842 [JavaFX Application Thread] DEBUG PrimaryStageWindow   - Window border size: (16.0, 39.0)
18:49:39.843 [JavaFX Application Thread] DEBUG PrimaryStageWindow   - Scaled size: 1280.0 x 720.0
18:49:39.843 [JavaFX Application Thread] DEBUG PrimaryStageWindow   - Scaled ratio: (1.0, 1.0)
18:49:39.843 [JavaFX Application Thread] DEBUG PrimaryStageWindow   - Scene size: 1280.0 x 720.0
18:49:39.844 [JavaFX Application Thread] DEBUG PrimaryStageWindow   - Stage size: 1296.0 x 759.0
18:49:39.851 [FXGL Background Thread 1 ] DEBUG Engine               - Initializing environment variables
18:49:39.945 [FXGL Background Thread 1 ] DEBUG FXGLAssetLoaderServi - User app class for loading assets: class com.example.rpgplatform.RPGPlatform
18:49:39.945 [FXGL Background Thread 1 ] DEBUG GameApplicationServi - Applying CSS: fxgl_dark.css
18:49:39.946 [FXGL Background Thread 1 ] DEBUG FXGLAssetLoaderServi - Loading from file system: jar:file:///C:/Users/User/.m2/repository/com/github/almasb/fxgl/17.3/fxgl-17.3.jar!/fxglassets/ui/css/fxgl_dark.css
18:49:40.034 [FXGL Background Thread 1 ] DEBUG GameApplicationServi - Initializing application scenes
18:49:40.107 [FXGL Background Thread 1 ] DEBUG FXGLAssetLoaderServi - Loading from file system: file:/C:/Users/User/IdeaProjects/RPGPlatform/target/classes/assets/textures/WarriorIdle.png
18:49:40.180 [FXGL Background Thread 1 ] DEBUG GameWorld            - Game world initialized
18:49:40.253 [FXGL Background Thread 1 ] DEBUG PhysicsWorld         - Physics world initialized: appHeight=720, physics.ppm=50.0
18:49:40.253 [FXGL Background Thread 1 ] DEBUG PhysicsWorld         - Using strategy: BRUTE_FORCE
18:49:40.259 [FXGL Background Thread 1 ] DEBUG GameScene            - Game scene initialized: 1280x720
18:49:40.272 [FXGL Background Thread 1 ] DEBUG FXGL.DefaultMenu     - createMenuBodyGameMenu()
18:49:40.327 [FXGL Background Thread 1 ] DEBUG FXGL.DefaultMenu     - createOptionsMenu()
18:49:40.350 [FXGL Background Thread 1 ] DEBUG FXGLAssetLoaderServi - Loading from file system: jar:file:///C:/Users/User/.m2/repository/com/github/almasb/fxgl/17.3/fxgl-17.3.jar!/fxglassets/textures/particles/smoke.png
18:49:40.478 [FXGL Background Thread 1 ] DEBUG FXGLAssetLoaderServi - Loading from file system: jar:file:///C:/Users/User/.m2/repository/com/github/almasb/fxgl/17.3/fxgl-17.3.jar!/fxglassets/textures/particles/trace_horizontal.png
18:49:40.513 [FXGL Background Thread 1 ] DEBUG GameApplicationServi - Application scenes initialized
18:49:40.599 [FXGL Background Thread 1 ] DEBUG SystemBundleService  - Loading FXGL system data
18:49:40.606 [FXGL Background Thread 1 ] DEBUG FileSystemAccess     - Reading from: C:\Users\User\IdeaProjects\RPGPlatform\system\fxgl.bundle
18:49:40.621 [FXGL Background Thread 1 ] DEBUG SystemBundleService  - Bundle FXGL: {}
18:49:40.622 [FXGL Background Thread 1 ] DEBUG UpdaterService       - Checking for updates
18:49:40.712 [FXGL Background Thread 1 ] DEBUG FXGLApplication      - Loading default localization
18:49:40.715 [FXGL Background Thread 1 ] DEBUG FXGLAssetLoaderServi - Loading from file system: jar:file:///C:/Users/User/.m2/repository/com/github/almasb/fxgl/17.3/fxgl-17.3.jar!/fxglassets/languages/english.lang
18:49:40.734 [FXGL Background Thread 4 ] DEBUG FXGLApplication      - Loading fonts
18:49:40.737 [FXGL Background Thread 4 ] DEBUG FXGLAssetLoaderServi - Loading from file system: jar:file:///C:/Users/User/.m2/repository/com/github/almasb/fxgl/17.3/fxgl-17.3.jar!/fxglassets/ui/fonts/VarelaRound-Regular.ttf
18:49:40.784 [FXGL Background Thread 1 ] INFO  FXGLApplication      - FXGL initialization took: 0.931 sec
18:49:40.796 [JavaFX Application Thread] DEBUG Input                - Registered new binding: Left - A
18:49:40.797 [JavaFX Application Thread] DEBUG Input                - Registered new binding: Right - D
18:49:40.797 [JavaFX Application Thread] DEBUG Input                - Registered new binding: Jump - W
18:49:40.797 [JavaFX Application Thread] DEBUG Input                - Registered new binding: BasicAttack - I
18:49:40.797 [JavaFX Application Thread] DEBUG Input                - Registered new binding: SkillAttack - P
18:49:40.797 [JavaFX Application Thread] DEBUG Input                - Registered new binding: Left - A
18:49:40.797 [JavaFX Application Thread] DEBUG Input                - Registered new binding: Right - D
18:49:40.797 [JavaFX Application Thread] DEBUG Input                - Registered new binding: Jump - W
18:49:40.798 [JavaFX Application Thread] DEBUG Input                - Registered new binding: BasicAttack - I
18:49:40.798 [JavaFX Application Thread] DEBUG Input                - Registered new binding: SkillAttack - P
18:49:40.800 [JavaFX Application Thread] DEBUG FXGLAssetLoaderServi - Loading from file system: file:/C:/Users/User/IdeaProjects/RPGPlatform/target/classes/assets/music/BGM_dash_runner.wav
18:49:40.965 [FXGL Background Thread 4 ] DEBUG FXGLAssetLoaderServi - Loading from file system: jar:file:///C:/Users/User/.m2/repository/com/github/almasb/fxgl/17.3/fxgl-17.3.jar!/fxglassets/ui/fonts/Abel-Regular.ttf
18:49:40.990 [FXGL Background Thread 4 ] DEBUG FXGLAssetLoaderServi - Loading from file system: jar:file:///C:/Users/User/.m2/repository/com/github/almasb/fxgl/17.3/fxgl-17.3.jar!/fxglassets/ui/fonts/TerminalLandMono-Regular.otf
18:49:41.017 [FXGL Background Thread 4 ] DEBUG FXGLAssetLoaderServi - Loading from file system: jar:file:///C:/Users/User/.m2/repository/com/github/almasb/fxgl/17.3/fxgl-17.3.jar!/fxglassets/ui/fonts/Courier-Prime.ttf
18:49:41.114 [JavaFX Application Thread] DEBUG AudioPlayer          - Playing music com.almasb.fxgl.audio.Music@7a0b3aab
18:49:41.115 [JavaFX Application Thread] DEBUG FXGLAssetLoaderServi - Loading from file system: jar:file:///C:/Users/User/.m2/repository/com/github/almasb/fxgl/17.3/fxgl-17.3.jar!/fxglassets/textures/fxgl_icon.png
18:49:41.127 [JavaFX Application Thread] DEBUG FXGLAssetLoaderServi - Loading from file system: jar:file:///C:/Users/User/.m2/repository/com/github/almasb/fxgl/17.3/fxgl-17.3.jar!/fxglassets/textures/fxgl_default_cursor.png
18:49:41.129 [JavaFX Application Thread] DEBUG Input                - Registered new binding: Screenshot - CTRL+8
18:49:41.131 [JavaFX Application Thread] DEBUG Input                - Registered new binding: Dev Options - 1
18:49:41.132 [JavaFX Application Thread] DEBUG Input                - Registered new binding: Dev Console - 2
18:49:41.132 [JavaFX Application Thread] DEBUG Input                - Registered new binding: System info dump - CTRL+9
18:49:41.133 [JavaFX Application Thread] DEBUG Input                - Registered new binding: Restart - CTRL+R
18:49:41.133 [JavaFX Application Thread] DEBUG Input                - Registered new binding: Toggle Debug Camera - CTRL+7
18:49:41.138 [JavaFX Application Thread] DEBUG LoopRunner           - Starting loop
18:49:41.163 [JavaFX Application Thread] DEBUG LoopRunner           - Initializing JavaFX AnimationTimerLoop
18:49:41.164 [JavaFX Application Thread] DEBUG GameApplicationServi - Starting new game
18:49:41.164 [JavaFX Application Thread] DEBUG Input                - Clearing active input actions
18:49:41.235 [JavaFX Application Thread] DEBUG GameApplicationServi - Removing overlay from FXGLStartupScene and adding to MainLoadingScene
18:49:41.245 [JavaFX Application Thread] DEBUG PrimaryStageWindow   - FXGLStartupScene -> MainLoadingScene
18:49:41.245 [JavaFX Application Thread] DEBUG GameApplicationServi - Clearing previous game
18:49:41.245 [JavaFX Application Thread] DEBUG GameScene            - Clearing game scene
18:49:41.246 [JavaFX Application Thread] DEBUG GameWorld            - Clearing game world
18:49:41.248 [JavaFX Application Thread] DEBUG PhysicsWorld         - Clearing physics world
18:49:41.250 [JavaFX Application Thread] DEBUG FXGLApplication      - Registering font factories with UI factory
18:49:41.250 [FXGL Background Thread 4 ] DEBUG FXGLApplication      - Initializing game
18:49:41.258 [FXGL Background Thread 4 ] INFO  FXGLApplication      - Game initialization took: 0.008 sec
18:49:41.702 [JavaFX Application Thread] DEBUG Input                - Clearing active input actions
18:49:41.710 [JavaFX Application Thread] DEBUG GameApplicationServi - Removing overlay from MainLoadingScene and adding to GameScene
18:49:41.715 [JavaFX Application Thread] DEBUG PrimaryStageWindow   - MainLoadingScene -> GameScene
18:49:41.753 [FXGL Background Thread 2 ] INFO  UpdaterService       - Your current version:  17.3
18:49:41.753 [FXGL Background Thread 2 ] INFO  UpdaterService       - Latest stable version: 21.1
18:49:42.337 [JavaFX Application Thread] DEBUG PrimaryStageWindow   - Push state: DialogSubScene
18:49:42.337 [JavaFX Application Thread] DEBUG Input                - Clearing active input actions
18:49:42.338 [JavaFX Application Thread] DEBUG GameApplicationServi - Removing overlay from GameScene and adding to DialogSubScene
18:49:42.341 [JavaFX Application Thread] DEBUG PrimaryStageWindow   - GameScene -> DialogSubScene
18:49:43.708 [FXGL Background Thread 3 ] DEBUG Engine               - Logging environment variables
18:49:43.713 [FXGL Background Thread 3 ] DEBUG Engine               - achievements: []
18:49:43.714 [FXGL Background Thread 3 ] DEBUG Engine               - actualHeight: 720.0
18:49:43.719 [FXGL Background Thread 3 ] DEBUG Engine               - actualHeightProperty: ReadOnlyDoubleProperty [value: 720.0]
18:49:43.719 [FXGL Background Thread 3 ] DEBUG Engine               - actualWidth: 1280.0
18:49:43.720 [FXGL Background Thread 3 ] DEBUG Engine               - actualWidthProperty: ReadOnlyDoubleProperty [value: 1280.0]
18:49:43.755 [FXGL Background Thread 3 ] DEBUG Engine               - appIcon: fxgl_icon.png
18:49:43.774 [FXGL Background Thread 3 ] DEBUG Engine               - applicationMode: DEVELOPER
18:49:43.775 [FXGL Background Thread 3 ] DEBUG Engine               - cSSList: [fxgl_dark.css]
18:49:43.779 [FXGL Background Thread 3 ] DEBUG Engine               - collisionDetectionStrategy: BRUTE_FORCE
18:49:43.780 [FXGL Background Thread 3 ] DEBUG Engine               - configClass: Optional.empty
18:49:43.781 [FXGL Background Thread 3 ] DEBUG Engine               - credits: []
18:49:43.784 [FXGL Background Thread 3 ] DEBUG Engine               - defaultCursor: CursorInfo(imageName=fxgl_default_cursor.png, hotspotX=7.0, hotspotY=6.0)
18:49:43.785 [FXGL Background Thread 3 ] DEBUG Engine               - devBBoxColorProperty: ObjectProperty [value: 0xff0000ff]
18:49:43.785 [FXGL Background Thread 3 ] DEBUG Engine               - devEnableDebugCameraProperty: BooleanProperty [value: false]
18:49:43.786 [FXGL Background Thread 3 ] DEBUG Engine               - devSensorColorProperty: ObjectProperty [value: 0xffff00ff]
18:49:43.787 [FXGL Background Thread 3 ] DEBUG Engine               - devShowBBoxProperty: BooleanProperty [value: false]
18:49:43.788 [FXGL Background Thread 3 ] DEBUG Engine               - devShowPositionProperty: BooleanProperty [value: false]
18:49:43.792 [FXGL Background Thread 3 ] DEBUG Engine               - enabledMenuItems: []
18:49:43.793 [FXGL Background Thread 3 ] DEBUG Engine               - engineServices: [class com.almasb.fxgl.app.services.FXGLAssetLoaderService, class com.almasb.fxgl.app.FXGLApplication$GameApplicationService, class com.almasb.fxgl.app.services.FXGLDialogService, class com.almasb.fxgl.app.services.IOTaskExecutorService, class com.almasb.fxgl.io.FileSystemService, class com.almasb.fxgl.localization.LocalizationService, class com.almasb.fxgl.app.services.SystemBundleService, class com.almasb.fxgl.profile.SaveLoadService, class com.almasb.fxgl.ui.FXGLUIFactoryServiceProvider, class com.almasb.fxgl.ui.FXGLDialogFactoryServiceProvider, class com.almasb.fxgl.audio.AudioPlayer, class com.almasb.fxgl.notification.impl.NotificationServiceProvider, class com.almasb.fxgl.achievement.AchievementService, class com.almasb.fxgl.cutscene.CutsceneService, class com.almasb.fxgl.minigames.MiniGameService, class com.almasb.fxgl.net.NetService, class com.almasb.fxgl.app.services.UpdaterService, class com.almasb.fxgl.dev.DevService, class com.almasb.fxgl.multiplayer.MultiplayerService]
18:49:43.794 [FXGL Background Thread 3 ] DEBUG Engine               - fontGame: Abel-Regular.ttf
18:49:43.795 [FXGL Background Thread 3 ] DEBUG Engine               - fontMono: TerminalLandMono-Regular.otf
18:49:43.796 [FXGL Background Thread 3 ] DEBUG Engine               - fontSizeScaleUI: 1.0
18:49:43.797 [FXGL Background Thread 3 ] DEBUG Engine               - fontText: Courier-Prime.ttf
18:49:43.797 [FXGL Background Thread 3 ] DEBUG Engine               - fontUI: VarelaRound-Regular.ttf
18:49:43.797 [FXGL Background Thread 3 ] DEBUG Engine               - fullScreen: BooleanProperty [value: false]
18:49:43.797 [FXGL Background Thread 3 ] DEBUG Engine               - gameDifficulty: MEDIUM
18:49:43.797 [FXGL Background Thread 3 ] DEBUG Engine               - gameDifficultyProperty: ObjectProperty [value: MEDIUM]
18:49:43.798 [FXGL Background Thread 3 ] DEBUG Engine               - globalMusicVolume: 0.5
18:49:43.799 [FXGL Background Thread 3 ] DEBUG Engine               - globalMusicVolumeProperty: DoubleProperty [value: 0.0]
18:49:43.799 [FXGL Background Thread 3 ] DEBUG Engine               - globalSoundVolume: 0.5
18:49:43.800 [FXGL Background Thread 3 ] DEBUG Engine               - globalSoundVolumeProperty: DoubleProperty [value: 0.5]
18:49:43.800 [FXGL Background Thread 3 ] DEBUG Engine               - height: 720
18:49:43.801 [FXGL Background Thread 3 ] DEBUG Engine               - is3D: false
18:49:43.801 [FXGL Background Thread 3 ] DEBUG Engine               - isAndroid: false
18:49:43.801 [FXGL Background Thread 3 ] DEBUG Engine               - isBrowser: false
18:49:43.802 [FXGL Background Thread 3 ] DEBUG Engine               - isClickFeedbackEnabled: false
18:49:43.802 [FXGL Background Thread 3 ] DEBUG Engine               - isCloseConfirmation: false
18:49:43.802 [FXGL Background Thread 3 ] DEBUG Engine               - isDesktop: true
18:49:43.802 [FXGL Background Thread 3 ] DEBUG Engine               - isDeveloperMenuEnabled: true
18:49:43.802 [FXGL Background Thread 3 ] DEBUG Engine               - isEmbedded: false
18:49:43.802 [FXGL Background Thread 3 ] DEBUG Engine               - isEntityPreloadEnabled: true
18:49:43.804 [FXGL Background Thread 3 ] DEBUG Engine               - isExperimentalTiledLargeMap: false
18:49:43.810 [FXGL Background Thread 3 ] DEBUG Engine               - isFileSystemWriteAllowed: true
18:49:43.810 [FXGL Background Thread 3 ] DEBUG Engine               - isFullScreenAllowed: false
18:49:43.811 [FXGL Background Thread 3 ] DEBUG Engine               - isFullScreenFromStart: false
18:49:43.811 [FXGL Background Thread 3 ] DEBUG Engine               - isGameMenuEnabled: true
18:49:43.811 [FXGL Background Thread 3 ] DEBUG Engine               - isIOS: false
18:49:43.811 [FXGL Background Thread 3 ] DEBUG Engine               - isIntroEnabled: false
18:49:43.811 [FXGL Background Thread 3 ] DEBUG Engine               - isLinux: false
18:49:43.811 [FXGL Background Thread 3 ] DEBUG Engine               - isMac: false
18:49:43.811 [FXGL Background Thread 3 ] DEBUG Engine               - isMainMenuEnabled: false
18:49:43.811 [FXGL Background Thread 3 ] DEBUG Engine               - isManualResizeEnabled: false
18:49:43.812 [FXGL Background Thread 3 ] DEBUG Engine               - isMobile: false
18:49:43.812 [FXGL Background Thread 3 ] DEBUG Engine               - isNative: false
18:49:43.812 [FXGL Background Thread 3 ] DEBUG Engine               - isPauseMusicWhenMinimized: true
18:49:43.812 [FXGL Background Thread 3 ] DEBUG Engine               - isPreserveResizeRatio: false
18:49:43.812 [FXGL Background Thread 3 ] DEBUG Engine               - isProfilingEnabled: false
18:49:43.812 [FXGL Background Thread 3 ] DEBUG Engine               - isScaleAffectedOnResize: true
18:49:43.812 [FXGL Background Thread 3 ] DEBUG Engine               - isSingleStep: false
18:49:43.812 [FXGL Background Thread 3 ] DEBUG Engine               - isUserProfileEnabled: false
18:49:43.812 [FXGL Background Thread 3 ] DEBUG Engine               - isWindows: true
18:49:43.812 [FXGL Background Thread 3 ] DEBUG Engine               - language: ObjectProperty [value: ENGLISH]
18:49:43.813 [FXGL Background Thread 3 ] DEBUG Engine               - menuKey: ESCAPE
18:49:43.813 [FXGL Background Thread 3 ] DEBUG Engine               - mouseSensitivity: 0.2
18:49:43.813 [FXGL Background Thread 3 ] DEBUG Engine               - notificationViewClass: class com.almasb.fxgl.notification.view.XboxNotificationView
18:49:43.813 [FXGL Background Thread 3 ] DEBUG Engine               - pixelsPerMeter: 50.0
18:49:43.813 [FXGL Background Thread 3 ] DEBUG Engine               - platform: WINDOWS
18:49:43.813 [FXGL Background Thread 3 ] DEBUG Engine               - prefHeightProperty: ReadOnlyDoubleProperty [value: 720.0]
18:49:43.813 [FXGL Background Thread 3 ] DEBUG Engine               - prefWidthProperty: ReadOnlyDoubleProperty [value: 1280.0]
18:49:43.813 [FXGL Background Thread 3 ] DEBUG Engine               - profileDir: profiles/
18:49:43.814 [FXGL Background Thread 3 ] DEBUG Engine               - profileName: StringProperty [value: DEFAULT]
18:49:43.814 [FXGL Background Thread 3 ] DEBUG Engine               - randomSeed: -1
18:49:43.820 [FXGL Background Thread 3 ] DEBUG Engine               - runtimeInfo: RuntimeInfo(platform=WINDOWS, version=17.3, build=30.03.2023 11.49)
18:49:43.820 [FXGL Background Thread 3 ] DEBUG Engine               - saveFileExt: sav
18:49:43.820 [FXGL Background Thread 3 ] DEBUG Engine               - scaledHeightProp$fxgl: DoubleProperty [bound, value: 720.0]
18:49:43.820 [FXGL Background Thread 3 ] DEBUG Engine               - scaledWidthProp$fxgl: DoubleProperty [bound, value: 1280.0]
18:49:43.820 [FXGL Background Thread 3 ] DEBUG Engine               - sceneFactory: com.example.rpgplatform.RPGPlatform$1@5783fe7
18:49:43.822 [FXGL Background Thread 3 ] DEBUG Engine               - secondsIn24h: 60
18:49:43.831 [FXGL Background Thread 3 ] DEBUG Engine               - soundMenuBack: menu/back.wav
18:49:43.831 [FXGL Background Thread 3 ] DEBUG Engine               - soundMenuPress: menu/press.wav
18:49:43.832 [FXGL Background Thread 3 ] DEBUG Engine               - soundMenuSelect: menu/select.wav
18:49:43.832 [FXGL Background Thread 3 ] DEBUG Engine               - soundNotification: core/notification.wav
18:49:43.833 [FXGL Background Thread 3 ] DEBUG Engine               - stageStyle: DECORATED
18:49:43.833 [FXGL Background Thread 3 ] DEBUG Engine               - supportedLanguages: [ENGLISH, FRENCH, GERMAN, HUNGARIAN, RUSSIAN]
18:49:43.833 [FXGL Background Thread 3 ] DEBUG Engine               - ticksPerSecond: -1
18:49:43.833 [FXGL Background Thread 3 ] DEBUG Engine               - title: Flat Former Game
18:49:43.833 [FXGL Background Thread 3 ] DEBUG Engine               - urlGithub: https://github.com/AlmasB/FXGL
18:49:43.833 [FXGL Background Thread 3 ] DEBUG Engine               - urlLeaderboard: http://fxgl-top.herokuapp.com/
18:49:43.834 [FXGL Background Thread 3 ] DEBUG Engine               - urlPOM: https://raw.githubusercontent.com/AlmasB/FXGL/release/README.md
18:49:43.834 [FXGL Background Thread 3 ] DEBUG Engine               - userAppClass: class com.example.rpgplatform.RPGPlatform
18:49:43.834 [FXGL Background Thread 3 ] DEBUG Engine               - version: 0.0
18:49:43.834 [FXGL Background Thread 3 ] DEBUG Engine               - versionCheckDays: 7
18:49:43.834 [FXGL Background Thread 3 ] DEBUG Engine               - width: 1280
18:49:43.834 [FXGL Background Thread 3 ] DEBUG Engine               - Logging services
18:49:43.834 [FXGL Background Thread 3 ] DEBUG Engine               - class com.almasb.fxgl.app.services.FXGLAssetLoaderService
18:49:43.834 [FXGL Background Thread 3 ] DEBUG Engine               - class com.almasb.fxgl.app.FXGLApplication$GameApplicationService
18:49:43.834 [FXGL Background Thread 3 ] DEBUG Engine               - class com.almasb.fxgl.app.services.FXGLDialogService
18:49:43.834 [FXGL Background Thread 3 ] DEBUG Engine               - class com.almasb.fxgl.app.services.IOTaskExecutorService
18:49:43.834 [FXGL Background Thread 3 ] DEBUG Engine               - class com.almasb.fxgl.io.FileSystemService
18:49:43.834 [FXGL Background Thread 3 ] DEBUG Engine               - class com.almasb.fxgl.localization.LocalizationService
18:49:43.834 [FXGL Background Thread 3 ] DEBUG Engine               - class com.almasb.fxgl.app.services.SystemBundleService
18:49:43.834 [FXGL Background Thread 3 ] DEBUG Engine               - class com.almasb.fxgl.profile.SaveLoadService
18:49:43.835 [FXGL Background Thread 3 ] DEBUG Engine               - class com.almasb.fxgl.ui.FXGLUIFactoryServiceProvider
18:49:43.835 [FXGL Background Thread 3 ] DEBUG Engine               - class com.almasb.fxgl.ui.FXGLDialogFactoryServiceProvider
18:49:43.835 [FXGL Background Thread 3 ] DEBUG Engine               - class com.almasb.fxgl.audio.AudioPlayer
18:49:43.835 [FXGL Background Thread 3 ] DEBUG Engine               - class com.almasb.fxgl.notification.impl.NotificationServiceProvider
18:49:43.835 [FXGL Background Thread 3 ] DEBUG Engine               - class com.almasb.fxgl.achievement.AchievementService
18:49:43.835 [FXGL Background Thread 3 ] DEBUG Engine               - class com.almasb.fxgl.cutscene.CutsceneService
18:49:43.835 [FXGL Background Thread 3 ] DEBUG Engine               - class com.almasb.fxgl.minigames.MiniGameService
18:49:43.835 [FXGL Background Thread 3 ] DEBUG Engine               - class com.almasb.fxgl.net.NetService
18:49:43.835 [FXGL Background Thread 3 ] DEBUG Engine               - class com.almasb.fxgl.app.services.UpdaterService
18:49:43.835 [FXGL Background Thread 3 ] DEBUG Engine               - class com.almasb.fxgl.dev.DevService
18:49:43.835 [FXGL Background Thread 3 ] DEBUG Engine               - class com.almasb.fxgl.multiplayer.MultiplayerService
18:49:52.095 [JavaFX Application Thread] DEBUG PrimaryStageWindow   - Pop state: DialogSubScene
18:49:52.095 [JavaFX Application Thread] DEBUG Input                - Clearing active input actions
18:49:52.096 [JavaFX Application Thread] DEBUG GameApplicationServi - Removing overlay from DialogSubScene and adding to GameScene
18:49:52.098 [JavaFX Application Thread] DEBUG PrimaryStageWindow   - GameScene <- DialogSubScene
18:49:52.137 [JavaFX Application Thread] DEBUG TMXLevelLoader       - Parsed TiledMap: file:/C:/Users/User/IdeaProjects/RPGPlatform/target/classes/assets/levels/tmx/level1.tmx
18:49:52.138 [JavaFX Application Thread] DEBUG TMXLevelLoader       - Creating tile layer entities
18:49:52.139 [JavaFX Application Thread] DEBUG TilesetLoader        - Loading view for layer Tile Layer 1
18:49:52.140 [JavaFX Application Thread] DEBUG TilesetLoader        - Created buffer with size 1050.0x700.0
18:49:52.151 [JavaFX Application Thread] DEBUG TMXLevelLoader       - Creating object layer entities
18:49:52.168 [JavaFX Application Thread] DEBUG GameWorld            - Clearing removable entities
18:49:52.169 [JavaFX Application Thread] DEBUG GameWorld            - Setting level: com.almasb.fxgl.entity.level.Level@28db75d6
18:49:52.176 [ClientAsyncConnThread    ] DEBUG TCPClient            - Connecting to localhost:55555 type: class com.almasb.fxgl.core.serialization.Bundle
18:49:52.177 [ClientAsyncConnThread    ] DEBUG TCPClient            - Created socket to localhost:55555
18:49:52.184 [ClientAsyncConnThread    ] DEBUG Endpoint             - TCPClient opening new connection (1) from localhost/127.0.0.1:55555 type: class com.almasb.fxgl.core.serialization.Bundle
18:49:52.185 [ClientAsyncConnThread    ] DEBUG Endpoint             - TCPClient successfully opened connection (1)
18:49:52.226 [TCPClient_SendThread-1   ] DEBUG Writers              - Getting TCPMessageWriter for class com.almasb.fxgl.core.serialization.Bundle
18:49:52.228 [TCPClient_SendThread-1   ] DEBUG Writers              - Constructed TCPMessageWriter for class com.almasb.fxgl.core.serialization.Bundle: BundleTCPMessageWriter
18:49:52.231 [TCPClient_RecvThread-1   ] DEBUG Readers              - Getting TCPMessageReader for class com.almasb.fxgl.core.serialization.Bundle
18:49:52.235 [TCPClient_RecvThread-1   ] DEBUG Readers              - Constructed MessageReader for class com.almasb.fxgl.core.serialization.Bundle: BundleTCPMessageReader
18:49:52.258 [JavaFX Application Thread] DEBUG FXGLAssetLoaderServi - Loading from file system: file:/C:/Users/User/IdeaProjects/RPGPlatform/target/classes/assets/textures/WarriorHigh_Jump.png
18:49:52.263 [JavaFX Application Thread] DEBUG FXGLAssetLoaderServi - Loading from file system: file:/C:/Users/User/IdeaProjects/RPGPlatform/target/classes/assets/textures/WarriorWalk.png
18:49:52.266 [JavaFX Application Thread] DEBUG FXGLAssetLoaderServi - Loading from file system: file:/C:/Users/User/IdeaProjects/RPGPlatform/target/classes/assets/textures/WarriorAttack.png
18:49:52.269 [JavaFX Application Thread] DEBUG FXGLAssetLoaderServi - Loading from file system: file:/C:/Users/User/IdeaProjects/RPGPlatform/target/classes/assets/textures/WarriorSpecialAttack.png
18:49:52.297 [JavaFX Application Thread] DEBUG FXGLAssetLoaderServi - Loading from file system: file:/C:/Users/User/IdeaProjects/RPGPlatform/target/classes/assets/textures/background/windrise-background.png
18:49:57.637 [JavaFX Application Thread] DEBUG FXGLApplication      - Exiting FXGL
18:49:57.637 [JavaFX Application Thread] DEBUG LoopRunner           - Stopping loop
18:49:57.637 [JavaFX Application Thread] DEBUG SystemBundleService  - Saving FXGL system data
18:49:57.639 [JavaFX Application Thread] DEBUG FileSystemAccess     - Writing to: C:\Users\User\IdeaProjects\RPGPlatform\system\fxgl.bundle
18:49:57.640 [JavaFX Application Thread] DEBUG Async                - Shutting down background threads
18:49:57.640 [JavaFX Application Thread] DEBUG PrimaryStageWindow   - Closing main window
18:49:57.652 [JavaFX Application Thread] DEBUG Logger               - Closing Logger
