15:53:59.089 [main                     ] DEBUG Logger               - Configured Logger
15:53:59.124 [main                     ] DEBUG GameApplication      - Logging settings
Title: FUCK THIS SHIT
Version: 0.0
Width: 1280
Height: 720
Fullscreen: false
Intro: false
Profiling: false
Single step:false
App Mode: DEVELOPER
Menu Key: ESCAPE
Stage Style: DECORATED
Scene Factory: class com.example.rpgplatform.RPGPlatform$1

15:53:59.643 [JavaFX Application Thread] DEBUG FXGLApplication      - Initializing FXGL
15:53:59.649 [JavaFX Application Thread] INFO  Engine               - FXGL-17.3 (30.03.2023 11.49) on WINDOWS (J:21.0.2 FX:21)
15:53:59.649 [JavaFX Application Thread] DEBUG Engine               - JRE Vendor Name: Oracle Corporation
15:53:59.649 [JavaFX Application Thread] DEBUG Engine               - Running on OS: Windows 10 version 10.0
15:53:59.650 [JavaFX Application Thread] DEBUG Engine               - Architecture: amd64
15:53:59.650 [JavaFX Application Thread] INFO  Engine               - Source code and latest versions at: https://github.com/AlmasB/FXGL
15:53:59.651 [JavaFX Application Thread] INFO  Engine               -       Ask questions and discuss at: https://github.com/AlmasB/FXGL/discussions
15:53:59.651 [JavaFX Application Thread] INFO  Engine               -              Join the FXGL chat at: https://gitter.im/AlmasB/FXGL
15:53:59.779 [JavaFX Application Thread] DEBUG PrimaryStageWindow   - Creating a JavaFX scene
15:53:59.849 [JavaFX Application Thread] DEBUG PrimaryStageWindow   - Target settings size: 1280.0 x 720.0
15:53:59.849 [JavaFX Application Thread] DEBUG PrimaryStageWindow   - Scaled scene size:    1280.0 x 720.0
15:53:59.850 [JavaFX Application Thread] DEBUG PrimaryStageWindow   - Scaled ratio: (1.0, 1.0)
15:53:59.851 [JavaFX Application Thread] DEBUG PrimaryStageWindow   - Set initial scene to FXGLStartupScene
15:53:59.859 [JavaFX Application Thread] DEBUG PrimaryStageWindow   - Opening main window
15:53:59.969 [JavaFX Application Thread] DEBUG PrimaryStageWindow   - Window border size: (16.0, 39.0)
15:53:59.969 [JavaFX Application Thread] DEBUG PrimaryStageWindow   - Scaled size: 1280.0 x 720.0
15:53:59.970 [JavaFX Application Thread] DEBUG PrimaryStageWindow   - Scaled ratio: (1.0, 1.0)
15:53:59.970 [JavaFX Application Thread] DEBUG PrimaryStageWindow   - Scene size: 1280.0 x 720.0
15:53:59.970 [JavaFX Application Thread] DEBUG PrimaryStageWindow   - Stage size: 1296.0 x 759.0
15:53:59.981 [FXGL Background Thread 1 ] DEBUG Engine               - Initializing environment variables
15:54:00.065 [FXGL Background Thread 1 ] DEBUG FXGLAssetLoaderServi - User app class for loading assets: class com.example.rpgplatform.RPGPlatform
15:54:00.067 [FXGL Background Thread 1 ] DEBUG GameApplicationServi - Applying CSS: fxgl_dark.css
15:54:00.069 [FXGL Background Thread 1 ] DEBUG FXGLAssetLoaderServi - Loading from file system: jar:file:///C:/Users/User/.m2/repository/com/github/almasb/fxgl/17.3/fxgl-17.3.jar!/fxglassets/ui/css/fxgl_dark.css
15:54:00.141 [FXGL Background Thread 1 ] DEBUG GameApplicationServi - Initializing application scenes
15:54:00.219 [FXGL Background Thread 1 ] DEBUG FXGLAssetLoaderServi - Loading from file system: file:/C:/Users/User/IdeaProjects/RPGPlatform/target/classes/assets/textures/WarriorIdle.png
15:54:00.278 [FXGL Background Thread 1 ] DEBUG GameWorld            - Game world initialized
15:54:00.352 [FXGL Background Thread 1 ] DEBUG PhysicsWorld         - Physics world initialized: appHeight=720, physics.ppm=50.0
15:54:00.352 [FXGL Background Thread 1 ] DEBUG PhysicsWorld         - Using strategy: BRUTE_FORCE
15:54:00.356 [FXGL Background Thread 1 ] DEBUG GameScene            - Game scene initialized: 1280x720
15:54:00.368 [FXGL Background Thread 1 ] DEBUG FXGL.DefaultMenu     - createMenuBodyGameMenu()
15:54:00.432 [FXGL Background Thread 1 ] DEBUG FXGL.DefaultMenu     - createOptionsMenu()
15:54:00.459 [FXGL Background Thread 1 ] DEBUG FXGLAssetLoaderServi - Loading from file system: jar:file:///C:/Users/User/.m2/repository/com/github/almasb/fxgl/17.3/fxgl-17.3.jar!/fxglassets/textures/particles/smoke.png
15:54:00.575 [FXGL Background Thread 1 ] DEBUG FXGLAssetLoaderServi - Loading from file system: jar:file:///C:/Users/User/.m2/repository/com/github/almasb/fxgl/17.3/fxgl-17.3.jar!/fxglassets/textures/particles/trace_horizontal.png
15:54:00.608 [FXGL Background Thread 1 ] DEBUG GameApplicationServi - Application scenes initialized
15:54:00.634 [FXGL Background Thread 1 ] DEBUG SystemBundleService  - Loading FXGL system data
15:54:00.643 [FXGL Background Thread 1 ] DEBUG FileSystemAccess     - Reading from: C:\Users\User\IdeaProjects\RPGPlatform\system\fxgl.bundle
15:54:00.673 [FXGL Background Thread 1 ] DEBUG SystemBundleService  - Bundle FXGL: {}
15:54:00.674 [FXGL Background Thread 1 ] DEBUG UpdaterService       - Checking for updates
15:54:00.899 [FXGL Background Thread 1 ] DEBUG FXGLApplication      - Loading default localization
15:54:00.902 [FXGL Background Thread 1 ] DEBUG FXGLAssetLoaderServi - Loading from file system: jar:file:///C:/Users/User/.m2/repository/com/github/almasb/fxgl/17.3/fxgl-17.3.jar!/fxglassets/languages/english.lang
15:54:00.970 [FXGL Background Thread 1 ] INFO  FXGLApplication      - FXGL initialization took: 0.989 sec
15:54:00.983 [JavaFX Application Thread] DEBUG Input                - Registered new binding: Left - A
15:54:00.984 [JavaFX Application Thread] DEBUG Input                - Registered new binding: Right - D
15:54:00.985 [JavaFX Application Thread] DEBUG Input                - Registered new binding: Jump - W
15:54:00.985 [JavaFX Application Thread] DEBUG Input                - Registered new binding: BasicAttack - I
15:54:00.985 [JavaFX Application Thread] DEBUG Input                - Registered new binding: SkillAttack - P
15:54:00.986 [JavaFX Application Thread] DEBUG FXGLAssetLoaderServi - Loading from file system: file:/C:/Users/User/IdeaProjects/RPGPlatform/target/classes/assets/music/BGM_dash_runner.wav
15:54:00.993 [FXGL Background Thread 4 ] DEBUG FXGLApplication      - Loading fonts
15:54:00.994 [FXGL Background Thread 4 ] DEBUG FXGLAssetLoaderServi - Loading from file system: jar:file:///C:/Users/User/.m2/repository/com/github/almasb/fxgl/17.3/fxgl-17.3.jar!/fxglassets/ui/fonts/VarelaRound-Regular.ttf
15:54:01.060 [FXGL Background Thread 4 ] DEBUG FXGLAssetLoaderServi - Loading from file system: jar:file:///C:/Users/User/.m2/repository/com/github/almasb/fxgl/17.3/fxgl-17.3.jar!/fxglassets/ui/fonts/Abel-Regular.ttf
15:54:01.065 [FXGL Background Thread 4 ] DEBUG FXGLAssetLoaderServi - Loading from file system: jar:file:///C:/Users/User/.m2/repository/com/github/almasb/fxgl/17.3/fxgl-17.3.jar!/fxglassets/ui/fonts/TerminalLandMono-Regular.otf
15:54:01.072 [FXGL Background Thread 4 ] DEBUG FXGLAssetLoaderServi - Loading from file system: jar:file:///C:/Users/User/.m2/repository/com/github/almasb/fxgl/17.3/fxgl-17.3.jar!/fxglassets/ui/fonts/Courier-Prime.ttf
15:54:01.287 [JavaFX Application Thread] DEBUG AudioPlayer          - Playing music com.almasb.fxgl.audio.Music@3fc087f8
15:54:01.289 [JavaFX Application Thread] DEBUG FXGLAssetLoaderServi - Loading from file system: jar:file:///C:/Users/User/.m2/repository/com/github/almasb/fxgl/17.3/fxgl-17.3.jar!/fxglassets/textures/fxgl_icon.png
15:54:01.376 [JavaFX Application Thread] DEBUG FXGLAssetLoaderServi - Loading from file system: jar:file:///C:/Users/User/.m2/repository/com/github/almasb/fxgl/17.3/fxgl-17.3.jar!/fxglassets/textures/fxgl_default_cursor.png
15:54:01.379 [JavaFX Application Thread] DEBUG Input                - Registered new binding: Screenshot - CTRL+8
15:54:01.379 [JavaFX Application Thread] DEBUG Input                - Registered new binding: Dev Options - 1
15:54:01.379 [JavaFX Application Thread] DEBUG Input                - Registered new binding: Dev Console - 2
15:54:01.380 [JavaFX Application Thread] DEBUG Input                - Registered new binding: System info dump - CTRL+9
15:54:01.380 [JavaFX Application Thread] DEBUG Input                - Registered new binding: Restart - CTRL+R
15:54:01.381 [JavaFX Application Thread] DEBUG Input                - Registered new binding: Toggle Debug Camera - CTRL+7
15:54:01.388 [JavaFX Application Thread] DEBUG LoopRunner           - Starting loop
15:54:01.410 [JavaFX Application Thread] DEBUG LoopRunner           - Initializing JavaFX AnimationTimerLoop
15:54:01.411 [JavaFX Application Thread] DEBUG GameApplicationServi - Starting new game
15:54:01.412 [JavaFX Application Thread] DEBUG Input                - Clearing active input actions
15:54:01.540 [JavaFX Application Thread] DEBUG GameApplicationServi - Removing overlay from FXGLStartupScene and adding to MainLoadingScene
15:54:01.545 [JavaFX Application Thread] DEBUG PrimaryStageWindow   - FXGLStartupScene -> MainLoadingScene
15:54:01.545 [JavaFX Application Thread] DEBUG GameApplicationServi - Clearing previous game
15:54:01.545 [JavaFX Application Thread] DEBUG GameScene            - Clearing game scene
15:54:01.545 [JavaFX Application Thread] DEBUG GameWorld            - Clearing game world
15:54:01.546 [JavaFX Application Thread] DEBUG PhysicsWorld         - Clearing physics world
15:54:01.551 [FXGL Background Thread 4 ] DEBUG FXGLApplication      - Initializing game
15:54:01.551 [JavaFX Application Thread] DEBUG FXGLApplication      - Registering font factories with UI factory
15:54:01.636 [FXGL Background Thread 4 ] WARN  TMXLevelLoader       - TiledMap generated from 1.2.3. Supported version: 1.9.0. Some features may not be parsed fully.
15:54:01.646 [FXGL Background Thread 4 ] DEBUG TMXLevelLoader       - Parsed TiledMap: file:/C:/Users/User/IdeaProjects/RPGPlatform/target/classes/assets/levels/tmx/level1.tmx
15:54:01.647 [FXGL Background Thread 4 ] DEBUG TMXLevelLoader       - Creating tile layer entities
15:54:01.649 [FXGL Background Thread 4 ] DEBUG TilesetLoader        - Loading view for layer Tile Layer 1
15:54:01.651 [FXGL Background Thread 4 ] DEBUG TilesetLoader        - Created buffer with size 1050.0x700.0
15:54:01.670 [FXGL Background Thread 4 ] DEBUG TMXLevelLoader       - Creating object layer entities
15:54:01.853 [FXGL Background Thread 4 ] DEBUG GameWorld            - Clearing removable entities
15:54:01.872 [FXGL Background Thread 4 ] DEBUG GameWorld            - Setting level: com.almasb.fxgl.entity.level.Level@6fd42b0a
15:54:01.911 [FXGL Background Thread 4 ] DEBUG FXGLAssetLoaderServi - Loading from file system: file:/C:/Users/User/IdeaProjects/RPGPlatform/target/classes/assets/textures/WarriorHigh_Jump.png
15:54:01.919 [FXGL Background Thread 4 ] DEBUG FXGLAssetLoaderServi - Loading from file system: file:/C:/Users/User/IdeaProjects/RPGPlatform/target/classes/assets/textures/WarriorWalk.png
15:54:01.926 [FXGL Background Thread 4 ] DEBUG FXGLAssetLoaderServi - Loading from file system: file:/C:/Users/User/IdeaProjects/RPGPlatform/target/classes/assets/textures/WarriorAttack.png
15:54:01.931 [FXGL Background Thread 4 ] DEBUG FXGLAssetLoaderServi - Loading from file system: file:/C:/Users/User/IdeaProjects/RPGPlatform/target/classes/assets/textures/WarriorSpecialAttack.png
15:54:01.954 [FXGL Background Thread 4 ] DEBUG FXGLAssetLoaderServi - Loading from file system: file:/C:/Users/User/IdeaProjects/RPGPlatform/target/classes/assets/textures/background/windrise-background.png
15:54:01.979 [FXGL Background Thread 4 ] INFO  FXGLApplication      - Game initialization took: 0.428 sec
15:54:02.002 [FXGL Background Thread 2 ] INFO  UpdaterService       - Your current version:  17.3
15:54:02.003 [FXGL Background Thread 2 ] INFO  UpdaterService       - Latest stable version: 21.1
15:54:02.062 [JavaFX Application Thread] DEBUG Input                - Clearing active input actions
15:54:02.084 [JavaFX Application Thread] DEBUG GameApplicationServi - Removing overlay from MainLoadingScene and adding to GameScene
15:54:02.088 [JavaFX Application Thread] DEBUG PrimaryStageWindow   - MainLoadingScene -> GameScene
15:54:03.896 [FXGL Background Thread 3 ] DEBUG Engine               - Logging environment variables
15:54:03.896 [FXGL Background Thread 3 ] DEBUG Engine               - achievements: []
15:54:03.897 [FXGL Background Thread 3 ] DEBUG Engine               - actualHeight: 720.0
15:54:03.897 [FXGL Background Thread 3 ] DEBUG Engine               - actualHeightProperty: ReadOnlyDoubleProperty [value: 720.0]
15:54:03.897 [FXGL Background Thread 3 ] DEBUG Engine               - actualWidth: 1280.0
15:54:03.897 [FXGL Background Thread 3 ] DEBUG Engine               - actualWidthProperty: ReadOnlyDoubleProperty [value: 1280.0]
15:54:03.897 [FXGL Background Thread 3 ] DEBUG Engine               - appIcon: fxgl_icon.png
15:54:03.897 [FXGL Background Thread 3 ] DEBUG Engine               - applicationMode: DEVELOPER
15:54:03.897 [FXGL Background Thread 3 ] DEBUG Engine               - cSSList: [fxgl_dark.css]
15:54:03.897 [FXGL Background Thread 3 ] DEBUG Engine               - collisionDetectionStrategy: BRUTE_FORCE
15:54:03.897 [FXGL Background Thread 3 ] DEBUG Engine               - configClass: Optional.empty
15:54:03.897 [FXGL Background Thread 3 ] DEBUG Engine               - credits: []
15:54:03.898 [FXGL Background Thread 3 ] DEBUG Engine               - defaultCursor: CursorInfo(imageName=fxgl_default_cursor.png, hotspotX=7.0, hotspotY=6.0)
15:54:03.898 [FXGL Background Thread 3 ] DEBUG Engine               - devBBoxColorProperty: ObjectProperty [value: 0xff0000ff]
15:54:03.899 [FXGL Background Thread 3 ] DEBUG Engine               - devEnableDebugCameraProperty: BooleanProperty [value: false]
15:54:03.899 [FXGL Background Thread 3 ] DEBUG Engine               - devSensorColorProperty: ObjectProperty [value: 0xffff00ff]
15:54:03.899 [FXGL Background Thread 3 ] DEBUG Engine               - devShowBBoxProperty: BooleanProperty [value: false]
15:54:03.899 [FXGL Background Thread 3 ] DEBUG Engine               - devShowPositionProperty: BooleanProperty [value: false]
15:54:03.899 [FXGL Background Thread 3 ] DEBUG Engine               - enabledMenuItems: []
15:54:03.899 [FXGL Background Thread 3 ] DEBUG Engine               - engineServices: [class com.almasb.fxgl.app.services.FXGLAssetLoaderService, class com.almasb.fxgl.app.FXGLApplication$GameApplicationService, class com.almasb.fxgl.app.services.FXGLDialogService, class com.almasb.fxgl.app.services.IOTaskExecutorService, class com.almasb.fxgl.io.FileSystemService, class com.almasb.fxgl.localization.LocalizationService, class com.almasb.fxgl.app.services.SystemBundleService, class com.almasb.fxgl.profile.SaveLoadService, class com.almasb.fxgl.ui.FXGLUIFactoryServiceProvider, class com.almasb.fxgl.ui.FXGLDialogFactoryServiceProvider, class com.almasb.fxgl.audio.AudioPlayer, class com.almasb.fxgl.notification.impl.NotificationServiceProvider, class com.almasb.fxgl.achievement.AchievementService, class com.almasb.fxgl.cutscene.CutsceneService, class com.almasb.fxgl.minigames.MiniGameService, class com.almasb.fxgl.net.NetService, class com.almasb.fxgl.app.services.UpdaterService, class com.almasb.fxgl.dev.DevService]
15:54:03.899 [FXGL Background Thread 3 ] DEBUG Engine               - fontGame: Abel-Regular.ttf
15:54:03.899 [FXGL Background Thread 3 ] DEBUG Engine               - fontMono: TerminalLandMono-Regular.otf
15:54:03.899 [FXGL Background Thread 3 ] DEBUG Engine               - fontSizeScaleUI: 1.0
15:54:03.899 [FXGL Background Thread 3 ] DEBUG Engine               - fontText: Courier-Prime.ttf
15:54:03.899 [FXGL Background Thread 3 ] DEBUG Engine               - fontUI: VarelaRound-Regular.ttf
15:54:03.899 [FXGL Background Thread 3 ] DEBUG Engine               - fullScreen: BooleanProperty [value: false]
15:54:03.899 [FXGL Background Thread 3 ] DEBUG Engine               - gameDifficulty: MEDIUM
15:54:03.899 [FXGL Background Thread 3 ] DEBUG Engine               - gameDifficultyProperty: ObjectProperty [value: MEDIUM]
15:54:03.899 [FXGL Background Thread 3 ] DEBUG Engine               - globalMusicVolume: 0.5
15:54:03.900 [FXGL Background Thread 3 ] DEBUG Engine               - globalMusicVolumeProperty: DoubleProperty [value: 0.25]
15:54:03.900 [FXGL Background Thread 3 ] DEBUG Engine               - globalSoundVolume: 0.5
15:54:03.900 [FXGL Background Thread 3 ] DEBUG Engine               - globalSoundVolumeProperty: DoubleProperty [value: 0.5]
15:54:03.900 [FXGL Background Thread 3 ] DEBUG Engine               - height: 720
15:54:03.900 [FXGL Background Thread 3 ] DEBUG Engine               - is3D: false
15:54:03.900 [FXGL Background Thread 3 ] DEBUG Engine               - isAndroid: false
15:54:03.900 [FXGL Background Thread 3 ] DEBUG Engine               - isBrowser: false
15:54:03.900 [FXGL Background Thread 3 ] DEBUG Engine               - isClickFeedbackEnabled: false
15:54:03.900 [FXGL Background Thread 3 ] DEBUG Engine               - isCloseConfirmation: false
15:54:03.900 [FXGL Background Thread 3 ] DEBUG Engine               - isDesktop: true
15:54:03.900 [FXGL Background Thread 3 ] DEBUG Engine               - isDeveloperMenuEnabled: true
15:54:03.900 [FXGL Background Thread 3 ] DEBUG Engine               - isEmbedded: false
15:54:03.900 [FXGL Background Thread 3 ] DEBUG Engine               - isEntityPreloadEnabled: true
15:54:03.900 [FXGL Background Thread 3 ] DEBUG Engine               - isExperimentalTiledLargeMap: false
15:54:03.900 [FXGL Background Thread 3 ] DEBUG Engine               - isFileSystemWriteAllowed: true
15:54:03.900 [FXGL Background Thread 3 ] DEBUG Engine               - isFullScreenAllowed: false
15:54:03.900 [FXGL Background Thread 3 ] DEBUG Engine               - isFullScreenFromStart: false
15:54:03.900 [FXGL Background Thread 3 ] DEBUG Engine               - isGameMenuEnabled: true
15:54:03.901 [FXGL Background Thread 3 ] DEBUG Engine               - isIOS: false
15:54:03.901 [FXGL Background Thread 3 ] DEBUG Engine               - isIntroEnabled: false
15:54:03.901 [FXGL Background Thread 3 ] DEBUG Engine               - isLinux: false
15:54:03.901 [FXGL Background Thread 3 ] DEBUG Engine               - isMac: false
15:54:03.901 [FXGL Background Thread 3 ] DEBUG Engine               - isMainMenuEnabled: false
15:54:03.901 [FXGL Background Thread 3 ] DEBUG Engine               - isManualResizeEnabled: false
15:54:03.901 [FXGL Background Thread 3 ] DEBUG Engine               - isMobile: false
15:54:03.901 [FXGL Background Thread 3 ] DEBUG Engine               - isNative: false
15:54:03.901 [FXGL Background Thread 3 ] DEBUG Engine               - isPauseMusicWhenMinimized: true
15:54:03.901 [FXGL Background Thread 3 ] DEBUG Engine               - isPreserveResizeRatio: false
15:54:03.901 [FXGL Background Thread 3 ] DEBUG Engine               - isProfilingEnabled: false
15:54:03.901 [FXGL Background Thread 3 ] DEBUG Engine               - isScaleAffectedOnResize: true
15:54:03.901 [FXGL Background Thread 3 ] DEBUG Engine               - isSingleStep: false
15:54:03.901 [FXGL Background Thread 3 ] DEBUG Engine               - isUserProfileEnabled: false
15:54:03.901 [FXGL Background Thread 3 ] DEBUG Engine               - isWindows: true
15:54:03.901 [FXGL Background Thread 3 ] DEBUG Engine               - language: ObjectProperty [value: ENGLISH]
15:54:03.901 [FXGL Background Thread 3 ] DEBUG Engine               - menuKey: ESCAPE
15:54:03.901 [FXGL Background Thread 3 ] DEBUG Engine               - mouseSensitivity: 0.2
15:54:03.901 [FXGL Background Thread 3 ] DEBUG Engine               - notificationViewClass: class com.almasb.fxgl.notification.view.XboxNotificationView
15:54:03.901 [FXGL Background Thread 3 ] DEBUG Engine               - pixelsPerMeter: 50.0
15:54:03.902 [FXGL Background Thread 3 ] DEBUG Engine               - platform: WINDOWS
15:54:03.902 [FXGL Background Thread 3 ] DEBUG Engine               - prefHeightProperty: ReadOnlyDoubleProperty [value: 720.0]
15:54:03.902 [FXGL Background Thread 3 ] DEBUG Engine               - prefWidthProperty: ReadOnlyDoubleProperty [value: 1280.0]
15:54:03.902 [FXGL Background Thread 3 ] DEBUG Engine               - profileDir: profiles/
15:54:03.902 [FXGL Background Thread 3 ] DEBUG Engine               - profileName: StringProperty [value: DEFAULT]
15:54:03.902 [FXGL Background Thread 3 ] DEBUG Engine               - randomSeed: -1
15:54:03.902 [FXGL Background Thread 3 ] DEBUG Engine               - runtimeInfo: RuntimeInfo(platform=WINDOWS, version=17.3, build=30.03.2023 11.49)
15:54:03.902 [FXGL Background Thread 3 ] DEBUG Engine               - saveFileExt: sav
15:54:03.903 [FXGL Background Thread 3 ] DEBUG Engine               - scaledHeightProp$fxgl: DoubleProperty [bound, value: 720.0]
15:54:03.903 [FXGL Background Thread 3 ] DEBUG Engine               - scaledWidthProp$fxgl: DoubleProperty [bound, value: 1280.0]
15:54:03.903 [FXGL Background Thread 3 ] DEBUG Engine               - sceneFactory: com.example.rpgplatform.RPGPlatform$1@6452c5d6
15:54:03.903 [FXGL Background Thread 3 ] DEBUG Engine               - secondsIn24h: 60
15:54:03.903 [FXGL Background Thread 3 ] DEBUG Engine               - soundMenuBack: menu/back.wav
15:54:03.903 [FXGL Background Thread 3 ] DEBUG Engine               - soundMenuPress: menu/press.wav
15:54:03.903 [FXGL Background Thread 3 ] DEBUG Engine               - soundMenuSelect: menu/select.wav
15:54:03.903 [FXGL Background Thread 3 ] DEBUG Engine               - soundNotification: core/notification.wav
15:54:03.903 [FXGL Background Thread 3 ] DEBUG Engine               - stageStyle: DECORATED
15:54:03.903 [FXGL Background Thread 3 ] DEBUG Engine               - supportedLanguages: [ENGLISH, FRENCH, GERMAN, HUNGARIAN, RUSSIAN]
15:54:03.903 [FXGL Background Thread 3 ] DEBUG Engine               - ticksPerSecond: -1
15:54:03.903 [FXGL Background Thread 3 ] DEBUG Engine               - title: FUCK THIS SHIT
15:54:03.903 [FXGL Background Thread 3 ] DEBUG Engine               - urlGithub: https://github.com/AlmasB/FXGL
15:54:03.903 [FXGL Background Thread 3 ] DEBUG Engine               - urlLeaderboard: http://fxgl-top.herokuapp.com/
15:54:03.908 [FXGL Background Thread 3 ] DEBUG Engine               - urlPOM: https://raw.githubusercontent.com/AlmasB/FXGL/release/README.md
15:54:03.908 [FXGL Background Thread 3 ] DEBUG Engine               - userAppClass: class com.example.rpgplatform.RPGPlatform
15:54:03.908 [FXGL Background Thread 3 ] DEBUG Engine               - version: 0.0
15:54:03.908 [FXGL Background Thread 3 ] DEBUG Engine               - versionCheckDays: 7
15:54:03.909 [FXGL Background Thread 3 ] DEBUG Engine               - width: 1280
15:54:03.909 [FXGL Background Thread 3 ] DEBUG Engine               - Logging services
15:54:03.909 [FXGL Background Thread 3 ] DEBUG Engine               - class com.almasb.fxgl.app.services.FXGLAssetLoaderService
15:54:03.909 [FXGL Background Thread 3 ] DEBUG Engine               - class com.almasb.fxgl.app.FXGLApplication$GameApplicationService
15:54:03.909 [FXGL Background Thread 3 ] DEBUG Engine               - class com.almasb.fxgl.app.services.FXGLDialogService
15:54:03.909 [FXGL Background Thread 3 ] DEBUG Engine               - class com.almasb.fxgl.app.services.IOTaskExecutorService
15:54:03.909 [FXGL Background Thread 3 ] DEBUG Engine               - class com.almasb.fxgl.io.FileSystemService
15:54:03.909 [FXGL Background Thread 3 ] DEBUG Engine               - class com.almasb.fxgl.localization.LocalizationService
15:54:03.909 [FXGL Background Thread 3 ] DEBUG Engine               - class com.almasb.fxgl.app.services.SystemBundleService
15:54:03.909 [FXGL Background Thread 3 ] DEBUG Engine               - class com.almasb.fxgl.profile.SaveLoadService
15:54:03.909 [FXGL Background Thread 3 ] DEBUG Engine               - class com.almasb.fxgl.ui.FXGLUIFactoryServiceProvider
15:54:03.909 [FXGL Background Thread 3 ] DEBUG Engine               - class com.almasb.fxgl.ui.FXGLDialogFactoryServiceProvider
15:54:03.909 [FXGL Background Thread 3 ] DEBUG Engine               - class com.almasb.fxgl.audio.AudioPlayer
15:54:03.909 [FXGL Background Thread 3 ] DEBUG Engine               - class com.almasb.fxgl.notification.impl.NotificationServiceProvider
15:54:03.909 [FXGL Background Thread 3 ] DEBUG Engine               - class com.almasb.fxgl.achievement.AchievementService
15:54:03.909 [FXGL Background Thread 3 ] DEBUG Engine               - class com.almasb.fxgl.cutscene.CutsceneService
15:54:03.909 [FXGL Background Thread 3 ] DEBUG Engine               - class com.almasb.fxgl.minigames.MiniGameService
15:54:03.909 [FXGL Background Thread 3 ] DEBUG Engine               - class com.almasb.fxgl.net.NetService
15:54:03.909 [FXGL Background Thread 3 ] DEBUG Engine               - class com.almasb.fxgl.app.services.UpdaterService
15:54:03.909 [FXGL Background Thread 3 ] DEBUG Engine               - class com.almasb.fxgl.dev.DevService
15:54:21.005 [JavaFX Application Thread] DEBUG PrimaryStageWindow   - Push state: FXGLDefaultMenu
15:54:21.008 [JavaFX Application Thread] DEBUG Input                - Clearing active input actions
15:54:21.010 [JavaFX Application Thread] DEBUG GameApplicationServi - Removing overlay from GameScene and adding to FXGLDefaultMenu
15:54:21.012 [JavaFX Application Thread] DEBUG PrimaryStageWindow   - GameScene -> FXGLDefaultMenu
15:54:23.544 [JavaFX Application Thread] DEBUG FXGL.DefaultMenu     - createContentAudio()
15:54:34.148 [JavaFX Application Thread] DEBUG PrimaryStageWindow   - Pop state: FXGLDefaultMenu
15:54:34.148 [JavaFX Application Thread] DEBUG Input                - Clearing active input actions
15:54:34.149 [JavaFX Application Thread] DEBUG GameApplicationServi - Removing overlay from FXGLDefaultMenu and adding to GameScene
15:54:34.150 [JavaFX Application Thread] DEBUG PrimaryStageWindow   - GameScene <- FXGLDefaultMenu
15:57:06.323 [JavaFX Application Thread] DEBUG FXGLApplication      - Exiting FXGL
15:57:06.323 [JavaFX Application Thread] DEBUG LoopRunner           - Stopping loop
15:57:06.324 [JavaFX Application Thread] DEBUG SystemBundleService  - Saving FXGL system data
15:57:06.326 [JavaFX Application Thread] DEBUG FileSystemAccess     - Writing to: C:\Users\User\IdeaProjects\RPGPlatform\system\fxgl.bundle
15:57:06.330 [JavaFX Application Thread] DEBUG Async                - Shutting down background threads
15:57:06.331 [JavaFX Application Thread] DEBUG PrimaryStageWindow   - Closing main window
15:57:06.384 [JavaFX Application Thread] DEBUG Logger               - Closing Logger
