19:08:01.544 [main                     ] DEBUG Logger               - Configured Logger
19:08:01.573 [main                     ] DEBUG GameApplication      - Logging settings
Title: Flat Former Game
Version: 0.0
Width: 1280
Height: 720
Fullscreen: false
Intro: false
Profiling: false
Single step:false
App Mode: DEVELOPER
Menu Key: ESCAPE
Stage Style: DECORATED
Scene Factory: class com.example.rpgplatform.RPGPlatform$1

19:08:01.980 [JavaFX Application Thread] DEBUG FXGLApplication      - Initializing FXGL
19:08:01.985 [JavaFX Application Thread] INFO  Engine               - FXGL-17.3 (30.03.2023 11.49) on WINDOWS (J:21.0.2 FX:21)
19:08:01.985 [JavaFX Application Thread] DEBUG Engine               - JRE Vendor Name: Oracle Corporation
19:08:01.986 [JavaFX Application Thread] DEBUG Engine               - Running on OS: Windows 10 version 10.0
19:08:01.986 [JavaFX Application Thread] DEBUG Engine               - Architecture: amd64
19:08:01.986 [JavaFX Application Thread] INFO  Engine               - Source code and latest versions at: https://github.com/AlmasB/FXGL
19:08:01.986 [JavaFX Application Thread] INFO  Engine               -       Ask questions and discuss at: https://github.com/AlmasB/FXGL/discussions
19:08:01.986 [JavaFX Application Thread] INFO  Engine               -              Join the FXGL chat at: https://gitter.im/AlmasB/FXGL
19:08:02.090 [JavaFX Application Thread] DEBUG PrimaryStageWindow   - Creating a JavaFX scene
19:08:02.158 [JavaFX Application Thread] DEBUG PrimaryStageWindow   - Target settings size: 1280.0 x 720.0
19:08:02.159 [JavaFX Application Thread] DEBUG PrimaryStageWindow   - Scaled scene size:    1280.0 x 720.0
19:08:02.160 [JavaFX Application Thread] DEBUG PrimaryStageWindow   - Scaled ratio: (1.0, 1.0)
19:08:02.161 [JavaFX Application Thread] DEBUG PrimaryStageWindow   - Set initial scene to FXGLStartupScene
19:08:02.165 [JavaFX Application Thread] DEBUG PrimaryStageWindow   - Opening main window
19:08:02.266 [JavaFX Application Thread] DEBUG PrimaryStageWindow   - Window border size: (16.0, 39.0)
19:08:02.266 [JavaFX Application Thread] DEBUG PrimaryStageWindow   - Scaled size: 1280.0 x 720.0
19:08:02.266 [JavaFX Application Thread] DEBUG PrimaryStageWindow   - Scaled ratio: (1.0, 1.0)
19:08:02.266 [JavaFX Application Thread] DEBUG PrimaryStageWindow   - Scene size: 1280.0 x 720.0
19:08:02.267 [JavaFX Application Thread] DEBUG PrimaryStageWindow   - Stage size: 1296.0 x 759.0
19:08:02.274 [FXGL Background Thread 1 ] DEBUG Engine               - Initializing environment variables
19:08:02.336 [FXGL Background Thread 1 ] DEBUG FXGLAssetLoaderServi - User app class for loading assets: class com.example.rpgplatform.RPGPlatform
19:08:02.336 [FXGL Background Thread 1 ] DEBUG GameApplicationServi - Applying CSS: fxgl_dark.css
19:08:02.337 [FXGL Background Thread 1 ] DEBUG FXGLAssetLoaderServi - Loading from file system: jar:file:///C:/Users/User/.m2/repository/com/github/almasb/fxgl/17.3/fxgl-17.3.jar!/fxglassets/ui/css/fxgl_dark.css
19:08:02.395 [FXGL Background Thread 1 ] DEBUG GameApplicationServi - Initializing application scenes
19:08:02.455 [FXGL Background Thread 1 ] DEBUG FXGLAssetLoaderServi - Loading from file system: file:/C:/Users/User/IdeaProjects/RPGPlatform/target/classes/assets/textures/WarriorIdle.png
19:08:02.509 [FXGL Background Thread 1 ] DEBUG GameWorld            - Game world initialized
19:08:02.567 [FXGL Background Thread 1 ] DEBUG PhysicsWorld         - Physics world initialized: appHeight=720, physics.ppm=50.0
19:08:02.568 [FXGL Background Thread 1 ] DEBUG PhysicsWorld         - Using strategy: BRUTE_FORCE
19:08:02.574 [FXGL Background Thread 1 ] DEBUG GameScene            - Game scene initialized: 1280x720
19:08:02.585 [FXGL Background Thread 1 ] DEBUG FXGL.DefaultMenu     - createMenuBodyGameMenu()
19:08:02.612 [FXGL Background Thread 1 ] DEBUG FXGL.DefaultMenu     - createOptionsMenu()
19:08:02.620 [FXGL Background Thread 1 ] DEBUG FXGLAssetLoaderServi - Loading from file system: jar:file:///C:/Users/User/.m2/repository/com/github/almasb/fxgl/17.3/fxgl-17.3.jar!/fxglassets/textures/particles/smoke.png
19:08:02.704 [FXGL Background Thread 1 ] DEBUG FXGLAssetLoaderServi - Loading from file system: jar:file:///C:/Users/User/.m2/repository/com/github/almasb/fxgl/17.3/fxgl-17.3.jar!/fxglassets/textures/particles/trace_horizontal.png
19:08:02.727 [FXGL Background Thread 1 ] DEBUG GameApplicationServi - Application scenes initialized
19:08:02.741 [FXGL Background Thread 1 ] DEBUG SystemBundleService  - Loading FXGL system data
19:08:02.746 [FXGL Background Thread 1 ] DEBUG FileSystemAccess     - Reading from: C:\Users\User\IdeaProjects\RPGPlatform\system\fxgl.bundle
19:08:02.757 [FXGL Background Thread 1 ] DEBUG SystemBundleService  - Bundle FXGL: {}
19:08:02.757 [FXGL Background Thread 1 ] DEBUG UpdaterService       - Checking for updates
19:08:02.793 [FXGL Background Thread 1 ] DEBUG FXGLApplication      - Loading default localization
19:08:02.796 [FXGL Background Thread 1 ] DEBUG FXGLAssetLoaderServi - Loading from file system: jar:file:///C:/Users/User/.m2/repository/com/github/almasb/fxgl/17.3/fxgl-17.3.jar!/fxglassets/languages/english.lang
19:08:02.816 [FXGL Background Thread 1 ] INFO  FXGLApplication      - FXGL initialization took: 0.541 sec
19:08:02.816 [FXGL Background Thread 4 ] DEBUG FXGLApplication      - Loading fonts
19:08:02.817 [FXGL Background Thread 4 ] DEBUG FXGLAssetLoaderServi - Loading from file system: jar:file:///C:/Users/User/.m2/repository/com/github/almasb/fxgl/17.3/fxgl-17.3.jar!/fxglassets/ui/fonts/VarelaRound-Regular.ttf
19:08:02.825 [JavaFX Application Thread] DEBUG Input                - Registered new binding: Left - A
19:08:02.826 [JavaFX Application Thread] DEBUG Input                - Registered new binding: Right - D
19:08:02.826 [JavaFX Application Thread] DEBUG Input                - Registered new binding: Jump - W
19:08:02.826 [JavaFX Application Thread] DEBUG Input                - Registered new binding: BasicAttack - I
19:08:02.826 [JavaFX Application Thread] DEBUG Input                - Registered new binding: SkillAttack - P
19:08:02.827 [JavaFX Application Thread] DEBUG FXGLAssetLoaderServi - Loading from file system: file:/C:/Users/User/IdeaProjects/RPGPlatform/target/classes/assets/music/BGM_dash_runner.wav
19:08:02.860 [FXGL Background Thread 4 ] DEBUG FXGLAssetLoaderServi - Loading from file system: jar:file:///C:/Users/User/.m2/repository/com/github/almasb/fxgl/17.3/fxgl-17.3.jar!/fxglassets/ui/fonts/Abel-Regular.ttf
19:08:02.865 [FXGL Background Thread 4 ] DEBUG FXGLAssetLoaderServi - Loading from file system: jar:file:///C:/Users/User/.m2/repository/com/github/almasb/fxgl/17.3/fxgl-17.3.jar!/fxglassets/ui/fonts/TerminalLandMono-Regular.otf
19:08:02.880 [FXGL Background Thread 4 ] DEBUG FXGLAssetLoaderServi - Loading from file system: jar:file:///C:/Users/User/.m2/repository/com/github/almasb/fxgl/17.3/fxgl-17.3.jar!/fxglassets/ui/fonts/Courier-Prime.ttf
19:08:03.055 [JavaFX Application Thread] DEBUG AudioPlayer          - Playing music com.almasb.fxgl.audio.Music@6509c1ce
19:08:03.056 [JavaFX Application Thread] DEBUG FXGLAssetLoaderServi - Loading from file system: jar:file:///C:/Users/User/.m2/repository/com/github/almasb/fxgl/17.3/fxgl-17.3.jar!/fxglassets/textures/fxgl_icon.png
19:08:03.066 [JavaFX Application Thread] DEBUG FXGLAssetLoaderServi - Loading from file system: jar:file:///C:/Users/User/.m2/repository/com/github/almasb/fxgl/17.3/fxgl-17.3.jar!/fxglassets/textures/fxgl_default_cursor.png
19:08:03.068 [JavaFX Application Thread] DEBUG Input                - Registered new binding: Screenshot - CTRL+8
19:08:03.068 [JavaFX Application Thread] DEBUG Input                - Registered new binding: Dev Options - 1
19:08:03.069 [JavaFX Application Thread] DEBUG Input                - Registered new binding: Dev Console - 2
19:08:03.069 [JavaFX Application Thread] DEBUG Input                - Registered new binding: System info dump - CTRL+9
19:08:03.069 [JavaFX Application Thread] DEBUG Input                - Registered new binding: Restart - CTRL+R
19:08:03.070 [JavaFX Application Thread] DEBUG Input                - Registered new binding: Toggle Debug Camera - CTRL+7
19:08:03.074 [JavaFX Application Thread] DEBUG LoopRunner           - Starting loop
19:08:03.111 [JavaFX Application Thread] DEBUG LoopRunner           - Initializing JavaFX AnimationTimerLoop
19:08:03.112 [JavaFX Application Thread] DEBUG GameApplicationServi - Starting new game
19:08:03.113 [JavaFX Application Thread] DEBUG Input                - Clearing active input actions
19:08:03.157 [JavaFX Application Thread] DEBUG GameApplicationServi - Removing overlay from FXGLStartupScene and adding to MainLoadingScene
19:08:03.161 [JavaFX Application Thread] DEBUG PrimaryStageWindow   - FXGLStartupScene -> MainLoadingScene
19:08:03.162 [JavaFX Application Thread] DEBUG GameApplicationServi - Clearing previous game
19:08:03.162 [JavaFX Application Thread] DEBUG GameScene            - Clearing game scene
19:08:03.162 [JavaFX Application Thread] DEBUG GameWorld            - Clearing game world
19:08:03.162 [JavaFX Application Thread] DEBUG PhysicsWorld         - Clearing physics world
19:08:03.163 [FXGL Background Thread 4 ] DEBUG FXGLApplication      - Initializing game
19:08:03.206 [FXGL Background Thread 4 ] WARN  TMXLevelLoader       - TiledMap generated from 1.2.3. Supported version: 1.9.0. Some features may not be parsed fully.
19:08:03.223 [FXGL Background Thread 4 ] DEBUG TMXLevelLoader       - Parsed TiledMap: file:/C:/Users/User/IdeaProjects/RPGPlatform/target/classes/assets/levels/tmx/level1.tmx
19:08:03.226 [FXGL Background Thread 4 ] DEBUG TMXLevelLoader       - Creating tile layer entities
19:08:03.230 [FXGL Background Thread 4 ] DEBUG TilesetLoader        - Loading view for layer Tile Layer 1
19:08:03.236 [FXGL Background Thread 4 ] DEBUG TilesetLoader        - Created buffer with size 1050.0x700.0
19:08:03.279 [FXGL Background Thread 4 ] DEBUG TMXLevelLoader       - Creating object layer entities
19:08:03.317 [FXGL Background Thread 4 ] DEBUG GameWorld            - Clearing removable entities
19:08:03.317 [FXGL Background Thread 4 ] DEBUG GameWorld            - Setting level: com.almasb.fxgl.entity.level.Level@571d5637
19:08:03.338 [FXGL Background Thread 4 ] DEBUG FXGLAssetLoaderServi - Loading from file system: file:/C:/Users/User/IdeaProjects/RPGPlatform/target/classes/assets/textures/WarriorHigh_Jump.png
19:08:03.345 [FXGL Background Thread 4 ] DEBUG FXGLAssetLoaderServi - Loading from file system: file:/C:/Users/User/IdeaProjects/RPGPlatform/target/classes/assets/textures/WarriorWalk.png
19:08:03.348 [FXGL Background Thread 4 ] DEBUG FXGLAssetLoaderServi - Loading from file system: file:/C:/Users/User/IdeaProjects/RPGPlatform/target/classes/assets/textures/WarriorAttack.png
19:08:03.370 [FXGL Background Thread 4 ] DEBUG FXGLAssetLoaderServi - Loading from file system: file:/C:/Users/User/IdeaProjects/RPGPlatform/target/classes/assets/textures/WarriorSpecialAttack.png
19:08:03.392 [FXGL Background Thread 4 ] DEBUG FXGLAssetLoaderServi - Loading from file system: file:/C:/Users/User/IdeaProjects/RPGPlatform/target/classes/assets/textures/background/windrise-background.png
19:08:03.419 [FXGL Background Thread 4 ] INFO  FXGLApplication      - Game initialization took: 0.255 sec
19:08:03.433 [JavaFX Application Thread] DEBUG Input                - Clearing active input actions
19:08:03.439 [JavaFX Application Thread] DEBUG GameApplicationServi - Removing overlay from MainLoadingScene and adding to GameScene
19:08:03.444 [JavaFX Application Thread] DEBUG PrimaryStageWindow   - MainLoadingScene -> GameScene
19:08:03.584 [FXGL Background Thread 2 ] INFO  UpdaterService       - Your current version:  17.3
19:08:03.584 [FXGL Background Thread 2 ] INFO  UpdaterService       - Latest stable version: 21.1
19:08:05.791 [FXGL Background Thread 3 ] DEBUG Engine               - Logging environment variables
19:08:05.791 [FXGL Background Thread 3 ] DEBUG Engine               - achievements: []
19:08:05.791 [FXGL Background Thread 3 ] DEBUG Engine               - actualHeight: 720.0
19:08:05.792 [FXGL Background Thread 3 ] DEBUG Engine               - actualHeightProperty: ReadOnlyDoubleProperty [value: 720.0]
19:08:05.792 [FXGL Background Thread 3 ] DEBUG Engine               - actualWidth: 1280.0
19:08:05.792 [FXGL Background Thread 3 ] DEBUG Engine               - actualWidthProperty: ReadOnlyDoubleProperty [value: 1280.0]
19:08:05.792 [FXGL Background Thread 3 ] DEBUG Engine               - appIcon: fxgl_icon.png
19:08:05.792 [FXGL Background Thread 3 ] DEBUG Engine               - applicationMode: DEVELOPER
19:08:05.792 [FXGL Background Thread 3 ] DEBUG Engine               - cSSList: [fxgl_dark.css]
19:08:05.792 [FXGL Background Thread 3 ] DEBUG Engine               - collisionDetectionStrategy: BRUTE_FORCE
19:08:05.792 [FXGL Background Thread 3 ] DEBUG Engine               - configClass: Optional.empty
19:08:05.792 [FXGL Background Thread 3 ] DEBUG Engine               - credits: []
19:08:05.793 [FXGL Background Thread 3 ] DEBUG Engine               - defaultCursor: CursorInfo(imageName=fxgl_default_cursor.png, hotspotX=7.0, hotspotY=6.0)
19:08:05.793 [FXGL Background Thread 3 ] DEBUG Engine               - devBBoxColorProperty: ObjectProperty [value: 0xff0000ff]
19:08:05.793 [FXGL Background Thread 3 ] DEBUG Engine               - devEnableDebugCameraProperty: BooleanProperty [value: false]
19:08:05.793 [FXGL Background Thread 3 ] DEBUG Engine               - devSensorColorProperty: ObjectProperty [value: 0xffff00ff]
19:08:05.793 [FXGL Background Thread 3 ] DEBUG Engine               - devShowBBoxProperty: BooleanProperty [value: false]
19:08:05.794 [FXGL Background Thread 3 ] DEBUG Engine               - devShowPositionProperty: BooleanProperty [value: false]
19:08:05.794 [FXGL Background Thread 3 ] DEBUG Engine               - enabledMenuItems: []
19:08:05.794 [FXGL Background Thread 3 ] DEBUG Engine               - engineServices: [class com.almasb.fxgl.app.services.FXGLAssetLoaderService, class com.almasb.fxgl.app.FXGLApplication$GameApplicationService, class com.almasb.fxgl.app.services.FXGLDialogService, class com.almasb.fxgl.app.services.IOTaskExecutorService, class com.almasb.fxgl.io.FileSystemService, class com.almasb.fxgl.localization.LocalizationService, class com.almasb.fxgl.app.services.SystemBundleService, class com.almasb.fxgl.profile.SaveLoadService, class com.almasb.fxgl.ui.FXGLUIFactoryServiceProvider, class com.almasb.fxgl.ui.FXGLDialogFactoryServiceProvider, class com.almasb.fxgl.audio.AudioPlayer, class com.almasb.fxgl.notification.impl.NotificationServiceProvider, class com.almasb.fxgl.achievement.AchievementService, class com.almasb.fxgl.cutscene.CutsceneService, class com.almasb.fxgl.minigames.MiniGameService, class com.almasb.fxgl.net.NetService, class com.almasb.fxgl.app.services.UpdaterService, class com.almasb.fxgl.dev.DevService]
19:08:05.794 [FXGL Background Thread 3 ] DEBUG Engine               - fontGame: Abel-Regular.ttf
19:08:05.794 [FXGL Background Thread 3 ] DEBUG Engine               - fontMono: TerminalLandMono-Regular.otf
19:08:05.794 [FXGL Background Thread 3 ] DEBUG Engine               - fontSizeScaleUI: 1.0
19:08:05.794 [FXGL Background Thread 3 ] DEBUG Engine               - fontText: Courier-Prime.ttf
19:08:05.794 [FXGL Background Thread 3 ] DEBUG Engine               - fontUI: VarelaRound-Regular.ttf
19:08:05.794 [FXGL Background Thread 3 ] DEBUG Engine               - fullScreen: BooleanProperty [value: false]
19:08:05.794 [FXGL Background Thread 3 ] DEBUG Engine               - gameDifficulty: MEDIUM
19:08:05.794 [FXGL Background Thread 3 ] DEBUG Engine               - gameDifficultyProperty: ObjectProperty [value: MEDIUM]
19:08:05.795 [FXGL Background Thread 3 ] DEBUG Engine               - globalMusicVolume: 0.5
19:08:05.795 [FXGL Background Thread 3 ] DEBUG Engine               - globalMusicVolumeProperty: DoubleProperty [value: 0.25]
19:08:05.795 [FXGL Background Thread 3 ] DEBUG Engine               - globalSoundVolume: 0.5
19:08:05.795 [FXGL Background Thread 3 ] DEBUG Engine               - globalSoundVolumeProperty: DoubleProperty [value: 0.5]
19:08:05.795 [FXGL Background Thread 3 ] DEBUG Engine               - height: 720
19:08:05.795 [FXGL Background Thread 3 ] DEBUG Engine               - is3D: false
19:08:05.795 [FXGL Background Thread 3 ] DEBUG Engine               - isAndroid: false
19:08:05.795 [FXGL Background Thread 3 ] DEBUG Engine               - isBrowser: false
19:08:05.795 [FXGL Background Thread 3 ] DEBUG Engine               - isClickFeedbackEnabled: false
19:08:05.795 [FXGL Background Thread 3 ] DEBUG Engine               - isCloseConfirmation: false
19:08:05.795 [FXGL Background Thread 3 ] DEBUG Engine               - isDesktop: true
19:08:05.796 [FXGL Background Thread 3 ] DEBUG Engine               - isDeveloperMenuEnabled: true
19:08:05.796 [FXGL Background Thread 3 ] DEBUG Engine               - isEmbedded: false
19:08:05.796 [FXGL Background Thread 3 ] DEBUG Engine               - isEntityPreloadEnabled: true
19:08:05.796 [FXGL Background Thread 3 ] DEBUG Engine               - isExperimentalTiledLargeMap: false
19:08:05.796 [FXGL Background Thread 3 ] DEBUG Engine               - isFileSystemWriteAllowed: true
19:08:05.796 [FXGL Background Thread 3 ] DEBUG Engine               - isFullScreenAllowed: false
19:08:05.796 [FXGL Background Thread 3 ] DEBUG Engine               - isFullScreenFromStart: false
19:08:05.796 [FXGL Background Thread 3 ] DEBUG Engine               - isGameMenuEnabled: true
19:08:05.796 [FXGL Background Thread 3 ] DEBUG Engine               - isIOS: false
19:08:05.796 [FXGL Background Thread 3 ] DEBUG Engine               - isIntroEnabled: false
19:08:05.796 [FXGL Background Thread 3 ] DEBUG Engine               - isLinux: false
19:08:05.796 [FXGL Background Thread 3 ] DEBUG Engine               - isMac: false
19:08:05.796 [FXGL Background Thread 3 ] DEBUG Engine               - isMainMenuEnabled: false
19:08:05.797 [FXGL Background Thread 3 ] DEBUG Engine               - isManualResizeEnabled: false
19:08:05.797 [FXGL Background Thread 3 ] DEBUG Engine               - isMobile: false
19:08:05.797 [FXGL Background Thread 3 ] DEBUG Engine               - isNative: false
19:08:05.797 [FXGL Background Thread 3 ] DEBUG Engine               - isPauseMusicWhenMinimized: true
19:08:05.798 [FXGL Background Thread 3 ] DEBUG Engine               - isPreserveResizeRatio: false
19:08:05.798 [FXGL Background Thread 3 ] DEBUG Engine               - isProfilingEnabled: false
19:08:05.798 [FXGL Background Thread 3 ] DEBUG Engine               - isScaleAffectedOnResize: true
19:08:05.798 [FXGL Background Thread 3 ] DEBUG Engine               - isSingleStep: false
19:08:05.798 [FXGL Background Thread 3 ] DEBUG Engine               - isUserProfileEnabled: false
19:08:05.798 [FXGL Background Thread 3 ] DEBUG Engine               - isWindows: true
19:08:05.798 [FXGL Background Thread 3 ] DEBUG Engine               - language: ObjectProperty [value: ENGLISH]
19:08:05.798 [FXGL Background Thread 3 ] DEBUG Engine               - menuKey: ESCAPE
19:08:05.798 [FXGL Background Thread 3 ] DEBUG Engine               - mouseSensitivity: 0.2
19:08:05.798 [FXGL Background Thread 3 ] DEBUG Engine               - notificationViewClass: class com.almasb.fxgl.notification.view.XboxNotificationView
19:08:05.798 [FXGL Background Thread 3 ] DEBUG Engine               - pixelsPerMeter: 50.0
19:08:05.798 [FXGL Background Thread 3 ] DEBUG Engine               - platform: WINDOWS
19:08:05.798 [FXGL Background Thread 3 ] DEBUG Engine               - prefHeightProperty: ReadOnlyDoubleProperty [value: 720.0]
19:08:05.799 [FXGL Background Thread 3 ] DEBUG Engine               - prefWidthProperty: ReadOnlyDoubleProperty [value: 1280.0]
19:08:05.799 [FXGL Background Thread 3 ] DEBUG Engine               - profileDir: profiles/
19:08:05.799 [FXGL Background Thread 3 ] DEBUG Engine               - profileName: StringProperty [value: DEFAULT]
19:08:05.799 [FXGL Background Thread 3 ] DEBUG Engine               - randomSeed: -1
19:08:05.799 [FXGL Background Thread 3 ] DEBUG Engine               - runtimeInfo: RuntimeInfo(platform=WINDOWS, version=17.3, build=30.03.2023 11.49)
19:08:05.799 [FXGL Background Thread 3 ] DEBUG Engine               - saveFileExt: sav
19:08:05.799 [FXGL Background Thread 3 ] DEBUG Engine               - scaledHeightProp$fxgl: DoubleProperty [bound, value: 720.0]
19:08:05.800 [FXGL Background Thread 3 ] DEBUG Engine               - scaledWidthProp$fxgl: DoubleProperty [bound, value: 1280.0]
19:08:05.800 [FXGL Background Thread 3 ] DEBUG Engine               - sceneFactory: com.example.rpgplatform.RPGPlatform$1@55d26e12
19:08:05.800 [FXGL Background Thread 3 ] DEBUG Engine               - secondsIn24h: 60
19:08:05.800 [FXGL Background Thread 3 ] DEBUG Engine               - soundMenuBack: menu/back.wav
19:08:05.800 [FXGL Background Thread 3 ] DEBUG Engine               - soundMenuPress: menu/press.wav
19:08:05.800 [FXGL Background Thread 3 ] DEBUG Engine               - soundMenuSelect: menu/select.wav
19:08:05.800 [FXGL Background Thread 3 ] DEBUG Engine               - soundNotification: core/notification.wav
19:08:05.800 [FXGL Background Thread 3 ] DEBUG Engine               - stageStyle: DECORATED
19:08:05.800 [FXGL Background Thread 3 ] DEBUG Engine               - supportedLanguages: [ENGLISH, FRENCH, GERMAN, HUNGARIAN, RUSSIAN]
19:08:05.800 [FXGL Background Thread 3 ] DEBUG Engine               - ticksPerSecond: -1
19:08:05.800 [FXGL Background Thread 3 ] DEBUG Engine               - title: Flat Former Game
19:08:05.800 [FXGL Background Thread 3 ] DEBUG Engine               - urlGithub: https://github.com/AlmasB/FXGL
19:08:05.801 [FXGL Background Thread 3 ] DEBUG Engine               - urlLeaderboard: http://fxgl-top.herokuapp.com/
19:08:05.801 [FXGL Background Thread 3 ] DEBUG Engine               - urlPOM: https://raw.githubusercontent.com/AlmasB/FXGL/release/README.md
19:08:05.801 [FXGL Background Thread 3 ] DEBUG Engine               - userAppClass: class com.example.rpgplatform.RPGPlatform
19:08:05.801 [FXGL Background Thread 3 ] DEBUG Engine               - version: 0.0
19:08:05.801 [FXGL Background Thread 3 ] DEBUG Engine               - versionCheckDays: 7
19:08:05.801 [FXGL Background Thread 3 ] DEBUG Engine               - width: 1280
19:08:05.801 [FXGL Background Thread 3 ] DEBUG Engine               - Logging services
19:08:05.801 [FXGL Background Thread 3 ] DEBUG Engine               - class com.almasb.fxgl.app.services.FXGLAssetLoaderService
19:08:05.801 [FXGL Background Thread 3 ] DEBUG Engine               - class com.almasb.fxgl.app.FXGLApplication$GameApplicationService
19:08:05.801 [FXGL Background Thread 3 ] DEBUG Engine               - class com.almasb.fxgl.app.services.FXGLDialogService
19:08:05.801 [FXGL Background Thread 3 ] DEBUG Engine               - class com.almasb.fxgl.app.services.IOTaskExecutorService
19:08:05.801 [FXGL Background Thread 3 ] DEBUG Engine               - class com.almasb.fxgl.io.FileSystemService
19:08:05.801 [FXGL Background Thread 3 ] DEBUG Engine               - class com.almasb.fxgl.localization.LocalizationService
19:08:05.801 [FXGL Background Thread 3 ] DEBUG Engine               - class com.almasb.fxgl.app.services.SystemBundleService
19:08:05.801 [FXGL Background Thread 3 ] DEBUG Engine               - class com.almasb.fxgl.profile.SaveLoadService
19:08:05.802 [FXGL Background Thread 3 ] DEBUG Engine               - class com.almasb.fxgl.ui.FXGLUIFactoryServiceProvider
19:08:05.802 [FXGL Background Thread 3 ] DEBUG Engine               - class com.almasb.fxgl.ui.FXGLDialogFactoryServiceProvider
19:08:05.802 [FXGL Background Thread 3 ] DEBUG Engine               - class com.almasb.fxgl.audio.AudioPlayer
19:08:05.802 [FXGL Background Thread 3 ] DEBUG Engine               - class com.almasb.fxgl.notification.impl.NotificationServiceProvider
19:08:05.802 [FXGL Background Thread 3 ] DEBUG Engine               - class com.almasb.fxgl.achievement.AchievementService
19:08:05.802 [FXGL Background Thread 3 ] DEBUG Engine               - class com.almasb.fxgl.cutscene.CutsceneService
19:08:05.802 [FXGL Background Thread 3 ] DEBUG Engine               - class com.almasb.fxgl.minigames.MiniGameService
19:08:05.802 [FXGL Background Thread 3 ] DEBUG Engine               - class com.almasb.fxgl.net.NetService
19:08:05.802 [FXGL Background Thread 3 ] DEBUG Engine               - class com.almasb.fxgl.app.services.UpdaterService
19:08:05.802 [FXGL Background Thread 3 ] DEBUG Engine               - class com.almasb.fxgl.dev.DevService
19:08:23.102 [JavaFX Application Thread] DEBUG FXGLApplication      - Exiting FXGL
19:08:23.102 [JavaFX Application Thread] DEBUG LoopRunner           - Stopping loop
19:08:23.102 [JavaFX Application Thread] DEBUG SystemBundleService  - Saving FXGL system data
19:08:23.105 [JavaFX Application Thread] DEBUG FileSystemAccess     - Writing to: C:\Users\User\IdeaProjects\RPGPlatform\system\fxgl.bundle
19:08:23.108 [JavaFX Application Thread] DEBUG Async                - Shutting down background threads
19:08:23.108 [JavaFX Application Thread] DEBUG PrimaryStageWindow   - Closing main window
19:08:23.118 [JavaFX Application Thread] DEBUG Logger               - Closing Logger
