19:02:43.393 [main                     ] DEBUG Logger               - Configured Logger
19:02:43.422 [main                     ] DEBUG GameApplication      - Logging settings
Title: Ew Walay Uyab
Version: 0.0
Width: 1280
Height: 720
Fullscreen: false
Intro: false
Profiling: false
Single step:false
App Mode: DEVELOPER
Menu Key: ESCAPE
Stage Style: DECORATED
Scene Factory: class com.example.rpgplatform.RPGPlatform$1

19:02:43.808 [JavaFX Application Thread] DEBUG FXGLApplication      - Initializing FXGL
19:02:43.813 [JavaFX Application Thread] INFO  Engine               - FXGL-17.3 (30.03.2023 11.49) on WINDOWS (J:21.0.2 FX:21)
19:02:43.813 [JavaFX Application Thread] DEBUG Engine               - JRE Vendor Name: Oracle Corporation
19:02:43.814 [JavaFX Application Thread] DEBUG Engine               - Running on OS: Windows 10 version 10.0
19:02:43.814 [JavaFX Application Thread] DEBUG Engine               - Architecture: amd64
19:02:43.814 [JavaFX Application Thread] INFO  Engine               - Source code and latest versions at: https://github.com/AlmasB/FXGL
19:02:43.814 [JavaFX Application Thread] INFO  Engine               -       Ask questions and discuss at: https://github.com/AlmasB/FXGL/discussions
19:02:43.814 [JavaFX Application Thread] INFO  Engine               -              Join the FXGL chat at: https://gitter.im/AlmasB/FXGL
19:02:43.912 [JavaFX Application Thread] DEBUG PrimaryStageWindow   - Creating a JavaFX scene
19:02:43.964 [JavaFX Application Thread] DEBUG PrimaryStageWindow   - Target settings size: 1280.0 x 720.0
19:02:43.965 [JavaFX Application Thread] DEBUG PrimaryStageWindow   - Scaled scene size:    1280.0 x 720.0
19:02:43.965 [JavaFX Application Thread] DEBUG PrimaryStageWindow   - Scaled ratio: (1.0, 1.0)
19:02:43.966 [JavaFX Application Thread] DEBUG PrimaryStageWindow   - Set initial scene to FXGLStartupScene
19:02:43.970 [JavaFX Application Thread] DEBUG PrimaryStageWindow   - Opening main window
19:02:44.070 [JavaFX Application Thread] DEBUG PrimaryStageWindow   - Window border size: (16.0, 39.0)
19:02:44.070 [JavaFX Application Thread] DEBUG PrimaryStageWindow   - Scaled size: 1280.0 x 720.0
19:02:44.070 [JavaFX Application Thread] DEBUG PrimaryStageWindow   - Scaled ratio: (1.0, 1.0)
19:02:44.071 [JavaFX Application Thread] DEBUG PrimaryStageWindow   - Scene size: 1280.0 x 720.0
19:02:44.071 [JavaFX Application Thread] DEBUG PrimaryStageWindow   - Stage size: 1296.0 x 759.0
19:02:44.078 [FXGL Background Thread 1 ] DEBUG Engine               - Initializing environment variables
19:02:44.135 [FXGL Background Thread 1 ] DEBUG FXGLAssetLoaderServi - User app class for loading assets: class com.example.rpgplatform.RPGPlatform
19:02:44.136 [FXGL Background Thread 1 ] DEBUG GameApplicationServi - Applying CSS: fxgl_dark.css
19:02:44.137 [FXGL Background Thread 1 ] DEBUG FXGLAssetLoaderServi - Loading from file system: jar:file:///C:/Users/User/.m2/repository/com/github/almasb/fxgl/17.3/fxgl-17.3.jar!/fxglassets/ui/css/fxgl_dark.css
19:02:44.190 [FXGL Background Thread 1 ] DEBUG GameApplicationServi - Initializing application scenes
19:02:44.245 [FXGL Background Thread 1 ] DEBUG FXGLAssetLoaderServi - Loading from file system: file:/C:/Users/User/IdeaProjects/RPGPlatform/target/classes/assets/textures/WarriorIdle.png
19:02:44.294 [FXGL Background Thread 1 ] DEBUG GameWorld            - Game world initialized
19:02:44.353 [FXGL Background Thread 1 ] DEBUG PhysicsWorld         - Physics world initialized: appHeight=720, physics.ppm=50.0
19:02:44.353 [FXGL Background Thread 1 ] DEBUG PhysicsWorld         - Using strategy: BRUTE_FORCE
19:02:44.357 [FXGL Background Thread 1 ] DEBUG GameScene            - Game scene initialized: 1280x720
19:02:44.369 [FXGL Background Thread 1 ] DEBUG FXGL.DefaultMenu     - createMenuBodyGameMenu()
19:02:44.395 [FXGL Background Thread 1 ] DEBUG FXGL.DefaultMenu     - createOptionsMenu()
19:02:44.422 [FXGL Background Thread 1 ] DEBUG FXGLAssetLoaderServi - Loading from file system: jar:file:///C:/Users/User/.m2/repository/com/github/almasb/fxgl/17.3/fxgl-17.3.jar!/fxglassets/textures/particles/smoke.png
19:02:44.483 [FXGL Background Thread 1 ] DEBUG FXGLAssetLoaderServi - Loading from file system: jar:file:///C:/Users/User/.m2/repository/com/github/almasb/fxgl/17.3/fxgl-17.3.jar!/fxglassets/textures/particles/trace_horizontal.png
19:02:44.496 [FXGL Background Thread 1 ] DEBUG GameApplicationServi - Application scenes initialized
19:02:44.511 [FXGL Background Thread 1 ] DEBUG SystemBundleService  - Loading FXGL system data
19:02:44.515 [FXGL Background Thread 1 ] DEBUG FileSystemAccess     - Reading from: C:\Users\User\IdeaProjects\RPGPlatform\system\fxgl.bundle
19:02:44.526 [FXGL Background Thread 1 ] DEBUG SystemBundleService  - Bundle FXGL: {}
19:02:44.526 [FXGL Background Thread 1 ] DEBUG UpdaterService       - Checking for updates
19:02:44.556 [FXGL Background Thread 1 ] DEBUG FXGLApplication      - Loading default localization
19:02:44.559 [FXGL Background Thread 1 ] DEBUG FXGLAssetLoaderServi - Loading from file system: jar:file:///C:/Users/User/.m2/repository/com/github/almasb/fxgl/17.3/fxgl-17.3.jar!/fxglassets/languages/english.lang
19:02:44.556 [FXGL Background Thread 4 ] DEBUG FXGLApplication      - Loading fonts
19:02:44.577 [FXGL Background Thread 1 ] INFO  FXGLApplication      - FXGL initialization took: 0.499 sec
19:02:44.579 [FXGL Background Thread 4 ] DEBUG FXGLAssetLoaderServi - Loading from file system: jar:file:///C:/Users/User/.m2/repository/com/github/almasb/fxgl/17.3/fxgl-17.3.jar!/fxglassets/ui/fonts/VarelaRound-Regular.ttf
19:02:44.586 [JavaFX Application Thread] DEBUG Input                - Registered new binding: Left - A
19:02:44.587 [JavaFX Application Thread] DEBUG Input                - Registered new binding: Right - D
19:02:44.587 [JavaFX Application Thread] DEBUG Input                - Registered new binding: Jump - W
19:02:44.587 [JavaFX Application Thread] DEBUG Input                - Registered new binding: BasicAttack - I
19:02:44.587 [JavaFX Application Thread] DEBUG Input                - Registered new binding: SkillAttack - P
19:02:44.588 [JavaFX Application Thread] DEBUG FXGLAssetLoaderServi - Loading from file system: file:/C:/Users/User/IdeaProjects/RPGPlatform/target/classes/assets/music/BGM_dash_runner.wav
19:02:44.638 [FXGL Background Thread 4 ] DEBUG FXGLAssetLoaderServi - Loading from file system: jar:file:///C:/Users/User/.m2/repository/com/github/almasb/fxgl/17.3/fxgl-17.3.jar!/fxglassets/ui/fonts/Abel-Regular.ttf
19:02:44.644 [FXGL Background Thread 4 ] DEBUG FXGLAssetLoaderServi - Loading from file system: jar:file:///C:/Users/User/.m2/repository/com/github/almasb/fxgl/17.3/fxgl-17.3.jar!/fxglassets/ui/fonts/TerminalLandMono-Regular.otf
19:02:44.649 [FXGL Background Thread 4 ] DEBUG FXGLAssetLoaderServi - Loading from file system: jar:file:///C:/Users/User/.m2/repository/com/github/almasb/fxgl/17.3/fxgl-17.3.jar!/fxglassets/ui/fonts/Courier-Prime.ttf
19:02:44.802 [JavaFX Application Thread] DEBUG AudioPlayer          - Playing music com.almasb.fxgl.audio.Music@6509c1ce
19:02:44.803 [JavaFX Application Thread] DEBUG FXGLAssetLoaderServi - Loading from file system: jar:file:///C:/Users/User/.m2/repository/com/github/almasb/fxgl/17.3/fxgl-17.3.jar!/fxglassets/textures/fxgl_icon.png
19:02:44.814 [JavaFX Application Thread] DEBUG FXGLAssetLoaderServi - Loading from file system: jar:file:///C:/Users/User/.m2/repository/com/github/almasb/fxgl/17.3/fxgl-17.3.jar!/fxglassets/textures/fxgl_default_cursor.png
19:02:44.817 [JavaFX Application Thread] DEBUG Input                - Registered new binding: Screenshot - CTRL+8
19:02:44.818 [JavaFX Application Thread] DEBUG Input                - Registered new binding: Dev Options - 1
19:02:44.818 [JavaFX Application Thread] DEBUG Input                - Registered new binding: Dev Console - 2
19:02:44.819 [JavaFX Application Thread] DEBUG Input                - Registered new binding: System info dump - CTRL+9
19:02:44.819 [JavaFX Application Thread] DEBUG Input                - Registered new binding: Restart - CTRL+R
19:02:44.822 [JavaFX Application Thread] DEBUG Input                - Registered new binding: Toggle Debug Camera - CTRL+7
19:02:44.828 [JavaFX Application Thread] DEBUG LoopRunner           - Starting loop
19:02:44.873 [JavaFX Application Thread] DEBUG LoopRunner           - Initializing JavaFX AnimationTimerLoop
19:02:44.875 [JavaFX Application Thread] DEBUG GameApplicationServi - Starting new game
19:02:44.877 [JavaFX Application Thread] DEBUG Input                - Clearing active input actions
19:02:44.891 [JavaFX Application Thread] DEBUG GameApplicationServi - Removing overlay from FXGLStartupScene and adding to MainLoadingScene
19:02:44.895 [JavaFX Application Thread] DEBUG PrimaryStageWindow   - FXGLStartupScene -> MainLoadingScene
19:02:44.896 [JavaFX Application Thread] DEBUG GameApplicationServi - Clearing previous game
19:02:44.896 [JavaFX Application Thread] DEBUG GameScene            - Clearing game scene
19:02:44.896 [JavaFX Application Thread] DEBUG GameWorld            - Clearing game world
19:02:44.896 [JavaFX Application Thread] DEBUG PhysicsWorld         - Clearing physics world
19:02:44.897 [FXGL Background Thread 4 ] DEBUG FXGLApplication      - Initializing game
19:02:44.903 [JavaFX Application Thread] DEBUG FXGLApplication      - Registering font factories with UI factory
19:02:44.971 [FXGL Background Thread 4 ] WARN  TMXLevelLoader       - TiledMap generated from 1.2.3. Supported version: 1.9.0. Some features may not be parsed fully.
19:02:44.979 [FXGL Background Thread 4 ] DEBUG TMXLevelLoader       - Parsed TiledMap: file:/C:/Users/User/IdeaProjects/RPGPlatform/target/classes/assets/levels/tmx/level1.tmx
19:02:44.980 [FXGL Background Thread 4 ] DEBUG TMXLevelLoader       - Creating tile layer entities
19:02:44.983 [FXGL Background Thread 4 ] DEBUG TilesetLoader        - Loading view for layer Tile Layer 1
19:02:44.985 [FXGL Background Thread 4 ] DEBUG TilesetLoader        - Created buffer with size 1050.0x700.0
19:02:44.996 [FXGL Background Thread 4 ] DEBUG TMXLevelLoader       - Creating object layer entities
19:02:45.020 [FXGL Background Thread 4 ] DEBUG GameWorld            - Clearing removable entities
19:02:45.020 [FXGL Background Thread 4 ] DEBUG GameWorld            - Setting level: com.almasb.fxgl.entity.level.Level@4c74fb37
19:02:45.051 [FXGL Background Thread 4 ] DEBUG FXGLAssetLoaderServi - Loading from file system: file:/C:/Users/User/IdeaProjects/RPGPlatform/target/classes/assets/textures/WarriorHigh_Jump.png
19:02:45.058 [FXGL Background Thread 4 ] DEBUG FXGLAssetLoaderServi - Loading from file system: file:/C:/Users/User/IdeaProjects/RPGPlatform/target/classes/assets/textures/WarriorWalk.png
19:02:45.062 [FXGL Background Thread 4 ] DEBUG FXGLAssetLoaderServi - Loading from file system: file:/C:/Users/User/IdeaProjects/RPGPlatform/target/classes/assets/textures/WarriorAttack.png
19:02:45.065 [FXGL Background Thread 4 ] DEBUG FXGLAssetLoaderServi - Loading from file system: file:/C:/Users/User/IdeaProjects/RPGPlatform/target/classes/assets/textures/WarriorSpecialAttack.png
19:02:45.112 [FXGL Background Thread 4 ] DEBUG FXGLAssetLoaderServi - Loading from file system: file:/C:/Users/User/IdeaProjects/RPGPlatform/target/classes/assets/textures/background/windrise-background.png
19:02:45.135 [FXGL Background Thread 4 ] INFO  FXGLApplication      - Game initialization took: 0.238 sec
19:02:45.205 [JavaFX Application Thread] DEBUG Input                - Clearing active input actions
19:02:45.216 [JavaFX Application Thread] DEBUG GameApplicationServi - Removing overlay from MainLoadingScene and adding to GameScene
19:02:45.221 [JavaFX Application Thread] DEBUG PrimaryStageWindow   - MainLoadingScene -> GameScene
19:02:45.224 [FXGL Background Thread 2 ] INFO  UpdaterService       - Your current version:  17.3
19:02:45.224 [FXGL Background Thread 2 ] INFO  UpdaterService       - Latest stable version: 21.1
19:02:47.556 [FXGL Background Thread 3 ] DEBUG Engine               - Logging environment variables
19:02:47.556 [FXGL Background Thread 3 ] DEBUG Engine               - achievements: []
19:02:47.557 [FXGL Background Thread 3 ] DEBUG Engine               - actualHeight: 720.0
19:02:47.557 [FXGL Background Thread 3 ] DEBUG Engine               - actualHeightProperty: ReadOnlyDoubleProperty [value: 720.0]
19:02:47.557 [FXGL Background Thread 3 ] DEBUG Engine               - actualWidth: 1280.0
19:02:47.557 [FXGL Background Thread 3 ] DEBUG Engine               - actualWidthProperty: ReadOnlyDoubleProperty [value: 1280.0]
19:02:47.557 [FXGL Background Thread 3 ] DEBUG Engine               - appIcon: fxgl_icon.png
19:02:47.557 [FXGL Background Thread 3 ] DEBUG Engine               - applicationMode: DEVELOPER
19:02:47.558 [FXGL Background Thread 3 ] DEBUG Engine               - cSSList: [fxgl_dark.css]
19:02:47.558 [FXGL Background Thread 3 ] DEBUG Engine               - collisionDetectionStrategy: BRUTE_FORCE
19:02:47.558 [FXGL Background Thread 3 ] DEBUG Engine               - configClass: Optional.empty
19:02:47.558 [FXGL Background Thread 3 ] DEBUG Engine               - credits: []
19:02:47.558 [FXGL Background Thread 3 ] DEBUG Engine               - defaultCursor: CursorInfo(imageName=fxgl_default_cursor.png, hotspotX=7.0, hotspotY=6.0)
19:02:47.559 [FXGL Background Thread 3 ] DEBUG Engine               - devBBoxColorProperty: ObjectProperty [value: 0xff0000ff]
19:02:47.559 [FXGL Background Thread 3 ] DEBUG Engine               - devEnableDebugCameraProperty: BooleanProperty [value: false]
19:02:47.559 [FXGL Background Thread 3 ] DEBUG Engine               - devSensorColorProperty: ObjectProperty [value: 0xffff00ff]
19:02:47.559 [FXGL Background Thread 3 ] DEBUG Engine               - devShowBBoxProperty: BooleanProperty [value: false]
19:02:47.559 [FXGL Background Thread 3 ] DEBUG Engine               - devShowPositionProperty: BooleanProperty [value: false]
19:02:47.559 [FXGL Background Thread 3 ] DEBUG Engine               - enabledMenuItems: []
19:02:47.559 [FXGL Background Thread 3 ] DEBUG Engine               - engineServices: [class com.almasb.fxgl.app.services.FXGLAssetLoaderService, class com.almasb.fxgl.app.FXGLApplication$GameApplicationService, class com.almasb.fxgl.app.services.FXGLDialogService, class com.almasb.fxgl.app.services.IOTaskExecutorService, class com.almasb.fxgl.io.FileSystemService, class com.almasb.fxgl.localization.LocalizationService, class com.almasb.fxgl.app.services.SystemBundleService, class com.almasb.fxgl.profile.SaveLoadService, class com.almasb.fxgl.ui.FXGLUIFactoryServiceProvider, class com.almasb.fxgl.ui.FXGLDialogFactoryServiceProvider, class com.almasb.fxgl.audio.AudioPlayer, class com.almasb.fxgl.notification.impl.NotificationServiceProvider, class com.almasb.fxgl.achievement.AchievementService, class com.almasb.fxgl.cutscene.CutsceneService, class com.almasb.fxgl.minigames.MiniGameService, class com.almasb.fxgl.net.NetService, class com.almasb.fxgl.app.services.UpdaterService, class com.almasb.fxgl.dev.DevService]
19:02:47.559 [FXGL Background Thread 3 ] DEBUG Engine               - fontGame: Abel-Regular.ttf
19:02:47.559 [FXGL Background Thread 3 ] DEBUG Engine               - fontMono: TerminalLandMono-Regular.otf
19:02:47.559 [FXGL Background Thread 3 ] DEBUG Engine               - fontSizeScaleUI: 1.0
19:02:47.559 [FXGL Background Thread 3 ] DEBUG Engine               - fontText: Courier-Prime.ttf
19:02:47.559 [FXGL Background Thread 3 ] DEBUG Engine               - fontUI: VarelaRound-Regular.ttf
19:02:47.560 [FXGL Background Thread 3 ] DEBUG Engine               - fullScreen: BooleanProperty [value: false]
19:02:47.560 [FXGL Background Thread 3 ] DEBUG Engine               - gameDifficulty: MEDIUM
19:02:47.560 [FXGL Background Thread 3 ] DEBUG Engine               - gameDifficultyProperty: ObjectProperty [value: MEDIUM]
19:02:47.560 [FXGL Background Thread 3 ] DEBUG Engine               - globalMusicVolume: 0.5
19:02:47.560 [FXGL Background Thread 3 ] DEBUG Engine               - globalMusicVolumeProperty: DoubleProperty [value: 0.25]
19:02:47.560 [FXGL Background Thread 3 ] DEBUG Engine               - globalSoundVolume: 0.5
19:02:47.560 [FXGL Background Thread 3 ] DEBUG Engine               - globalSoundVolumeProperty: DoubleProperty [value: 0.5]
19:02:47.560 [FXGL Background Thread 3 ] DEBUG Engine               - height: 720
19:02:47.560 [FXGL Background Thread 3 ] DEBUG Engine               - is3D: false
19:02:47.560 [FXGL Background Thread 3 ] DEBUG Engine               - isAndroid: false
19:02:47.560 [FXGL Background Thread 3 ] DEBUG Engine               - isBrowser: false
19:02:47.560 [FXGL Background Thread 3 ] DEBUG Engine               - isClickFeedbackEnabled: false
19:02:47.560 [FXGL Background Thread 3 ] DEBUG Engine               - isCloseConfirmation: false
19:02:47.560 [FXGL Background Thread 3 ] DEBUG Engine               - isDesktop: true
19:02:47.560 [FXGL Background Thread 3 ] DEBUG Engine               - isDeveloperMenuEnabled: true
19:02:47.561 [FXGL Background Thread 3 ] DEBUG Engine               - isEmbedded: false
19:02:47.561 [FXGL Background Thread 3 ] DEBUG Engine               - isEntityPreloadEnabled: true
19:02:47.561 [FXGL Background Thread 3 ] DEBUG Engine               - isExperimentalTiledLargeMap: false
19:02:47.561 [FXGL Background Thread 3 ] DEBUG Engine               - isFileSystemWriteAllowed: true
19:02:47.561 [FXGL Background Thread 3 ] DEBUG Engine               - isFullScreenAllowed: false
19:02:47.561 [FXGL Background Thread 3 ] DEBUG Engine               - isFullScreenFromStart: false
19:02:47.561 [FXGL Background Thread 3 ] DEBUG Engine               - isGameMenuEnabled: true
19:02:47.561 [FXGL Background Thread 3 ] DEBUG Engine               - isIOS: false
19:02:47.561 [FXGL Background Thread 3 ] DEBUG Engine               - isIntroEnabled: false
19:02:47.561 [FXGL Background Thread 3 ] DEBUG Engine               - isLinux: false
19:02:47.561 [FXGL Background Thread 3 ] DEBUG Engine               - isMac: false
19:02:47.561 [FXGL Background Thread 3 ] DEBUG Engine               - isMainMenuEnabled: false
19:02:47.561 [FXGL Background Thread 3 ] DEBUG Engine               - isManualResizeEnabled: false
19:02:47.562 [FXGL Background Thread 3 ] DEBUG Engine               - isMobile: false
19:02:47.562 [FXGL Background Thread 3 ] DEBUG Engine               - isNative: false
19:02:47.562 [FXGL Background Thread 3 ] DEBUG Engine               - isPauseMusicWhenMinimized: true
19:02:47.562 [FXGL Background Thread 3 ] DEBUG Engine               - isPreserveResizeRatio: false
19:02:47.562 [FXGL Background Thread 3 ] DEBUG Engine               - isProfilingEnabled: false
19:02:47.562 [FXGL Background Thread 3 ] DEBUG Engine               - isScaleAffectedOnResize: true
19:02:47.563 [FXGL Background Thread 3 ] DEBUG Engine               - isSingleStep: false
19:02:47.563 [FXGL Background Thread 3 ] DEBUG Engine               - isUserProfileEnabled: false
19:02:47.563 [FXGL Background Thread 3 ] DEBUG Engine               - isWindows: true
19:02:47.563 [FXGL Background Thread 3 ] DEBUG Engine               - language: ObjectProperty [value: ENGLISH]
19:02:47.563 [FXGL Background Thread 3 ] DEBUG Engine               - menuKey: ESCAPE
19:02:47.563 [FXGL Background Thread 3 ] DEBUG Engine               - mouseSensitivity: 0.2
19:02:47.563 [FXGL Background Thread 3 ] DEBUG Engine               - notificationViewClass: class com.almasb.fxgl.notification.view.XboxNotificationView
19:02:47.563 [FXGL Background Thread 3 ] DEBUG Engine               - pixelsPerMeter: 50.0
19:02:47.563 [FXGL Background Thread 3 ] DEBUG Engine               - platform: WINDOWS
19:02:47.563 [FXGL Background Thread 3 ] DEBUG Engine               - prefHeightProperty: ReadOnlyDoubleProperty [value: 720.0]
19:02:47.563 [FXGL Background Thread 3 ] DEBUG Engine               - prefWidthProperty: ReadOnlyDoubleProperty [value: 1280.0]
19:02:47.563 [FXGL Background Thread 3 ] DEBUG Engine               - profileDir: profiles/
19:02:47.563 [FXGL Background Thread 3 ] DEBUG Engine               - profileName: StringProperty [value: DEFAULT]
19:02:47.563 [FXGL Background Thread 3 ] DEBUG Engine               - randomSeed: -1
19:02:47.564 [FXGL Background Thread 3 ] DEBUG Engine               - runtimeInfo: RuntimeInfo(platform=WINDOWS, version=17.3, build=30.03.2023 11.49)
19:02:47.564 [FXGL Background Thread 3 ] DEBUG Engine               - saveFileExt: sav
19:02:47.564 [FXGL Background Thread 3 ] DEBUG Engine               - scaledHeightProp$fxgl: DoubleProperty [bound, value: 720.0]
19:02:47.564 [FXGL Background Thread 3 ] DEBUG Engine               - scaledWidthProp$fxgl: DoubleProperty [bound, value: 1280.0]
19:02:47.564 [FXGL Background Thread 3 ] DEBUG Engine               - sceneFactory: com.example.rpgplatform.RPGPlatform$1@1e098d56
19:02:47.564 [FXGL Background Thread 3 ] DEBUG Engine               - secondsIn24h: 60
19:02:47.565 [FXGL Background Thread 3 ] DEBUG Engine               - soundMenuBack: menu/back.wav
19:02:47.565 [FXGL Background Thread 3 ] DEBUG Engine               - soundMenuPress: menu/press.wav
19:02:47.565 [FXGL Background Thread 3 ] DEBUG Engine               - soundMenuSelect: menu/select.wav
19:02:47.565 [FXGL Background Thread 3 ] DEBUG Engine               - soundNotification: core/notification.wav
19:02:47.565 [FXGL Background Thread 3 ] DEBUG Engine               - stageStyle: DECORATED
19:02:47.565 [FXGL Background Thread 3 ] DEBUG Engine               - supportedLanguages: [ENGLISH, FRENCH, GERMAN, HUNGARIAN, RUSSIAN]
19:02:47.565 [FXGL Background Thread 3 ] DEBUG Engine               - ticksPerSecond: -1
19:02:47.565 [FXGL Background Thread 3 ] DEBUG Engine               - title: Ew Walay Uyab
19:02:47.565 [FXGL Background Thread 3 ] DEBUG Engine               - urlGithub: https://github.com/AlmasB/FXGL
19:02:47.565 [FXGL Background Thread 3 ] DEBUG Engine               - urlLeaderboard: http://fxgl-top.herokuapp.com/
19:02:47.565 [FXGL Background Thread 3 ] DEBUG Engine               - urlPOM: https://raw.githubusercontent.com/AlmasB/FXGL/release/README.md
19:02:47.565 [FXGL Background Thread 3 ] DEBUG Engine               - userAppClass: class com.example.rpgplatform.RPGPlatform
19:02:47.565 [FXGL Background Thread 3 ] DEBUG Engine               - version: 0.0
19:02:47.565 [FXGL Background Thread 3 ] DEBUG Engine               - versionCheckDays: 7
19:02:47.565 [FXGL Background Thread 3 ] DEBUG Engine               - width: 1280
19:02:47.565 [FXGL Background Thread 3 ] DEBUG Engine               - Logging services
19:02:47.565 [FXGL Background Thread 3 ] DEBUG Engine               - class com.almasb.fxgl.app.services.FXGLAssetLoaderService
19:02:47.565 [FXGL Background Thread 3 ] DEBUG Engine               - class com.almasb.fxgl.app.FXGLApplication$GameApplicationService
19:02:47.566 [FXGL Background Thread 3 ] DEBUG Engine               - class com.almasb.fxgl.app.services.FXGLDialogService
19:02:47.566 [FXGL Background Thread 3 ] DEBUG Engine               - class com.almasb.fxgl.app.services.IOTaskExecutorService
19:02:47.566 [FXGL Background Thread 3 ] DEBUG Engine               - class com.almasb.fxgl.io.FileSystemService
19:02:47.566 [FXGL Background Thread 3 ] DEBUG Engine               - class com.almasb.fxgl.localization.LocalizationService
19:02:47.566 [FXGL Background Thread 3 ] DEBUG Engine               - class com.almasb.fxgl.app.services.SystemBundleService
19:02:47.566 [FXGL Background Thread 3 ] DEBUG Engine               - class com.almasb.fxgl.profile.SaveLoadService
19:02:47.566 [FXGL Background Thread 3 ] DEBUG Engine               - class com.almasb.fxgl.ui.FXGLUIFactoryServiceProvider
19:02:47.566 [FXGL Background Thread 3 ] DEBUG Engine               - class com.almasb.fxgl.ui.FXGLDialogFactoryServiceProvider
19:02:47.566 [FXGL Background Thread 3 ] DEBUG Engine               - class com.almasb.fxgl.audio.AudioPlayer
19:02:47.566 [FXGL Background Thread 3 ] DEBUG Engine               - class com.almasb.fxgl.notification.impl.NotificationServiceProvider
19:02:47.566 [FXGL Background Thread 3 ] DEBUG Engine               - class com.almasb.fxgl.achievement.AchievementService
19:02:47.567 [FXGL Background Thread 3 ] DEBUG Engine               - class com.almasb.fxgl.cutscene.CutsceneService
19:02:47.567 [FXGL Background Thread 3 ] DEBUG Engine               - class com.almasb.fxgl.minigames.MiniGameService
19:02:47.567 [FXGL Background Thread 3 ] DEBUG Engine               - class com.almasb.fxgl.net.NetService
19:02:47.567 [FXGL Background Thread 3 ] DEBUG Engine               - class com.almasb.fxgl.app.services.UpdaterService
19:02:47.567 [FXGL Background Thread 3 ] DEBUG Engine               - class com.almasb.fxgl.dev.DevService
19:03:56.366 [JavaFX Application Thread] DEBUG FXGLApplication      - Exiting FXGL
19:03:56.366 [JavaFX Application Thread] DEBUG LoopRunner           - Stopping loop
19:03:56.366 [JavaFX Application Thread] DEBUG SystemBundleService  - Saving FXGL system data
19:03:56.368 [JavaFX Application Thread] DEBUG FileSystemAccess     - Writing to: C:\Users\User\IdeaProjects\RPGPlatform\system\fxgl.bundle
19:03:56.371 [JavaFX Application Thread] DEBUG Async                - Shutting down background threads
19:03:56.371 [JavaFX Application Thread] DEBUG PrimaryStageWindow   - Closing main window
19:03:56.384 [JavaFX Application Thread] DEBUG Logger               - Closing Logger
