17:12:36.712 [main                     ] DEBUG Logger               - Configured Logger
17:12:36.742 [main                     ] DEBUG GameApplication      - Logging settings
Title: Flat Former Game
Version: 0.0
Width: 1280
Height: 720
Fullscreen: false
Intro: false
Profiling: false
Single step:false
App Mode: DEVELOPER
Menu Key: ESCAPE
Stage Style: DECORATED
Scene Factory: class com.example.rpgplatform.RPGPlatform$1

17:12:37.143 [JavaFX Application Thread] DEBUG FXGLApplication      - Initializing FXGL
17:12:37.147 [JavaFX Application Thread] INFO  Engine               - FXGL-17.3 (30.03.2023 11.49) on WINDOWS (J:21.0.2 FX:21)
17:12:37.148 [JavaFX Application Thread] DEBUG Engine               - JRE Vendor Name: Oracle Corporation
17:12:37.148 [JavaFX Application Thread] DEBUG Engine               - Running on OS: Windows 10 version 10.0
17:12:37.148 [JavaFX Application Thread] DEBUG Engine               - Architecture: amd64
17:12:37.148 [JavaFX Application Thread] INFO  Engine               - Source code and latest versions at: https://github.com/AlmasB/FXGL
17:12:37.149 [JavaFX Application Thread] INFO  Engine               -       Ask questions and discuss at: https://github.com/AlmasB/FXGL/discussions
17:12:37.149 [JavaFX Application Thread] INFO  Engine               -              Join the FXGL chat at: https://gitter.im/AlmasB/FXGL
17:12:37.254 [JavaFX Application Thread] DEBUG PrimaryStageWindow   - Creating a JavaFX scene
17:12:37.310 [JavaFX Application Thread] DEBUG PrimaryStageWindow   - Target settings size: 1280.0 x 720.0
17:12:37.311 [JavaFX Application Thread] DEBUG PrimaryStageWindow   - Scaled scene size:    1280.0 x 720.0
17:12:37.311 [JavaFX Application Thread] DEBUG PrimaryStageWindow   - Scaled ratio: (1.0, 1.0)
17:12:37.313 [JavaFX Application Thread] DEBUG PrimaryStageWindow   - Set initial scene to FXGLStartupScene
17:12:37.318 [JavaFX Application Thread] DEBUG PrimaryStageWindow   - Opening main window
17:12:37.410 [JavaFX Application Thread] DEBUG PrimaryStageWindow   - Window border size: (16.0, 39.0)
17:12:37.410 [JavaFX Application Thread] DEBUG PrimaryStageWindow   - Scaled size: 1280.0 x 720.0
17:12:37.410 [JavaFX Application Thread] DEBUG PrimaryStageWindow   - Scaled ratio: (1.0, 1.0)
17:12:37.411 [JavaFX Application Thread] DEBUG PrimaryStageWindow   - Scene size: 1280.0 x 720.0
17:12:37.411 [JavaFX Application Thread] DEBUG PrimaryStageWindow   - Stage size: 1296.0 x 759.0
17:12:37.419 [FXGL Background Thread 1 ] DEBUG Engine               - Initializing environment variables
17:12:37.475 [FXGL Background Thread 1 ] DEBUG FXGLAssetLoaderServi - User app class for loading assets: class com.example.rpgplatform.RPGPlatform
17:12:37.475 [FXGL Background Thread 1 ] DEBUG GameApplicationServi - Applying CSS: fxgl_dark.css
17:12:37.477 [FXGL Background Thread 1 ] DEBUG FXGLAssetLoaderServi - Loading from file system: jar:file:///C:/Users/User/.m2/repository/com/github/almasb/fxgl/17.3/fxgl-17.3.jar!/fxglassets/ui/css/fxgl_dark.css
17:12:37.531 [FXGL Background Thread 1 ] DEBUG GameApplicationServi - Initializing application scenes
17:12:37.744 [FXGL Background Thread 1 ] DEBUG FXGLAssetLoaderServi - Loading from file system: file:/C:/Users/User/IdeaProjects/RPGPlatform/target/classes/assets/textures/WarriorIdle.png
17:12:37.825 [FXGL Background Thread 1 ] DEBUG GameWorld            - Game world initialized
17:12:37.888 [FXGL Background Thread 1 ] DEBUG PhysicsWorld         - Physics world initialized: appHeight=720, physics.ppm=50.0
17:12:37.888 [FXGL Background Thread 1 ] DEBUG PhysicsWorld         - Using strategy: BRUTE_FORCE
17:12:37.892 [FXGL Background Thread 1 ] DEBUG GameScene            - Game scene initialized: 1280x720
17:12:37.904 [FXGL Background Thread 1 ] DEBUG FXGL.DefaultMenu     - createMenuBodyGameMenu()
17:12:37.962 [FXGL Background Thread 1 ] DEBUG FXGL.DefaultMenu     - createOptionsMenu()
17:12:37.980 [FXGL Background Thread 1 ] DEBUG FXGLAssetLoaderServi - Loading from file system: jar:file:///C:/Users/User/.m2/repository/com/github/almasb/fxgl/17.3/fxgl-17.3.jar!/fxglassets/textures/particles/smoke.png
17:12:38.056 [FXGL Background Thread 1 ] DEBUG FXGLAssetLoaderServi - Loading from file system: jar:file:///C:/Users/User/.m2/repository/com/github/almasb/fxgl/17.3/fxgl-17.3.jar!/fxglassets/textures/particles/trace_horizontal.png
17:12:38.072 [FXGL Background Thread 1 ] DEBUG GameApplicationServi - Application scenes initialized
17:12:38.088 [FXGL Background Thread 1 ] DEBUG SystemBundleService  - Loading FXGL system data
17:12:38.093 [FXGL Background Thread 1 ] DEBUG FileSystemAccess     - Reading from: C:\Users\User\IdeaProjects\RPGPlatform\system\fxgl.bundle
17:12:38.107 [FXGL Background Thread 1 ] DEBUG SystemBundleService  - Bundle FXGL: {}
17:12:38.107 [FXGL Background Thread 1 ] DEBUG UpdaterService       - Checking for updates
17:12:38.158 [FXGL Background Thread 1 ] DEBUG FXGLApplication      - Loading default localization
17:12:38.158 [FXGL Background Thread 1 ] DEBUG FXGLAssetLoaderServi - Loading from file system: jar:file:///C:/Users/User/.m2/repository/com/github/almasb/fxgl/17.3/fxgl-17.3.jar!/fxglassets/languages/english.lang
17:12:38.179 [FXGL Background Thread 1 ] INFO  FXGLApplication      - FXGL initialization took: 0.759 sec
17:12:38.181 [JavaFX Application Thread] DEBUG FXGLAssetLoaderServi - Loading from file system: file:/C:/Users/User/IdeaProjects/RPGPlatform/target/classes/assets/music/BGM_dash_runner.wav
17:12:38.192 [FXGL Background Thread 4 ] DEBUG FXGLApplication      - Loading fonts
17:12:38.192 [FXGL Background Thread 4 ] DEBUG FXGLAssetLoaderServi - Loading from file system: jar:file:///C:/Users/User/.m2/repository/com/github/almasb/fxgl/17.3/fxgl-17.3.jar!/fxglassets/ui/fonts/VarelaRound-Regular.ttf
17:12:38.289 [FXGL Background Thread 4 ] DEBUG FXGLAssetLoaderServi - Loading from file system: jar:file:///C:/Users/User/.m2/repository/com/github/almasb/fxgl/17.3/fxgl-17.3.jar!/fxglassets/ui/fonts/Abel-Regular.ttf
17:12:38.314 [FXGL Background Thread 4 ] DEBUG FXGLAssetLoaderServi - Loading from file system: jar:file:///C:/Users/User/.m2/repository/com/github/almasb/fxgl/17.3/fxgl-17.3.jar!/fxglassets/ui/fonts/TerminalLandMono-Regular.otf
17:12:38.331 [FXGL Background Thread 4 ] DEBUG FXGLAssetLoaderServi - Loading from file system: jar:file:///C:/Users/User/.m2/repository/com/github/almasb/fxgl/17.3/fxgl-17.3.jar!/fxglassets/ui/fonts/Courier-Prime.ttf
17:12:38.427 [JavaFX Application Thread] DEBUG AudioPlayer          - Playing music com.almasb.fxgl.audio.Music@185eab47
17:12:38.428 [JavaFX Application Thread] DEBUG FXGLAssetLoaderServi - Loading from file system: jar:file:///C:/Users/User/.m2/repository/com/github/almasb/fxgl/17.3/fxgl-17.3.jar!/fxglassets/textures/fxgl_icon.png
17:12:38.572 [JavaFX Application Thread] DEBUG FXGLAssetLoaderServi - Loading from file system: jar:file:///C:/Users/User/.m2/repository/com/github/almasb/fxgl/17.3/fxgl-17.3.jar!/fxglassets/textures/fxgl_default_cursor.png
17:12:38.584 [JavaFX Application Thread] DEBUG Input                - Registered new binding: Screenshot - CTRL+8
17:12:38.584 [JavaFX Application Thread] DEBUG Input                - Registered new binding: Dev Options - 1
17:12:38.585 [JavaFX Application Thread] DEBUG Input                - Registered new binding: Dev Console - 2
17:12:38.586 [JavaFX Application Thread] DEBUG Input                - Registered new binding: System info dump - CTRL+9
17:12:38.586 [JavaFX Application Thread] DEBUG Input                - Registered new binding: Restart - CTRL+R
17:12:38.587 [JavaFX Application Thread] DEBUG Input                - Registered new binding: Toggle Debug Camera - CTRL+7
17:12:38.591 [JavaFX Application Thread] DEBUG LoopRunner           - Starting loop
17:12:38.608 [JavaFX Application Thread] DEBUG LoopRunner           - Initializing JavaFX AnimationTimerLoop
17:12:38.609 [JavaFX Application Thread] DEBUG GameApplicationServi - Starting new game
17:12:38.609 [JavaFX Application Thread] DEBUG Input                - Clearing active input actions
17:12:38.628 [JavaFX Application Thread] DEBUG GameApplicationServi - Removing overlay from FXGLStartupScene and adding to MainLoadingScene
17:12:38.633 [JavaFX Application Thread] DEBUG PrimaryStageWindow   - FXGLStartupScene -> MainLoadingScene
17:12:38.634 [JavaFX Application Thread] DEBUG GameApplicationServi - Clearing previous game
17:12:38.634 [JavaFX Application Thread] DEBUG GameScene            - Clearing game scene
17:12:38.634 [JavaFX Application Thread] DEBUG GameWorld            - Clearing game world
17:12:38.634 [JavaFX Application Thread] DEBUG PhysicsWorld         - Clearing physics world
17:12:38.635 [FXGL Background Thread 4 ] DEBUG FXGLApplication      - Initializing game
17:12:38.638 [JavaFX Application Thread] DEBUG FXGLApplication      - Registering font factories with UI factory
17:12:38.639 [FXGL Background Thread 4 ] INFO  FXGLApplication      - Game initialization took: 0.003 sec
17:12:38.930 [FXGL Background Thread 2 ] INFO  UpdaterService       - Your current version:  17.3
17:12:38.930 [FXGL Background Thread 2 ] INFO  UpdaterService       - Latest stable version: 21.1
17:12:38.947 [JavaFX Application Thread] DEBUG Input                - Clearing active input actions
17:12:38.956 [JavaFX Application Thread] DEBUG GameApplicationServi - Removing overlay from MainLoadingScene and adding to GameScene
17:12:38.962 [JavaFX Application Thread] DEBUG PrimaryStageWindow   - MainLoadingScene -> GameScene
17:12:39.612 [JavaFX Application Thread] DEBUG PrimaryStageWindow   - Push state: DialogSubScene
17:12:39.612 [JavaFX Application Thread] DEBUG Input                - Clearing active input actions
17:12:39.613 [JavaFX Application Thread] DEBUG GameApplicationServi - Removing overlay from GameScene and adding to DialogSubScene
17:12:39.616 [JavaFX Application Thread] DEBUG PrimaryStageWindow   - GameScene -> DialogSubScene
17:12:41.151 [FXGL Background Thread 3 ] DEBUG Engine               - Logging environment variables
17:12:41.151 [FXGL Background Thread 3 ] DEBUG Engine               - achievements: []
17:12:41.151 [FXGL Background Thread 3 ] DEBUG Engine               - actualHeight: 720.0
17:12:41.151 [FXGL Background Thread 3 ] DEBUG Engine               - actualHeightProperty: ReadOnlyDoubleProperty [value: 720.0]
17:12:41.152 [FXGL Background Thread 3 ] DEBUG Engine               - actualWidth: 1280.0
17:12:41.152 [FXGL Background Thread 3 ] DEBUG Engine               - actualWidthProperty: ReadOnlyDoubleProperty [value: 1280.0]
17:12:41.152 [FXGL Background Thread 3 ] DEBUG Engine               - appIcon: fxgl_icon.png
17:12:41.152 [FXGL Background Thread 3 ] DEBUG Engine               - applicationMode: DEVELOPER
17:12:41.152 [FXGL Background Thread 3 ] DEBUG Engine               - cSSList: [fxgl_dark.css]
17:12:41.153 [FXGL Background Thread 3 ] DEBUG Engine               - collisionDetectionStrategy: BRUTE_FORCE
17:12:41.153 [FXGL Background Thread 3 ] DEBUG Engine               - configClass: Optional.empty
17:12:41.153 [FXGL Background Thread 3 ] DEBUG Engine               - credits: []
17:12:41.153 [FXGL Background Thread 3 ] DEBUG Engine               - defaultCursor: CursorInfo(imageName=fxgl_default_cursor.png, hotspotX=7.0, hotspotY=6.0)
17:12:41.155 [FXGL Background Thread 3 ] DEBUG Engine               - devBBoxColorProperty: ObjectProperty [value: 0xff0000ff]
17:12:41.155 [FXGL Background Thread 3 ] DEBUG Engine               - devEnableDebugCameraProperty: BooleanProperty [value: false]
17:12:41.155 [FXGL Background Thread 3 ] DEBUG Engine               - devSensorColorProperty: ObjectProperty [value: 0xffff00ff]
17:12:41.155 [FXGL Background Thread 3 ] DEBUG Engine               - devShowBBoxProperty: BooleanProperty [value: false]
17:12:41.155 [FXGL Background Thread 3 ] DEBUG Engine               - devShowPositionProperty: BooleanProperty [value: false]
17:12:41.156 [FXGL Background Thread 3 ] DEBUG Engine               - enabledMenuItems: []
17:12:41.156 [FXGL Background Thread 3 ] DEBUG Engine               - engineServices: [class com.almasb.fxgl.app.services.FXGLAssetLoaderService, class com.almasb.fxgl.app.FXGLApplication$GameApplicationService, class com.almasb.fxgl.app.services.FXGLDialogService, class com.almasb.fxgl.app.services.IOTaskExecutorService, class com.almasb.fxgl.io.FileSystemService, class com.almasb.fxgl.localization.LocalizationService, class com.almasb.fxgl.app.services.SystemBundleService, class com.almasb.fxgl.profile.SaveLoadService, class com.almasb.fxgl.ui.FXGLUIFactoryServiceProvider, class com.almasb.fxgl.ui.FXGLDialogFactoryServiceProvider, class com.almasb.fxgl.audio.AudioPlayer, class com.almasb.fxgl.notification.impl.NotificationServiceProvider, class com.almasb.fxgl.achievement.AchievementService, class com.almasb.fxgl.cutscene.CutsceneService, class com.almasb.fxgl.minigames.MiniGameService, class com.almasb.fxgl.net.NetService, class com.almasb.fxgl.app.services.UpdaterService, class com.almasb.fxgl.dev.DevService, class com.almasb.fxgl.multiplayer.MultiplayerService]
17:12:41.156 [FXGL Background Thread 3 ] DEBUG Engine               - fontGame: Abel-Regular.ttf
17:12:41.156 [FXGL Background Thread 3 ] DEBUG Engine               - fontMono: TerminalLandMono-Regular.otf
17:12:41.156 [FXGL Background Thread 3 ] DEBUG Engine               - fontSizeScaleUI: 1.0
17:12:41.156 [FXGL Background Thread 3 ] DEBUG Engine               - fontText: Courier-Prime.ttf
17:12:41.156 [FXGL Background Thread 3 ] DEBUG Engine               - fontUI: VarelaRound-Regular.ttf
17:12:41.156 [FXGL Background Thread 3 ] DEBUG Engine               - fullScreen: BooleanProperty [value: false]
17:12:41.157 [FXGL Background Thread 3 ] DEBUG Engine               - gameDifficulty: MEDIUM
17:12:41.157 [FXGL Background Thread 3 ] DEBUG Engine               - gameDifficultyProperty: ObjectProperty [value: MEDIUM]
17:12:41.157 [FXGL Background Thread 3 ] DEBUG Engine               - globalMusicVolume: 0.5
17:12:41.157 [FXGL Background Thread 3 ] DEBUG Engine               - globalMusicVolumeProperty: DoubleProperty [value: 0.0]
17:12:41.157 [FXGL Background Thread 3 ] DEBUG Engine               - globalSoundVolume: 0.5
17:12:41.157 [FXGL Background Thread 3 ] DEBUG Engine               - globalSoundVolumeProperty: DoubleProperty [value: 0.5]
17:12:41.157 [FXGL Background Thread 3 ] DEBUG Engine               - height: 720
17:12:41.157 [FXGL Background Thread 3 ] DEBUG Engine               - is3D: false
17:12:41.157 [FXGL Background Thread 3 ] DEBUG Engine               - isAndroid: false
17:12:41.157 [FXGL Background Thread 3 ] DEBUG Engine               - isBrowser: false
17:12:41.157 [FXGL Background Thread 3 ] DEBUG Engine               - isClickFeedbackEnabled: false
17:12:41.157 [FXGL Background Thread 3 ] DEBUG Engine               - isCloseConfirmation: false
17:12:41.157 [FXGL Background Thread 3 ] DEBUG Engine               - isDesktop: true
17:12:41.158 [FXGL Background Thread 3 ] DEBUG Engine               - isDeveloperMenuEnabled: true
17:12:41.158 [FXGL Background Thread 3 ] DEBUG Engine               - isEmbedded: false
17:12:41.158 [FXGL Background Thread 3 ] DEBUG Engine               - isEntityPreloadEnabled: true
17:12:41.158 [FXGL Background Thread 3 ] DEBUG Engine               - isExperimentalTiledLargeMap: false
17:12:41.158 [FXGL Background Thread 3 ] DEBUG Engine               - isFileSystemWriteAllowed: true
17:12:41.158 [FXGL Background Thread 3 ] DEBUG Engine               - isFullScreenAllowed: false
17:12:41.158 [FXGL Background Thread 3 ] DEBUG Engine               - isFullScreenFromStart: false
17:12:41.158 [FXGL Background Thread 3 ] DEBUG Engine               - isGameMenuEnabled: true
17:12:41.158 [FXGL Background Thread 3 ] DEBUG Engine               - isIOS: false
17:12:41.158 [FXGL Background Thread 3 ] DEBUG Engine               - isIntroEnabled: false
17:12:41.158 [FXGL Background Thread 3 ] DEBUG Engine               - isLinux: false
17:12:41.158 [FXGL Background Thread 3 ] DEBUG Engine               - isMac: false
17:12:41.158 [FXGL Background Thread 3 ] DEBUG Engine               - isMainMenuEnabled: false
17:12:41.158 [FXGL Background Thread 3 ] DEBUG Engine               - isManualResizeEnabled: false
17:12:41.159 [FXGL Background Thread 3 ] DEBUG Engine               - isMobile: false
17:12:41.159 [FXGL Background Thread 3 ] DEBUG Engine               - isNative: false
17:12:41.159 [FXGL Background Thread 3 ] DEBUG Engine               - isPauseMusicWhenMinimized: true
17:12:41.159 [FXGL Background Thread 3 ] DEBUG Engine               - isPreserveResizeRatio: false
17:12:41.159 [FXGL Background Thread 3 ] DEBUG Engine               - isProfilingEnabled: false
17:12:41.159 [FXGL Background Thread 3 ] DEBUG Engine               - isScaleAffectedOnResize: true
17:12:41.159 [FXGL Background Thread 3 ] DEBUG Engine               - isSingleStep: false
17:12:41.159 [FXGL Background Thread 3 ] DEBUG Engine               - isUserProfileEnabled: false
17:12:41.159 [FXGL Background Thread 3 ] DEBUG Engine               - isWindows: true
17:12:41.159 [FXGL Background Thread 3 ] DEBUG Engine               - language: ObjectProperty [value: ENGLISH]
17:12:41.159 [FXGL Background Thread 3 ] DEBUG Engine               - menuKey: ESCAPE
17:12:41.159 [FXGL Background Thread 3 ] DEBUG Engine               - mouseSensitivity: 0.2
17:12:41.159 [FXGL Background Thread 3 ] DEBUG Engine               - notificationViewClass: class com.almasb.fxgl.notification.view.XboxNotificationView
17:12:41.159 [FXGL Background Thread 3 ] DEBUG Engine               - pixelsPerMeter: 50.0
17:12:41.159 [FXGL Background Thread 3 ] DEBUG Engine               - platform: WINDOWS
17:12:41.160 [FXGL Background Thread 3 ] DEBUG Engine               - prefHeightProperty: ReadOnlyDoubleProperty [value: 720.0]
17:12:41.160 [FXGL Background Thread 3 ] DEBUG Engine               - prefWidthProperty: ReadOnlyDoubleProperty [value: 1280.0]
17:12:41.160 [FXGL Background Thread 3 ] DEBUG Engine               - profileDir: profiles/
17:12:41.160 [FXGL Background Thread 3 ] DEBUG Engine               - profileName: StringProperty [value: DEFAULT]
17:12:41.160 [FXGL Background Thread 3 ] DEBUG Engine               - randomSeed: -1
17:12:41.160 [FXGL Background Thread 3 ] DEBUG Engine               - runtimeInfo: RuntimeInfo(platform=WINDOWS, version=17.3, build=30.03.2023 11.49)
17:12:41.160 [FXGL Background Thread 3 ] DEBUG Engine               - saveFileExt: sav
17:12:41.160 [FXGL Background Thread 3 ] DEBUG Engine               - scaledHeightProp$fxgl: DoubleProperty [bound, value: 720.0]
17:12:41.160 [FXGL Background Thread 3 ] DEBUG Engine               - scaledWidthProp$fxgl: DoubleProperty [bound, value: 1280.0]
17:12:41.161 [FXGL Background Thread 3 ] DEBUG Engine               - sceneFactory: com.example.rpgplatform.RPGPlatform$1@3867c415
17:12:41.161 [FXGL Background Thread 3 ] DEBUG Engine               - secondsIn24h: 60
17:12:41.161 [FXGL Background Thread 3 ] DEBUG Engine               - soundMenuBack: menu/back.wav
17:12:41.161 [FXGL Background Thread 3 ] DEBUG Engine               - soundMenuPress: menu/press.wav
17:12:41.161 [FXGL Background Thread 3 ] DEBUG Engine               - soundMenuSelect: menu/select.wav
17:12:41.161 [FXGL Background Thread 3 ] DEBUG Engine               - soundNotification: core/notification.wav
17:12:41.161 [FXGL Background Thread 3 ] DEBUG Engine               - stageStyle: DECORATED
17:12:41.161 [FXGL Background Thread 3 ] DEBUG Engine               - supportedLanguages: [ENGLISH, FRENCH, GERMAN, HUNGARIAN, RUSSIAN]
17:12:41.161 [FXGL Background Thread 3 ] DEBUG Engine               - ticksPerSecond: -1
17:12:41.161 [FXGL Background Thread 3 ] DEBUG Engine               - title: Flat Former Game
17:12:41.161 [FXGL Background Thread 3 ] DEBUG Engine               - urlGithub: https://github.com/AlmasB/FXGL
17:12:41.161 [FXGL Background Thread 3 ] DEBUG Engine               - urlLeaderboard: http://fxgl-top.herokuapp.com/
17:12:41.161 [FXGL Background Thread 3 ] DEBUG Engine               - urlPOM: https://raw.githubusercontent.com/AlmasB/FXGL/release/README.md
17:12:41.161 [FXGL Background Thread 3 ] DEBUG Engine               - userAppClass: class com.example.rpgplatform.RPGPlatform
17:12:41.162 [FXGL Background Thread 3 ] DEBUG Engine               - version: 0.0
17:12:41.162 [FXGL Background Thread 3 ] DEBUG Engine               - versionCheckDays: 7
17:12:41.162 [FXGL Background Thread 3 ] DEBUG Engine               - width: 1280
17:12:41.162 [FXGL Background Thread 3 ] DEBUG Engine               - Logging services
17:12:41.162 [FXGL Background Thread 3 ] DEBUG Engine               - class com.almasb.fxgl.app.services.FXGLAssetLoaderService
17:12:41.162 [FXGL Background Thread 3 ] DEBUG Engine               - class com.almasb.fxgl.app.FXGLApplication$GameApplicationService
17:12:41.162 [FXGL Background Thread 3 ] DEBUG Engine               - class com.almasb.fxgl.app.services.FXGLDialogService
17:12:41.162 [FXGL Background Thread 3 ] DEBUG Engine               - class com.almasb.fxgl.app.services.IOTaskExecutorService
17:12:41.162 [FXGL Background Thread 3 ] DEBUG Engine               - class com.almasb.fxgl.io.FileSystemService
17:12:41.162 [FXGL Background Thread 3 ] DEBUG Engine               - class com.almasb.fxgl.localization.LocalizationService
17:12:41.162 [FXGL Background Thread 3 ] DEBUG Engine               - class com.almasb.fxgl.app.services.SystemBundleService
17:12:41.163 [FXGL Background Thread 3 ] DEBUG Engine               - class com.almasb.fxgl.profile.SaveLoadService
17:12:41.163 [FXGL Background Thread 3 ] DEBUG Engine               - class com.almasb.fxgl.ui.FXGLUIFactoryServiceProvider
17:12:41.163 [FXGL Background Thread 3 ] DEBUG Engine               - class com.almasb.fxgl.ui.FXGLDialogFactoryServiceProvider
17:12:41.163 [FXGL Background Thread 3 ] DEBUG Engine               - class com.almasb.fxgl.audio.AudioPlayer
17:12:41.163 [FXGL Background Thread 3 ] DEBUG Engine               - class com.almasb.fxgl.notification.impl.NotificationServiceProvider
17:12:41.163 [FXGL Background Thread 3 ] DEBUG Engine               - class com.almasb.fxgl.achievement.AchievementService
17:12:41.163 [FXGL Background Thread 3 ] DEBUG Engine               - class com.almasb.fxgl.cutscene.CutsceneService
17:12:41.163 [FXGL Background Thread 3 ] DEBUG Engine               - class com.almasb.fxgl.minigames.MiniGameService
17:12:41.163 [FXGL Background Thread 3 ] DEBUG Engine               - class com.almasb.fxgl.net.NetService
17:12:41.163 [FXGL Background Thread 3 ] DEBUG Engine               - class com.almasb.fxgl.app.services.UpdaterService
17:12:41.163 [FXGL Background Thread 3 ] DEBUG Engine               - class com.almasb.fxgl.dev.DevService
17:12:41.163 [FXGL Background Thread 3 ] DEBUG Engine               - class com.almasb.fxgl.multiplayer.MultiplayerService
17:12:41.868 [JavaFX Application Thread] DEBUG PrimaryStageWindow   - Pop state: DialogSubScene
17:12:41.868 [JavaFX Application Thread] DEBUG Input                - Clearing active input actions
17:12:41.870 [JavaFX Application Thread] DEBUG GameApplicationServi - Removing overlay from DialogSubScene and adding to GameScene
17:12:41.871 [JavaFX Application Thread] DEBUG PrimaryStageWindow   - GameScene <- DialogSubScene
17:12:41.912 [JavaFX Application Thread] DEBUG TMXLevelLoader       - Parsed TiledMap: file:/C:/Users/User/IdeaProjects/RPGPlatform/target/classes/assets/levels/tmx/level1.tmx
17:12:41.914 [JavaFX Application Thread] DEBUG TMXLevelLoader       - Creating tile layer entities
17:12:41.915 [JavaFX Application Thread] DEBUG TilesetLoader        - Loading view for layer Tile Layer 1
17:12:41.916 [JavaFX Application Thread] DEBUG TilesetLoader        - Created buffer with size 1050.0x700.0
17:12:41.929 [JavaFX Application Thread] DEBUG TMXLevelLoader       - Creating object layer entities
17:12:41.946 [JavaFX Application Thread] DEBUG GameWorld            - Clearing removable entities
17:12:41.947 [JavaFX Application Thread] DEBUG GameWorld            - Setting level: com.almasb.fxgl.entity.level.Level@57eadc1d
17:12:41.954 [ClientAsyncConnThread    ] DEBUG TCPClient            - Connecting to localhost:55555 type: class com.almasb.fxgl.core.serialization.Bundle
17:12:41.956 [ClientAsyncConnThread    ] DEBUG TCPClient            - Created socket to localhost:55555
17:12:41.963 [ClientAsyncConnThread    ] DEBUG Endpoint             - TCPClient opening new connection (1) from localhost/127.0.0.1:55555 type: class com.almasb.fxgl.core.serialization.Bundle
17:12:41.964 [ClientAsyncConnThread    ] DEBUG Endpoint             - TCPClient successfully opened connection (1)
17:12:41.988 [TCPClient_SendThread-1   ] DEBUG Writers              - Getting TCPMessageWriter for class com.almasb.fxgl.core.serialization.Bundle
17:12:41.989 [TCPClient_RecvThread-1   ] DEBUG Readers              - Getting TCPMessageReader for class com.almasb.fxgl.core.serialization.Bundle
17:12:41.990 [TCPClient_SendThread-1   ] DEBUG Writers              - Constructed TCPMessageWriter for class com.almasb.fxgl.core.serialization.Bundle: BundleTCPMessageWriter
17:12:41.998 [TCPClient_RecvThread-1   ] DEBUG Readers              - Constructed MessageReader for class com.almasb.fxgl.core.serialization.Bundle: BundleTCPMessageReader
17:12:42.043 [JavaFX Application Thread] DEBUG FXGLAssetLoaderServi - Loading from file system: file:/C:/Users/User/IdeaProjects/RPGPlatform/target/classes/assets/textures/WarriorHigh_Jump.png
17:12:42.048 [JavaFX Application Thread] DEBUG FXGLAssetLoaderServi - Loading from file system: file:/C:/Users/User/IdeaProjects/RPGPlatform/target/classes/assets/textures/WarriorWalk.png
17:12:42.051 [JavaFX Application Thread] DEBUG FXGLAssetLoaderServi - Loading from file system: file:/C:/Users/User/IdeaProjects/RPGPlatform/target/classes/assets/textures/WarriorAttack.png
17:12:42.054 [JavaFX Application Thread] DEBUG FXGLAssetLoaderServi - Loading from file system: file:/C:/Users/User/IdeaProjects/RPGPlatform/target/classes/assets/textures/WarriorSpecialAttack.png
17:12:42.081 [JavaFX Application Thread] DEBUG FXGLAssetLoaderServi - Loading from file system: file:/C:/Users/User/IdeaProjects/RPGPlatform/target/classes/assets/textures/background/windrise-background.png
17:12:46.790 [JavaFX Application Thread] DEBUG FXGLApplication      - Exiting FXGL
17:12:46.790 [JavaFX Application Thread] DEBUG LoopRunner           - Stopping loop
17:12:46.791 [JavaFX Application Thread] DEBUG SystemBundleService  - Saving FXGL system data
17:12:46.792 [JavaFX Application Thread] DEBUG FileSystemAccess     - Writing to: C:\Users\User\IdeaProjects\RPGPlatform\system\fxgl.bundle
17:12:46.793 [JavaFX Application Thread] DEBUG Async                - Shutting down background threads
17:12:46.793 [JavaFX Application Thread] DEBUG PrimaryStageWindow   - Closing main window
17:12:46.803 [JavaFX Application Thread] DEBUG Logger               - Closing Logger
