18:59:34.897 [main                     ] DEBUG Logger               - Configured Logger
18:59:34.926 [main                     ] DEBUG GameApplication      - Logging settings
Title: Ew Walay Uyab
Version: 0.0
Width: 1280
Height: 720
Fullscreen: false
Intro: false
Profiling: false
Single step:false
App Mode: DEVELOPER
Menu Key: ESCAPE
Stage Style: DECORATED
Scene Factory: class com.example.rpgplatform.RPGPlatform$1

18:59:35.335 [JavaFX Application Thread] DEBUG FXGLApplication      - Initializing FXGL
18:59:35.340 [JavaFX Application Thread] INFO  Engine               - FXGL-17.3 (30.03.2023 11.49) on WINDOWS (J:21.0.2 FX:21)
18:59:35.340 [JavaFX Application Thread] DEBUG Engine               - JRE Vendor Name: Oracle Corporation
18:59:35.341 [JavaFX Application Thread] DEBUG Engine               - Running on OS: Windows 10 version 10.0
18:59:35.341 [JavaFX Application Thread] DEBUG Engine               - Architecture: amd64
18:59:35.341 [JavaFX Application Thread] INFO  Engine               - Source code and latest versions at: https://github.com/AlmasB/FXGL
18:59:35.341 [JavaFX Application Thread] INFO  Engine               -       Ask questions and discuss at: https://github.com/AlmasB/FXGL/discussions
18:59:35.341 [JavaFX Application Thread] INFO  Engine               -              Join the FXGL chat at: https://gitter.im/AlmasB/FXGL
18:59:35.447 [JavaFX Application Thread] DEBUG PrimaryStageWindow   - Creating a JavaFX scene
18:59:35.498 [JavaFX Application Thread] DEBUG PrimaryStageWindow   - Target settings size: 1280.0 x 720.0
18:59:35.499 [JavaFX Application Thread] DEBUG PrimaryStageWindow   - Scaled scene size:    1280.0 x 720.0
18:59:35.499 [JavaFX Application Thread] DEBUG PrimaryStageWindow   - Scaled ratio: (1.0, 1.0)
18:59:35.500 [JavaFX Application Thread] DEBUG PrimaryStageWindow   - Set initial scene to FXGLStartupScene
18:59:35.504 [JavaFX Application Thread] DEBUG PrimaryStageWindow   - Opening main window
18:59:35.595 [JavaFX Application Thread] DEBUG PrimaryStageWindow   - Window border size: (16.0, 39.0)
18:59:35.596 [JavaFX Application Thread] DEBUG PrimaryStageWindow   - Scaled size: 1280.0 x 720.0
18:59:35.596 [JavaFX Application Thread] DEBUG PrimaryStageWindow   - Scaled ratio: (1.0, 1.0)
18:59:35.596 [JavaFX Application Thread] DEBUG PrimaryStageWindow   - Scene size: 1280.0 x 720.0
18:59:35.596 [JavaFX Application Thread] DEBUG PrimaryStageWindow   - Stage size: 1296.0 x 759.0
18:59:35.640 [FXGL Background Thread 1 ] DEBUG Engine               - Initializing environment variables
18:59:35.692 [FXGL Background Thread 1 ] DEBUG FXGLAssetLoaderServi - User app class for loading assets: class com.example.rpgplatform.RPGPlatform
18:59:35.692 [FXGL Background Thread 1 ] DEBUG GameApplicationServi - Applying CSS: fxgl_dark.css
18:59:35.693 [FXGL Background Thread 1 ] DEBUG FXGLAssetLoaderServi - Loading from file system: jar:file:///C:/Users/User/.m2/repository/com/github/almasb/fxgl/17.3/fxgl-17.3.jar!/fxglassets/ui/css/fxgl_dark.css
18:59:35.742 [FXGL Background Thread 1 ] DEBUG GameApplicationServi - Initializing application scenes
18:59:35.796 [FXGL Background Thread 1 ] DEBUG FXGLAssetLoaderServi - Loading from file system: file:/C:/Users/User/IdeaProjects/RPGPlatform/target/classes/assets/textures/WarriorIdle.png
18:59:35.845 [FXGL Background Thread 1 ] DEBUG GameWorld            - Game world initialized
18:59:35.905 [FXGL Background Thread 1 ] DEBUG PhysicsWorld         - Physics world initialized: appHeight=720, physics.ppm=50.0
18:59:35.905 [FXGL Background Thread 1 ] DEBUG PhysicsWorld         - Using strategy: BRUTE_FORCE
18:59:35.909 [FXGL Background Thread 1 ] DEBUG GameScene            - Game scene initialized: 1280x720
18:59:35.921 [FXGL Background Thread 1 ] DEBUG FXGL.DefaultMenu     - createMenuBodyGameMenu()
18:59:35.963 [FXGL Background Thread 1 ] DEBUG FXGL.DefaultMenu     - createOptionsMenu()
18:59:35.981 [FXGL Background Thread 1 ] DEBUG FXGLAssetLoaderServi - Loading from file system: jar:file:///C:/Users/User/.m2/repository/com/github/almasb/fxgl/17.3/fxgl-17.3.jar!/fxglassets/textures/particles/smoke.png
18:59:36.048 [FXGL Background Thread 1 ] DEBUG FXGLAssetLoaderServi - Loading from file system: jar:file:///C:/Users/User/.m2/repository/com/github/almasb/fxgl/17.3/fxgl-17.3.jar!/fxglassets/textures/particles/trace_horizontal.png
18:59:36.061 [FXGL Background Thread 1 ] DEBUG GameApplicationServi - Application scenes initialized
18:59:36.075 [FXGL Background Thread 1 ] DEBUG SystemBundleService  - Loading FXGL system data
18:59:36.080 [FXGL Background Thread 1 ] DEBUG FileSystemAccess     - Reading from: C:\Users\User\IdeaProjects\RPGPlatform\system\fxgl.bundle
18:59:36.091 [FXGL Background Thread 1 ] DEBUG SystemBundleService  - Bundle FXGL: {}
18:59:36.091 [FXGL Background Thread 1 ] DEBUG UpdaterService       - Checking for updates
18:59:36.125 [FXGL Background Thread 1 ] DEBUG FXGLApplication      - Loading default localization
18:59:36.125 [FXGL Background Thread 1 ] DEBUG FXGLAssetLoaderServi - Loading from file system: jar:file:///C:/Users/User/.m2/repository/com/github/almasb/fxgl/17.3/fxgl-17.3.jar!/fxglassets/languages/english.lang
18:59:36.140 [FXGL Background Thread 4 ] DEBUG FXGLApplication      - Loading fonts
18:59:36.141 [FXGL Background Thread 4 ] DEBUG FXGLAssetLoaderServi - Loading from file system: jar:file:///C:/Users/User/.m2/repository/com/github/almasb/fxgl/17.3/fxgl-17.3.jar!/fxglassets/ui/fonts/VarelaRound-Regular.ttf
18:59:36.145 [FXGL Background Thread 1 ] INFO  FXGLApplication      - FXGL initialization took: 0.505 sec
18:59:36.154 [JavaFX Application Thread] DEBUG Input                - Registered new binding: Left - A
18:59:36.154 [JavaFX Application Thread] DEBUG Input                - Registered new binding: Right - D
18:59:36.154 [JavaFX Application Thread] DEBUG Input                - Registered new binding: Jump - W
18:59:36.154 [JavaFX Application Thread] DEBUG Input                - Registered new binding: BasicAttack - I
18:59:36.155 [JavaFX Application Thread] DEBUG Input                - Registered new binding: SkillAttack - P
18:59:36.155 [JavaFX Application Thread] DEBUG FXGLAssetLoaderServi - Loading from file system: file:/C:/Users/User/IdeaProjects/RPGPlatform/target/classes/assets/music/BGM_dash_runner.wav
18:59:36.195 [FXGL Background Thread 4 ] DEBUG FXGLAssetLoaderServi - Loading from file system: jar:file:///C:/Users/User/.m2/repository/com/github/almasb/fxgl/17.3/fxgl-17.3.jar!/fxglassets/ui/fonts/Abel-Regular.ttf
18:59:36.202 [FXGL Background Thread 4 ] DEBUG FXGLAssetLoaderServi - Loading from file system: jar:file:///C:/Users/User/.m2/repository/com/github/almasb/fxgl/17.3/fxgl-17.3.jar!/fxglassets/ui/fonts/TerminalLandMono-Regular.otf
18:59:36.217 [FXGL Background Thread 4 ] DEBUG FXGLAssetLoaderServi - Loading from file system: jar:file:///C:/Users/User/.m2/repository/com/github/almasb/fxgl/17.3/fxgl-17.3.jar!/fxglassets/ui/fonts/Courier-Prime.ttf
18:59:36.371 [JavaFX Application Thread] DEBUG AudioPlayer          - Playing music com.almasb.fxgl.audio.Music@48ebf916
18:59:36.372 [JavaFX Application Thread] DEBUG FXGLAssetLoaderServi - Loading from file system: jar:file:///C:/Users/User/.m2/repository/com/github/almasb/fxgl/17.3/fxgl-17.3.jar!/fxglassets/textures/fxgl_icon.png
18:59:36.384 [JavaFX Application Thread] DEBUG FXGLAssetLoaderServi - Loading from file system: jar:file:///C:/Users/User/.m2/repository/com/github/almasb/fxgl/17.3/fxgl-17.3.jar!/fxglassets/textures/fxgl_default_cursor.png
18:59:36.386 [JavaFX Application Thread] DEBUG Input                - Registered new binding: Screenshot - CTRL+8
18:59:36.386 [JavaFX Application Thread] DEBUG Input                - Registered new binding: Dev Options - 1
18:59:36.386 [JavaFX Application Thread] DEBUG Input                - Registered new binding: Dev Console - 2
18:59:36.387 [JavaFX Application Thread] DEBUG Input                - Registered new binding: System info dump - CTRL+9
18:59:36.387 [JavaFX Application Thread] DEBUG Input                - Registered new binding: Restart - CTRL+R
18:59:36.388 [JavaFX Application Thread] DEBUG Input                - Registered new binding: Toggle Debug Camera - CTRL+7
18:59:36.392 [JavaFX Application Thread] DEBUG LoopRunner           - Starting loop
18:59:36.409 [JavaFX Application Thread] DEBUG LoopRunner           - Initializing JavaFX AnimationTimerLoop
18:59:36.410 [JavaFX Application Thread] DEBUG GameApplicationServi - Starting new game
18:59:36.411 [JavaFX Application Thread] DEBUG Input                - Clearing active input actions
18:59:36.434 [JavaFX Application Thread] DEBUG GameApplicationServi - Removing overlay from FXGLStartupScene and adding to MainLoadingScene
18:59:36.438 [JavaFX Application Thread] DEBUG PrimaryStageWindow   - FXGLStartupScene -> MainLoadingScene
18:59:36.442 [JavaFX Application Thread] DEBUG GameApplicationServi - Clearing previous game
18:59:36.442 [JavaFX Application Thread] DEBUG GameScene            - Clearing game scene
18:59:36.442 [JavaFX Application Thread] DEBUG GameWorld            - Clearing game world
18:59:36.442 [JavaFX Application Thread] DEBUG PhysicsWorld         - Clearing physics world
18:59:36.444 [FXGL Background Thread 4 ] DEBUG FXGLApplication      - Initializing game
18:59:36.447 [JavaFX Application Thread] DEBUG FXGLApplication      - Registering font factories with UI factory
18:59:36.528 [FXGL Background Thread 4 ] WARN  TMXLevelLoader       - TiledMap generated from 1.2.3. Supported version: 1.9.0. Some features may not be parsed fully.
18:59:36.536 [FXGL Background Thread 4 ] DEBUG TMXLevelLoader       - Parsed TiledMap: file:/C:/Users/User/IdeaProjects/RPGPlatform/target/classes/assets/levels/tmx/level1.tmx
18:59:36.537 [FXGL Background Thread 4 ] DEBUG TMXLevelLoader       - Creating tile layer entities
18:59:36.538 [FXGL Background Thread 4 ] DEBUG TilesetLoader        - Loading view for layer Tile Layer 1
18:59:36.539 [FXGL Background Thread 4 ] DEBUG TilesetLoader        - Created buffer with size 1050.0x700.0
18:59:36.571 [FXGL Background Thread 4 ] DEBUG TMXLevelLoader       - Creating object layer entities
18:59:36.593 [FXGL Background Thread 4 ] DEBUG GameWorld            - Clearing removable entities
18:59:36.593 [FXGL Background Thread 4 ] DEBUG GameWorld            - Setting level: com.almasb.fxgl.entity.level.Level@373deb02
18:59:36.614 [FXGL Background Thread 4 ] DEBUG FXGLAssetLoaderServi - Loading from file system: file:/C:/Users/User/IdeaProjects/RPGPlatform/target/classes/assets/textures/WarriorHigh_Jump.png
18:59:36.620 [FXGL Background Thread 4 ] DEBUG FXGLAssetLoaderServi - Loading from file system: file:/C:/Users/User/IdeaProjects/RPGPlatform/target/classes/assets/textures/WarriorWalk.png
18:59:36.624 [FXGL Background Thread 4 ] DEBUG FXGLAssetLoaderServi - Loading from file system: file:/C:/Users/User/IdeaProjects/RPGPlatform/target/classes/assets/textures/WarriorAttack.png
18:59:36.631 [FXGL Background Thread 4 ] DEBUG FXGLAssetLoaderServi - Loading from file system: file:/C:/Users/User/IdeaProjects/RPGPlatform/target/classes/assets/textures/WarriorSpecialAttack.png
18:59:36.682 [FXGL Background Thread 4 ] DEBUG FXGLAssetLoaderServi - Loading from file system: file:/C:/Users/User/IdeaProjects/RPGPlatform/target/classes/assets/textures/background/windrise-background.png
18:59:36.713 [FXGL Background Thread 4 ] INFO  FXGLApplication      - Game initialization took: 0.269 sec
18:59:36.726 [JavaFX Application Thread] DEBUG Input                - Clearing active input actions
18:59:36.732 [JavaFX Application Thread] DEBUG GameApplicationServi - Removing overlay from MainLoadingScene and adding to GameScene
18:59:36.737 [JavaFX Application Thread] DEBUG PrimaryStageWindow   - MainLoadingScene -> GameScene
18:59:36.856 [FXGL Background Thread 2 ] INFO  UpdaterService       - Your current version:  17.3
18:59:36.856 [FXGL Background Thread 2 ] INFO  UpdaterService       - Latest stable version: 21.1
18:59:39.123 [FXGL Background Thread 3 ] DEBUG Engine               - Logging environment variables
18:59:39.123 [FXGL Background Thread 3 ] DEBUG Engine               - achievements: []
18:59:39.123 [FXGL Background Thread 3 ] DEBUG Engine               - actualHeight: 720.0
18:59:39.123 [FXGL Background Thread 3 ] DEBUG Engine               - actualHeightProperty: ReadOnlyDoubleProperty [value: 720.0]
18:59:39.123 [FXGL Background Thread 3 ] DEBUG Engine               - actualWidth: 1280.0
18:59:39.124 [FXGL Background Thread 3 ] DEBUG Engine               - actualWidthProperty: ReadOnlyDoubleProperty [value: 1280.0]
18:59:39.124 [FXGL Background Thread 3 ] DEBUG Engine               - appIcon: fxgl_icon.png
18:59:39.124 [FXGL Background Thread 3 ] DEBUG Engine               - applicationMode: DEVELOPER
18:59:39.124 [FXGL Background Thread 3 ] DEBUG Engine               - cSSList: [fxgl_dark.css]
18:59:39.124 [FXGL Background Thread 3 ] DEBUG Engine               - collisionDetectionStrategy: BRUTE_FORCE
18:59:39.124 [FXGL Background Thread 3 ] DEBUG Engine               - configClass: Optional.empty
18:59:39.124 [FXGL Background Thread 3 ] DEBUG Engine               - credits: []
18:59:39.124 [FXGL Background Thread 3 ] DEBUG Engine               - defaultCursor: CursorInfo(imageName=fxgl_default_cursor.png, hotspotX=7.0, hotspotY=6.0)
18:59:39.125 [FXGL Background Thread 3 ] DEBUG Engine               - devBBoxColorProperty: ObjectProperty [value: 0xff0000ff]
18:59:39.125 [FXGL Background Thread 3 ] DEBUG Engine               - devEnableDebugCameraProperty: BooleanProperty [value: false]
18:59:39.125 [FXGL Background Thread 3 ] DEBUG Engine               - devSensorColorProperty: ObjectProperty [value: 0xffff00ff]
18:59:39.125 [FXGL Background Thread 3 ] DEBUG Engine               - devShowBBoxProperty: BooleanProperty [value: false]
18:59:39.125 [FXGL Background Thread 3 ] DEBUG Engine               - devShowPositionProperty: BooleanProperty [value: false]
18:59:39.125 [FXGL Background Thread 3 ] DEBUG Engine               - enabledMenuItems: []
18:59:39.125 [FXGL Background Thread 3 ] DEBUG Engine               - engineServices: [class com.almasb.fxgl.app.services.FXGLAssetLoaderService, class com.almasb.fxgl.app.FXGLApplication$GameApplicationService, class com.almasb.fxgl.app.services.FXGLDialogService, class com.almasb.fxgl.app.services.IOTaskExecutorService, class com.almasb.fxgl.io.FileSystemService, class com.almasb.fxgl.localization.LocalizationService, class com.almasb.fxgl.app.services.SystemBundleService, class com.almasb.fxgl.profile.SaveLoadService, class com.almasb.fxgl.ui.FXGLUIFactoryServiceProvider, class com.almasb.fxgl.ui.FXGLDialogFactoryServiceProvider, class com.almasb.fxgl.audio.AudioPlayer, class com.almasb.fxgl.notification.impl.NotificationServiceProvider, class com.almasb.fxgl.achievement.AchievementService, class com.almasb.fxgl.cutscene.CutsceneService, class com.almasb.fxgl.minigames.MiniGameService, class com.almasb.fxgl.net.NetService, class com.almasb.fxgl.app.services.UpdaterService, class com.almasb.fxgl.dev.DevService]
18:59:39.125 [FXGL Background Thread 3 ] DEBUG Engine               - fontGame: Abel-Regular.ttf
18:59:39.125 [FXGL Background Thread 3 ] DEBUG Engine               - fontMono: TerminalLandMono-Regular.otf
18:59:39.126 [FXGL Background Thread 3 ] DEBUG Engine               - fontSizeScaleUI: 1.0
18:59:39.126 [FXGL Background Thread 3 ] DEBUG Engine               - fontText: Courier-Prime.ttf
18:59:39.126 [FXGL Background Thread 3 ] DEBUG Engine               - fontUI: VarelaRound-Regular.ttf
18:59:39.126 [FXGL Background Thread 3 ] DEBUG Engine               - fullScreen: BooleanProperty [value: false]
18:59:39.126 [FXGL Background Thread 3 ] DEBUG Engine               - gameDifficulty: MEDIUM
18:59:39.126 [FXGL Background Thread 3 ] DEBUG Engine               - gameDifficultyProperty: ObjectProperty [value: MEDIUM]
18:59:39.126 [FXGL Background Thread 3 ] DEBUG Engine               - globalMusicVolume: 0.5
18:59:39.127 [FXGL Background Thread 3 ] DEBUG Engine               - globalMusicVolumeProperty: DoubleProperty [value: 0.25]
18:59:39.128 [FXGL Background Thread 3 ] DEBUG Engine               - globalSoundVolume: 0.5
18:59:39.128 [FXGL Background Thread 3 ] DEBUG Engine               - globalSoundVolumeProperty: DoubleProperty [value: 0.5]
18:59:39.128 [FXGL Background Thread 3 ] DEBUG Engine               - height: 720
18:59:39.128 [FXGL Background Thread 3 ] DEBUG Engine               - is3D: false
18:59:39.128 [FXGL Background Thread 3 ] DEBUG Engine               - isAndroid: false
18:59:39.128 [FXGL Background Thread 3 ] DEBUG Engine               - isBrowser: false
18:59:39.128 [FXGL Background Thread 3 ] DEBUG Engine               - isClickFeedbackEnabled: false
18:59:39.128 [FXGL Background Thread 3 ] DEBUG Engine               - isCloseConfirmation: false
18:59:39.128 [FXGL Background Thread 3 ] DEBUG Engine               - isDesktop: true
18:59:39.128 [FXGL Background Thread 3 ] DEBUG Engine               - isDeveloperMenuEnabled: true
18:59:39.129 [FXGL Background Thread 3 ] DEBUG Engine               - isEmbedded: false
18:59:39.129 [FXGL Background Thread 3 ] DEBUG Engine               - isEntityPreloadEnabled: true
18:59:39.129 [FXGL Background Thread 3 ] DEBUG Engine               - isExperimentalTiledLargeMap: false
18:59:39.129 [FXGL Background Thread 3 ] DEBUG Engine               - isFileSystemWriteAllowed: true
18:59:39.129 [FXGL Background Thread 3 ] DEBUG Engine               - isFullScreenAllowed: false
18:59:39.129 [FXGL Background Thread 3 ] DEBUG Engine               - isFullScreenFromStart: false
18:59:39.129 [FXGL Background Thread 3 ] DEBUG Engine               - isGameMenuEnabled: true
18:59:39.129 [FXGL Background Thread 3 ] DEBUG Engine               - isIOS: false
18:59:39.129 [FXGL Background Thread 3 ] DEBUG Engine               - isIntroEnabled: false
18:59:39.129 [FXGL Background Thread 3 ] DEBUG Engine               - isLinux: false
18:59:39.129 [FXGL Background Thread 3 ] DEBUG Engine               - isMac: false
18:59:39.129 [FXGL Background Thread 3 ] DEBUG Engine               - isMainMenuEnabled: false
18:59:39.129 [FXGL Background Thread 3 ] DEBUG Engine               - isManualResizeEnabled: false
18:59:39.129 [FXGL Background Thread 3 ] DEBUG Engine               - isMobile: false
18:59:39.129 [FXGL Background Thread 3 ] DEBUG Engine               - isNative: false
18:59:39.130 [FXGL Background Thread 3 ] DEBUG Engine               - isPauseMusicWhenMinimized: true
18:59:39.130 [FXGL Background Thread 3 ] DEBUG Engine               - isPreserveResizeRatio: false
18:59:39.130 [FXGL Background Thread 3 ] DEBUG Engine               - isProfilingEnabled: false
18:59:39.130 [FXGL Background Thread 3 ] DEBUG Engine               - isScaleAffectedOnResize: true
18:59:39.130 [FXGL Background Thread 3 ] DEBUG Engine               - isSingleStep: false
18:59:39.130 [FXGL Background Thread 3 ] DEBUG Engine               - isUserProfileEnabled: false
18:59:39.130 [FXGL Background Thread 3 ] DEBUG Engine               - isWindows: true
18:59:39.130 [FXGL Background Thread 3 ] DEBUG Engine               - language: ObjectProperty [value: ENGLISH]
18:59:39.130 [FXGL Background Thread 3 ] DEBUG Engine               - menuKey: ESCAPE
18:59:39.130 [FXGL Background Thread 3 ] DEBUG Engine               - mouseSensitivity: 0.2
18:59:39.130 [FXGL Background Thread 3 ] DEBUG Engine               - notificationViewClass: class com.almasb.fxgl.notification.view.XboxNotificationView
18:59:39.130 [FXGL Background Thread 3 ] DEBUG Engine               - pixelsPerMeter: 50.0
18:59:39.130 [FXGL Background Thread 3 ] DEBUG Engine               - platform: WINDOWS
18:59:39.130 [FXGL Background Thread 3 ] DEBUG Engine               - prefHeightProperty: ReadOnlyDoubleProperty [value: 720.0]
18:59:39.130 [FXGL Background Thread 3 ] DEBUG Engine               - prefWidthProperty: ReadOnlyDoubleProperty [value: 1280.0]
18:59:39.130 [FXGL Background Thread 3 ] DEBUG Engine               - profileDir: profiles/
18:59:39.130 [FXGL Background Thread 3 ] DEBUG Engine               - profileName: StringProperty [value: DEFAULT]
18:59:39.131 [FXGL Background Thread 3 ] DEBUG Engine               - randomSeed: -1
18:59:39.131 [FXGL Background Thread 3 ] DEBUG Engine               - runtimeInfo: RuntimeInfo(platform=WINDOWS, version=17.3, build=30.03.2023 11.49)
18:59:39.131 [FXGL Background Thread 3 ] DEBUG Engine               - saveFileExt: sav
18:59:39.131 [FXGL Background Thread 3 ] DEBUG Engine               - scaledHeightProp$fxgl: DoubleProperty [bound, value: 720.0]
18:59:39.131 [FXGL Background Thread 3 ] DEBUG Engine               - scaledWidthProp$fxgl: DoubleProperty [bound, value: 1280.0]
18:59:39.131 [FXGL Background Thread 3 ] DEBUG Engine               - sceneFactory: com.example.rpgplatform.RPGPlatform$1@49b64275
18:59:39.131 [FXGL Background Thread 3 ] DEBUG Engine               - secondsIn24h: 60
18:59:39.131 [FXGL Background Thread 3 ] DEBUG Engine               - soundMenuBack: menu/back.wav
18:59:39.131 [FXGL Background Thread 3 ] DEBUG Engine               - soundMenuPress: menu/press.wav
18:59:39.131 [FXGL Background Thread 3 ] DEBUG Engine               - soundMenuSelect: menu/select.wav
18:59:39.131 [FXGL Background Thread 3 ] DEBUG Engine               - soundNotification: core/notification.wav
18:59:39.131 [FXGL Background Thread 3 ] DEBUG Engine               - stageStyle: DECORATED
18:59:39.132 [FXGL Background Thread 3 ] DEBUG Engine               - supportedLanguages: [ENGLISH, FRENCH, GERMAN, HUNGARIAN, RUSSIAN]
18:59:39.132 [FXGL Background Thread 3 ] DEBUG Engine               - ticksPerSecond: -1
18:59:39.132 [FXGL Background Thread 3 ] DEBUG Engine               - title: Ew Walay Uyab
18:59:39.132 [FXGL Background Thread 3 ] DEBUG Engine               - urlGithub: https://github.com/AlmasB/FXGL
18:59:39.132 [FXGL Background Thread 3 ] DEBUG Engine               - urlLeaderboard: http://fxgl-top.herokuapp.com/
18:59:39.132 [FXGL Background Thread 3 ] DEBUG Engine               - urlPOM: https://raw.githubusercontent.com/AlmasB/FXGL/release/README.md
18:59:39.132 [FXGL Background Thread 3 ] DEBUG Engine               - userAppClass: class com.example.rpgplatform.RPGPlatform
18:59:39.132 [FXGL Background Thread 3 ] DEBUG Engine               - version: 0.0
18:59:39.132 [FXGL Background Thread 3 ] DEBUG Engine               - versionCheckDays: 7
18:59:39.132 [FXGL Background Thread 3 ] DEBUG Engine               - width: 1280
18:59:39.132 [FXGL Background Thread 3 ] DEBUG Engine               - Logging services
18:59:39.132 [FXGL Background Thread 3 ] DEBUG Engine               - class com.almasb.fxgl.app.services.FXGLAssetLoaderService
18:59:39.132 [FXGL Background Thread 3 ] DEBUG Engine               - class com.almasb.fxgl.app.FXGLApplication$GameApplicationService
18:59:39.132 [FXGL Background Thread 3 ] DEBUG Engine               - class com.almasb.fxgl.app.services.FXGLDialogService
18:59:39.132 [FXGL Background Thread 3 ] DEBUG Engine               - class com.almasb.fxgl.app.services.IOTaskExecutorService
18:59:39.132 [FXGL Background Thread 3 ] DEBUG Engine               - class com.almasb.fxgl.io.FileSystemService
18:59:39.132 [FXGL Background Thread 3 ] DEBUG Engine               - class com.almasb.fxgl.localization.LocalizationService
18:59:39.132 [FXGL Background Thread 3 ] DEBUG Engine               - class com.almasb.fxgl.app.services.SystemBundleService
18:59:39.133 [FXGL Background Thread 3 ] DEBUG Engine               - class com.almasb.fxgl.profile.SaveLoadService
18:59:39.133 [FXGL Background Thread 3 ] DEBUG Engine               - class com.almasb.fxgl.ui.FXGLUIFactoryServiceProvider
18:59:39.133 [FXGL Background Thread 3 ] DEBUG Engine               - class com.almasb.fxgl.ui.FXGLDialogFactoryServiceProvider
18:59:39.133 [FXGL Background Thread 3 ] DEBUG Engine               - class com.almasb.fxgl.audio.AudioPlayer
18:59:39.133 [FXGL Background Thread 3 ] DEBUG Engine               - class com.almasb.fxgl.notification.impl.NotificationServiceProvider
18:59:39.133 [FXGL Background Thread 3 ] DEBUG Engine               - class com.almasb.fxgl.achievement.AchievementService
18:59:39.133 [FXGL Background Thread 3 ] DEBUG Engine               - class com.almasb.fxgl.cutscene.CutsceneService
18:59:39.133 [FXGL Background Thread 3 ] DEBUG Engine               - class com.almasb.fxgl.minigames.MiniGameService
18:59:39.133 [FXGL Background Thread 3 ] DEBUG Engine               - class com.almasb.fxgl.net.NetService
18:59:39.133 [FXGL Background Thread 3 ] DEBUG Engine               - class com.almasb.fxgl.app.services.UpdaterService
18:59:39.133 [FXGL Background Thread 3 ] DEBUG Engine               - class com.almasb.fxgl.dev.DevService
18:59:57.955 [JavaFX Application Thread] DEBUG FXGLApplication      - Exiting FXGL
18:59:57.956 [JavaFX Application Thread] DEBUG LoopRunner           - Stopping loop
18:59:57.956 [JavaFX Application Thread] DEBUG SystemBundleService  - Saving FXGL system data
18:59:57.958 [JavaFX Application Thread] DEBUG FileSystemAccess     - Writing to: C:\Users\User\IdeaProjects\RPGPlatform\system\fxgl.bundle
18:59:57.961 [JavaFX Application Thread] DEBUG Async                - Shutting down background threads
18:59:57.961 [JavaFX Application Thread] DEBUG PrimaryStageWindow   - Closing main window
18:59:57.976 [JavaFX Application Thread] DEBUG Logger               - Closing Logger
