17:16:28.539 [main                     ] DEBUG Logger               - Configured Logger
17:16:28.565 [main                     ] DEBUG GameApplication      - Logging settings
Title: Flat Former Game
Version: 0.0
Width: 1280
Height: 720
Fullscreen: false
Intro: false
Profiling: false
Single step:false
App Mode: DEVELOPER
Menu Key: ESCAPE
Stage Style: DECORATED
Scene Factory: class com.example.rpgplatform.RPGPlatform$1

17:16:28.964 [JavaFX Application Thread] DEBUG FXGLApplication      - Initializing FXGL
17:16:28.969 [JavaFX Application Thread] INFO  Engine               - FXGL-17.3 (30.03.2023 11.49) on WINDOWS (J:21.0.2 FX:21)
17:16:28.969 [JavaFX Application Thread] DEBUG Engine               - JRE Vendor Name: Oracle Corporation
17:16:28.969 [JavaFX Application Thread] DEBUG Engine               - Running on OS: Windows 10 version 10.0
17:16:28.970 [JavaFX Application Thread] DEBUG Engine               - Architecture: amd64
17:16:28.970 [JavaFX Application Thread] INFO  Engine               - Source code and latest versions at: https://github.com/AlmasB/FXGL
17:16:28.970 [JavaFX Application Thread] INFO  Engine               -       Ask questions and discuss at: https://github.com/AlmasB/FXGL/discussions
17:16:28.970 [JavaFX Application Thread] INFO  Engine               -              Join the FXGL chat at: https://gitter.im/AlmasB/FXGL
17:16:29.065 [JavaFX Application Thread] DEBUG PrimaryStageWindow   - Creating a JavaFX scene
17:16:29.120 [JavaFX Application Thread] DEBUG PrimaryStageWindow   - Target settings size: 1280.0 x 720.0
17:16:29.121 [JavaFX Application Thread] DEBUG PrimaryStageWindow   - Scaled scene size:    1280.0 x 720.0
17:16:29.121 [JavaFX Application Thread] DEBUG PrimaryStageWindow   - Scaled ratio: (1.0, 1.0)
17:16:29.122 [JavaFX Application Thread] DEBUG PrimaryStageWindow   - Set initial scene to FXGLStartupScene
17:16:29.127 [JavaFX Application Thread] DEBUG PrimaryStageWindow   - Opening main window
17:16:29.226 [JavaFX Application Thread] DEBUG PrimaryStageWindow   - Window border size: (16.0, 39.0)
17:16:29.226 [JavaFX Application Thread] DEBUG PrimaryStageWindow   - Scaled size: 1280.0 x 720.0
17:16:29.226 [JavaFX Application Thread] DEBUG PrimaryStageWindow   - Scaled ratio: (1.0, 1.0)
17:16:29.226 [JavaFX Application Thread] DEBUG PrimaryStageWindow   - Scene size: 1280.0 x 720.0
17:16:29.227 [JavaFX Application Thread] DEBUG PrimaryStageWindow   - Stage size: 1296.0 x 759.0
17:16:29.238 [FXGL Background Thread 1 ] DEBUG Engine               - Initializing environment variables
17:16:29.295 [FXGL Background Thread 1 ] DEBUG FXGLAssetLoaderServi - User app class for loading assets: class com.example.rpgplatform.RPGPlatform
17:16:29.296 [FXGL Background Thread 1 ] DEBUG GameApplicationServi - Applying CSS: fxgl_dark.css
17:16:29.297 [FXGL Background Thread 1 ] DEBUG FXGLAssetLoaderServi - Loading from file system: jar:file:///C:/Users/User/.m2/repository/com/github/almasb/fxgl/17.3/fxgl-17.3.jar!/fxglassets/ui/css/fxgl_dark.css
17:16:29.355 [FXGL Background Thread 1 ] DEBUG GameApplicationServi - Initializing application scenes
17:16:29.411 [FXGL Background Thread 1 ] DEBUG FXGLAssetLoaderServi - Loading from file system: file:/C:/Users/User/IdeaProjects/RPGPlatform/target/classes/assets/textures/WarriorIdle.png
17:16:29.460 [FXGL Background Thread 1 ] DEBUG GameWorld            - Game world initialized
17:16:29.521 [FXGL Background Thread 1 ] DEBUG PhysicsWorld         - Physics world initialized: appHeight=720, physics.ppm=50.0
17:16:29.521 [FXGL Background Thread 1 ] DEBUG PhysicsWorld         - Using strategy: BRUTE_FORCE
17:16:29.525 [FXGL Background Thread 1 ] DEBUG GameScene            - Game scene initialized: 1280x720
17:16:29.536 [FXGL Background Thread 1 ] DEBUG FXGL.DefaultMenu     - createMenuBodyGameMenu()
17:16:29.560 [FXGL Background Thread 1 ] DEBUG FXGL.DefaultMenu     - createOptionsMenu()
17:16:29.567 [FXGL Background Thread 1 ] DEBUG FXGLAssetLoaderServi - Loading from file system: jar:file:///C:/Users/User/.m2/repository/com/github/almasb/fxgl/17.3/fxgl-17.3.jar!/fxglassets/textures/particles/smoke.png
17:16:29.668 [FXGL Background Thread 1 ] DEBUG FXGLAssetLoaderServi - Loading from file system: jar:file:///C:/Users/User/.m2/repository/com/github/almasb/fxgl/17.3/fxgl-17.3.jar!/fxglassets/textures/particles/trace_horizontal.png
17:16:29.720 [FXGL Background Thread 1 ] DEBUG GameApplicationServi - Application scenes initialized
17:16:29.737 [FXGL Background Thread 1 ] DEBUG SystemBundleService  - Loading FXGL system data
17:16:29.743 [FXGL Background Thread 1 ] DEBUG FileSystemAccess     - Reading from: C:\Users\User\IdeaProjects\RPGPlatform\system\fxgl.bundle
17:16:29.757 [FXGL Background Thread 1 ] DEBUG SystemBundleService  - Bundle FXGL: {}
17:16:29.757 [FXGL Background Thread 1 ] DEBUG UpdaterService       - Checking for updates
17:16:29.802 [FXGL Background Thread 1 ] DEBUG FXGLApplication      - Loading default localization
17:16:29.803 [FXGL Background Thread 1 ] DEBUG FXGLAssetLoaderServi - Loading from file system: jar:file:///C:/Users/User/.m2/repository/com/github/almasb/fxgl/17.3/fxgl-17.3.jar!/fxglassets/languages/english.lang
17:16:29.821 [FXGL Background Thread 1 ] INFO  FXGLApplication      - FXGL initialization took: 0.583 sec
17:16:29.823 [JavaFX Application Thread] DEBUG FXGLAssetLoaderServi - Loading from file system: file:/C:/Users/User/IdeaProjects/RPGPlatform/target/classes/assets/music/BGM_dash_runner.wav
17:16:29.829 [FXGL Background Thread 4 ] DEBUG FXGLApplication      - Loading fonts
17:16:29.830 [FXGL Background Thread 4 ] DEBUG FXGLAssetLoaderServi - Loading from file system: jar:file:///C:/Users/User/.m2/repository/com/github/almasb/fxgl/17.3/fxgl-17.3.jar!/fxglassets/ui/fonts/VarelaRound-Regular.ttf
17:16:29.990 [FXGL Background Thread 4 ] DEBUG FXGLAssetLoaderServi - Loading from file system: jar:file:///C:/Users/User/.m2/repository/com/github/almasb/fxgl/17.3/fxgl-17.3.jar!/fxglassets/ui/fonts/Abel-Regular.ttf
17:16:29.995 [FXGL Background Thread 4 ] DEBUG FXGLAssetLoaderServi - Loading from file system: jar:file:///C:/Users/User/.m2/repository/com/github/almasb/fxgl/17.3/fxgl-17.3.jar!/fxglassets/ui/fonts/TerminalLandMono-Regular.otf
17:16:30.002 [FXGL Background Thread 4 ] DEBUG FXGLAssetLoaderServi - Loading from file system: jar:file:///C:/Users/User/.m2/repository/com/github/almasb/fxgl/17.3/fxgl-17.3.jar!/fxglassets/ui/fonts/Courier-Prime.ttf
17:16:30.089 [JavaFX Application Thread] DEBUG AudioPlayer          - Playing music com.almasb.fxgl.audio.Music@23fd792e
17:16:30.090 [JavaFX Application Thread] DEBUG FXGLAssetLoaderServi - Loading from file system: jar:file:///C:/Users/User/.m2/repository/com/github/almasb/fxgl/17.3/fxgl-17.3.jar!/fxglassets/textures/fxgl_icon.png
17:16:30.097 [JavaFX Application Thread] DEBUG FXGLAssetLoaderServi - Loading from file system: jar:file:///C:/Users/User/.m2/repository/com/github/almasb/fxgl/17.3/fxgl-17.3.jar!/fxglassets/textures/fxgl_default_cursor.png
17:16:30.109 [JavaFX Application Thread] DEBUG Input                - Registered new binding: Screenshot - CTRL+8
17:16:30.110 [JavaFX Application Thread] DEBUG Input                - Registered new binding: Dev Options - 1
17:16:30.110 [JavaFX Application Thread] DEBUG Input                - Registered new binding: Dev Console - 2
17:16:30.111 [JavaFX Application Thread] DEBUG Input                - Registered new binding: System info dump - CTRL+9
17:16:30.111 [JavaFX Application Thread] DEBUG Input                - Registered new binding: Restart - CTRL+R
17:16:30.112 [JavaFX Application Thread] DEBUG Input                - Registered new binding: Toggle Debug Camera - CTRL+7
17:16:30.118 [JavaFX Application Thread] DEBUG LoopRunner           - Starting loop
17:16:30.130 [JavaFX Application Thread] DEBUG LoopRunner           - Initializing JavaFX AnimationTimerLoop
17:16:30.131 [JavaFX Application Thread] DEBUG GameApplicationServi - Starting new game
17:16:30.132 [JavaFX Application Thread] DEBUG Input                - Clearing active input actions
17:16:30.164 [JavaFX Application Thread] DEBUG GameApplicationServi - Removing overlay from FXGLStartupScene and adding to MainLoadingScene
17:16:30.168 [JavaFX Application Thread] DEBUG PrimaryStageWindow   - FXGLStartupScene -> MainLoadingScene
17:16:30.169 [JavaFX Application Thread] DEBUG GameApplicationServi - Clearing previous game
17:16:30.169 [JavaFX Application Thread] DEBUG GameScene            - Clearing game scene
17:16:30.169 [JavaFX Application Thread] DEBUG GameWorld            - Clearing game world
17:16:30.169 [JavaFX Application Thread] DEBUG PhysicsWorld         - Clearing physics world
17:16:30.170 [FXGL Background Thread 4 ] DEBUG FXGLApplication      - Initializing game
17:16:30.171 [JavaFX Application Thread] DEBUG FXGLApplication      - Registering font factories with UI factory
17:16:30.194 [FXGL Background Thread 4 ] INFO  FXGLApplication      - Game initialization took: 0.023 sec
17:16:30.401 [JavaFX Application Thread] DEBUG Input                - Clearing active input actions
17:16:30.409 [JavaFX Application Thread] DEBUG GameApplicationServi - Removing overlay from MainLoadingScene and adding to GameScene
17:16:30.415 [JavaFX Application Thread] DEBUG PrimaryStageWindow   - MainLoadingScene -> GameScene
17:16:30.470 [FXGL Background Thread 2 ] INFO  UpdaterService       - Your current version:  17.3
17:16:30.470 [FXGL Background Thread 2 ] INFO  UpdaterService       - Latest stable version: 21.1
17:16:30.940 [JavaFX Application Thread] DEBUG PrimaryStageWindow   - Push state: DialogSubScene
17:16:30.941 [JavaFX Application Thread] DEBUG Input                - Clearing active input actions
17:16:30.942 [JavaFX Application Thread] DEBUG GameApplicationServi - Removing overlay from GameScene and adding to DialogSubScene
17:16:30.945 [JavaFX Application Thread] DEBUG PrimaryStageWindow   - GameScene -> DialogSubScene
17:16:32.796 [FXGL Background Thread 3 ] DEBUG Engine               - Logging environment variables
17:16:32.796 [FXGL Background Thread 3 ] DEBUG Engine               - achievements: []
17:16:32.796 [FXGL Background Thread 3 ] DEBUG Engine               - actualHeight: 720.0
17:16:32.796 [FXGL Background Thread 3 ] DEBUG Engine               - actualHeightProperty: ReadOnlyDoubleProperty [value: 720.0]
17:16:32.797 [FXGL Background Thread 3 ] DEBUG Engine               - actualWidth: 1280.0
17:16:32.797 [FXGL Background Thread 3 ] DEBUG Engine               - actualWidthProperty: ReadOnlyDoubleProperty [value: 1280.0]
17:16:32.797 [FXGL Background Thread 3 ] DEBUG Engine               - appIcon: fxgl_icon.png
17:16:32.797 [FXGL Background Thread 3 ] DEBUG Engine               - applicationMode: DEVELOPER
17:16:32.797 [FXGL Background Thread 3 ] DEBUG Engine               - cSSList: [fxgl_dark.css]
17:16:32.797 [FXGL Background Thread 3 ] DEBUG Engine               - collisionDetectionStrategy: BRUTE_FORCE
17:16:32.798 [FXGL Background Thread 3 ] DEBUG Engine               - configClass: Optional.empty
17:16:32.798 [FXGL Background Thread 3 ] DEBUG Engine               - credits: []
17:16:32.798 [FXGL Background Thread 3 ] DEBUG Engine               - defaultCursor: CursorInfo(imageName=fxgl_default_cursor.png, hotspotX=7.0, hotspotY=6.0)
17:16:32.798 [FXGL Background Thread 3 ] DEBUG Engine               - devBBoxColorProperty: ObjectProperty [value: 0xff0000ff]
17:16:32.799 [FXGL Background Thread 3 ] DEBUG Engine               - devEnableDebugCameraProperty: BooleanProperty [value: false]
17:16:32.799 [FXGL Background Thread 3 ] DEBUG Engine               - devSensorColorProperty: ObjectProperty [value: 0xffff00ff]
17:16:32.799 [FXGL Background Thread 3 ] DEBUG Engine               - devShowBBoxProperty: BooleanProperty [value: false]
17:16:32.799 [FXGL Background Thread 3 ] DEBUG Engine               - devShowPositionProperty: BooleanProperty [value: false]
17:16:32.799 [FXGL Background Thread 3 ] DEBUG Engine               - enabledMenuItems: []
17:16:32.799 [FXGL Background Thread 3 ] DEBUG Engine               - engineServices: [class com.almasb.fxgl.app.services.FXGLAssetLoaderService, class com.almasb.fxgl.app.FXGLApplication$GameApplicationService, class com.almasb.fxgl.app.services.FXGLDialogService, class com.almasb.fxgl.app.services.IOTaskExecutorService, class com.almasb.fxgl.io.FileSystemService, class com.almasb.fxgl.localization.LocalizationService, class com.almasb.fxgl.app.services.SystemBundleService, class com.almasb.fxgl.profile.SaveLoadService, class com.almasb.fxgl.ui.FXGLUIFactoryServiceProvider, class com.almasb.fxgl.ui.FXGLDialogFactoryServiceProvider, class com.almasb.fxgl.audio.AudioPlayer, class com.almasb.fxgl.notification.impl.NotificationServiceProvider, class com.almasb.fxgl.achievement.AchievementService, class com.almasb.fxgl.cutscene.CutsceneService, class com.almasb.fxgl.minigames.MiniGameService, class com.almasb.fxgl.net.NetService, class com.almasb.fxgl.app.services.UpdaterService, class com.almasb.fxgl.dev.DevService, class com.almasb.fxgl.multiplayer.MultiplayerService]
17:16:32.800 [FXGL Background Thread 3 ] DEBUG Engine               - fontGame: Abel-Regular.ttf
17:16:32.800 [FXGL Background Thread 3 ] DEBUG Engine               - fontMono: TerminalLandMono-Regular.otf
17:16:32.800 [FXGL Background Thread 3 ] DEBUG Engine               - fontSizeScaleUI: 1.0
17:16:32.800 [FXGL Background Thread 3 ] DEBUG Engine               - fontText: Courier-Prime.ttf
17:16:32.800 [FXGL Background Thread 3 ] DEBUG Engine               - fontUI: VarelaRound-Regular.ttf
17:16:32.800 [FXGL Background Thread 3 ] DEBUG Engine               - fullScreen: BooleanProperty [value: false]
17:16:32.800 [FXGL Background Thread 3 ] DEBUG Engine               - gameDifficulty: MEDIUM
17:16:32.800 [FXGL Background Thread 3 ] DEBUG Engine               - gameDifficultyProperty: ObjectProperty [value: MEDIUM]
17:16:32.801 [FXGL Background Thread 3 ] DEBUG Engine               - globalMusicVolume: 0.5
17:16:32.801 [FXGL Background Thread 3 ] DEBUG Engine               - globalMusicVolumeProperty: DoubleProperty [value: 0.0]
17:16:32.801 [FXGL Background Thread 3 ] DEBUG Engine               - globalSoundVolume: 0.5
17:16:32.801 [FXGL Background Thread 3 ] DEBUG Engine               - globalSoundVolumeProperty: DoubleProperty [value: 0.5]
17:16:32.801 [FXGL Background Thread 3 ] DEBUG Engine               - height: 720
17:16:32.801 [FXGL Background Thread 3 ] DEBUG Engine               - is3D: false
17:16:32.801 [FXGL Background Thread 3 ] DEBUG Engine               - isAndroid: false
17:16:32.802 [FXGL Background Thread 3 ] DEBUG Engine               - isBrowser: false
17:16:32.802 [FXGL Background Thread 3 ] DEBUG Engine               - isClickFeedbackEnabled: false
17:16:32.802 [FXGL Background Thread 3 ] DEBUG Engine               - isCloseConfirmation: false
17:16:32.802 [FXGL Background Thread 3 ] DEBUG Engine               - isDesktop: true
17:16:32.802 [FXGL Background Thread 3 ] DEBUG Engine               - isDeveloperMenuEnabled: true
17:16:32.802 [FXGL Background Thread 3 ] DEBUG Engine               - isEmbedded: false
17:16:32.802 [FXGL Background Thread 3 ] DEBUG Engine               - isEntityPreloadEnabled: true
17:16:32.802 [FXGL Background Thread 3 ] DEBUG Engine               - isExperimentalTiledLargeMap: false
17:16:32.802 [FXGL Background Thread 3 ] DEBUG Engine               - isFileSystemWriteAllowed: true
17:16:32.802 [FXGL Background Thread 3 ] DEBUG Engine               - isFullScreenAllowed: false
17:16:32.802 [FXGL Background Thread 3 ] DEBUG Engine               - isFullScreenFromStart: false
17:16:32.802 [FXGL Background Thread 3 ] DEBUG Engine               - isGameMenuEnabled: true
17:16:32.802 [FXGL Background Thread 3 ] DEBUG Engine               - isIOS: false
17:16:32.803 [FXGL Background Thread 3 ] DEBUG Engine               - isIntroEnabled: false
17:16:32.803 [FXGL Background Thread 3 ] DEBUG Engine               - isLinux: false
17:16:32.803 [FXGL Background Thread 3 ] DEBUG Engine               - isMac: false
17:16:32.803 [FXGL Background Thread 3 ] DEBUG Engine               - isMainMenuEnabled: false
17:16:32.803 [FXGL Background Thread 3 ] DEBUG Engine               - isManualResizeEnabled: false
17:16:32.803 [FXGL Background Thread 3 ] DEBUG Engine               - isMobile: false
17:16:32.803 [FXGL Background Thread 3 ] DEBUG Engine               - isNative: false
17:16:32.803 [FXGL Background Thread 3 ] DEBUG Engine               - isPauseMusicWhenMinimized: true
17:16:32.803 [FXGL Background Thread 3 ] DEBUG Engine               - isPreserveResizeRatio: false
17:16:32.803 [FXGL Background Thread 3 ] DEBUG Engine               - isProfilingEnabled: false
17:16:32.803 [FXGL Background Thread 3 ] DEBUG Engine               - isScaleAffectedOnResize: true
17:16:32.803 [FXGL Background Thread 3 ] DEBUG Engine               - isSingleStep: false
17:16:32.803 [FXGL Background Thread 3 ] DEBUG Engine               - isUserProfileEnabled: false
17:16:32.803 [FXGL Background Thread 3 ] DEBUG Engine               - isWindows: true
17:16:32.804 [FXGL Background Thread 3 ] DEBUG Engine               - language: ObjectProperty [value: ENGLISH]
17:16:32.804 [FXGL Background Thread 3 ] DEBUG Engine               - menuKey: ESCAPE
17:16:32.804 [FXGL Background Thread 3 ] DEBUG Engine               - mouseSensitivity: 0.2
17:16:32.804 [FXGL Background Thread 3 ] DEBUG Engine               - notificationViewClass: class com.almasb.fxgl.notification.view.XboxNotificationView
17:16:32.804 [FXGL Background Thread 3 ] DEBUG Engine               - pixelsPerMeter: 50.0
17:16:32.804 [FXGL Background Thread 3 ] DEBUG Engine               - platform: WINDOWS
17:16:32.804 [FXGL Background Thread 3 ] DEBUG Engine               - prefHeightProperty: ReadOnlyDoubleProperty [value: 720.0]
17:16:32.804 [FXGL Background Thread 3 ] DEBUG Engine               - prefWidthProperty: ReadOnlyDoubleProperty [value: 1280.0]
17:16:32.804 [FXGL Background Thread 3 ] DEBUG Engine               - profileDir: profiles/
17:16:32.804 [FXGL Background Thread 3 ] DEBUG Engine               - profileName: StringProperty [value: DEFAULT]
17:16:32.804 [FXGL Background Thread 3 ] DEBUG Engine               - randomSeed: -1
17:16:32.805 [FXGL Background Thread 3 ] DEBUG Engine               - runtimeInfo: RuntimeInfo(platform=WINDOWS, version=17.3, build=30.03.2023 11.49)
17:16:32.805 [FXGL Background Thread 3 ] DEBUG Engine               - saveFileExt: sav
17:16:32.805 [FXGL Background Thread 3 ] DEBUG Engine               - scaledHeightProp$fxgl: DoubleProperty [bound, value: 720.0]
17:16:32.805 [FXGL Background Thread 3 ] DEBUG Engine               - scaledWidthProp$fxgl: DoubleProperty [bound, value: 1280.0]
17:16:32.805 [FXGL Background Thread 3 ] DEBUG Engine               - sceneFactory: com.example.rpgplatform.RPGPlatform$1@7212fac5
17:16:32.806 [FXGL Background Thread 3 ] DEBUG Engine               - secondsIn24h: 60
17:16:32.806 [FXGL Background Thread 3 ] DEBUG Engine               - soundMenuBack: menu/back.wav
17:16:32.806 [FXGL Background Thread 3 ] DEBUG Engine               - soundMenuPress: menu/press.wav
17:16:32.806 [FXGL Background Thread 3 ] DEBUG Engine               - soundMenuSelect: menu/select.wav
17:16:32.806 [FXGL Background Thread 3 ] DEBUG Engine               - soundNotification: core/notification.wav
17:16:32.806 [FXGL Background Thread 3 ] DEBUG Engine               - stageStyle: DECORATED
17:16:32.806 [FXGL Background Thread 3 ] DEBUG Engine               - supportedLanguages: [ENGLISH, FRENCH, GERMAN, HUNGARIAN, RUSSIAN]
17:16:32.806 [FXGL Background Thread 3 ] DEBUG Engine               - ticksPerSecond: -1
17:16:32.806 [FXGL Background Thread 3 ] DEBUG Engine               - title: Flat Former Game
17:16:32.807 [FXGL Background Thread 3 ] DEBUG Engine               - urlGithub: https://github.com/AlmasB/FXGL
17:16:32.807 [FXGL Background Thread 3 ] DEBUG Engine               - urlLeaderboard: http://fxgl-top.herokuapp.com/
17:16:32.807 [FXGL Background Thread 3 ] DEBUG Engine               - urlPOM: https://raw.githubusercontent.com/AlmasB/FXGL/release/README.md
17:16:32.807 [FXGL Background Thread 3 ] DEBUG Engine               - userAppClass: class com.example.rpgplatform.RPGPlatform
17:16:32.807 [FXGL Background Thread 3 ] DEBUG Engine               - version: 0.0
17:16:32.807 [FXGL Background Thread 3 ] DEBUG Engine               - versionCheckDays: 7
17:16:32.807 [FXGL Background Thread 3 ] DEBUG Engine               - width: 1280
17:16:32.807 [FXGL Background Thread 3 ] DEBUG Engine               - Logging services
17:16:32.807 [FXGL Background Thread 3 ] DEBUG Engine               - class com.almasb.fxgl.app.services.FXGLAssetLoaderService
17:16:32.807 [FXGL Background Thread 3 ] DEBUG Engine               - class com.almasb.fxgl.app.FXGLApplication$GameApplicationService
17:16:32.807 [FXGL Background Thread 3 ] DEBUG Engine               - class com.almasb.fxgl.app.services.FXGLDialogService
17:16:32.807 [FXGL Background Thread 3 ] DEBUG Engine               - class com.almasb.fxgl.app.services.IOTaskExecutorService
17:16:32.807 [FXGL Background Thread 3 ] DEBUG Engine               - class com.almasb.fxgl.io.FileSystemService
17:16:32.807 [FXGL Background Thread 3 ] DEBUG Engine               - class com.almasb.fxgl.localization.LocalizationService
17:16:32.808 [FXGL Background Thread 3 ] DEBUG Engine               - class com.almasb.fxgl.app.services.SystemBundleService
17:16:32.808 [FXGL Background Thread 3 ] DEBUG Engine               - class com.almasb.fxgl.profile.SaveLoadService
17:16:32.808 [FXGL Background Thread 3 ] DEBUG Engine               - class com.almasb.fxgl.ui.FXGLUIFactoryServiceProvider
17:16:32.808 [FXGL Background Thread 3 ] DEBUG Engine               - class com.almasb.fxgl.ui.FXGLDialogFactoryServiceProvider
17:16:32.808 [FXGL Background Thread 3 ] DEBUG Engine               - class com.almasb.fxgl.audio.AudioPlayer
17:16:32.808 [FXGL Background Thread 3 ] DEBUG Engine               - class com.almasb.fxgl.notification.impl.NotificationServiceProvider
17:16:32.808 [FXGL Background Thread 3 ] DEBUG Engine               - class com.almasb.fxgl.achievement.AchievementService
17:16:32.808 [FXGL Background Thread 3 ] DEBUG Engine               - class com.almasb.fxgl.cutscene.CutsceneService
17:16:32.808 [FXGL Background Thread 3 ] DEBUG Engine               - class com.almasb.fxgl.minigames.MiniGameService
17:16:32.808 [FXGL Background Thread 3 ] DEBUG Engine               - class com.almasb.fxgl.net.NetService
17:16:32.808 [FXGL Background Thread 3 ] DEBUG Engine               - class com.almasb.fxgl.app.services.UpdaterService
17:16:32.808 [FXGL Background Thread 3 ] DEBUG Engine               - class com.almasb.fxgl.dev.DevService
17:16:32.808 [FXGL Background Thread 3 ] DEBUG Engine               - class com.almasb.fxgl.multiplayer.MultiplayerService
17:16:33.285 [JavaFX Application Thread] DEBUG PrimaryStageWindow   - Pop state: DialogSubScene
17:16:33.286 [JavaFX Application Thread] DEBUG Input                - Clearing active input actions
17:16:33.287 [JavaFX Application Thread] DEBUG GameApplicationServi - Removing overlay from DialogSubScene and adding to GameScene
17:16:33.289 [JavaFX Application Thread] DEBUG PrimaryStageWindow   - GameScene <- DialogSubScene
17:16:33.328 [JavaFX Application Thread] DEBUG TMXLevelLoader       - Parsed TiledMap: file:/C:/Users/User/IdeaProjects/RPGPlatform/target/classes/assets/levels/tmx/level1.tmx
17:16:33.329 [JavaFX Application Thread] DEBUG TMXLevelLoader       - Creating tile layer entities
17:16:33.331 [JavaFX Application Thread] DEBUG TilesetLoader        - Loading view for layer Tile Layer 1
17:16:33.332 [JavaFX Application Thread] DEBUG TilesetLoader        - Created buffer with size 1050.0x700.0
17:16:33.344 [JavaFX Application Thread] DEBUG TMXLevelLoader       - Creating object layer entities
17:16:33.361 [JavaFX Application Thread] DEBUG GameWorld            - Clearing removable entities
17:16:33.361 [JavaFX Application Thread] DEBUG GameWorld            - Setting level: com.almasb.fxgl.entity.level.Level@11b17993
17:16:33.372 [ServerAsyncConnThread    ] DEBUG TCPServer            - Starting to listen at: 55555 type: class com.almasb.fxgl.core.serialization.Bundle
17:16:34.021 [ServerAsyncConnThread    ] DEBUG Endpoint             - TCPServer opening new connection (1) from /127.0.0.1:55980 type: class com.almasb.fxgl.core.serialization.Bundle
17:16:34.022 [ServerAsyncConnThread    ] DEBUG Endpoint             - TCPServer successfully opened connection (1)
17:16:34.043 [TCPServer_SendThread-1   ] DEBUG Writers              - Getting TCPMessageWriter for class com.almasb.fxgl.core.serialization.Bundle
17:16:34.043 [JavaFX Application Thread] DEBUG FXGLAssetLoaderServi - Loading from file system: file:/C:/Users/User/IdeaProjects/RPGPlatform/target/classes/assets/textures/WarriorHigh_Jump.png
17:16:34.046 [TCPServer_SendThread-1   ] DEBUG Writers              - Constructed TCPMessageWriter for class com.almasb.fxgl.core.serialization.Bundle: BundleTCPMessageWriter
17:16:34.050 [TCPServer_RecvThread-1   ] DEBUG Readers              - Getting TCPMessageReader for class com.almasb.fxgl.core.serialization.Bundle
17:16:34.050 [JavaFX Application Thread] DEBUG FXGLAssetLoaderServi - Loading from file system: file:/C:/Users/User/IdeaProjects/RPGPlatform/target/classes/assets/textures/WarriorWalk.png
17:16:34.051 [TCPServer_RecvThread-1   ] DEBUG Readers              - Constructed MessageReader for class com.almasb.fxgl.core.serialization.Bundle: BundleTCPMessageReader
17:16:34.053 [JavaFX Application Thread] DEBUG FXGLAssetLoaderServi - Loading from file system: file:/C:/Users/User/IdeaProjects/RPGPlatform/target/classes/assets/textures/WarriorAttack.png
17:16:34.056 [JavaFX Application Thread] DEBUG FXGLAssetLoaderServi - Loading from file system: file:/C:/Users/User/IdeaProjects/RPGPlatform/target/classes/assets/textures/WarriorSpecialAttack.png
17:16:34.077 [JavaFX Application Thread] DEBUG FXGLAssetLoaderServi - Loading from file system: file:/C:/Users/User/IdeaProjects/RPGPlatform/target/classes/assets/textures/background/windrise-background.png
17:16:34.118 [Thread-243               ] DEBUG Input                - Registered new binding: Left - A
17:16:34.119 [Thread-244               ] DEBUG Input                - Registered new binding: Left - A
17:16:34.120 [Thread-244               ] DEBUG Input                - Registered new binding: Right - D
17:16:34.122 [Thread-244               ] DEBUG Input                - Registered new binding: Jump - W
17:16:34.124 [Thread-244               ] DEBUG Input                - Registered new binding: BasicAttack - I
17:16:34.124 [Thread-244               ] DEBUG Input                - Registered new binding: SkillAttack - P
17:16:34.125 [Thread-243               ] DEBUG Input                - Registered new binding: Right - D
17:16:34.125 [Thread-243               ] DEBUG Input                - Registered new binding: Jump - W
17:16:34.139 [Thread-243               ] DEBUG Input                - Registered new binding: BasicAttack - I
17:16:34.139 [Thread-243               ] DEBUG Input                - Registered new binding: SkillAttack - P
17:16:37.078 [JavaFX Application Thread] DEBUG Input                - Mocking button press: LMB at 0.0, 0.0
17:16:37.156 [JavaFX Application Thread] DEBUG Input                - Mocking button release: LMB at 0.0, 0.0
17:16:37.184 [JavaFX Application Thread] DEBUG Input                - Mocking key press: A
17:16:37.277 [JavaFX Application Thread] DEBUG Input                - Mocking key press: D
17:16:37.286 [JavaFX Application Thread] DEBUG Input                - Mocking key release: A
17:16:37.364 [JavaFX Application Thread] DEBUG Input                - Mocking key release: D
17:16:37.376 [JavaFX Application Thread] DEBUG Input                - Mocking key press: A
17:16:37.458 [JavaFX Application Thread] DEBUG Input                - Mocking key release: A
17:16:37.459 [JavaFX Application Thread] DEBUG Input                - Mocking key press: D
17:16:37.537 [JavaFX Application Thread] DEBUG Input                - Mocking key release: D
17:16:37.537 [JavaFX Application Thread] DEBUG Input                - Mocking key press: A
17:16:37.626 [JavaFX Application Thread] DEBUG Input                - Mocking key release: A
17:16:37.626 [JavaFX Application Thread] DEBUG Input                - Mocking key press: D
17:16:37.708 [JavaFX Application Thread] DEBUG Input                - Mocking key press: A
17:16:37.718 [JavaFX Application Thread] DEBUG Input                - Mocking key release: D
17:16:37.769 [JavaFX Application Thread] DEBUG Input                - Mocking key release: A
17:16:38.523 [JavaFX Application Thread] DEBUG Input                - Mocking button press: LMB at 0.0, 0.0
17:16:38.581 [JavaFX Application Thread] DEBUG Input                - Mocking key press: A
17:16:38.609 [JavaFX Application Thread] DEBUG Input                - Mocking button release: LMB at 0.0, 0.0
17:16:38.659 [JavaFX Application Thread] DEBUG Input                - Mocking key press: D
17:16:38.676 [JavaFX Application Thread] DEBUG Input                - Mocking key release: A
17:16:38.756 [JavaFX Application Thread] DEBUG Input                - Mocking key release: D
17:16:38.757 [JavaFX Application Thread] DEBUG Input                - Mocking key press: A
17:16:38.837 [JavaFX Application Thread] DEBUG Input                - Mocking key press: D
17:16:38.851 [JavaFX Application Thread] DEBUG Input                - Mocking key release: A
17:16:38.929 [JavaFX Application Thread] DEBUG Input                - Mocking key release: D
17:16:38.930 [JavaFX Application Thread] DEBUG Input                - Mocking key press: A
17:16:39.010 [JavaFX Application Thread] DEBUG Input                - Mocking key press: D
17:16:39.028 [JavaFX Application Thread] DEBUG Input                - Mocking key release: A
17:16:40.886 [JavaFX Application Thread] DEBUG Input                - Mocking button press: LMB at 0.0, 0.0
17:16:40.930 [JavaFX Application Thread] DEBUG Input                - Mocking button release: LMB at 0.0, 0.0
17:16:40.960 [JavaFX Application Thread] DEBUG Input                - Mocking key press: A
17:16:41.030 [JavaFX Application Thread] DEBUG Input                - Mocking key release: A
17:16:41.104 [JavaFX Application Thread] DEBUG Input                - Mocking key release: D
17:16:41.108 [JavaFX Application Thread] DEBUG Input                - Mocking key press: A
17:16:41.198 [JavaFX Application Thread] DEBUG Input                - Mocking key press: D
17:16:41.212 [JavaFX Application Thread] DEBUG Input                - Mocking key release: A
17:16:41.285 [JavaFX Application Thread] DEBUG Input                - Mocking key press: A
17:16:41.292 [JavaFX Application Thread] DEBUG Input                - Mocking key release: D
17:16:41.363 [JavaFX Application Thread] DEBUG Input                - Mocking key press: D
17:16:41.397 [JavaFX Application Thread] DEBUG Input                - Mocking key release: A
17:16:41.478 [JavaFX Application Thread] DEBUG Input                - Mocking key release: D
17:16:44.419 [JavaFX Application Thread] DEBUG Input                - Mocking button press: LMB at 0.0, 0.0
17:16:44.483 [JavaFX Application Thread] DEBUG Input                - Mocking button release: LMB at 0.0, 0.0
17:16:44.505 [JavaFX Application Thread] DEBUG Input                - Mocking key press: A
17:16:44.593 [JavaFX Application Thread] DEBUG Input                - Mocking key release: A
17:16:44.608 [JavaFX Application Thread] DEBUG Input                - Mocking key press: D
17:16:44.692 [JavaFX Application Thread] DEBUG Input                - Mocking key press: A
17:16:44.697 [JavaFX Application Thread] DEBUG Input                - Mocking key release: D
17:16:44.785 [JavaFX Application Thread] DEBUG Input                - Mocking key press: D
17:16:44.798 [JavaFX Application Thread] DEBUG Input                - Mocking key release: A
17:16:45.333 [JavaFX Application Thread] DEBUG Input                - Mocking button press: LMB at 0.0, 0.0
17:16:45.334 [JavaFX Application Thread] DEBUG Input                - Mocking key release: D
17:16:45.411 [JavaFX Application Thread] DEBUG Input                - Mocking button release: LMB at 0.0, 0.0
17:16:45.493 [JavaFX Application Thread] DEBUG Input                - Mocking key press: A
17:16:45.518 [JavaFX Application Thread] DEBUG Input                - Mocking key press: D
17:16:45.563 [JavaFX Application Thread] DEBUG Input                - Mocking key release: A
17:16:45.612 [JavaFX Application Thread] DEBUG Input                - Mocking key release: D
17:16:45.628 [JavaFX Application Thread] DEBUG Input                - Mocking key press: A
17:16:45.711 [JavaFX Application Thread] DEBUG Input                - Mocking key press: D
17:16:45.731 [JavaFX Application Thread] DEBUG Input                - Mocking key release: A
17:16:45.799 [JavaFX Application Thread] DEBUG Input                - Mocking key press: A
17:16:45.812 [JavaFX Application Thread] DEBUG Input                - Mocking key release: D
17:16:46.482 [JavaFX Application Thread] DEBUG Input                - Mocking button press: LMB at 0.0, 0.0
17:16:46.550 [JavaFX Application Thread] DEBUG Input                - Mocking button release: LMB at 0.0, 0.0
17:16:46.773 [JavaFX Application Thread] DEBUG Input                - Mocking key press: D
17:16:46.778 [JavaFX Application Thread] DEBUG Input                - Mocking key release: A
17:16:46.857 [JavaFX Application Thread] DEBUG Input                - Mocking key press: A
17:16:46.857 [JavaFX Application Thread] DEBUG Input                - Mocking key release: D
17:16:46.947 [JavaFX Application Thread] DEBUG Input                - Mocking key press: D
17:16:46.949 [JavaFX Application Thread] DEBUG Input                - Mocking key release: A
17:16:48.776 [TCPServer_RecvThread-1   ] DEBUG Endpoint             - Connection 1 was unexpectedly disconnected: Connection reset
17:16:48.777 [TCPServer_RecvThread-1   ] DEBUG Connection           - Closing connection 1
17:16:48.777 [TCPServer_RecvThread-1   ] DEBUG Connection           - Connection 1 was correctly closed from local endpoint.
17:16:48.777 [TCPServer_RecvThread-1   ] DEBUG Endpoint             - TCPServer connection (1) was closed
17:16:48.970 [JavaFX Application Thread] DEBUG FXGLApplication      - Exiting FXGL
17:16:48.970 [JavaFX Application Thread] DEBUG LoopRunner           - Stopping loop
17:16:48.970 [JavaFX Application Thread] DEBUG SystemBundleService  - Saving FXGL system data
17:16:48.971 [JavaFX Application Thread] DEBUG FileSystemAccess     - Writing to: C:\Users\User\IdeaProjects\RPGPlatform\system\fxgl.bundle
17:16:48.972 [JavaFX Application Thread] DEBUG Async                - Shutting down background threads
17:16:48.973 [JavaFX Application Thread] DEBUG PrimaryStageWindow   - Closing main window
17:16:48.983 [JavaFX Application Thread] DEBUG Logger               - Closing Logger
