17:07:56.214 [main                     ] DEBUG Logger               - Configured Logger
17:07:56.240 [main                     ] DEBUG GameApplication      - Logging settings
Title: Flat Former Game
Version: 0.0
Width: 1280
Height: 720
Fullscreen: false
Intro: false
Profiling: false
Single step:false
App Mode: DEVELOPER
Menu Key: ESCAPE
Stage Style: DECORATED
Scene Factory: class com.example.rpgplatform.RPGPlatform$1

17:07:56.632 [JavaFX Application Thread] DEBUG FXGLApplication      - Initializing FXGL
17:07:56.637 [JavaFX Application Thread] INFO  Engine               - FXGL-17.3 (30.03.2023 11.49) on WINDOWS (J:21.0.2 FX:21)
17:07:56.637 [JavaFX Application Thread] DEBUG Engine               - JRE Vendor Name: Oracle Corporation
17:07:56.638 [JavaFX Application Thread] DEBUG Engine               - Running on OS: Windows 10 version 10.0
17:07:56.638 [JavaFX Application Thread] DEBUG Engine               - Architecture: amd64
17:07:56.638 [JavaFX Application Thread] INFO  Engine               - Source code and latest versions at: https://github.com/AlmasB/FXGL
17:07:56.638 [JavaFX Application Thread] INFO  Engine               -       Ask questions and discuss at: https://github.com/AlmasB/FXGL/discussions
17:07:56.638 [JavaFX Application Thread] INFO  Engine               -              Join the FXGL chat at: https://gitter.im/AlmasB/FXGL
17:07:56.733 [JavaFX Application Thread] DEBUG PrimaryStageWindow   - Creating a JavaFX scene
17:07:56.787 [JavaFX Application Thread] DEBUG PrimaryStageWindow   - Target settings size: 1280.0 x 720.0
17:07:56.788 [JavaFX Application Thread] DEBUG PrimaryStageWindow   - Scaled scene size:    1280.0 x 720.0
17:07:56.788 [JavaFX Application Thread] DEBUG PrimaryStageWindow   - Scaled ratio: (1.0, 1.0)
17:07:56.789 [JavaFX Application Thread] DEBUG PrimaryStageWindow   - Set initial scene to FXGLStartupScene
17:07:56.793 [JavaFX Application Thread] DEBUG PrimaryStageWindow   - Opening main window
17:07:56.880 [JavaFX Application Thread] DEBUG PrimaryStageWindow   - Window border size: (16.0, 39.0)
17:07:56.880 [JavaFX Application Thread] DEBUG PrimaryStageWindow   - Scaled size: 1280.0 x 720.0
17:07:56.880 [JavaFX Application Thread] DEBUG PrimaryStageWindow   - Scaled ratio: (1.0, 1.0)
17:07:56.881 [JavaFX Application Thread] DEBUG PrimaryStageWindow   - Scene size: 1280.0 x 720.0
17:07:56.881 [JavaFX Application Thread] DEBUG PrimaryStageWindow   - Stage size: 1296.0 x 759.0
17:07:56.908 [FXGL Background Thread 1 ] DEBUG Engine               - Initializing environment variables
17:07:56.966 [FXGL Background Thread 1 ] DEBUG FXGLAssetLoaderServi - User app class for loading assets: class com.example.rpgplatform.RPGPlatform
17:07:56.966 [FXGL Background Thread 1 ] DEBUG GameApplicationServi - Applying CSS: fxgl_dark.css
17:07:56.967 [FXGL Background Thread 1 ] DEBUG FXGLAssetLoaderServi - Loading from file system: jar:file:///C:/Users/User/.m2/repository/com/github/almasb/fxgl/17.3/fxgl-17.3.jar!/fxglassets/ui/css/fxgl_dark.css
17:07:57.022 [FXGL Background Thread 1 ] DEBUG GameApplicationServi - Initializing application scenes
17:07:57.074 [FXGL Background Thread 1 ] DEBUG FXGLAssetLoaderServi - Loading from file system: file:/C:/Users/User/IdeaProjects/RPGPlatform/target/classes/assets/textures/WarriorIdle.png
17:07:57.123 [FXGL Background Thread 1 ] DEBUG GameWorld            - Game world initialized
17:07:57.182 [FXGL Background Thread 1 ] DEBUG PhysicsWorld         - Physics world initialized: appHeight=720, physics.ppm=50.0
17:07:57.182 [FXGL Background Thread 1 ] DEBUG PhysicsWorld         - Using strategy: BRUTE_FORCE
17:07:57.186 [FXGL Background Thread 1 ] DEBUG GameScene            - Game scene initialized: 1280x720
17:07:57.197 [FXGL Background Thread 1 ] DEBUG FXGL.DefaultMenu     - createMenuBodyGameMenu()
17:07:57.235 [FXGL Background Thread 1 ] DEBUG FXGL.DefaultMenu     - createOptionsMenu()
17:07:57.254 [FXGL Background Thread 1 ] DEBUG FXGLAssetLoaderServi - Loading from file system: jar:file:///C:/Users/User/.m2/repository/com/github/almasb/fxgl/17.3/fxgl-17.3.jar!/fxglassets/textures/particles/smoke.png
17:07:57.323 [FXGL Background Thread 1 ] DEBUG FXGLAssetLoaderServi - Loading from file system: jar:file:///C:/Users/User/.m2/repository/com/github/almasb/fxgl/17.3/fxgl-17.3.jar!/fxglassets/textures/particles/trace_horizontal.png
17:07:57.343 [FXGL Background Thread 1 ] DEBUG GameApplicationServi - Application scenes initialized
17:07:57.357 [FXGL Background Thread 1 ] DEBUG SystemBundleService  - Loading FXGL system data
17:07:57.361 [FXGL Background Thread 1 ] DEBUG FileSystemAccess     - Reading from: C:\Users\User\IdeaProjects\RPGPlatform\system\fxgl.bundle
17:07:57.372 [FXGL Background Thread 1 ] DEBUG SystemBundleService  - Bundle FXGL: {}
17:07:57.372 [FXGL Background Thread 1 ] DEBUG UpdaterService       - Checking for updates
17:07:57.403 [FXGL Background Thread 1 ] DEBUG FXGLApplication      - Loading default localization
17:07:57.404 [FXGL Background Thread 1 ] DEBUG FXGLAssetLoaderServi - Loading from file system: jar:file:///C:/Users/User/.m2/repository/com/github/almasb/fxgl/17.3/fxgl-17.3.jar!/fxglassets/languages/english.lang
17:07:57.426 [FXGL Background Thread 1 ] INFO  FXGLApplication      - FXGL initialization took: 0.516 sec
17:07:57.431 [JavaFX Application Thread] DEBUG FXGLAssetLoaderServi - Loading from file system: file:/C:/Users/User/IdeaProjects/RPGPlatform/target/classes/assets/music/BGM_dash_runner.wav
17:07:57.437 [FXGL Background Thread 4 ] DEBUG FXGLApplication      - Loading fonts
17:07:57.438 [FXGL Background Thread 4 ] DEBUG FXGLAssetLoaderServi - Loading from file system: jar:file:///C:/Users/User/.m2/repository/com/github/almasb/fxgl/17.3/fxgl-17.3.jar!/fxglassets/ui/fonts/VarelaRound-Regular.ttf
17:07:57.451 [Thread-3                 ] DEBUG Input                - Registered new binding: Left - A
17:07:57.452 [Thread-3                 ] DEBUG Input                - Registered new binding: Right - D
17:07:57.453 [Thread-3                 ] DEBUG Input                - Registered new binding: Jump - W
17:07:57.451 [Thread-4                 ] DEBUG Input                - Registered new binding: Left - A
17:07:57.453 [Thread-4                 ] DEBUG Input                - Registered new binding: Right - D
17:07:57.453 [Thread-3                 ] DEBUG Input                - Registered new binding: BasicAttack - I
17:07:57.453 [Thread-4                 ] DEBUG Input                - Registered new binding: Jump - W
17:07:57.453 [Thread-4                 ] DEBUG Input                - Registered new binding: BasicAttack - I
17:07:57.453 [Thread-3                 ] DEBUG Input                - Registered new binding: SkillAttack - P
17:07:57.455 [Thread-4                 ] DEBUG Input                - Registered new binding: SkillAttack - P
17:07:57.490 [FXGL Background Thread 4 ] DEBUG FXGLAssetLoaderServi - Loading from file system: jar:file:///C:/Users/User/.m2/repository/com/github/almasb/fxgl/17.3/fxgl-17.3.jar!/fxglassets/ui/fonts/Abel-Regular.ttf
17:07:57.540 [FXGL Background Thread 4 ] DEBUG FXGLAssetLoaderServi - Loading from file system: jar:file:///C:/Users/User/.m2/repository/com/github/almasb/fxgl/17.3/fxgl-17.3.jar!/fxglassets/ui/fonts/TerminalLandMono-Regular.otf
17:07:57.550 [FXGL Background Thread 4 ] DEBUG FXGLAssetLoaderServi - Loading from file system: jar:file:///C:/Users/User/.m2/repository/com/github/almasb/fxgl/17.3/fxgl-17.3.jar!/fxglassets/ui/fonts/Courier-Prime.ttf
17:07:57.653 [JavaFX Application Thread] DEBUG AudioPlayer          - Playing music com.almasb.fxgl.audio.Music@2b1e2fb8
17:07:57.654 [JavaFX Application Thread] DEBUG FXGLAssetLoaderServi - Loading from file system: jar:file:///C:/Users/User/.m2/repository/com/github/almasb/fxgl/17.3/fxgl-17.3.jar!/fxglassets/textures/fxgl_icon.png
17:07:57.662 [JavaFX Application Thread] DEBUG FXGLAssetLoaderServi - Loading from file system: jar:file:///C:/Users/User/.m2/repository/com/github/almasb/fxgl/17.3/fxgl-17.3.jar!/fxglassets/textures/fxgl_default_cursor.png
17:07:57.665 [JavaFX Application Thread] DEBUG Input                - Registered new binding: Screenshot - CTRL+8
17:07:57.666 [JavaFX Application Thread] DEBUG Input                - Registered new binding: Dev Options - 1
17:07:57.666 [JavaFX Application Thread] DEBUG Input                - Registered new binding: Dev Console - 2
17:07:57.667 [JavaFX Application Thread] DEBUG Input                - Registered new binding: System info dump - CTRL+9
17:07:57.667 [JavaFX Application Thread] DEBUG Input                - Registered new binding: Restart - CTRL+R
17:07:57.668 [JavaFX Application Thread] DEBUG Input                - Registered new binding: Toggle Debug Camera - CTRL+7
17:07:57.671 [JavaFX Application Thread] DEBUG LoopRunner           - Starting loop
17:07:57.684 [JavaFX Application Thread] DEBUG LoopRunner           - Initializing JavaFX AnimationTimerLoop
17:07:57.685 [JavaFX Application Thread] DEBUG GameApplicationServi - Starting new game
17:07:57.685 [JavaFX Application Thread] DEBUG Input                - Clearing active input actions
17:07:57.722 [JavaFX Application Thread] DEBUG GameApplicationServi - Removing overlay from FXGLStartupScene and adding to MainLoadingScene
17:07:57.732 [JavaFX Application Thread] DEBUG PrimaryStageWindow   - FXGLStartupScene -> MainLoadingScene
17:07:57.733 [JavaFX Application Thread] DEBUG GameApplicationServi - Clearing previous game
17:07:57.733 [JavaFX Application Thread] DEBUG GameScene            - Clearing game scene
17:07:57.733 [JavaFX Application Thread] DEBUG GameWorld            - Clearing game world
17:07:57.735 [JavaFX Application Thread] DEBUG PhysicsWorld         - Clearing physics world
17:07:57.736 [FXGL Background Thread 4 ] DEBUG FXGLApplication      - Initializing game
17:07:57.737 [JavaFX Application Thread] DEBUG FXGLApplication      - Registering font factories with UI factory
17:07:57.740 [FXGL Background Thread 4 ] INFO  FXGLApplication      - Game initialization took: 0.004 sec
17:07:57.981 [JavaFX Application Thread] DEBUG Input                - Clearing active input actions
17:07:57.987 [JavaFX Application Thread] DEBUG GameApplicationServi - Removing overlay from MainLoadingScene and adding to GameScene
17:07:57.992 [JavaFX Application Thread] DEBUG PrimaryStageWindow   - MainLoadingScene -> GameScene
17:07:58.098 [FXGL Background Thread 2 ] INFO  UpdaterService       - Your current version:  17.3
17:07:58.099 [FXGL Background Thread 2 ] INFO  UpdaterService       - Latest stable version: 21.1
17:07:58.687 [JavaFX Application Thread] DEBUG PrimaryStageWindow   - Push state: DialogSubScene
17:07:58.687 [JavaFX Application Thread] DEBUG Input                - Clearing active input actions
17:07:58.688 [JavaFX Application Thread] DEBUG GameApplicationServi - Removing overlay from GameScene and adding to DialogSubScene
17:07:58.691 [JavaFX Application Thread] DEBUG PrimaryStageWindow   - GameScene -> DialogSubScene
17:08:00.402 [FXGL Background Thread 3 ] DEBUG Engine               - Logging environment variables
17:08:00.402 [FXGL Background Thread 3 ] DEBUG Engine               - achievements: []
17:08:00.402 [FXGL Background Thread 3 ] DEBUG Engine               - actualHeight: 720.0
17:08:00.403 [FXGL Background Thread 3 ] DEBUG Engine               - actualHeightProperty: ReadOnlyDoubleProperty [value: 720.0]
17:08:00.403 [FXGL Background Thread 3 ] DEBUG Engine               - actualWidth: 1280.0
17:08:00.403 [FXGL Background Thread 3 ] DEBUG Engine               - actualWidthProperty: ReadOnlyDoubleProperty [value: 1280.0]
17:08:00.403 [FXGL Background Thread 3 ] DEBUG Engine               - appIcon: fxgl_icon.png
17:08:00.403 [FXGL Background Thread 3 ] DEBUG Engine               - applicationMode: DEVELOPER
17:08:00.403 [FXGL Background Thread 3 ] DEBUG Engine               - cSSList: [fxgl_dark.css]
17:08:00.403 [FXGL Background Thread 3 ] DEBUG Engine               - collisionDetectionStrategy: BRUTE_FORCE
17:08:00.403 [FXGL Background Thread 3 ] DEBUG Engine               - configClass: Optional.empty
17:08:00.403 [FXGL Background Thread 3 ] DEBUG Engine               - credits: []
17:08:00.404 [FXGL Background Thread 3 ] DEBUG Engine               - defaultCursor: CursorInfo(imageName=fxgl_default_cursor.png, hotspotX=7.0, hotspotY=6.0)
17:08:00.404 [FXGL Background Thread 3 ] DEBUG Engine               - devBBoxColorProperty: ObjectProperty [value: 0xff0000ff]
17:08:00.404 [FXGL Background Thread 3 ] DEBUG Engine               - devEnableDebugCameraProperty: BooleanProperty [value: false]
17:08:00.404 [FXGL Background Thread 3 ] DEBUG Engine               - devSensorColorProperty: ObjectProperty [value: 0xffff00ff]
17:08:00.404 [FXGL Background Thread 3 ] DEBUG Engine               - devShowBBoxProperty: BooleanProperty [value: false]
17:08:00.405 [FXGL Background Thread 3 ] DEBUG Engine               - devShowPositionProperty: BooleanProperty [value: false]
17:08:00.405 [FXGL Background Thread 3 ] DEBUG Engine               - enabledMenuItems: []
17:08:00.405 [FXGL Background Thread 3 ] DEBUG Engine               - engineServices: [class com.almasb.fxgl.app.services.FXGLAssetLoaderService, class com.almasb.fxgl.app.FXGLApplication$GameApplicationService, class com.almasb.fxgl.app.services.FXGLDialogService, class com.almasb.fxgl.app.services.IOTaskExecutorService, class com.almasb.fxgl.io.FileSystemService, class com.almasb.fxgl.localization.LocalizationService, class com.almasb.fxgl.app.services.SystemBundleService, class com.almasb.fxgl.profile.SaveLoadService, class com.almasb.fxgl.ui.FXGLUIFactoryServiceProvider, class com.almasb.fxgl.ui.FXGLDialogFactoryServiceProvider, class com.almasb.fxgl.audio.AudioPlayer, class com.almasb.fxgl.notification.impl.NotificationServiceProvider, class com.almasb.fxgl.achievement.AchievementService, class com.almasb.fxgl.cutscene.CutsceneService, class com.almasb.fxgl.minigames.MiniGameService, class com.almasb.fxgl.net.NetService, class com.almasb.fxgl.app.services.UpdaterService, class com.almasb.fxgl.dev.DevService, class com.almasb.fxgl.multiplayer.MultiplayerService]
17:08:00.405 [FXGL Background Thread 3 ] DEBUG Engine               - fontGame: Abel-Regular.ttf
17:08:00.405 [FXGL Background Thread 3 ] DEBUG Engine               - fontMono: TerminalLandMono-Regular.otf
17:08:00.405 [FXGL Background Thread 3 ] DEBUG Engine               - fontSizeScaleUI: 1.0
17:08:00.405 [FXGL Background Thread 3 ] DEBUG Engine               - fontText: Courier-Prime.ttf
17:08:00.405 [FXGL Background Thread 3 ] DEBUG Engine               - fontUI: VarelaRound-Regular.ttf
17:08:00.405 [FXGL Background Thread 3 ] DEBUG Engine               - fullScreen: BooleanProperty [value: false]
17:08:00.405 [FXGL Background Thread 3 ] DEBUG Engine               - gameDifficulty: MEDIUM
17:08:00.405 [FXGL Background Thread 3 ] DEBUG Engine               - gameDifficultyProperty: ObjectProperty [value: MEDIUM]
17:08:00.405 [FXGL Background Thread 3 ] DEBUG Engine               - globalMusicVolume: 0.5
17:08:00.406 [FXGL Background Thread 3 ] DEBUG Engine               - globalMusicVolumeProperty: DoubleProperty [value: 0.0]
17:08:00.406 [FXGL Background Thread 3 ] DEBUG Engine               - globalSoundVolume: 0.5
17:08:00.406 [FXGL Background Thread 3 ] DEBUG Engine               - globalSoundVolumeProperty: DoubleProperty [value: 0.5]
17:08:00.406 [FXGL Background Thread 3 ] DEBUG Engine               - height: 720
17:08:00.406 [FXGL Background Thread 3 ] DEBUG Engine               - is3D: false
17:08:00.406 [FXGL Background Thread 3 ] DEBUG Engine               - isAndroid: false
17:08:00.406 [FXGL Background Thread 3 ] DEBUG Engine               - isBrowser: false
17:08:00.406 [FXGL Background Thread 3 ] DEBUG Engine               - isClickFeedbackEnabled: false
17:08:00.406 [FXGL Background Thread 3 ] DEBUG Engine               - isCloseConfirmation: false
17:08:00.406 [FXGL Background Thread 3 ] DEBUG Engine               - isDesktop: true
17:08:00.406 [FXGL Background Thread 3 ] DEBUG Engine               - isDeveloperMenuEnabled: true
17:08:00.407 [FXGL Background Thread 3 ] DEBUG Engine               - isEmbedded: false
17:08:00.407 [FXGL Background Thread 3 ] DEBUG Engine               - isEntityPreloadEnabled: true
17:08:00.407 [FXGL Background Thread 3 ] DEBUG Engine               - isExperimentalTiledLargeMap: false
17:08:00.407 [FXGL Background Thread 3 ] DEBUG Engine               - isFileSystemWriteAllowed: true
17:08:00.407 [FXGL Background Thread 3 ] DEBUG Engine               - isFullScreenAllowed: false
17:08:00.407 [FXGL Background Thread 3 ] DEBUG Engine               - isFullScreenFromStart: false
17:08:00.407 [FXGL Background Thread 3 ] DEBUG Engine               - isGameMenuEnabled: true
17:08:00.407 [FXGL Background Thread 3 ] DEBUG Engine               - isIOS: false
17:08:00.407 [FXGL Background Thread 3 ] DEBUG Engine               - isIntroEnabled: false
17:08:00.407 [FXGL Background Thread 3 ] DEBUG Engine               - isLinux: false
17:08:00.408 [FXGL Background Thread 3 ] DEBUG Engine               - isMac: false
17:08:00.408 [FXGL Background Thread 3 ] DEBUG Engine               - isMainMenuEnabled: false
17:08:00.408 [FXGL Background Thread 3 ] DEBUG Engine               - isManualResizeEnabled: false
17:08:00.408 [FXGL Background Thread 3 ] DEBUG Engine               - isMobile: false
17:08:00.408 [FXGL Background Thread 3 ] DEBUG Engine               - isNative: false
17:08:00.408 [FXGL Background Thread 3 ] DEBUG Engine               - isPauseMusicWhenMinimized: true
17:08:00.408 [FXGL Background Thread 3 ] DEBUG Engine               - isPreserveResizeRatio: false
17:08:00.408 [FXGL Background Thread 3 ] DEBUG Engine               - isProfilingEnabled: false
17:08:00.408 [FXGL Background Thread 3 ] DEBUG Engine               - isScaleAffectedOnResize: true
17:08:00.408 [FXGL Background Thread 3 ] DEBUG Engine               - isSingleStep: false
17:08:00.408 [FXGL Background Thread 3 ] DEBUG Engine               - isUserProfileEnabled: false
17:08:00.408 [FXGL Background Thread 3 ] DEBUG Engine               - isWindows: true
17:08:00.408 [FXGL Background Thread 3 ] DEBUG Engine               - language: ObjectProperty [value: ENGLISH]
17:08:00.408 [FXGL Background Thread 3 ] DEBUG Engine               - menuKey: ESCAPE
17:08:00.409 [FXGL Background Thread 3 ] DEBUG Engine               - mouseSensitivity: 0.2
17:08:00.409 [FXGL Background Thread 3 ] DEBUG Engine               - notificationViewClass: class com.almasb.fxgl.notification.view.XboxNotificationView
17:08:00.409 [FXGL Background Thread 3 ] DEBUG Engine               - pixelsPerMeter: 50.0
17:08:00.409 [FXGL Background Thread 3 ] DEBUG Engine               - platform: WINDOWS
17:08:00.409 [FXGL Background Thread 3 ] DEBUG Engine               - prefHeightProperty: ReadOnlyDoubleProperty [value: 720.0]
17:08:00.409 [FXGL Background Thread 3 ] DEBUG Engine               - prefWidthProperty: ReadOnlyDoubleProperty [value: 1280.0]
17:08:00.409 [FXGL Background Thread 3 ] DEBUG Engine               - profileDir: profiles/
17:08:00.409 [FXGL Background Thread 3 ] DEBUG Engine               - profileName: StringProperty [value: DEFAULT]
17:08:00.409 [FXGL Background Thread 3 ] DEBUG Engine               - randomSeed: -1
17:08:00.409 [FXGL Background Thread 3 ] DEBUG Engine               - runtimeInfo: RuntimeInfo(platform=WINDOWS, version=17.3, build=30.03.2023 11.49)
17:08:00.410 [FXGL Background Thread 3 ] DEBUG Engine               - saveFileExt: sav
17:08:00.410 [FXGL Background Thread 3 ] DEBUG Engine               - scaledHeightProp$fxgl: DoubleProperty [bound, value: 720.0]
17:08:00.410 [FXGL Background Thread 3 ] DEBUG Engine               - scaledWidthProp$fxgl: DoubleProperty [bound, value: 1280.0]
17:08:00.410 [FXGL Background Thread 3 ] DEBUG Engine               - sceneFactory: com.example.rpgplatform.RPGPlatform$1@67749760
17:08:00.410 [FXGL Background Thread 3 ] DEBUG Engine               - secondsIn24h: 60
17:08:00.410 [FXGL Background Thread 3 ] DEBUG Engine               - soundMenuBack: menu/back.wav
17:08:00.410 [FXGL Background Thread 3 ] DEBUG Engine               - soundMenuPress: menu/press.wav
17:08:00.410 [FXGL Background Thread 3 ] DEBUG Engine               - soundMenuSelect: menu/select.wav
17:08:00.410 [FXGL Background Thread 3 ] DEBUG Engine               - soundNotification: core/notification.wav
17:08:00.410 [FXGL Background Thread 3 ] DEBUG Engine               - stageStyle: DECORATED
17:08:00.410 [FXGL Background Thread 3 ] DEBUG Engine               - supportedLanguages: [ENGLISH, FRENCH, GERMAN, HUNGARIAN, RUSSIAN]
17:08:00.410 [FXGL Background Thread 3 ] DEBUG Engine               - ticksPerSecond: -1
17:08:00.411 [FXGL Background Thread 3 ] DEBUG Engine               - title: Flat Former Game
17:08:00.411 [FXGL Background Thread 3 ] DEBUG Engine               - urlGithub: https://github.com/AlmasB/FXGL
17:08:00.411 [FXGL Background Thread 3 ] DEBUG Engine               - urlLeaderboard: http://fxgl-top.herokuapp.com/
17:08:00.411 [FXGL Background Thread 3 ] DEBUG Engine               - urlPOM: https://raw.githubusercontent.com/AlmasB/FXGL/release/README.md
17:08:00.411 [FXGL Background Thread 3 ] DEBUG Engine               - userAppClass: class com.example.rpgplatform.RPGPlatform
17:08:00.411 [FXGL Background Thread 3 ] DEBUG Engine               - version: 0.0
17:08:00.411 [FXGL Background Thread 3 ] DEBUG Engine               - versionCheckDays: 7
17:08:00.411 [FXGL Background Thread 3 ] DEBUG Engine               - width: 1280
17:08:00.411 [FXGL Background Thread 3 ] DEBUG Engine               - Logging services
17:08:00.411 [FXGL Background Thread 3 ] DEBUG Engine               - class com.almasb.fxgl.app.services.FXGLAssetLoaderService
17:08:00.411 [FXGL Background Thread 3 ] DEBUG Engine               - class com.almasb.fxgl.app.FXGLApplication$GameApplicationService
17:08:00.411 [FXGL Background Thread 3 ] DEBUG Engine               - class com.almasb.fxgl.app.services.FXGLDialogService
17:08:00.413 [FXGL Background Thread 3 ] DEBUG Engine               - class com.almasb.fxgl.app.services.IOTaskExecutorService
17:08:00.413 [FXGL Background Thread 3 ] DEBUG Engine               - class com.almasb.fxgl.io.FileSystemService
17:08:00.413 [FXGL Background Thread 3 ] DEBUG Engine               - class com.almasb.fxgl.localization.LocalizationService
17:08:00.413 [FXGL Background Thread 3 ] DEBUG Engine               - class com.almasb.fxgl.app.services.SystemBundleService
17:08:00.413 [FXGL Background Thread 3 ] DEBUG Engine               - class com.almasb.fxgl.profile.SaveLoadService
17:08:00.413 [FXGL Background Thread 3 ] DEBUG Engine               - class com.almasb.fxgl.ui.FXGLUIFactoryServiceProvider
17:08:00.413 [FXGL Background Thread 3 ] DEBUG Engine               - class com.almasb.fxgl.ui.FXGLDialogFactoryServiceProvider
17:08:00.414 [FXGL Background Thread 3 ] DEBUG Engine               - class com.almasb.fxgl.audio.AudioPlayer
17:08:00.414 [FXGL Background Thread 3 ] DEBUG Engine               - class com.almasb.fxgl.notification.impl.NotificationServiceProvider
17:08:00.414 [FXGL Background Thread 3 ] DEBUG Engine               - class com.almasb.fxgl.achievement.AchievementService
17:08:00.414 [FXGL Background Thread 3 ] DEBUG Engine               - class com.almasb.fxgl.cutscene.CutsceneService
17:08:00.414 [FXGL Background Thread 3 ] DEBUG Engine               - class com.almasb.fxgl.minigames.MiniGameService
17:08:00.414 [FXGL Background Thread 3 ] DEBUG Engine               - class com.almasb.fxgl.net.NetService
17:08:00.414 [FXGL Background Thread 3 ] DEBUG Engine               - class com.almasb.fxgl.app.services.UpdaterService
17:08:00.414 [FXGL Background Thread 3 ] DEBUG Engine               - class com.almasb.fxgl.dev.DevService
17:08:00.414 [FXGL Background Thread 3 ] DEBUG Engine               - class com.almasb.fxgl.multiplayer.MultiplayerService
17:08:17.408 [JavaFX Application Thread] DEBUG PrimaryStageWindow   - Pop state: DialogSubScene
17:08:17.409 [JavaFX Application Thread] DEBUG Input                - Clearing active input actions
17:08:17.410 [JavaFX Application Thread] DEBUG GameApplicationServi - Removing overlay from DialogSubScene and adding to GameScene
17:08:17.413 [JavaFX Application Thread] DEBUG PrimaryStageWindow   - GameScene <- DialogSubScene
17:08:17.451 [JavaFX Application Thread] DEBUG TMXLevelLoader       - Parsed TiledMap: file:/C:/Users/User/IdeaProjects/RPGPlatform/target/classes/assets/levels/tmx/level1.tmx
17:08:17.452 [JavaFX Application Thread] DEBUG TMXLevelLoader       - Creating tile layer entities
17:08:17.454 [JavaFX Application Thread] DEBUG TilesetLoader        - Loading view for layer Tile Layer 1
17:08:17.455 [JavaFX Application Thread] DEBUG TilesetLoader        - Created buffer with size 1050.0x700.0
17:08:17.467 [JavaFX Application Thread] DEBUG TMXLevelLoader       - Creating object layer entities
17:08:17.485 [JavaFX Application Thread] DEBUG GameWorld            - Clearing removable entities
17:08:17.486 [JavaFX Application Thread] DEBUG GameWorld            - Setting level: com.almasb.fxgl.entity.level.Level@67925917
17:08:17.496 [ServerAsyncConnThread    ] DEBUG TCPServer            - Starting to listen at: 55555 type: class com.almasb.fxgl.core.serialization.Bundle
17:08:18.115 [ServerAsyncConnThread    ] DEBUG Endpoint             - TCPServer opening new connection (1) from /127.0.0.1:55902 type: class com.almasb.fxgl.core.serialization.Bundle
17:08:18.116 [ServerAsyncConnThread    ] DEBUG Endpoint             - TCPServer successfully opened connection (1)
17:08:18.131 [JavaFX Application Thread] DEBUG FXGLAssetLoaderServi - Loading from file system: file:/C:/Users/User/IdeaProjects/RPGPlatform/target/classes/assets/textures/WarriorHigh_Jump.png
17:08:18.138 [JavaFX Application Thread] DEBUG FXGLAssetLoaderServi - Loading from file system: file:/C:/Users/User/IdeaProjects/RPGPlatform/target/classes/assets/textures/WarriorWalk.png
17:08:18.141 [JavaFX Application Thread] DEBUG FXGLAssetLoaderServi - Loading from file system: file:/C:/Users/User/IdeaProjects/RPGPlatform/target/classes/assets/textures/WarriorAttack.png
17:08:18.148 [JavaFX Application Thread] DEBUG FXGLAssetLoaderServi - Loading from file system: file:/C:/Users/User/IdeaProjects/RPGPlatform/target/classes/assets/textures/WarriorSpecialAttack.png
17:08:18.150 [TCPServer_SendThread-1   ] DEBUG Writers              - Getting TCPMessageWriter for class com.almasb.fxgl.core.serialization.Bundle
17:08:18.155 [TCPServer_SendThread-1   ] DEBUG Writers              - Constructed TCPMessageWriter for class com.almasb.fxgl.core.serialization.Bundle: BundleTCPMessageWriter
17:08:18.179 [JavaFX Application Thread] DEBUG FXGLAssetLoaderServi - Loading from file system: file:/C:/Users/User/IdeaProjects/RPGPlatform/target/classes/assets/textures/background/windrise-background.png
17:08:18.243 [TCPServer_RecvThread-1   ] DEBUG Readers              - Getting TCPMessageReader for class com.almasb.fxgl.core.serialization.Bundle
17:08:18.244 [TCPServer_RecvThread-1   ] DEBUG Readers              - Constructed MessageReader for class com.almasb.fxgl.core.serialization.Bundle: BundleTCPMessageReader
17:08:18.291 [Thread-1067              ] DEBUG Input                - Registered new binding: Left - A
17:08:18.291 [Thread-1067              ] DEBUG Input                - Registered new binding: Right - D
17:08:18.292 [Thread-1067              ] DEBUG Input                - Registered new binding: Jump - W
17:08:18.292 [Thread-1067              ] DEBUG Input                - Registered new binding: BasicAttack - I
17:08:18.292 [Thread-1067              ] DEBUG Input                - Registered new binding: SkillAttack - P
17:08:18.293 [Thread-1068              ] DEBUG LoopRunner           - Stopping loop
17:08:18.294 [Thread-1068              ] FATAL FXGLApplication      - Uncaught Exception:
java.lang.IllegalArgumentException: Action already exists: Left
	at com.almasb.fxgl.core@17.3/com.almasb.fxgl.input.Input.addBinding(Input.kt:511)
	at com.almasb.fxgl.core@17.3/com.almasb.fxgl.input.Input.addAction(Input.kt:507)
	at com.almasb.fxgl.core@17.3/com.almasb.fxgl.input.Input.addAction$default(Input.kt:504)
	at com.almasb.fxgl.core@17.3/com.almasb.fxgl.input.Input.addAction(Input.kt)
	at RPGPLATFORM.main/com.example.rpgplatform.InputHandler.run(InputHandler.java:30)
	at java.base/java.lang.Thread.run(Thread.java:1583)

17:08:18.295 [Thread-1068              ] FATAL FXGLApplication      - Application will now exit
17:08:18.313 [Thread-1068              ] DEBUG PrimaryStageWindow   - Push state: ErrorSubScene
17:08:18.313 [Thread-1068              ] DEBUG Input                - Clearing active input actions
17:08:19.250 [JavaFX Application Thread] DEBUG Input                - Mocking button press: LMB at 0.0, 0.0
17:08:19.325 [JavaFX Application Thread] DEBUG Input                - Mocking button release: LMB at 0.0, 0.0
17:08:19.836 [JavaFX Application Thread] DEBUG Input                - Mocking key press: D
17:08:19.997 [JavaFX Application Thread] DEBUG Input                - Mocking key release: D
17:08:22.231 [JavaFX Application Thread] DEBUG FXGLApplication      - Exiting FXGL
17:08:22.231 [JavaFX Application Thread] DEBUG Async                - Shutting down background threads
17:08:22.231 [JavaFX Application Thread] DEBUG PrimaryStageWindow   - Closing main window
17:08:22.242 [JavaFX Application Thread] DEBUG Logger               - Closing Logger
