15:58:28.559 [main                     ] DEBUG Logger               - Configured Logger
15:58:28.594 [main                     ] DEBUG GameApplication      - Logging settings
Title: FUCK THIS SHIT
Version: 0.0
Width: 1280
Height: 720
Fullscreen: false
Intro: false
Profiling: false
Single step:false
App Mode: DEVELOPER
Menu Key: ESCAPE
Stage Style: DECORATED
Scene Factory: class com.example.rpgplatform.RPGPlatform$1

15:58:29.302 [JavaFX Application Thread] DEBUG FXGLApplication      - Initializing FXGL
15:58:29.309 [JavaFX Application Thread] INFO  Engine               - FXGL-17.3 (30.03.2023 11.49) on WINDOWS (J:21.0.2 FX:21)
15:58:29.310 [JavaFX Application Thread] DEBUG Engine               - JRE Vendor Name: Oracle Corporation
15:58:29.310 [JavaFX Application Thread] DEBUG Engine               - Running on OS: Windows 10 version 10.0
15:58:29.310 [JavaFX Application Thread] DEBUG Engine               - Architecture: amd64
15:58:29.310 [JavaFX Application Thread] INFO  Engine               - Source code and latest versions at: https://github.com/AlmasB/FXGL
15:58:29.310 [JavaFX Application Thread] INFO  Engine               -       Ask questions and discuss at: https://github.com/AlmasB/FXGL/discussions
15:58:29.310 [JavaFX Application Thread] INFO  Engine               -              Join the FXGL chat at: https://gitter.im/AlmasB/FXGL
15:58:29.424 [JavaFX Application Thread] DEBUG PrimaryStageWindow   - Creating a JavaFX scene
15:58:29.490 [JavaFX Application Thread] DEBUG PrimaryStageWindow   - Target settings size: 1280.0 x 720.0
15:58:29.491 [JavaFX Application Thread] DEBUG PrimaryStageWindow   - Scaled scene size:    1280.0 x 720.0
15:58:29.491 [JavaFX Application Thread] DEBUG PrimaryStageWindow   - Scaled ratio: (1.0, 1.0)
15:58:29.493 [JavaFX Application Thread] DEBUG PrimaryStageWindow   - Set initial scene to FXGLStartupScene
15:58:29.500 [JavaFX Application Thread] DEBUG PrimaryStageWindow   - Opening main window
15:58:29.651 [JavaFX Application Thread] DEBUG PrimaryStageWindow   - Window border size: (16.0, 39.0)
15:58:29.651 [JavaFX Application Thread] DEBUG PrimaryStageWindow   - Scaled size: 1280.0 x 720.0
15:58:29.651 [JavaFX Application Thread] DEBUG PrimaryStageWindow   - Scaled ratio: (1.0, 1.0)
15:58:29.651 [JavaFX Application Thread] DEBUG PrimaryStageWindow   - Scene size: 1280.0 x 720.0
15:58:29.652 [JavaFX Application Thread] DEBUG PrimaryStageWindow   - Stage size: 1296.0 x 759.0
15:58:29.660 [FXGL Background Thread 1 ] DEBUG Engine               - Initializing environment variables
15:58:29.999 [FXGL Background Thread 1 ] DEBUG FXGLAssetLoaderServi - User app class for loading assets: class com.example.rpgplatform.RPGPlatform
15:58:29.999 [FXGL Background Thread 1 ] DEBUG GameApplicationServi - Applying CSS: fxgl_dark.css
15:58:30.003 [FXGL Background Thread 1 ] DEBUG FXGLAssetLoaderServi - Loading from file system: jar:file:///C:/Users/User/.m2/repository/com/github/almasb/fxgl/17.3/fxgl-17.3.jar!/fxglassets/ui/css/fxgl_dark.css
15:58:30.145 [FXGL Background Thread 1 ] DEBUG GameApplicationServi - Initializing application scenes
15:58:30.306 [FXGL Background Thread 1 ] DEBUG FXGLAssetLoaderServi - Loading from file system: file:/C:/Users/User/IdeaProjects/RPGPlatform/target/classes/assets/textures/WarriorIdle.png
15:58:30.398 [FXGL Background Thread 1 ] DEBUG GameWorld            - Game world initialized
15:58:30.501 [FXGL Background Thread 1 ] DEBUG PhysicsWorld         - Physics world initialized: appHeight=720, physics.ppm=50.0
15:58:30.501 [FXGL Background Thread 1 ] DEBUG PhysicsWorld         - Using strategy: BRUTE_FORCE
15:58:30.513 [FXGL Background Thread 1 ] DEBUG GameScene            - Game scene initialized: 1280x720
15:58:30.533 [FXGL Background Thread 1 ] DEBUG FXGL.DefaultMenu     - createMenuBodyGameMenu()
15:58:30.587 [FXGL Background Thread 1 ] DEBUG FXGL.DefaultMenu     - createOptionsMenu()
15:58:30.611 [FXGL Background Thread 1 ] DEBUG FXGLAssetLoaderServi - Loading from file system: jar:file:///C:/Users/User/.m2/repository/com/github/almasb/fxgl/17.3/fxgl-17.3.jar!/fxglassets/textures/particles/smoke.png
15:58:30.718 [FXGL Background Thread 1 ] DEBUG FXGLAssetLoaderServi - Loading from file system: jar:file:///C:/Users/User/.m2/repository/com/github/almasb/fxgl/17.3/fxgl-17.3.jar!/fxglassets/textures/particles/trace_horizontal.png
15:58:30.739 [FXGL Background Thread 1 ] DEBUG GameApplicationServi - Application scenes initialized
15:58:30.768 [FXGL Background Thread 1 ] DEBUG SystemBundleService  - Loading FXGL system data
15:58:30.779 [FXGL Background Thread 1 ] DEBUG FileSystemAccess     - Reading from: C:\Users\User\IdeaProjects\RPGPlatform\system\fxgl.bundle
15:58:30.797 [FXGL Background Thread 1 ] DEBUG SystemBundleService  - Bundle FXGL: {}
15:58:30.797 [FXGL Background Thread 1 ] DEBUG UpdaterService       - Checking for updates
15:58:30.849 [FXGL Background Thread 1 ] DEBUG FXGLApplication      - Loading default localization
15:58:30.850 [FXGL Background Thread 1 ] DEBUG FXGLAssetLoaderServi - Loading from file system: jar:file:///C:/Users/User/.m2/repository/com/github/almasb/fxgl/17.3/fxgl-17.3.jar!/fxglassets/languages/english.lang
15:58:30.879 [FXGL Background Thread 1 ] INFO  FXGLApplication      - FXGL initialization took: 1.219 sec
15:58:30.893 [JavaFX Application Thread] DEBUG Input                - Registered new binding: Left - A
15:58:30.895 [JavaFX Application Thread] DEBUG Input                - Registered new binding: Right - D
15:58:30.896 [JavaFX Application Thread] DEBUG Input                - Registered new binding: Jump - W
15:58:30.896 [JavaFX Application Thread] DEBUG Input                - Registered new binding: BasicAttack - I
15:58:30.896 [JavaFX Application Thread] DEBUG Input                - Registered new binding: SkillAttack - P
15:58:30.897 [JavaFX Application Thread] DEBUG FXGLAssetLoaderServi - Loading from file system: file:/C:/Users/User/IdeaProjects/RPGPlatform/target/classes/assets/music/BGM_dash_runner.wav
15:58:30.941 [FXGL Background Thread 4 ] DEBUG FXGLApplication      - Loading fonts
15:58:30.944 [FXGL Background Thread 4 ] DEBUG FXGLAssetLoaderServi - Loading from file system: jar:file:///C:/Users/User/.m2/repository/com/github/almasb/fxgl/17.3/fxgl-17.3.jar!/fxglassets/ui/fonts/VarelaRound-Regular.ttf
15:58:31.011 [FXGL Background Thread 4 ] DEBUG FXGLAssetLoaderServi - Loading from file system: jar:file:///C:/Users/User/.m2/repository/com/github/almasb/fxgl/17.3/fxgl-17.3.jar!/fxglassets/ui/fonts/Abel-Regular.ttf
15:58:31.064 [FXGL Background Thread 4 ] DEBUG FXGLAssetLoaderServi - Loading from file system: jar:file:///C:/Users/User/.m2/repository/com/github/almasb/fxgl/17.3/fxgl-17.3.jar!/fxglassets/ui/fonts/TerminalLandMono-Regular.otf
15:58:31.071 [FXGL Background Thread 4 ] DEBUG FXGLAssetLoaderServi - Loading from file system: jar:file:///C:/Users/User/.m2/repository/com/github/almasb/fxgl/17.3/fxgl-17.3.jar!/fxglassets/ui/fonts/Courier-Prime.ttf
15:58:31.217 [JavaFX Application Thread] DEBUG AudioPlayer          - Playing music com.almasb.fxgl.audio.Music@74aa04d8
15:58:31.218 [JavaFX Application Thread] DEBUG FXGLAssetLoaderServi - Loading from file system: jar:file:///C:/Users/User/.m2/repository/com/github/almasb/fxgl/17.3/fxgl-17.3.jar!/fxglassets/textures/fxgl_icon.png
15:58:31.245 [JavaFX Application Thread] DEBUG FXGLAssetLoaderServi - Loading from file system: jar:file:///C:/Users/User/.m2/repository/com/github/almasb/fxgl/17.3/fxgl-17.3.jar!/fxglassets/textures/fxgl_default_cursor.png
15:58:31.253 [JavaFX Application Thread] DEBUG Input                - Registered new binding: Screenshot - CTRL+8
15:58:31.253 [JavaFX Application Thread] DEBUG Input                - Registered new binding: Dev Options - 1
15:58:31.257 [JavaFX Application Thread] DEBUG Input                - Registered new binding: Dev Console - 2
15:58:31.257 [JavaFX Application Thread] DEBUG Input                - Registered new binding: System info dump - CTRL+9
15:58:31.257 [JavaFX Application Thread] DEBUG Input                - Registered new binding: Restart - CTRL+R
15:58:31.259 [JavaFX Application Thread] DEBUG Input                - Registered new binding: Toggle Debug Camera - CTRL+7
15:58:31.264 [JavaFX Application Thread] DEBUG LoopRunner           - Starting loop
15:58:31.297 [JavaFX Application Thread] DEBUG LoopRunner           - Initializing JavaFX AnimationTimerLoop
15:58:31.298 [JavaFX Application Thread] DEBUG GameApplicationServi - Starting new game
15:58:31.299 [JavaFX Application Thread] DEBUG Input                - Clearing active input actions
15:58:31.427 [JavaFX Application Thread] DEBUG GameApplicationServi - Removing overlay from FXGLStartupScene and adding to MainLoadingScene
15:58:31.435 [JavaFX Application Thread] DEBUG PrimaryStageWindow   - FXGLStartupScene -> MainLoadingScene
15:58:31.435 [JavaFX Application Thread] DEBUG GameApplicationServi - Clearing previous game
15:58:31.436 [JavaFX Application Thread] DEBUG GameScene            - Clearing game scene
15:58:31.437 [JavaFX Application Thread] DEBUG GameWorld            - Clearing game world
15:58:31.437 [JavaFX Application Thread] DEBUG PhysicsWorld         - Clearing physics world
15:58:31.439 [FXGL Background Thread 4 ] DEBUG FXGLApplication      - Initializing game
15:58:31.440 [JavaFX Application Thread] DEBUG FXGLApplication      - Registering font factories with UI factory
15:58:31.572 [FXGL Background Thread 4 ] WARN  TMXLevelLoader       - TiledMap generated from 1.2.3. Supported version: 1.9.0. Some features may not be parsed fully.
15:58:31.581 [FXGL Background Thread 4 ] DEBUG TMXLevelLoader       - Parsed TiledMap: file:/C:/Users/User/IdeaProjects/RPGPlatform/target/classes/assets/levels/tmx/level1.tmx
15:58:31.582 [FXGL Background Thread 4 ] DEBUG TMXLevelLoader       - Creating tile layer entities
15:58:31.584 [FXGL Background Thread 4 ] DEBUG TilesetLoader        - Loading view for layer Tile Layer 1
15:58:31.586 [FXGL Background Thread 4 ] DEBUG TilesetLoader        - Created buffer with size 1050.0x700.0
15:58:31.617 [FXGL Background Thread 4 ] DEBUG TMXLevelLoader       - Creating object layer entities
15:58:31.647 [FXGL Background Thread 4 ] DEBUG GameWorld            - Clearing removable entities
15:58:31.648 [FXGL Background Thread 4 ] DEBUG GameWorld            - Setting level: com.almasb.fxgl.entity.level.Level@44c6d65c
15:58:31.661 [FXGL Background Thread 4 ] DEBUG FXGLAssetLoaderServi - Loading from file system: file:/C:/Users/User/IdeaProjects/RPGPlatform/target/classes/assets/textures/WarriorHigh_Jump.png
15:58:31.700 [FXGL Background Thread 4 ] DEBUG FXGLAssetLoaderServi - Loading from file system: file:/C:/Users/User/IdeaProjects/RPGPlatform/target/classes/assets/textures/WarriorWalk.png
15:58:31.729 [FXGL Background Thread 4 ] DEBUG FXGLAssetLoaderServi - Loading from file system: file:/C:/Users/User/IdeaProjects/RPGPlatform/target/classes/assets/textures/WarriorAttack.png
15:58:31.741 [FXGL Background Thread 4 ] DEBUG FXGLAssetLoaderServi - Loading from file system: file:/C:/Users/User/IdeaProjects/RPGPlatform/target/classes/assets/textures/WarriorSpecialAttack.png
15:58:31.806 [FXGL Background Thread 4 ] DEBUG FXGLAssetLoaderServi - Loading from file system: file:/C:/Users/User/IdeaProjects/RPGPlatform/target/classes/assets/textures/background/windrise-background.png
15:58:31.861 [FXGL Background Thread 4 ] INFO  FXGLApplication      - Game initialization took: 0.423 sec
15:58:32.014 [JavaFX Application Thread] DEBUG Input                - Clearing active input actions
15:58:32.026 [JavaFX Application Thread] DEBUG GameApplicationServi - Removing overlay from MainLoadingScene and adding to GameScene
15:58:32.035 [JavaFX Application Thread] DEBUG PrimaryStageWindow   - MainLoadingScene -> GameScene
15:58:32.191 [FXGL Background Thread 2 ] INFO  UpdaterService       - Your current version:  17.3
15:58:32.192 [FXGL Background Thread 2 ] INFO  UpdaterService       - Latest stable version: 21.1
15:58:33.848 [FXGL Background Thread 3 ] DEBUG Engine               - Logging environment variables
15:58:33.850 [FXGL Background Thread 3 ] DEBUG Engine               - achievements: []
15:58:33.851 [FXGL Background Thread 3 ] DEBUG Engine               - actualHeight: 720.0
15:58:33.851 [FXGL Background Thread 3 ] DEBUG Engine               - actualHeightProperty: ReadOnlyDoubleProperty [value: 720.0]
15:58:33.851 [FXGL Background Thread 3 ] DEBUG Engine               - actualWidth: 1280.0
15:58:33.852 [FXGL Background Thread 3 ] DEBUG Engine               - actualWidthProperty: ReadOnlyDoubleProperty [value: 1280.0]
15:58:33.852 [FXGL Background Thread 3 ] DEBUG Engine               - appIcon: fxgl_icon.png
15:58:33.852 [FXGL Background Thread 3 ] DEBUG Engine               - applicationMode: DEVELOPER
15:58:33.852 [FXGL Background Thread 3 ] DEBUG Engine               - cSSList: [fxgl_dark.css]
15:58:33.852 [FXGL Background Thread 3 ] DEBUG Engine               - collisionDetectionStrategy: BRUTE_FORCE
15:58:33.852 [FXGL Background Thread 3 ] DEBUG Engine               - configClass: Optional.empty
15:58:33.852 [FXGL Background Thread 3 ] DEBUG Engine               - credits: []
15:58:33.853 [FXGL Background Thread 3 ] DEBUG Engine               - defaultCursor: CursorInfo(imageName=fxgl_default_cursor.png, hotspotX=7.0, hotspotY=6.0)
15:58:33.854 [FXGL Background Thread 3 ] DEBUG Engine               - devBBoxColorProperty: ObjectProperty [value: 0xff0000ff]
15:58:33.854 [FXGL Background Thread 3 ] DEBUG Engine               - devEnableDebugCameraProperty: BooleanProperty [value: false]
15:58:33.854 [FXGL Background Thread 3 ] DEBUG Engine               - devSensorColorProperty: ObjectProperty [value: 0xffff00ff]
15:58:33.855 [FXGL Background Thread 3 ] DEBUG Engine               - devShowBBoxProperty: BooleanProperty [value: false]
15:58:33.855 [FXGL Background Thread 3 ] DEBUG Engine               - devShowPositionProperty: BooleanProperty [value: false]
15:58:33.855 [FXGL Background Thread 3 ] DEBUG Engine               - enabledMenuItems: []
15:58:33.855 [FXGL Background Thread 3 ] DEBUG Engine               - engineServices: [class com.almasb.fxgl.app.services.FXGLAssetLoaderService, class com.almasb.fxgl.app.FXGLApplication$GameApplicationService, class com.almasb.fxgl.app.services.FXGLDialogService, class com.almasb.fxgl.app.services.IOTaskExecutorService, class com.almasb.fxgl.io.FileSystemService, class com.almasb.fxgl.localization.LocalizationService, class com.almasb.fxgl.app.services.SystemBundleService, class com.almasb.fxgl.profile.SaveLoadService, class com.almasb.fxgl.ui.FXGLUIFactoryServiceProvider, class com.almasb.fxgl.ui.FXGLDialogFactoryServiceProvider, class com.almasb.fxgl.audio.AudioPlayer, class com.almasb.fxgl.notification.impl.NotificationServiceProvider, class com.almasb.fxgl.achievement.AchievementService, class com.almasb.fxgl.cutscene.CutsceneService, class com.almasb.fxgl.minigames.MiniGameService, class com.almasb.fxgl.net.NetService, class com.almasb.fxgl.app.services.UpdaterService, class com.almasb.fxgl.dev.DevService]
15:58:33.855 [FXGL Background Thread 3 ] DEBUG Engine               - fontGame: Abel-Regular.ttf
15:58:33.855 [FXGL Background Thread 3 ] DEBUG Engine               - fontMono: TerminalLandMono-Regular.otf
15:58:33.855 [FXGL Background Thread 3 ] DEBUG Engine               - fontSizeScaleUI: 1.0
15:58:33.855 [FXGL Background Thread 3 ] DEBUG Engine               - fontText: Courier-Prime.ttf
15:58:33.855 [FXGL Background Thread 3 ] DEBUG Engine               - fontUI: VarelaRound-Regular.ttf
15:58:33.855 [FXGL Background Thread 3 ] DEBUG Engine               - fullScreen: BooleanProperty [value: false]
15:58:33.858 [FXGL Background Thread 3 ] DEBUG Engine               - gameDifficulty: MEDIUM
15:58:33.858 [FXGL Background Thread 3 ] DEBUG Engine               - gameDifficultyProperty: ObjectProperty [value: MEDIUM]
15:58:33.858 [FXGL Background Thread 3 ] DEBUG Engine               - globalMusicVolume: 0.5
15:58:33.868 [FXGL Background Thread 3 ] DEBUG Engine               - globalMusicVolumeProperty: DoubleProperty [value: 0.25]
15:58:33.874 [FXGL Background Thread 3 ] DEBUG Engine               - globalSoundVolume: 0.5
15:58:33.875 [FXGL Background Thread 3 ] DEBUG Engine               - globalSoundVolumeProperty: DoubleProperty [value: 0.5]
15:58:33.876 [FXGL Background Thread 3 ] DEBUG Engine               - height: 720
15:58:33.877 [FXGL Background Thread 3 ] DEBUG Engine               - is3D: false
15:58:33.877 [FXGL Background Thread 3 ] DEBUG Engine               - isAndroid: false
15:58:33.877 [FXGL Background Thread 3 ] DEBUG Engine               - isBrowser: false
15:58:33.877 [FXGL Background Thread 3 ] DEBUG Engine               - isClickFeedbackEnabled: false
15:58:33.877 [FXGL Background Thread 3 ] DEBUG Engine               - isCloseConfirmation: false
15:58:33.877 [FXGL Background Thread 3 ] DEBUG Engine               - isDesktop: true
15:58:33.877 [FXGL Background Thread 3 ] DEBUG Engine               - isDeveloperMenuEnabled: true
15:58:33.877 [FXGL Background Thread 3 ] DEBUG Engine               - isEmbedded: false
15:58:33.878 [FXGL Background Thread 3 ] DEBUG Engine               - isEntityPreloadEnabled: true
15:58:33.878 [FXGL Background Thread 3 ] DEBUG Engine               - isExperimentalTiledLargeMap: false
15:58:33.878 [FXGL Background Thread 3 ] DEBUG Engine               - isFileSystemWriteAllowed: true
15:58:33.878 [FXGL Background Thread 3 ] DEBUG Engine               - isFullScreenAllowed: false
15:58:33.878 [FXGL Background Thread 3 ] DEBUG Engine               - isFullScreenFromStart: false
15:58:33.878 [FXGL Background Thread 3 ] DEBUG Engine               - isGameMenuEnabled: true
15:58:33.878 [FXGL Background Thread 3 ] DEBUG Engine               - isIOS: false
15:58:33.880 [FXGL Background Thread 3 ] DEBUG Engine               - isIntroEnabled: false
15:58:33.880 [FXGL Background Thread 3 ] DEBUG Engine               - isLinux: false
15:58:33.880 [FXGL Background Thread 3 ] DEBUG Engine               - isMac: false
15:58:33.880 [FXGL Background Thread 3 ] DEBUG Engine               - isMainMenuEnabled: false
15:58:33.880 [FXGL Background Thread 3 ] DEBUG Engine               - isManualResizeEnabled: false
15:58:33.880 [FXGL Background Thread 3 ] DEBUG Engine               - isMobile: false
15:58:33.880 [FXGL Background Thread 3 ] DEBUG Engine               - isNative: false
15:58:33.880 [FXGL Background Thread 3 ] DEBUG Engine               - isPauseMusicWhenMinimized: true
15:58:33.880 [FXGL Background Thread 3 ] DEBUG Engine               - isPreserveResizeRatio: false
15:58:33.880 [FXGL Background Thread 3 ] DEBUG Engine               - isProfilingEnabled: false
15:58:33.880 [FXGL Background Thread 3 ] DEBUG Engine               - isScaleAffectedOnResize: true
15:58:33.880 [FXGL Background Thread 3 ] DEBUG Engine               - isSingleStep: false
15:58:33.880 [FXGL Background Thread 3 ] DEBUG Engine               - isUserProfileEnabled: false
15:58:33.881 [FXGL Background Thread 3 ] DEBUG Engine               - isWindows: true
15:58:33.881 [FXGL Background Thread 3 ] DEBUG Engine               - language: ObjectProperty [value: ENGLISH]
15:58:33.881 [FXGL Background Thread 3 ] DEBUG Engine               - menuKey: ESCAPE
15:58:33.881 [FXGL Background Thread 3 ] DEBUG Engine               - mouseSensitivity: 0.2
15:58:33.881 [FXGL Background Thread 3 ] DEBUG Engine               - notificationViewClass: class com.almasb.fxgl.notification.view.XboxNotificationView
15:58:33.881 [FXGL Background Thread 3 ] DEBUG Engine               - pixelsPerMeter: 50.0
15:58:33.881 [FXGL Background Thread 3 ] DEBUG Engine               - platform: WINDOWS
15:58:33.881 [FXGL Background Thread 3 ] DEBUG Engine               - prefHeightProperty: ReadOnlyDoubleProperty [value: 720.0]
15:58:33.881 [FXGL Background Thread 3 ] DEBUG Engine               - prefWidthProperty: ReadOnlyDoubleProperty [value: 1280.0]
15:58:33.881 [FXGL Background Thread 3 ] DEBUG Engine               - profileDir: profiles/
15:58:33.881 [FXGL Background Thread 3 ] DEBUG Engine               - profileName: StringProperty [value: DEFAULT]
15:58:33.881 [FXGL Background Thread 3 ] DEBUG Engine               - randomSeed: -1
15:58:33.882 [FXGL Background Thread 3 ] DEBUG Engine               - runtimeInfo: RuntimeInfo(platform=WINDOWS, version=17.3, build=30.03.2023 11.49)
15:58:33.882 [FXGL Background Thread 3 ] DEBUG Engine               - saveFileExt: sav
15:58:33.882 [FXGL Background Thread 3 ] DEBUG Engine               - scaledHeightProp$fxgl: DoubleProperty [bound, value: 720.0]
15:58:33.882 [FXGL Background Thread 3 ] DEBUG Engine               - scaledWidthProp$fxgl: DoubleProperty [bound, value: 1280.0]
15:58:33.882 [FXGL Background Thread 3 ] DEBUG Engine               - sceneFactory: com.example.rpgplatform.RPGPlatform$1@560be517
15:58:33.882 [FXGL Background Thread 3 ] DEBUG Engine               - secondsIn24h: 60
15:58:33.882 [FXGL Background Thread 3 ] DEBUG Engine               - soundMenuBack: menu/back.wav
15:58:33.882 [FXGL Background Thread 3 ] DEBUG Engine               - soundMenuPress: menu/press.wav
15:58:33.884 [FXGL Background Thread 3 ] DEBUG Engine               - soundMenuSelect: menu/select.wav
15:58:33.884 [FXGL Background Thread 3 ] DEBUG Engine               - soundNotification: core/notification.wav
15:58:33.884 [FXGL Background Thread 3 ] DEBUG Engine               - stageStyle: DECORATED
15:58:33.884 [FXGL Background Thread 3 ] DEBUG Engine               - supportedLanguages: [ENGLISH, FRENCH, GERMAN, HUNGARIAN, RUSSIAN]
15:58:33.884 [FXGL Background Thread 3 ] DEBUG Engine               - ticksPerSecond: -1
15:58:33.884 [FXGL Background Thread 3 ] DEBUG Engine               - title: FUCK THIS SHIT
15:58:33.884 [FXGL Background Thread 3 ] DEBUG Engine               - urlGithub: https://github.com/AlmasB/FXGL
15:58:33.884 [FXGL Background Thread 3 ] DEBUG Engine               - urlLeaderboard: http://fxgl-top.herokuapp.com/
15:58:33.884 [FXGL Background Thread 3 ] DEBUG Engine               - urlPOM: https://raw.githubusercontent.com/AlmasB/FXGL/release/README.md
15:58:33.885 [FXGL Background Thread 3 ] DEBUG Engine               - userAppClass: class com.example.rpgplatform.RPGPlatform
15:58:33.885 [FXGL Background Thread 3 ] DEBUG Engine               - version: 0.0
15:58:33.885 [FXGL Background Thread 3 ] DEBUG Engine               - versionCheckDays: 7
15:58:33.885 [FXGL Background Thread 3 ] DEBUG Engine               - width: 1280
15:58:33.885 [FXGL Background Thread 3 ] DEBUG Engine               - Logging services
15:58:33.885 [FXGL Background Thread 3 ] DEBUG Engine               - class com.almasb.fxgl.app.services.FXGLAssetLoaderService
15:58:33.885 [FXGL Background Thread 3 ] DEBUG Engine               - class com.almasb.fxgl.app.FXGLApplication$GameApplicationService
15:58:33.885 [FXGL Background Thread 3 ] DEBUG Engine               - class com.almasb.fxgl.app.services.FXGLDialogService
15:58:33.885 [FXGL Background Thread 3 ] DEBUG Engine               - class com.almasb.fxgl.app.services.IOTaskExecutorService
15:58:33.885 [FXGL Background Thread 3 ] DEBUG Engine               - class com.almasb.fxgl.io.FileSystemService
15:58:33.885 [FXGL Background Thread 3 ] DEBUG Engine               - class com.almasb.fxgl.localization.LocalizationService
15:58:33.885 [FXGL Background Thread 3 ] DEBUG Engine               - class com.almasb.fxgl.app.services.SystemBundleService
15:58:33.886 [FXGL Background Thread 3 ] DEBUG Engine               - class com.almasb.fxgl.profile.SaveLoadService
15:58:33.887 [FXGL Background Thread 3 ] DEBUG Engine               - class com.almasb.fxgl.ui.FXGLUIFactoryServiceProvider
15:58:33.888 [FXGL Background Thread 3 ] DEBUG Engine               - class com.almasb.fxgl.ui.FXGLDialogFactoryServiceProvider
15:58:33.888 [FXGL Background Thread 3 ] DEBUG Engine               - class com.almasb.fxgl.audio.AudioPlayer
15:58:33.888 [FXGL Background Thread 3 ] DEBUG Engine               - class com.almasb.fxgl.notification.impl.NotificationServiceProvider
15:58:33.888 [FXGL Background Thread 3 ] DEBUG Engine               - class com.almasb.fxgl.achievement.AchievementService
15:58:33.888 [FXGL Background Thread 3 ] DEBUG Engine               - class com.almasb.fxgl.cutscene.CutsceneService
15:58:33.888 [FXGL Background Thread 3 ] DEBUG Engine               - class com.almasb.fxgl.minigames.MiniGameService
15:58:33.888 [FXGL Background Thread 3 ] DEBUG Engine               - class com.almasb.fxgl.net.NetService
15:58:33.888 [FXGL Background Thread 3 ] DEBUG Engine               - class com.almasb.fxgl.app.services.UpdaterService
15:58:33.888 [FXGL Background Thread 3 ] DEBUG Engine               - class com.almasb.fxgl.dev.DevService
15:58:46.941 [JavaFX Application Thread] DEBUG FXGLApplication      - Exiting FXGL
15:58:46.942 [JavaFX Application Thread] DEBUG LoopRunner           - Stopping loop
15:58:46.942 [JavaFX Application Thread] DEBUG SystemBundleService  - Saving FXGL system data
15:58:46.945 [JavaFX Application Thread] DEBUG FileSystemAccess     - Writing to: C:\Users\User\IdeaProjects\RPGPlatform\system\fxgl.bundle
15:58:46.948 [JavaFX Application Thread] DEBUG Async                - Shutting down background threads
15:58:46.949 [JavaFX Application Thread] DEBUG PrimaryStageWindow   - Closing main window
15:58:46.965 [JavaFX Application Thread] DEBUG Logger               - Closing Logger
