18:42:22.430 [main                     ] DEBUG Logger               - Configured Logger
18:42:22.466 [main                     ] DEBUG GameApplication      - Logging settings
Title: Flat Former Game
Version: 0.0
Width: 1280
Height: 720
Fullscreen: false
Intro: false
Profiling: false
Single step:false
App Mode: DEVELOPER
Menu Key: ESCAPE
Stage Style: DECORATED
Scene Factory: class com.example.rpgplatform.RPGPlatform$1

18:42:22.953 [JavaFX Application Thread] DEBUG FXGLApplication      - Initializing FXGL
18:42:22.959 [JavaFX Application Thread] INFO  Engine               - FXGL-17.3 (30.03.2023 11.49) on WINDOWS (J:21.0.2 FX:21)
18:42:22.961 [JavaFX Application Thread] DEBUG Engine               - JRE Vendor Name: Oracle Corporation
18:42:22.961 [JavaFX Application Thread] DEBUG Engine               - Running on OS: Windows 10 version 10.0
18:42:22.961 [JavaFX Application Thread] DEBUG Engine               - Architecture: amd64
18:42:22.961 [JavaFX Application Thread] INFO  Engine               - Source code and latest versions at: https://github.com/AlmasB/FXGL
18:42:22.961 [JavaFX Application Thread] INFO  Engine               -       Ask questions and discuss at: https://github.com/AlmasB/FXGL/discussions
18:42:22.962 [JavaFX Application Thread] INFO  Engine               -              Join the FXGL chat at: https://gitter.im/AlmasB/FXGL
18:42:23.093 [JavaFX Application Thread] DEBUG PrimaryStageWindow   - Creating a JavaFX scene
18:42:23.169 [JavaFX Application Thread] DEBUG PrimaryStageWindow   - Target settings size: 1280.0 x 720.0
18:42:23.170 [JavaFX Application Thread] DEBUG PrimaryStageWindow   - Scaled scene size:    1280.0 x 720.0
18:42:23.171 [JavaFX Application Thread] DEBUG PrimaryStageWindow   - Scaled ratio: (1.0, 1.0)
18:42:23.172 [JavaFX Application Thread] DEBUG PrimaryStageWindow   - Set initial scene to FXGLStartupScene
18:42:23.177 [JavaFX Application Thread] DEBUG PrimaryStageWindow   - Opening main window
18:42:23.321 [JavaFX Application Thread] DEBUG PrimaryStageWindow   - Window border size: (16.0, 39.0)
18:42:23.322 [JavaFX Application Thread] DEBUG PrimaryStageWindow   - Scaled size: 1280.0 x 720.0
18:42:23.323 [JavaFX Application Thread] DEBUG PrimaryStageWindow   - Scaled ratio: (1.0, 1.0)
18:42:23.324 [JavaFX Application Thread] DEBUG PrimaryStageWindow   - Scene size: 1280.0 x 720.0
18:42:23.324 [JavaFX Application Thread] DEBUG PrimaryStageWindow   - Stage size: 1296.0 x 759.0
18:42:23.334 [FXGL Background Thread 1 ] DEBUG Engine               - Initializing environment variables
18:42:23.417 [FXGL Background Thread 1 ] DEBUG FXGLAssetLoaderServi - User app class for loading assets: class com.example.rpgplatform.RPGPlatform
18:42:23.417 [FXGL Background Thread 1 ] DEBUG GameApplicationServi - Applying CSS: fxgl_dark.css
18:42:23.418 [FXGL Background Thread 1 ] DEBUG FXGLAssetLoaderServi - Loading from file system: jar:file:///C:/Users/User/.m2/repository/com/github/almasb/fxgl/17.3/fxgl-17.3.jar!/fxglassets/ui/css/fxgl_dark.css
18:42:23.481 [FXGL Background Thread 1 ] DEBUG GameApplicationServi - Initializing application scenes
18:42:23.554 [FXGL Background Thread 1 ] DEBUG FXGLAssetLoaderServi - Loading from file system: file:/C:/Users/User/IdeaProjects/RPGPlatform/target/classes/assets/textures/WarriorIdle.png
18:42:23.637 [FXGL Background Thread 1 ] DEBUG GameWorld            - Game world initialized
18:42:23.706 [FXGL Background Thread 1 ] DEBUG PhysicsWorld         - Physics world initialized: appHeight=720, physics.ppm=50.0
18:42:23.707 [FXGL Background Thread 1 ] DEBUG PhysicsWorld         - Using strategy: BRUTE_FORCE
18:42:23.711 [FXGL Background Thread 1 ] DEBUG GameScene            - Game scene initialized: 1280x720
18:42:23.722 [FXGL Background Thread 1 ] DEBUG FXGL.DefaultMenu     - createMenuBodyGameMenu()
18:42:23.774 [FXGL Background Thread 1 ] DEBUG FXGL.DefaultMenu     - createOptionsMenu()
18:42:23.798 [FXGL Background Thread 1 ] DEBUG FXGLAssetLoaderServi - Loading from file system: jar:file:///C:/Users/User/.m2/repository/com/github/almasb/fxgl/17.3/fxgl-17.3.jar!/fxglassets/textures/particles/smoke.png
18:42:23.894 [FXGL Background Thread 1 ] DEBUG FXGLAssetLoaderServi - Loading from file system: jar:file:///C:/Users/User/.m2/repository/com/github/almasb/fxgl/17.3/fxgl-17.3.jar!/fxglassets/textures/particles/trace_horizontal.png
18:42:23.913 [FXGL Background Thread 1 ] DEBUG GameApplicationServi - Application scenes initialized
18:42:23.929 [FXGL Background Thread 1 ] DEBUG SystemBundleService  - Loading FXGL system data
18:42:23.934 [FXGL Background Thread 1 ] DEBUG FileSystemAccess     - Reading from: C:\Users\User\IdeaProjects\RPGPlatform\system\fxgl.bundle
18:42:23.973 [FXGL Background Thread 1 ] DEBUG SystemBundleService  - Bundle FXGL: {}
18:42:23.974 [FXGL Background Thread 1 ] DEBUG UpdaterService       - Checking for updates
18:42:24.024 [FXGL Background Thread 1 ] DEBUG FXGLApplication      - Loading default localization
18:42:24.025 [FXGL Background Thread 1 ] DEBUG FXGLAssetLoaderServi - Loading from file system: jar:file:///C:/Users/User/.m2/repository/com/github/almasb/fxgl/17.3/fxgl-17.3.jar!/fxglassets/languages/english.lang
18:42:24.026 [FXGL Background Thread 4 ] DEBUG FXGLApplication      - Loading fonts
18:42:24.027 [FXGL Background Thread 4 ] DEBUG FXGLAssetLoaderServi - Loading from file system: jar:file:///C:/Users/User/.m2/repository/com/github/almasb/fxgl/17.3/fxgl-17.3.jar!/fxglassets/ui/fonts/VarelaRound-Regular.ttf
18:42:24.063 [FXGL Background Thread 1 ] INFO  FXGLApplication      - FXGL initialization took: 0.729 sec
18:42:24.073 [JavaFX Application Thread] DEBUG Input                - Registered new binding: Left - A
18:42:24.073 [JavaFX Application Thread] DEBUG Input                - Registered new binding: Right - D
18:42:24.074 [JavaFX Application Thread] DEBUG Input                - Registered new binding: Jump - W
18:42:24.074 [JavaFX Application Thread] DEBUG Input                - Registered new binding: BasicAttack - I
18:42:24.074 [JavaFX Application Thread] DEBUG Input                - Registered new binding: SkillAttack - P
18:42:24.074 [JavaFX Application Thread] DEBUG Input                - Registered new binding: Left - A
18:42:24.074 [JavaFX Application Thread] DEBUG Input                - Registered new binding: Right - D
18:42:24.075 [JavaFX Application Thread] DEBUG Input                - Registered new binding: Jump - W
18:42:24.075 [JavaFX Application Thread] DEBUG Input                - Registered new binding: BasicAttack - I
18:42:24.075 [JavaFX Application Thread] DEBUG Input                - Registered new binding: SkillAttack - P
18:42:24.075 [JavaFX Application Thread] DEBUG FXGLAssetLoaderServi - Loading from file system: file:/C:/Users/User/IdeaProjects/RPGPlatform/target/classes/assets/music/BGM_dash_runner.wav
18:42:24.122 [FXGL Background Thread 4 ] DEBUG FXGLAssetLoaderServi - Loading from file system: jar:file:///C:/Users/User/.m2/repository/com/github/almasb/fxgl/17.3/fxgl-17.3.jar!/fxglassets/ui/fonts/Abel-Regular.ttf
18:42:24.151 [FXGL Background Thread 4 ] DEBUG FXGLAssetLoaderServi - Loading from file system: jar:file:///C:/Users/User/.m2/repository/com/github/almasb/fxgl/17.3/fxgl-17.3.jar!/fxglassets/ui/fonts/TerminalLandMono-Regular.otf
18:42:24.226 [FXGL Background Thread 4 ] DEBUG FXGLAssetLoaderServi - Loading from file system: jar:file:///C:/Users/User/.m2/repository/com/github/almasb/fxgl/17.3/fxgl-17.3.jar!/fxglassets/ui/fonts/Courier-Prime.ttf
18:42:24.414 [JavaFX Application Thread] DEBUG AudioPlayer          - Playing music com.almasb.fxgl.audio.Music@7a0b3aab
18:42:24.417 [JavaFX Application Thread] DEBUG FXGLAssetLoaderServi - Loading from file system: jar:file:///C:/Users/User/.m2/repository/com/github/almasb/fxgl/17.3/fxgl-17.3.jar!/fxglassets/textures/fxgl_icon.png
18:42:24.449 [JavaFX Application Thread] DEBUG FXGLAssetLoaderServi - Loading from file system: jar:file:///C:/Users/User/.m2/repository/com/github/almasb/fxgl/17.3/fxgl-17.3.jar!/fxglassets/textures/fxgl_default_cursor.png
18:42:24.452 [JavaFX Application Thread] DEBUG Input                - Registered new binding: Screenshot - CTRL+8
18:42:24.455 [JavaFX Application Thread] DEBUG Input                - Registered new binding: Dev Options - 1
18:42:24.455 [JavaFX Application Thread] DEBUG Input                - Registered new binding: Dev Console - 2
18:42:24.456 [JavaFX Application Thread] DEBUG Input                - Registered new binding: System info dump - CTRL+9
18:42:24.456 [JavaFX Application Thread] DEBUG Input                - Registered new binding: Restart - CTRL+R
18:42:24.457 [JavaFX Application Thread] DEBUG Input                - Registered new binding: Toggle Debug Camera - CTRL+7
18:42:24.463 [JavaFX Application Thread] DEBUG LoopRunner           - Starting loop
18:42:24.496 [JavaFX Application Thread] DEBUG LoopRunner           - Initializing JavaFX AnimationTimerLoop
18:42:24.498 [JavaFX Application Thread] DEBUG GameApplicationServi - Starting new game
18:42:24.499 [JavaFX Application Thread] DEBUG Input                - Clearing active input actions
18:42:24.563 [JavaFX Application Thread] DEBUG GameApplicationServi - Removing overlay from FXGLStartupScene and adding to MainLoadingScene
18:42:24.667 [JavaFX Application Thread] DEBUG PrimaryStageWindow   - FXGLStartupScene -> MainLoadingScene
18:42:24.667 [JavaFX Application Thread] DEBUG GameApplicationServi - Clearing previous game
18:42:24.672 [JavaFX Application Thread] DEBUG GameScene            - Clearing game scene
18:42:24.672 [JavaFX Application Thread] DEBUG GameWorld            - Clearing game world
18:42:24.672 [JavaFX Application Thread] DEBUG PhysicsWorld         - Clearing physics world
18:42:24.675 [FXGL Background Thread 4 ] DEBUG FXGLApplication      - Initializing game
18:42:24.676 [JavaFX Application Thread] DEBUG FXGLApplication      - Registering font factories with UI factory
18:42:24.684 [FXGL Background Thread 4 ] INFO  FXGLApplication      - Game initialization took: 0.009 sec
18:42:25.131 [JavaFX Application Thread] DEBUG Input                - Clearing active input actions
18:42:25.143 [JavaFX Application Thread] DEBUG GameApplicationServi - Removing overlay from MainLoadingScene and adding to GameScene
18:42:25.213 [JavaFX Application Thread] DEBUG PrimaryStageWindow   - MainLoadingScene -> GameScene
18:42:25.364 [FXGL Background Thread 2 ] INFO  UpdaterService       - Your current version:  17.3
18:42:25.365 [FXGL Background Thread 2 ] INFO  UpdaterService       - Latest stable version: 21.1
18:42:25.878 [JavaFX Application Thread] DEBUG PrimaryStageWindow   - Push state: DialogSubScene
18:42:25.879 [JavaFX Application Thread] DEBUG Input                - Clearing active input actions
18:42:25.880 [JavaFX Application Thread] DEBUG GameApplicationServi - Removing overlay from GameScene and adding to DialogSubScene
18:42:25.886 [JavaFX Application Thread] DEBUG PrimaryStageWindow   - GameScene -> DialogSubScene
18:42:27.021 [FXGL Background Thread 3 ] DEBUG Engine               - Logging environment variables
18:42:27.021 [FXGL Background Thread 3 ] DEBUG Engine               - achievements: []
18:42:27.023 [FXGL Background Thread 3 ] DEBUG Engine               - actualHeight: 720.0
18:42:27.024 [FXGL Background Thread 3 ] DEBUG Engine               - actualHeightProperty: ReadOnlyDoubleProperty [value: 720.0]
18:42:27.024 [FXGL Background Thread 3 ] DEBUG Engine               - actualWidth: 1280.0
18:42:27.025 [FXGL Background Thread 3 ] DEBUG Engine               - actualWidthProperty: ReadOnlyDoubleProperty [value: 1280.0]
18:42:27.026 [FXGL Background Thread 3 ] DEBUG Engine               - appIcon: fxgl_icon.png
18:42:27.028 [FXGL Background Thread 3 ] DEBUG Engine               - applicationMode: DEVELOPER
18:42:27.028 [FXGL Background Thread 3 ] DEBUG Engine               - cSSList: [fxgl_dark.css]
18:42:27.028 [FXGL Background Thread 3 ] DEBUG Engine               - collisionDetectionStrategy: BRUTE_FORCE
18:42:27.029 [FXGL Background Thread 3 ] DEBUG Engine               - configClass: Optional.empty
18:42:27.029 [FXGL Background Thread 3 ] DEBUG Engine               - credits: []
18:42:27.032 [FXGL Background Thread 3 ] DEBUG Engine               - defaultCursor: CursorInfo(imageName=fxgl_default_cursor.png, hotspotX=7.0, hotspotY=6.0)
18:42:27.032 [FXGL Background Thread 3 ] DEBUG Engine               - devBBoxColorProperty: ObjectProperty [value: 0xff0000ff]
18:42:27.033 [FXGL Background Thread 3 ] DEBUG Engine               - devEnableDebugCameraProperty: BooleanProperty [value: false]
18:42:27.033 [FXGL Background Thread 3 ] DEBUG Engine               - devSensorColorProperty: ObjectProperty [value: 0xffff00ff]
18:42:27.034 [FXGL Background Thread 3 ] DEBUG Engine               - devShowBBoxProperty: BooleanProperty [value: false]
18:42:27.036 [FXGL Background Thread 3 ] DEBUG Engine               - devShowPositionProperty: BooleanProperty [value: false]
18:42:27.037 [FXGL Background Thread 3 ] DEBUG Engine               - enabledMenuItems: []
18:42:27.038 [FXGL Background Thread 3 ] DEBUG Engine               - engineServices: [class com.almasb.fxgl.app.services.FXGLAssetLoaderService, class com.almasb.fxgl.app.FXGLApplication$GameApplicationService, class com.almasb.fxgl.app.services.FXGLDialogService, class com.almasb.fxgl.app.services.IOTaskExecutorService, class com.almasb.fxgl.io.FileSystemService, class com.almasb.fxgl.localization.LocalizationService, class com.almasb.fxgl.app.services.SystemBundleService, class com.almasb.fxgl.profile.SaveLoadService, class com.almasb.fxgl.ui.FXGLUIFactoryServiceProvider, class com.almasb.fxgl.ui.FXGLDialogFactoryServiceProvider, class com.almasb.fxgl.audio.AudioPlayer, class com.almasb.fxgl.notification.impl.NotificationServiceProvider, class com.almasb.fxgl.achievement.AchievementService, class com.almasb.fxgl.cutscene.CutsceneService, class com.almasb.fxgl.minigames.MiniGameService, class com.almasb.fxgl.net.NetService, class com.almasb.fxgl.app.services.UpdaterService, class com.almasb.fxgl.dev.DevService, class com.almasb.fxgl.multiplayer.MultiplayerService]
18:42:27.038 [FXGL Background Thread 3 ] DEBUG Engine               - fontGame: Abel-Regular.ttf
18:42:27.038 [FXGL Background Thread 3 ] DEBUG Engine               - fontMono: TerminalLandMono-Regular.otf
18:42:27.038 [FXGL Background Thread 3 ] DEBUG Engine               - fontSizeScaleUI: 1.0
18:42:27.039 [FXGL Background Thread 3 ] DEBUG Engine               - fontText: Courier-Prime.ttf
18:42:27.039 [FXGL Background Thread 3 ] DEBUG Engine               - fontUI: VarelaRound-Regular.ttf
18:42:27.039 [FXGL Background Thread 3 ] DEBUG Engine               - fullScreen: BooleanProperty [value: false]
18:42:27.039 [FXGL Background Thread 3 ] DEBUG Engine               - gameDifficulty: MEDIUM
18:42:27.039 [FXGL Background Thread 3 ] DEBUG Engine               - gameDifficultyProperty: ObjectProperty [value: MEDIUM]
18:42:27.040 [FXGL Background Thread 3 ] DEBUG Engine               - globalMusicVolume: 0.5
18:42:27.040 [FXGL Background Thread 3 ] DEBUG Engine               - globalMusicVolumeProperty: DoubleProperty [value: 0.0]
18:42:27.040 [FXGL Background Thread 3 ] DEBUG Engine               - globalSoundVolume: 0.5
18:42:27.040 [FXGL Background Thread 3 ] DEBUG Engine               - globalSoundVolumeProperty: DoubleProperty [value: 0.5]
18:42:27.040 [FXGL Background Thread 3 ] DEBUG Engine               - height: 720
18:42:27.041 [FXGL Background Thread 3 ] DEBUG Engine               - is3D: false
18:42:27.041 [FXGL Background Thread 3 ] DEBUG Engine               - isAndroid: false
18:42:27.041 [FXGL Background Thread 3 ] DEBUG Engine               - isBrowser: false
18:42:27.041 [FXGL Background Thread 3 ] DEBUG Engine               - isClickFeedbackEnabled: false
18:42:27.041 [FXGL Background Thread 3 ] DEBUG Engine               - isCloseConfirmation: false
18:42:27.041 [FXGL Background Thread 3 ] DEBUG Engine               - isDesktop: true
18:42:27.041 [FXGL Background Thread 3 ] DEBUG Engine               - isDeveloperMenuEnabled: true
18:42:27.041 [FXGL Background Thread 3 ] DEBUG Engine               - isEmbedded: false
18:42:27.041 [FXGL Background Thread 3 ] DEBUG Engine               - isEntityPreloadEnabled: true
18:42:27.041 [FXGL Background Thread 3 ] DEBUG Engine               - isExperimentalTiledLargeMap: false
18:42:27.041 [FXGL Background Thread 3 ] DEBUG Engine               - isFileSystemWriteAllowed: true
18:42:27.041 [FXGL Background Thread 3 ] DEBUG Engine               - isFullScreenAllowed: false
18:42:27.041 [FXGL Background Thread 3 ] DEBUG Engine               - isFullScreenFromStart: false
18:42:27.041 [FXGL Background Thread 3 ] DEBUG Engine               - isGameMenuEnabled: true
18:42:27.041 [FXGL Background Thread 3 ] DEBUG Engine               - isIOS: false
18:42:27.042 [FXGL Background Thread 3 ] DEBUG Engine               - isIntroEnabled: false
18:42:27.042 [FXGL Background Thread 3 ] DEBUG Engine               - isLinux: false
18:42:27.042 [FXGL Background Thread 3 ] DEBUG Engine               - isMac: false
18:42:27.042 [FXGL Background Thread 3 ] DEBUG Engine               - isMainMenuEnabled: false
18:42:27.042 [FXGL Background Thread 3 ] DEBUG Engine               - isManualResizeEnabled: false
18:42:27.042 [FXGL Background Thread 3 ] DEBUG Engine               - isMobile: false
18:42:27.042 [FXGL Background Thread 3 ] DEBUG Engine               - isNative: false
18:42:27.042 [FXGL Background Thread 3 ] DEBUG Engine               - isPauseMusicWhenMinimized: true
18:42:27.042 [FXGL Background Thread 3 ] DEBUG Engine               - isPreserveResizeRatio: false
18:42:27.042 [FXGL Background Thread 3 ] DEBUG Engine               - isProfilingEnabled: false
18:42:27.042 [FXGL Background Thread 3 ] DEBUG Engine               - isScaleAffectedOnResize: true
18:42:27.042 [FXGL Background Thread 3 ] DEBUG Engine               - isSingleStep: false
18:42:27.042 [FXGL Background Thread 3 ] DEBUG Engine               - isUserProfileEnabled: false
18:42:27.042 [FXGL Background Thread 3 ] DEBUG Engine               - isWindows: true
18:42:27.042 [FXGL Background Thread 3 ] DEBUG Engine               - language: ObjectProperty [value: ENGLISH]
18:42:27.042 [FXGL Background Thread 3 ] DEBUG Engine               - menuKey: ESCAPE
18:42:27.043 [FXGL Background Thread 3 ] DEBUG Engine               - mouseSensitivity: 0.2
18:42:27.043 [FXGL Background Thread 3 ] DEBUG Engine               - notificationViewClass: class com.almasb.fxgl.notification.view.XboxNotificationView
18:42:27.043 [FXGL Background Thread 3 ] DEBUG Engine               - pixelsPerMeter: 50.0
18:42:27.043 [FXGL Background Thread 3 ] DEBUG Engine               - platform: WINDOWS
18:42:27.043 [FXGL Background Thread 3 ] DEBUG Engine               - prefHeightProperty: ReadOnlyDoubleProperty [value: 720.0]
18:42:27.043 [FXGL Background Thread 3 ] DEBUG Engine               - prefWidthProperty: ReadOnlyDoubleProperty [value: 1280.0]
18:42:27.043 [FXGL Background Thread 3 ] DEBUG Engine               - profileDir: profiles/
18:42:27.043 [FXGL Background Thread 3 ] DEBUG Engine               - profileName: StringProperty [value: DEFAULT]
18:42:27.043 [FXGL Background Thread 3 ] DEBUG Engine               - randomSeed: -1
18:42:27.044 [FXGL Background Thread 3 ] DEBUG Engine               - runtimeInfo: RuntimeInfo(platform=WINDOWS, version=17.3, build=30.03.2023 11.49)
18:42:27.044 [FXGL Background Thread 3 ] DEBUG Engine               - saveFileExt: sav
18:42:27.044 [FXGL Background Thread 3 ] DEBUG Engine               - scaledHeightProp$fxgl: DoubleProperty [bound, value: 720.0]
18:42:27.044 [FXGL Background Thread 3 ] DEBUG Engine               - scaledWidthProp$fxgl: DoubleProperty [bound, value: 1280.0]
18:42:27.044 [FXGL Background Thread 3 ] DEBUG Engine               - sceneFactory: com.example.rpgplatform.RPGPlatform$1@5123b277
18:42:27.044 [FXGL Background Thread 3 ] DEBUG Engine               - secondsIn24h: 60
18:42:27.044 [FXGL Background Thread 3 ] DEBUG Engine               - soundMenuBack: menu/back.wav
18:42:27.044 [FXGL Background Thread 3 ] DEBUG Engine               - soundMenuPress: menu/press.wav
18:42:27.044 [FXGL Background Thread 3 ] DEBUG Engine               - soundMenuSelect: menu/select.wav
18:42:27.044 [FXGL Background Thread 3 ] DEBUG Engine               - soundNotification: core/notification.wav
18:42:27.044 [FXGL Background Thread 3 ] DEBUG Engine               - stageStyle: DECORATED
18:42:27.044 [FXGL Background Thread 3 ] DEBUG Engine               - supportedLanguages: [ENGLISH, FRENCH, GERMAN, HUNGARIAN, RUSSIAN]
18:42:27.044 [FXGL Background Thread 3 ] DEBUG Engine               - ticksPerSecond: -1
18:42:27.045 [FXGL Background Thread 3 ] DEBUG Engine               - title: Flat Former Game
18:42:27.045 [FXGL Background Thread 3 ] DEBUG Engine               - urlGithub: https://github.com/AlmasB/FXGL
18:42:27.045 [FXGL Background Thread 3 ] DEBUG Engine               - urlLeaderboard: http://fxgl-top.herokuapp.com/
18:42:27.045 [FXGL Background Thread 3 ] DEBUG Engine               - urlPOM: https://raw.githubusercontent.com/AlmasB/FXGL/release/README.md
18:42:27.046 [FXGL Background Thread 3 ] DEBUG Engine               - userAppClass: class com.example.rpgplatform.RPGPlatform
18:42:27.046 [FXGL Background Thread 3 ] DEBUG Engine               - version: 0.0
18:42:27.046 [FXGL Background Thread 3 ] DEBUG Engine               - versionCheckDays: 7
18:42:27.046 [FXGL Background Thread 3 ] DEBUG Engine               - width: 1280
18:42:27.046 [FXGL Background Thread 3 ] DEBUG Engine               - Logging services
18:42:27.046 [FXGL Background Thread 3 ] DEBUG Engine               - class com.almasb.fxgl.app.services.FXGLAssetLoaderService
18:42:27.046 [FXGL Background Thread 3 ] DEBUG Engine               - class com.almasb.fxgl.app.FXGLApplication$GameApplicationService
18:42:27.046 [FXGL Background Thread 3 ] DEBUG Engine               - class com.almasb.fxgl.app.services.FXGLDialogService
18:42:27.046 [FXGL Background Thread 3 ] DEBUG Engine               - class com.almasb.fxgl.app.services.IOTaskExecutorService
18:42:27.046 [FXGL Background Thread 3 ] DEBUG Engine               - class com.almasb.fxgl.io.FileSystemService
18:42:27.046 [FXGL Background Thread 3 ] DEBUG Engine               - class com.almasb.fxgl.localization.LocalizationService
18:42:27.046 [FXGL Background Thread 3 ] DEBUG Engine               - class com.almasb.fxgl.app.services.SystemBundleService
18:42:27.046 [FXGL Background Thread 3 ] DEBUG Engine               - class com.almasb.fxgl.profile.SaveLoadService
18:42:27.046 [FXGL Background Thread 3 ] DEBUG Engine               - class com.almasb.fxgl.ui.FXGLUIFactoryServiceProvider
18:42:27.046 [FXGL Background Thread 3 ] DEBUG Engine               - class com.almasb.fxgl.ui.FXGLDialogFactoryServiceProvider
18:42:27.046 [FXGL Background Thread 3 ] DEBUG Engine               - class com.almasb.fxgl.audio.AudioPlayer
18:42:27.047 [FXGL Background Thread 3 ] DEBUG Engine               - class com.almasb.fxgl.notification.impl.NotificationServiceProvider
18:42:27.047 [FXGL Background Thread 3 ] DEBUG Engine               - class com.almasb.fxgl.achievement.AchievementService
18:42:27.047 [FXGL Background Thread 3 ] DEBUG Engine               - class com.almasb.fxgl.cutscene.CutsceneService
18:42:27.047 [FXGL Background Thread 3 ] DEBUG Engine               - class com.almasb.fxgl.minigames.MiniGameService
18:42:27.047 [FXGL Background Thread 3 ] DEBUG Engine               - class com.almasb.fxgl.net.NetService
18:42:27.047 [FXGL Background Thread 3 ] DEBUG Engine               - class com.almasb.fxgl.app.services.UpdaterService
18:42:27.047 [FXGL Background Thread 3 ] DEBUG Engine               - class com.almasb.fxgl.dev.DevService
18:42:27.047 [FXGL Background Thread 3 ] DEBUG Engine               - class com.almasb.fxgl.multiplayer.MultiplayerService
18:42:46.290 [JavaFX Application Thread] DEBUG PrimaryStageWindow   - Pop state: DialogSubScene
18:42:46.290 [JavaFX Application Thread] DEBUG Input                - Clearing active input actions
18:42:46.291 [JavaFX Application Thread] DEBUG GameApplicationServi - Removing overlay from DialogSubScene and adding to GameScene
18:42:46.292 [JavaFX Application Thread] DEBUG PrimaryStageWindow   - GameScene <- DialogSubScene
18:42:46.332 [JavaFX Application Thread] DEBUG TMXLevelLoader       - Parsed TiledMap: file:/C:/Users/User/IdeaProjects/RPGPlatform/target/classes/assets/levels/tmx/level1.tmx
18:42:46.333 [JavaFX Application Thread] DEBUG TMXLevelLoader       - Creating tile layer entities
18:42:46.334 [JavaFX Application Thread] DEBUG TilesetLoader        - Loading view for layer Tile Layer 1
18:42:46.335 [JavaFX Application Thread] DEBUG TilesetLoader        - Created buffer with size 1050.0x700.0
18:42:46.348 [JavaFX Application Thread] DEBUG TMXLevelLoader       - Creating object layer entities
18:42:46.368 [JavaFX Application Thread] DEBUG GameWorld            - Clearing removable entities
18:42:46.369 [JavaFX Application Thread] DEBUG GameWorld            - Setting level: com.almasb.fxgl.entity.level.Level@37c2381
18:42:46.376 [ClientAsyncConnThread    ] DEBUG TCPClient            - Connecting to localhost:55555 type: class com.almasb.fxgl.core.serialization.Bundle
18:42:46.377 [ClientAsyncConnThread    ] DEBUG TCPClient            - Created socket to localhost:55555
18:42:46.383 [ClientAsyncConnThread    ] DEBUG Endpoint             - TCPClient opening new connection (1) from localhost/127.0.0.1:55555 type: class com.almasb.fxgl.core.serialization.Bundle
18:42:46.384 [ClientAsyncConnThread    ] DEBUG Endpoint             - TCPClient successfully opened connection (1)
18:42:46.406 [TCPClient_SendThread-1   ] DEBUG Writers              - Getting TCPMessageWriter for class com.almasb.fxgl.core.serialization.Bundle
18:42:46.408 [TCPClient_SendThread-1   ] DEBUG Writers              - Constructed TCPMessageWriter for class com.almasb.fxgl.core.serialization.Bundle: BundleTCPMessageWriter
18:42:46.411 [TCPClient_RecvThread-1   ] DEBUG Readers              - Getting TCPMessageReader for class com.almasb.fxgl.core.serialization.Bundle
18:42:46.415 [TCPClient_RecvThread-1   ] DEBUG Readers              - Constructed MessageReader for class com.almasb.fxgl.core.serialization.Bundle: BundleTCPMessageReader
18:42:46.474 [JavaFX Application Thread] DEBUG FXGLAssetLoaderServi - Loading from file system: file:/C:/Users/User/IdeaProjects/RPGPlatform/target/classes/assets/textures/WarriorHigh_Jump.png
18:42:46.480 [JavaFX Application Thread] DEBUG FXGLAssetLoaderServi - Loading from file system: file:/C:/Users/User/IdeaProjects/RPGPlatform/target/classes/assets/textures/WarriorWalk.png
18:42:46.483 [JavaFX Application Thread] DEBUG FXGLAssetLoaderServi - Loading from file system: file:/C:/Users/User/IdeaProjects/RPGPlatform/target/classes/assets/textures/WarriorAttack.png
18:42:46.486 [JavaFX Application Thread] DEBUG FXGLAssetLoaderServi - Loading from file system: file:/C:/Users/User/IdeaProjects/RPGPlatform/target/classes/assets/textures/WarriorSpecialAttack.png
18:42:46.517 [JavaFX Application Thread] DEBUG FXGLAssetLoaderServi - Loading from file system: file:/C:/Users/User/IdeaProjects/RPGPlatform/target/classes/assets/textures/background/windrise-background.png
18:43:23.372 [JavaFX Application Thread] DEBUG FXGLApplication      - Exiting FXGL
18:43:23.372 [JavaFX Application Thread] DEBUG LoopRunner           - Stopping loop
18:43:23.372 [JavaFX Application Thread] DEBUG SystemBundleService  - Saving FXGL system data
18:43:23.374 [JavaFX Application Thread] DEBUG FileSystemAccess     - Writing to: C:\Users\User\IdeaProjects\RPGPlatform\system\fxgl.bundle
18:43:23.375 [JavaFX Application Thread] DEBUG Async                - Shutting down background threads
18:43:23.375 [JavaFX Application Thread] DEBUG PrimaryStageWindow   - Closing main window
18:43:23.443 [JavaFX Application Thread] DEBUG Logger               - Closing Logger
