15:59:08.515 [main                     ] DEBUG Logger               - Configured Logger
15:59:08.547 [main                     ] DEBUG GameApplication      - Logging settings
Title: FUCK THIS SHIT
Version: 0.0
Width: 1280
Height: 720
Fullscreen: false
Intro: false
Profiling: false
Single step:false
App Mode: DEVELOPER
Menu Key: ESCAPE
Stage Style: DECORATED
Scene Factory: class com.example.rpgplatform.RPGPlatform$1

15:59:08.975 [JavaFX Application Thread] DEBUG FXGLApplication      - Initializing FXGL
15:59:08.980 [JavaFX Application Thread] INFO  Engine               - FXGL-17.3 (30.03.2023 11.49) on WINDOWS (J:21.0.2 FX:21)
15:59:08.980 [JavaFX Application Thread] DEBUG Engine               - JRE Vendor Name: Oracle Corporation
15:59:08.981 [JavaFX Application Thread] DEBUG Engine               - Running on OS: Windows 10 version 10.0
15:59:08.981 [JavaFX Application Thread] DEBUG Engine               - Architecture: amd64
15:59:08.981 [JavaFX Application Thread] INFO  Engine               - Source code and latest versions at: https://github.com/AlmasB/FXGL
15:59:08.981 [JavaFX Application Thread] INFO  Engine               -       Ask questions and discuss at: https://github.com/AlmasB/FXGL/discussions
15:59:08.981 [JavaFX Application Thread] INFO  Engine               -              Join the FXGL chat at: https://gitter.im/AlmasB/FXGL
15:59:09.107 [JavaFX Application Thread] DEBUG PrimaryStageWindow   - Creating a JavaFX scene
15:59:09.166 [JavaFX Application Thread] DEBUG PrimaryStageWindow   - Target settings size: 1280.0 x 720.0
15:59:09.167 [JavaFX Application Thread] DEBUG PrimaryStageWindow   - Scaled scene size:    1280.0 x 720.0
15:59:09.167 [JavaFX Application Thread] DEBUG PrimaryStageWindow   - Scaled ratio: (1.0, 1.0)
15:59:09.169 [JavaFX Application Thread] DEBUG PrimaryStageWindow   - Set initial scene to FXGLStartupScene
15:59:09.172 [JavaFX Application Thread] DEBUG PrimaryStageWindow   - Opening main window
15:59:09.271 [JavaFX Application Thread] DEBUG PrimaryStageWindow   - Window border size: (16.0, 39.0)
15:59:09.271 [JavaFX Application Thread] DEBUG PrimaryStageWindow   - Scaled size: 1280.0 x 720.0
15:59:09.271 [JavaFX Application Thread] DEBUG PrimaryStageWindow   - Scaled ratio: (1.0, 1.0)
15:59:09.271 [JavaFX Application Thread] DEBUG PrimaryStageWindow   - Scene size: 1280.0 x 720.0
15:59:09.272 [JavaFX Application Thread] DEBUG PrimaryStageWindow   - Stage size: 1296.0 x 759.0
15:59:09.284 [FXGL Background Thread 1 ] DEBUG Engine               - Initializing environment variables
15:59:09.362 [FXGL Background Thread 1 ] DEBUG FXGLAssetLoaderServi - User app class for loading assets: class com.example.rpgplatform.RPGPlatform
15:59:09.362 [FXGL Background Thread 1 ] DEBUG GameApplicationServi - Applying CSS: fxgl_dark.css
15:59:09.364 [FXGL Background Thread 1 ] DEBUG FXGLAssetLoaderServi - Loading from file system: jar:file:///C:/Users/User/.m2/repository/com/github/almasb/fxgl/17.3/fxgl-17.3.jar!/fxglassets/ui/css/fxgl_dark.css
15:59:09.423 [FXGL Background Thread 1 ] DEBUG GameApplicationServi - Initializing application scenes
15:59:09.487 [FXGL Background Thread 1 ] DEBUG FXGLAssetLoaderServi - Loading from file system: file:/C:/Users/User/IdeaProjects/RPGPlatform/target/classes/assets/textures/WarriorIdle.png
15:59:09.545 [FXGL Background Thread 1 ] DEBUG GameWorld            - Game world initialized
15:59:09.608 [FXGL Background Thread 1 ] DEBUG PhysicsWorld         - Physics world initialized: appHeight=720, physics.ppm=50.0
15:59:09.609 [FXGL Background Thread 1 ] DEBUG PhysicsWorld         - Using strategy: BRUTE_FORCE
15:59:09.614 [FXGL Background Thread 1 ] DEBUG GameScene            - Game scene initialized: 1280x720
15:59:09.626 [FXGL Background Thread 1 ] DEBUG FXGL.DefaultMenu     - createMenuBodyGameMenu()
15:59:09.674 [FXGL Background Thread 1 ] DEBUG FXGL.DefaultMenu     - createOptionsMenu()
15:59:09.692 [FXGL Background Thread 1 ] DEBUG FXGLAssetLoaderServi - Loading from file system: jar:file:///C:/Users/User/.m2/repository/com/github/almasb/fxgl/17.3/fxgl-17.3.jar!/fxglassets/textures/particles/smoke.png
15:59:09.776 [FXGL Background Thread 1 ] DEBUG FXGLAssetLoaderServi - Loading from file system: jar:file:///C:/Users/User/.m2/repository/com/github/almasb/fxgl/17.3/fxgl-17.3.jar!/fxglassets/textures/particles/trace_horizontal.png
15:59:09.802 [FXGL Background Thread 1 ] DEBUG GameApplicationServi - Application scenes initialized
15:59:09.819 [FXGL Background Thread 1 ] DEBUG SystemBundleService  - Loading FXGL system data
15:59:09.824 [FXGL Background Thread 1 ] DEBUG FileSystemAccess     - Reading from: C:\Users\User\IdeaProjects\RPGPlatform\system\fxgl.bundle
15:59:09.839 [FXGL Background Thread 1 ] DEBUG SystemBundleService  - Bundle FXGL: {}
15:59:09.839 [FXGL Background Thread 1 ] DEBUG UpdaterService       - Checking for updates
15:59:09.882 [FXGL Background Thread 1 ] DEBUG FXGLApplication      - Loading default localization
15:59:09.883 [FXGL Background Thread 1 ] DEBUG FXGLAssetLoaderServi - Loading from file system: jar:file:///C:/Users/User/.m2/repository/com/github/almasb/fxgl/17.3/fxgl-17.3.jar!/fxglassets/languages/english.lang
15:59:09.900 [FXGL Background Thread 4 ] DEBUG FXGLApplication      - Loading fonts
15:59:09.910 [FXGL Background Thread 1 ] INFO  FXGLApplication      - FXGL initialization took: 0.625 sec
15:59:09.913 [FXGL Background Thread 4 ] DEBUG FXGLAssetLoaderServi - Loading from file system: jar:file:///C:/Users/User/.m2/repository/com/github/almasb/fxgl/17.3/fxgl-17.3.jar!/fxglassets/ui/fonts/VarelaRound-Regular.ttf
15:59:09.922 [JavaFX Application Thread] DEBUG Input                - Registered new binding: Left - A
15:59:09.922 [JavaFX Application Thread] DEBUG Input                - Registered new binding: Right - D
15:59:09.922 [JavaFX Application Thread] DEBUG Input                - Registered new binding: Jump - W
15:59:09.923 [JavaFX Application Thread] DEBUG Input                - Registered new binding: BasicAttack - I
15:59:09.923 [JavaFX Application Thread] DEBUG Input                - Registered new binding: SkillAttack - P
15:59:09.923 [JavaFX Application Thread] DEBUG FXGLAssetLoaderServi - Loading from file system: file:/C:/Users/User/IdeaProjects/RPGPlatform/target/classes/assets/music/BGM_dash_runner.wav
15:59:09.971 [FXGL Background Thread 4 ] DEBUG FXGLAssetLoaderServi - Loading from file system: jar:file:///C:/Users/User/.m2/repository/com/github/almasb/fxgl/17.3/fxgl-17.3.jar!/fxglassets/ui/fonts/Abel-Regular.ttf
15:59:09.982 [FXGL Background Thread 4 ] DEBUG FXGLAssetLoaderServi - Loading from file system: jar:file:///C:/Users/User/.m2/repository/com/github/almasb/fxgl/17.3/fxgl-17.3.jar!/fxglassets/ui/fonts/TerminalLandMono-Regular.otf
15:59:09.985 [FXGL Background Thread 4 ] DEBUG FXGLAssetLoaderServi - Loading from file system: jar:file:///C:/Users/User/.m2/repository/com/github/almasb/fxgl/17.3/fxgl-17.3.jar!/fxglassets/ui/fonts/Courier-Prime.ttf
15:59:10.160 [JavaFX Application Thread] DEBUG AudioPlayer          - Playing music com.almasb.fxgl.audio.Music@29939439
15:59:10.161 [JavaFX Application Thread] DEBUG FXGLAssetLoaderServi - Loading from file system: jar:file:///C:/Users/User/.m2/repository/com/github/almasb/fxgl/17.3/fxgl-17.3.jar!/fxglassets/textures/fxgl_icon.png
15:59:10.176 [JavaFX Application Thread] DEBUG FXGLAssetLoaderServi - Loading from file system: jar:file:///C:/Users/User/.m2/repository/com/github/almasb/fxgl/17.3/fxgl-17.3.jar!/fxglassets/textures/fxgl_default_cursor.png
15:59:10.179 [JavaFX Application Thread] DEBUG Input                - Registered new binding: Screenshot - CTRL+8
15:59:10.179 [JavaFX Application Thread] DEBUG Input                - Registered new binding: Dev Options - 1
15:59:10.180 [JavaFX Application Thread] DEBUG Input                - Registered new binding: Dev Console - 2
15:59:10.181 [JavaFX Application Thread] DEBUG Input                - Registered new binding: System info dump - CTRL+9
15:59:10.181 [JavaFX Application Thread] DEBUG Input                - Registered new binding: Restart - CTRL+R
15:59:10.182 [JavaFX Application Thread] DEBUG Input                - Registered new binding: Toggle Debug Camera - CTRL+7
15:59:10.186 [JavaFX Application Thread] DEBUG LoopRunner           - Starting loop
15:59:10.202 [JavaFX Application Thread] DEBUG LoopRunner           - Initializing JavaFX AnimationTimerLoop
15:59:10.203 [JavaFX Application Thread] DEBUG GameApplicationServi - Starting new game
15:59:10.203 [JavaFX Application Thread] DEBUG Input                - Clearing active input actions
15:59:10.233 [JavaFX Application Thread] DEBUG GameApplicationServi - Removing overlay from FXGLStartupScene and adding to MainLoadingScene
15:59:10.238 [JavaFX Application Thread] DEBUG PrimaryStageWindow   - FXGLStartupScene -> MainLoadingScene
15:59:10.238 [JavaFX Application Thread] DEBUG GameApplicationServi - Clearing previous game
15:59:10.239 [JavaFX Application Thread] DEBUG GameScene            - Clearing game scene
15:59:10.239 [JavaFX Application Thread] DEBUG GameWorld            - Clearing game world
15:59:10.239 [JavaFX Application Thread] DEBUG PhysicsWorld         - Clearing physics world
15:59:10.241 [FXGL Background Thread 4 ] DEBUG FXGLApplication      - Initializing game
15:59:10.242 [JavaFX Application Thread] DEBUG FXGLApplication      - Registering font factories with UI factory
15:59:10.368 [FXGL Background Thread 4 ] WARN  TMXLevelLoader       - TiledMap generated from 1.2.3. Supported version: 1.9.0. Some features may not be parsed fully.
15:59:10.374 [FXGL Background Thread 4 ] DEBUG TMXLevelLoader       - Parsed TiledMap: file:/C:/Users/User/IdeaProjects/RPGPlatform/target/classes/assets/levels/tmx/level1.tmx
15:59:10.375 [FXGL Background Thread 4 ] DEBUG TMXLevelLoader       - Creating tile layer entities
15:59:10.378 [FXGL Background Thread 4 ] DEBUG TilesetLoader        - Loading view for layer Tile Layer 1
15:59:10.379 [FXGL Background Thread 4 ] DEBUG TilesetLoader        - Created buffer with size 1050.0x700.0
15:59:10.431 [FXGL Background Thread 4 ] DEBUG TMXLevelLoader       - Creating object layer entities
15:59:10.454 [FXGL Background Thread 4 ] DEBUG GameWorld            - Clearing removable entities
15:59:10.454 [FXGL Background Thread 4 ] DEBUG GameWorld            - Setting level: com.almasb.fxgl.entity.level.Level@23d2a82c
15:59:10.464 [FXGL Background Thread 4 ] DEBUG FXGLAssetLoaderServi - Loading from file system: file:/C:/Users/User/IdeaProjects/RPGPlatform/target/classes/assets/textures/WarriorHigh_Jump.png
15:59:10.472 [FXGL Background Thread 4 ] DEBUG FXGLAssetLoaderServi - Loading from file system: file:/C:/Users/User/IdeaProjects/RPGPlatform/target/classes/assets/textures/WarriorWalk.png
15:59:10.476 [FXGL Background Thread 4 ] DEBUG FXGLAssetLoaderServi - Loading from file system: file:/C:/Users/User/IdeaProjects/RPGPlatform/target/classes/assets/textures/WarriorAttack.png
15:59:10.480 [FXGL Background Thread 4 ] DEBUG FXGLAssetLoaderServi - Loading from file system: file:/C:/Users/User/IdeaProjects/RPGPlatform/target/classes/assets/textures/WarriorSpecialAttack.png
15:59:10.509 [FXGL Background Thread 4 ] DEBUG FXGLAssetLoaderServi - Loading from file system: file:/C:/Users/User/IdeaProjects/RPGPlatform/target/classes/assets/textures/background/windrise-background.png
15:59:10.579 [FXGL Background Thread 4 ] INFO  FXGLApplication      - Game initialization took: 0.338 sec
15:59:10.646 [JavaFX Application Thread] DEBUG Input                - Clearing active input actions
15:59:10.654 [JavaFX Application Thread] DEBUG GameApplicationServi - Removing overlay from MainLoadingScene and adding to GameScene
15:59:10.660 [JavaFX Application Thread] DEBUG PrimaryStageWindow   - MainLoadingScene -> GameScene
15:59:10.722 [FXGL Background Thread 2 ] INFO  UpdaterService       - Your current version:  17.3
15:59:10.722 [FXGL Background Thread 2 ] INFO  UpdaterService       - Latest stable version: 21.1
15:59:12.878 [FXGL Background Thread 3 ] DEBUG Engine               - Logging environment variables
15:59:12.878 [FXGL Background Thread 3 ] DEBUG Engine               - achievements: []
15:59:12.879 [FXGL Background Thread 3 ] DEBUG Engine               - actualHeight: 720.0
15:59:12.879 [FXGL Background Thread 3 ] DEBUG Engine               - actualHeightProperty: ReadOnlyDoubleProperty [value: 720.0]
15:59:12.879 [FXGL Background Thread 3 ] DEBUG Engine               - actualWidth: 1280.0
15:59:12.879 [FXGL Background Thread 3 ] DEBUG Engine               - actualWidthProperty: ReadOnlyDoubleProperty [value: 1280.0]
15:59:12.880 [FXGL Background Thread 3 ] DEBUG Engine               - appIcon: fxgl_icon.png
15:59:12.880 [FXGL Background Thread 3 ] DEBUG Engine               - applicationMode: DEVELOPER
15:59:12.880 [FXGL Background Thread 3 ] DEBUG Engine               - cSSList: [fxgl_dark.css]
15:59:12.880 [FXGL Background Thread 3 ] DEBUG Engine               - collisionDetectionStrategy: BRUTE_FORCE
15:59:12.880 [FXGL Background Thread 3 ] DEBUG Engine               - configClass: Optional.empty
15:59:12.880 [FXGL Background Thread 3 ] DEBUG Engine               - credits: []
15:59:12.880 [FXGL Background Thread 3 ] DEBUG Engine               - defaultCursor: CursorInfo(imageName=fxgl_default_cursor.png, hotspotX=7.0, hotspotY=6.0)
15:59:12.881 [FXGL Background Thread 3 ] DEBUG Engine               - devBBoxColorProperty: ObjectProperty [value: 0xff0000ff]
15:59:12.881 [FXGL Background Thread 3 ] DEBUG Engine               - devEnableDebugCameraProperty: BooleanProperty [value: false]
15:59:12.881 [FXGL Background Thread 3 ] DEBUG Engine               - devSensorColorProperty: ObjectProperty [value: 0xffff00ff]
15:59:12.881 [FXGL Background Thread 3 ] DEBUG Engine               - devShowBBoxProperty: BooleanProperty [value: false]
15:59:12.881 [FXGL Background Thread 3 ] DEBUG Engine               - devShowPositionProperty: BooleanProperty [value: false]
15:59:12.881 [FXGL Background Thread 3 ] DEBUG Engine               - enabledMenuItems: []
15:59:12.881 [FXGL Background Thread 3 ] DEBUG Engine               - engineServices: [class com.almasb.fxgl.app.services.FXGLAssetLoaderService, class com.almasb.fxgl.app.FXGLApplication$GameApplicationService, class com.almasb.fxgl.app.services.FXGLDialogService, class com.almasb.fxgl.app.services.IOTaskExecutorService, class com.almasb.fxgl.io.FileSystemService, class com.almasb.fxgl.localization.LocalizationService, class com.almasb.fxgl.app.services.SystemBundleService, class com.almasb.fxgl.profile.SaveLoadService, class com.almasb.fxgl.ui.FXGLUIFactoryServiceProvider, class com.almasb.fxgl.ui.FXGLDialogFactoryServiceProvider, class com.almasb.fxgl.audio.AudioPlayer, class com.almasb.fxgl.notification.impl.NotificationServiceProvider, class com.almasb.fxgl.achievement.AchievementService, class com.almasb.fxgl.cutscene.CutsceneService, class com.almasb.fxgl.minigames.MiniGameService, class com.almasb.fxgl.net.NetService, class com.almasb.fxgl.app.services.UpdaterService, class com.almasb.fxgl.dev.DevService]
15:59:12.881 [FXGL Background Thread 3 ] DEBUG Engine               - fontGame: Abel-Regular.ttf
15:59:12.881 [FXGL Background Thread 3 ] DEBUG Engine               - fontMono: TerminalLandMono-Regular.otf
15:59:12.881 [FXGL Background Thread 3 ] DEBUG Engine               - fontSizeScaleUI: 1.0
15:59:12.881 [FXGL Background Thread 3 ] DEBUG Engine               - fontText: Courier-Prime.ttf
15:59:12.881 [FXGL Background Thread 3 ] DEBUG Engine               - fontUI: VarelaRound-Regular.ttf
15:59:12.881 [FXGL Background Thread 3 ] DEBUG Engine               - fullScreen: BooleanProperty [value: false]
15:59:12.881 [FXGL Background Thread 3 ] DEBUG Engine               - gameDifficulty: MEDIUM
15:59:12.881 [FXGL Background Thread 3 ] DEBUG Engine               - gameDifficultyProperty: ObjectProperty [value: MEDIUM]
15:59:12.881 [FXGL Background Thread 3 ] DEBUG Engine               - globalMusicVolume: 0.5
15:59:12.882 [FXGL Background Thread 3 ] DEBUG Engine               - globalMusicVolumeProperty: DoubleProperty [value: 0.25]
15:59:12.882 [FXGL Background Thread 3 ] DEBUG Engine               - globalSoundVolume: 0.5
15:59:12.882 [FXGL Background Thread 3 ] DEBUG Engine               - globalSoundVolumeProperty: DoubleProperty [value: 0.5]
15:59:12.882 [FXGL Background Thread 3 ] DEBUG Engine               - height: 720
15:59:12.882 [FXGL Background Thread 3 ] DEBUG Engine               - is3D: false
15:59:12.882 [FXGL Background Thread 3 ] DEBUG Engine               - isAndroid: false
15:59:12.882 [FXGL Background Thread 3 ] DEBUG Engine               - isBrowser: false
15:59:12.882 [FXGL Background Thread 3 ] DEBUG Engine               - isClickFeedbackEnabled: false
15:59:12.882 [FXGL Background Thread 3 ] DEBUG Engine               - isCloseConfirmation: false
15:59:12.882 [FXGL Background Thread 3 ] DEBUG Engine               - isDesktop: true
15:59:12.882 [FXGL Background Thread 3 ] DEBUG Engine               - isDeveloperMenuEnabled: true
15:59:12.882 [FXGL Background Thread 3 ] DEBUG Engine               - isEmbedded: false
15:59:12.882 [FXGL Background Thread 3 ] DEBUG Engine               - isEntityPreloadEnabled: true
15:59:12.882 [FXGL Background Thread 3 ] DEBUG Engine               - isExperimentalTiledLargeMap: false
15:59:12.882 [FXGL Background Thread 3 ] DEBUG Engine               - isFileSystemWriteAllowed: true
15:59:12.882 [FXGL Background Thread 3 ] DEBUG Engine               - isFullScreenAllowed: false
15:59:12.882 [FXGL Background Thread 3 ] DEBUG Engine               - isFullScreenFromStart: false
15:59:12.883 [FXGL Background Thread 3 ] DEBUG Engine               - isGameMenuEnabled: true
15:59:12.883 [FXGL Background Thread 3 ] DEBUG Engine               - isIOS: false
15:59:12.883 [FXGL Background Thread 3 ] DEBUG Engine               - isIntroEnabled: false
15:59:12.883 [FXGL Background Thread 3 ] DEBUG Engine               - isLinux: false
15:59:12.883 [FXGL Background Thread 3 ] DEBUG Engine               - isMac: false
15:59:12.883 [FXGL Background Thread 3 ] DEBUG Engine               - isMainMenuEnabled: false
15:59:12.883 [FXGL Background Thread 3 ] DEBUG Engine               - isManualResizeEnabled: false
15:59:12.883 [FXGL Background Thread 3 ] DEBUG Engine               - isMobile: false
15:59:12.883 [FXGL Background Thread 3 ] DEBUG Engine               - isNative: false
15:59:12.883 [FXGL Background Thread 3 ] DEBUG Engine               - isPauseMusicWhenMinimized: true
15:59:12.883 [FXGL Background Thread 3 ] DEBUG Engine               - isPreserveResizeRatio: false
15:59:12.883 [FXGL Background Thread 3 ] DEBUG Engine               - isProfilingEnabled: false
15:59:12.883 [FXGL Background Thread 3 ] DEBUG Engine               - isScaleAffectedOnResize: true
15:59:12.883 [FXGL Background Thread 3 ] DEBUG Engine               - isSingleStep: false
15:59:12.883 [FXGL Background Thread 3 ] DEBUG Engine               - isUserProfileEnabled: false
15:59:12.883 [FXGL Background Thread 3 ] DEBUG Engine               - isWindows: true
15:59:12.883 [FXGL Background Thread 3 ] DEBUG Engine               - language: ObjectProperty [value: ENGLISH]
15:59:12.883 [FXGL Background Thread 3 ] DEBUG Engine               - menuKey: ESCAPE
15:59:12.883 [FXGL Background Thread 3 ] DEBUG Engine               - mouseSensitivity: 0.2
15:59:12.884 [FXGL Background Thread 3 ] DEBUG Engine               - notificationViewClass: class com.almasb.fxgl.notification.view.XboxNotificationView
15:59:12.884 [FXGL Background Thread 3 ] DEBUG Engine               - pixelsPerMeter: 50.0
15:59:12.884 [FXGL Background Thread 3 ] DEBUG Engine               - platform: WINDOWS
15:59:12.884 [FXGL Background Thread 3 ] DEBUG Engine               - prefHeightProperty: ReadOnlyDoubleProperty [value: 720.0]
15:59:12.884 [FXGL Background Thread 3 ] DEBUG Engine               - prefWidthProperty: ReadOnlyDoubleProperty [value: 1280.0]
15:59:12.884 [FXGL Background Thread 3 ] DEBUG Engine               - profileDir: profiles/
15:59:12.884 [FXGL Background Thread 3 ] DEBUG Engine               - profileName: StringProperty [value: DEFAULT]
15:59:12.884 [FXGL Background Thread 3 ] DEBUG Engine               - randomSeed: -1
15:59:12.885 [FXGL Background Thread 3 ] DEBUG Engine               - runtimeInfo: RuntimeInfo(platform=WINDOWS, version=17.3, build=30.03.2023 11.49)
15:59:12.885 [FXGL Background Thread 3 ] DEBUG Engine               - saveFileExt: sav
15:59:12.885 [FXGL Background Thread 3 ] DEBUG Engine               - scaledHeightProp$fxgl: DoubleProperty [bound, value: 720.0]
15:59:12.885 [FXGL Background Thread 3 ] DEBUG Engine               - scaledWidthProp$fxgl: DoubleProperty [bound, value: 1280.0]
15:59:12.885 [FXGL Background Thread 3 ] DEBUG Engine               - sceneFactory: com.example.rpgplatform.RPGPlatform$1@61d59039
15:59:12.885 [FXGL Background Thread 3 ] DEBUG Engine               - secondsIn24h: 60
15:59:12.885 [FXGL Background Thread 3 ] DEBUG Engine               - soundMenuBack: menu/back.wav
15:59:12.885 [FXGL Background Thread 3 ] DEBUG Engine               - soundMenuPress: menu/press.wav
15:59:12.885 [FXGL Background Thread 3 ] DEBUG Engine               - soundMenuSelect: menu/select.wav
15:59:12.885 [FXGL Background Thread 3 ] DEBUG Engine               - soundNotification: core/notification.wav
15:59:12.885 [FXGL Background Thread 3 ] DEBUG Engine               - stageStyle: DECORATED
15:59:12.886 [FXGL Background Thread 3 ] DEBUG Engine               - supportedLanguages: [ENGLISH, FRENCH, GERMAN, HUNGARIAN, RUSSIAN]
15:59:12.887 [FXGL Background Thread 3 ] DEBUG Engine               - ticksPerSecond: -1
15:59:12.887 [FXGL Background Thread 3 ] DEBUG Engine               - title: FUCK THIS SHIT
15:59:12.887 [FXGL Background Thread 3 ] DEBUG Engine               - urlGithub: https://github.com/AlmasB/FXGL
15:59:12.887 [FXGL Background Thread 3 ] DEBUG Engine               - urlLeaderboard: http://fxgl-top.herokuapp.com/
15:59:12.887 [FXGL Background Thread 3 ] DEBUG Engine               - urlPOM: https://raw.githubusercontent.com/AlmasB/FXGL/release/README.md
15:59:12.887 [FXGL Background Thread 3 ] DEBUG Engine               - userAppClass: class com.example.rpgplatform.RPGPlatform
15:59:12.887 [FXGL Background Thread 3 ] DEBUG Engine               - version: 0.0
15:59:12.887 [FXGL Background Thread 3 ] DEBUG Engine               - versionCheckDays: 7
15:59:12.887 [FXGL Background Thread 3 ] DEBUG Engine               - width: 1280
15:59:12.887 [FXGL Background Thread 3 ] DEBUG Engine               - Logging services
15:59:12.887 [FXGL Background Thread 3 ] DEBUG Engine               - class com.almasb.fxgl.app.services.FXGLAssetLoaderService
15:59:12.887 [FXGL Background Thread 3 ] DEBUG Engine               - class com.almasb.fxgl.app.FXGLApplication$GameApplicationService
15:59:12.887 [FXGL Background Thread 3 ] DEBUG Engine               - class com.almasb.fxgl.app.services.FXGLDialogService
15:59:12.887 [FXGL Background Thread 3 ] DEBUG Engine               - class com.almasb.fxgl.app.services.IOTaskExecutorService
15:59:12.887 [FXGL Background Thread 3 ] DEBUG Engine               - class com.almasb.fxgl.io.FileSystemService
15:59:12.888 [FXGL Background Thread 3 ] DEBUG Engine               - class com.almasb.fxgl.localization.LocalizationService
15:59:12.888 [FXGL Background Thread 3 ] DEBUG Engine               - class com.almasb.fxgl.app.services.SystemBundleService
15:59:12.888 [FXGL Background Thread 3 ] DEBUG Engine               - class com.almasb.fxgl.profile.SaveLoadService
15:59:12.888 [FXGL Background Thread 3 ] DEBUG Engine               - class com.almasb.fxgl.ui.FXGLUIFactoryServiceProvider
15:59:12.888 [FXGL Background Thread 3 ] DEBUG Engine               - class com.almasb.fxgl.ui.FXGLDialogFactoryServiceProvider
15:59:12.888 [FXGL Background Thread 3 ] DEBUG Engine               - class com.almasb.fxgl.audio.AudioPlayer
15:59:12.888 [FXGL Background Thread 3 ] DEBUG Engine               - class com.almasb.fxgl.notification.impl.NotificationServiceProvider
15:59:12.889 [FXGL Background Thread 3 ] DEBUG Engine               - class com.almasb.fxgl.achievement.AchievementService
15:59:12.889 [FXGL Background Thread 3 ] DEBUG Engine               - class com.almasb.fxgl.cutscene.CutsceneService
15:59:12.889 [FXGL Background Thread 3 ] DEBUG Engine               - class com.almasb.fxgl.minigames.MiniGameService
15:59:12.889 [FXGL Background Thread 3 ] DEBUG Engine               - class com.almasb.fxgl.net.NetService
15:59:12.889 [FXGL Background Thread 3 ] DEBUG Engine               - class com.almasb.fxgl.app.services.UpdaterService
15:59:12.889 [FXGL Background Thread 3 ] DEBUG Engine               - class com.almasb.fxgl.dev.DevService
15:59:16.537 [JavaFX Application Thread] DEBUG FXGLApplication      - Exiting FXGL
15:59:16.537 [JavaFX Application Thread] DEBUG LoopRunner           - Stopping loop
15:59:16.537 [JavaFX Application Thread] DEBUG SystemBundleService  - Saving FXGL system data
15:59:16.540 [JavaFX Application Thread] DEBUG FileSystemAccess     - Writing to: C:\Users\User\IdeaProjects\RPGPlatform\system\fxgl.bundle
15:59:16.542 [JavaFX Application Thread] DEBUG Async                - Shutting down background threads
15:59:16.543 [JavaFX Application Thread] DEBUG PrimaryStageWindow   - Closing main window
15:59:16.558 [JavaFX Application Thread] DEBUG Logger               - Closing Logger
