10:24:28.775 [main                     ] DEBUG Logger               - Configured Logger
10:24:28.801 [main                     ] DEBUG GameApplication      - Logging settings
Title: Flat Former
 Ge Mu
Version: 0.0
Width: 1080
Height: 720
Fullscreen: false
Intro: false
Profiling: false
Single step:false
App Mode: DEVELOPER
Menu Key: ESCAPE
Stage Style: DECORATED
Scene Factory: class com.example.rpgplatform.RPGPlatform$1

10:24:29.198 [JavaFX Application Thread] DEBUG FXGLApplication      - Initializing FXGL
10:24:29.203 [JavaFX Application Thread] INFO  Engine               - FXGL-17.3 (30.03.2023 11.49) on WINDOWS (J:21.0.2 FX:21)
10:24:29.203 [JavaFX Application Thread] DEBUG Engine               - JRE Vendor Name: Oracle Corporation
10:24:29.204 [JavaFX Application Thread] DEBUG Engine               - Running on OS: Windows 10 version 10.0
10:24:29.204 [JavaFX Application Thread] DEBUG Engine               - Architecture: amd64
10:24:29.204 [JavaFX Application Thread] INFO  Engine               - Source code and latest versions at: https://github.com/AlmasB/FXGL
10:24:29.204 [JavaFX Application Thread] INFO  Engine               -       Ask questions and discuss at: https://github.com/AlmasB/FXGL/discussions
10:24:29.204 [JavaFX Application Thread] INFO  Engine               -              Join the FXGL chat at: https://gitter.im/AlmasB/FXGL
10:24:29.304 [JavaFX Application Thread] DEBUG PrimaryStageWindow   - Creating a JavaFX scene
10:24:29.363 [JavaFX Application Thread] DEBUG PrimaryStageWindow   - Target settings size: 1080.0 x 720.0
10:24:29.363 [JavaFX Application Thread] DEBUG PrimaryStageWindow   - Scaled scene size:    1080.0 x 720.0
10:24:29.363 [JavaFX Application Thread] DEBUG PrimaryStageWindow   - Scaled ratio: (1.0, 1.0)
10:24:29.364 [JavaFX Application Thread] DEBUG PrimaryStageWindow   - Set initial scene to FXGLStartupScene
10:24:29.369 [JavaFX Application Thread] DEBUG PrimaryStageWindow   - Opening main window
10:24:29.462 [JavaFX Application Thread] DEBUG PrimaryStageWindow   - Window border size: (16.0, 39.0)
10:24:29.463 [JavaFX Application Thread] DEBUG PrimaryStageWindow   - Scaled size: 1080.0 x 720.0
10:24:29.463 [JavaFX Application Thread] DEBUG PrimaryStageWindow   - Scaled ratio: (1.0, 1.0)
10:24:29.463 [JavaFX Application Thread] DEBUG PrimaryStageWindow   - Scene size: 1080.0 x 720.0
10:24:29.463 [JavaFX Application Thread] DEBUG PrimaryStageWindow   - Stage size: 1096.0 x 759.0
10:24:29.471 [FXGL Background Thread 1 ] DEBUG Engine               - Initializing environment variables
10:24:29.526 [FXGL Background Thread 1 ] DEBUG FXGLAssetLoaderServi - User app class for loading assets: class com.example.rpgplatform.RPGPlatform
10:24:29.526 [FXGL Background Thread 1 ] DEBUG GameApplicationServi - Applying CSS: fxgl_dark.css
10:24:29.527 [FXGL Background Thread 1 ] DEBUG FXGLAssetLoaderServi - Loading from file system: jar:file:///C:/Users/User/.m2/repository/com/github/almasb/fxgl/17.3/fxgl-17.3.jar!/fxglassets/ui/css/fxgl_dark.css
10:24:29.586 [FXGL Background Thread 1 ] DEBUG GameApplicationServi - Initializing application scenes
10:24:29.669 [FXGL Background Thread 1 ] DEBUG GameWorld            - Game world initialized
10:24:29.735 [FXGL Background Thread 1 ] DEBUG PhysicsWorld         - Physics world initialized: appHeight=720, physics.ppm=50.0
10:24:29.735 [FXGL Background Thread 1 ] DEBUG PhysicsWorld         - Using strategy: BRUTE_FORCE
10:24:29.740 [FXGL Background Thread 1 ] DEBUG GameScene            - Game scene initialized: 1080x720
10:24:29.840 [FXGL Background Thread 1 ] DEBUG GameApplicationServi - Application scenes initialized
10:24:29.855 [FXGL Background Thread 1 ] DEBUG SystemBundleService  - Loading FXGL system data
10:24:29.859 [FXGL Background Thread 1 ] DEBUG FileSystemAccess     - Reading from: C:\Users\User\IdeaProjects\RPGPlatform\system\fxgl.bundle
10:24:29.871 [FXGL Background Thread 1 ] DEBUG SystemBundleService  - Bundle FXGL: {}
10:24:29.871 [FXGL Background Thread 1 ] DEBUG UpdaterService       - Checking for updates
10:24:29.908 [FXGL Background Thread 1 ] DEBUG FXGLApplication      - Loading default localization
10:24:29.911 [FXGL Background Thread 1 ] DEBUG FXGLAssetLoaderServi - Loading from file system: jar:file:///C:/Users/User/.m2/repository/com/github/almasb/fxgl/17.3/fxgl-17.3.jar!/fxglassets/languages/english.lang
10:24:29.930 [FXGL Background Thread 1 ] INFO  FXGLApplication      - FXGL initialization took: 0.459 sec
10:24:29.932 [JavaFX Application Thread] DEBUG FXGLAssetLoaderServi - Loading from file system: file:/C:/Users/User/IdeaProjects/RPGPlatform/target/classes/assets/music/BGM_dash_runner.wav
10:24:29.941 [FXGL Background Thread 4 ] DEBUG FXGLApplication      - Loading fonts
10:24:29.942 [FXGL Background Thread 4 ] DEBUG FXGLAssetLoaderServi - Loading from file system: jar:file:///C:/Users/User/.m2/repository/com/github/almasb/fxgl/17.3/fxgl-17.3.jar!/fxglassets/ui/fonts/VarelaRound-Regular.ttf
10:24:29.995 [FXGL Background Thread 4 ] DEBUG FXGLAssetLoaderServi - Loading from file system: jar:file:///C:/Users/User/.m2/repository/com/github/almasb/fxgl/17.3/fxgl-17.3.jar!/fxglassets/ui/fonts/Abel-Regular.ttf
10:24:30.065 [FXGL Background Thread 4 ] DEBUG FXGLAssetLoaderServi - Loading from file system: jar:file:///C:/Users/User/.m2/repository/com/github/almasb/fxgl/17.3/fxgl-17.3.jar!/fxglassets/ui/fonts/TerminalLandMono-Regular.otf
10:24:30.070 [FXGL Background Thread 4 ] DEBUG FXGLAssetLoaderServi - Loading from file system: jar:file:///C:/Users/User/.m2/repository/com/github/almasb/fxgl/17.3/fxgl-17.3.jar!/fxglassets/ui/fonts/Courier-Prime.ttf
10:24:30.186 [JavaFX Application Thread] DEBUG AudioPlayer          - Playing music com.almasb.fxgl.audio.Music@4f73646e
10:24:30.187 [JavaFX Application Thread] DEBUG FXGLAssetLoaderServi - Loading from file system: jar:file:///C:/Users/User/.m2/repository/com/github/almasb/fxgl/17.3/fxgl-17.3.jar!/fxglassets/textures/fxgl_icon.png
10:24:30.216 [JavaFX Application Thread] DEBUG FXGLAssetLoaderServi - Loading from file system: jar:file:///C:/Users/User/.m2/repository/com/github/almasb/fxgl/17.3/fxgl-17.3.jar!/fxglassets/textures/fxgl_default_cursor.png
10:24:30.231 [JavaFX Application Thread] DEBUG Input                - Registered new binding: Screenshot - CTRL+8
10:24:30.232 [JavaFX Application Thread] DEBUG Input                - Registered new binding: Dev Options - 1
10:24:30.232 [JavaFX Application Thread] DEBUG Input                - Registered new binding: Dev Console - 2
10:24:30.233 [JavaFX Application Thread] DEBUG Input                - Registered new binding: System info dump - CTRL+9
10:24:30.233 [JavaFX Application Thread] DEBUG Input                - Registered new binding: Restart - CTRL+R
10:24:30.234 [JavaFX Application Thread] DEBUG Input                - Registered new binding: Toggle Debug Camera - CTRL+7
10:24:30.239 [JavaFX Application Thread] DEBUG LoopRunner           - Starting loop
10:24:30.262 [JavaFX Application Thread] DEBUG LoopRunner           - Initializing JavaFX AnimationTimerLoop
10:24:30.269 [JavaFX Application Thread] DEBUG Input                - Clearing active input actions
10:24:30.283 [JavaFX Application Thread] DEBUG GameApplicationServi - Removing overlay from FXGLStartupScene and adding to FXGLMainMenuDummyScene
10:24:30.286 [JavaFX Application Thread] DEBUG PrimaryStageWindow   - FXGLStartupScene -> FXGLMainMenuDummyScene
10:24:30.286 [JavaFX Application Thread] DEBUG PrimaryStageWindow   - Push state: MainMenu
10:24:30.287 [JavaFX Application Thread] DEBUG Input                - Clearing active input actions
10:24:30.290 [JavaFX Application Thread] DEBUG GameApplicationServi - Removing overlay from FXGLMainMenuDummyScene and adding to MainMenu
10:24:30.291 [JavaFX Application Thread] DEBUG PrimaryStageWindow   - FXGLMainMenuDummyScene -> MainMenu
10:24:30.301 [JavaFX Application Thread] DEBUG FXGLApplication      - Registering font factories with UI factory
10:24:30.557 [FXGL Background Thread 2 ] INFO  UpdaterService       - Your current version:  17.3
10:24:30.558 [FXGL Background Thread 2 ] INFO  UpdaterService       - Latest stable version: 21.1
10:24:32.907 [FXGL Background Thread 3 ] DEBUG Engine               - Logging environment variables
10:24:32.907 [FXGL Background Thread 3 ] DEBUG Engine               - achievements: []
10:24:32.908 [FXGL Background Thread 3 ] DEBUG Engine               - actualHeight: 720.0
10:24:32.908 [FXGL Background Thread 3 ] DEBUG Engine               - actualHeightProperty: ReadOnlyDoubleProperty [value: 720.0]
10:24:32.908 [FXGL Background Thread 3 ] DEBUG Engine               - actualWidth: 1080.0
10:24:32.908 [FXGL Background Thread 3 ] DEBUG Engine               - actualWidthProperty: ReadOnlyDoubleProperty [value: 1080.0]
10:24:32.908 [FXGL Background Thread 3 ] DEBUG Engine               - appIcon: fxgl_icon.png
10:24:32.908 [FXGL Background Thread 3 ] DEBUG Engine               - applicationMode: DEVELOPER
10:24:32.908 [FXGL Background Thread 3 ] DEBUG Engine               - cSSList: [fxgl_dark.css]
10:24:32.908 [FXGL Background Thread 3 ] DEBUG Engine               - collisionDetectionStrategy: BRUTE_FORCE
10:24:32.909 [FXGL Background Thread 3 ] DEBUG Engine               - configClass: Optional.empty
10:24:32.909 [FXGL Background Thread 3 ] DEBUG Engine               - credits: []
10:24:32.910 [FXGL Background Thread 3 ] DEBUG Engine               - defaultCursor: CursorInfo(imageName=fxgl_default_cursor.png, hotspotX=7.0, hotspotY=6.0)
10:24:32.911 [FXGL Background Thread 3 ] DEBUG Engine               - devBBoxColorProperty: ObjectProperty [value: 0xff0000ff]
10:24:32.911 [FXGL Background Thread 3 ] DEBUG Engine               - devEnableDebugCameraProperty: BooleanProperty [value: false]
10:24:32.911 [FXGL Background Thread 3 ] DEBUG Engine               - devSensorColorProperty: ObjectProperty [value: 0xffff00ff]
10:24:32.911 [FXGL Background Thread 3 ] DEBUG Engine               - devShowBBoxProperty: BooleanProperty [value: false]
10:24:32.911 [FXGL Background Thread 3 ] DEBUG Engine               - devShowPositionProperty: BooleanProperty [value: false]
10:24:32.911 [FXGL Background Thread 3 ] DEBUG Engine               - enabledMenuItems: []
10:24:32.912 [FXGL Background Thread 3 ] DEBUG Engine               - engineServices: [class com.almasb.fxgl.app.services.FXGLAssetLoaderService, class com.almasb.fxgl.app.FXGLApplication$GameApplicationService, class com.almasb.fxgl.app.services.FXGLDialogService, class com.almasb.fxgl.app.services.IOTaskExecutorService, class com.almasb.fxgl.io.FileSystemService, class com.almasb.fxgl.localization.LocalizationService, class com.almasb.fxgl.app.services.SystemBundleService, class com.almasb.fxgl.profile.SaveLoadService, class com.almasb.fxgl.ui.FXGLUIFactoryServiceProvider, class com.almasb.fxgl.ui.FXGLDialogFactoryServiceProvider, class com.almasb.fxgl.audio.AudioPlayer, class com.almasb.fxgl.notification.impl.NotificationServiceProvider, class com.almasb.fxgl.achievement.AchievementService, class com.almasb.fxgl.cutscene.CutsceneService, class com.almasb.fxgl.minigames.MiniGameService, class com.almasb.fxgl.net.NetService, class com.almasb.fxgl.app.services.UpdaterService, class com.almasb.fxgl.dev.DevService]
10:24:32.912 [FXGL Background Thread 3 ] DEBUG Engine               - fontGame: Abel-Regular.ttf
10:24:32.912 [FXGL Background Thread 3 ] DEBUG Engine               - fontMono: TerminalLandMono-Regular.otf
10:24:32.912 [FXGL Background Thread 3 ] DEBUG Engine               - fontSizeScaleUI: 1.0
10:24:32.912 [FXGL Background Thread 3 ] DEBUG Engine               - fontText: Courier-Prime.ttf
10:24:32.912 [FXGL Background Thread 3 ] DEBUG Engine               - fontUI: VarelaRound-Regular.ttf
10:24:32.912 [FXGL Background Thread 3 ] DEBUG Engine               - fullScreen: BooleanProperty [value: false]
10:24:32.912 [FXGL Background Thread 3 ] DEBUG Engine               - gameDifficulty: MEDIUM
10:24:32.912 [FXGL Background Thread 3 ] DEBUG Engine               - gameDifficultyProperty: ObjectProperty [value: MEDIUM]
10:24:32.912 [FXGL Background Thread 3 ] DEBUG Engine               - globalMusicVolume: 0.5
10:24:32.913 [FXGL Background Thread 3 ] DEBUG Engine               - globalMusicVolumeProperty: DoubleProperty [value: 0.0]
10:24:32.913 [FXGL Background Thread 3 ] DEBUG Engine               - globalSoundVolume: 0.5
10:24:32.913 [FXGL Background Thread 3 ] DEBUG Engine               - globalSoundVolumeProperty: DoubleProperty [value: 0.5]
10:24:32.913 [FXGL Background Thread 3 ] DEBUG Engine               - height: 720
10:24:32.913 [FXGL Background Thread 3 ] DEBUG Engine               - is3D: false
10:24:32.913 [FXGL Background Thread 3 ] DEBUG Engine               - isAndroid: false
10:24:32.913 [FXGL Background Thread 3 ] DEBUG Engine               - isBrowser: false
10:24:32.913 [FXGL Background Thread 3 ] DEBUG Engine               - isClickFeedbackEnabled: false
10:24:32.914 [FXGL Background Thread 3 ] DEBUG Engine               - isCloseConfirmation: false
10:24:32.914 [FXGL Background Thread 3 ] DEBUG Engine               - isDesktop: true
10:24:32.914 [FXGL Background Thread 3 ] DEBUG Engine               - isDeveloperMenuEnabled: true
10:24:32.914 [FXGL Background Thread 3 ] DEBUG Engine               - isEmbedded: false
10:24:32.914 [FXGL Background Thread 3 ] DEBUG Engine               - isEntityPreloadEnabled: true
10:24:32.914 [FXGL Background Thread 3 ] DEBUG Engine               - isExperimentalTiledLargeMap: false
10:24:32.914 [FXGL Background Thread 3 ] DEBUG Engine               - isFileSystemWriteAllowed: true
10:24:32.914 [FXGL Background Thread 3 ] DEBUG Engine               - isFullScreenAllowed: false
10:24:32.914 [FXGL Background Thread 3 ] DEBUG Engine               - isFullScreenFromStart: false
10:24:32.914 [FXGL Background Thread 3 ] DEBUG Engine               - isGameMenuEnabled: true
10:24:32.914 [FXGL Background Thread 3 ] DEBUG Engine               - isIOS: false
10:24:32.914 [FXGL Background Thread 3 ] DEBUG Engine               - isIntroEnabled: false
10:24:32.914 [FXGL Background Thread 3 ] DEBUG Engine               - isLinux: false
10:24:32.915 [FXGL Background Thread 3 ] DEBUG Engine               - isMac: false
10:24:32.915 [FXGL Background Thread 3 ] DEBUG Engine               - isMainMenuEnabled: true
10:24:32.915 [FXGL Background Thread 3 ] DEBUG Engine               - isManualResizeEnabled: false
10:24:32.915 [FXGL Background Thread 3 ] DEBUG Engine               - isMobile: false
10:24:32.915 [FXGL Background Thread 3 ] DEBUG Engine               - isNative: false
10:24:32.915 [FXGL Background Thread 3 ] DEBUG Engine               - isPauseMusicWhenMinimized: true
10:24:32.915 [FXGL Background Thread 3 ] DEBUG Engine               - isPreserveResizeRatio: false
10:24:32.915 [FXGL Background Thread 3 ] DEBUG Engine               - isProfilingEnabled: false
10:24:32.915 [FXGL Background Thread 3 ] DEBUG Engine               - isScaleAffectedOnResize: true
10:24:32.915 [FXGL Background Thread 3 ] DEBUG Engine               - isSingleStep: false
10:24:32.915 [FXGL Background Thread 3 ] DEBUG Engine               - isUserProfileEnabled: false
10:24:32.915 [FXGL Background Thread 3 ] DEBUG Engine               - isWindows: true
10:24:32.915 [FXGL Background Thread 3 ] DEBUG Engine               - language: ObjectProperty [value: ENGLISH]
10:24:32.916 [FXGL Background Thread 3 ] DEBUG Engine               - menuKey: ESCAPE
10:24:32.916 [FXGL Background Thread 3 ] DEBUG Engine               - mouseSensitivity: 0.2
10:24:32.916 [FXGL Background Thread 3 ] DEBUG Engine               - notificationViewClass: class com.almasb.fxgl.notification.view.XboxNotificationView
10:24:32.916 [FXGL Background Thread 3 ] DEBUG Engine               - pixelsPerMeter: 50.0
10:24:32.916 [FXGL Background Thread 3 ] DEBUG Engine               - platform: WINDOWS
10:24:32.916 [FXGL Background Thread 3 ] DEBUG Engine               - prefHeightProperty: ReadOnlyDoubleProperty [value: 720.0]
10:24:32.916 [FXGL Background Thread 3 ] DEBUG Engine               - prefWidthProperty: ReadOnlyDoubleProperty [value: 1080.0]
10:24:32.916 [FXGL Background Thread 3 ] DEBUG Engine               - profileDir: profiles/
10:24:32.916 [FXGL Background Thread 3 ] DEBUG Engine               - profileName: StringProperty [value: DEFAULT]
10:24:32.916 [FXGL Background Thread 3 ] DEBUG Engine               - randomSeed: -1
10:24:32.917 [FXGL Background Thread 3 ] DEBUG Engine               - runtimeInfo: RuntimeInfo(platform=WINDOWS, version=17.3, build=30.03.2023 11.49)
10:24:32.917 [FXGL Background Thread 3 ] DEBUG Engine               - saveFileExt: sav
10:24:32.917 [FXGL Background Thread 3 ] DEBUG Engine               - scaledHeightProp$fxgl: DoubleProperty [bound, value: 720.0]
10:24:32.917 [FXGL Background Thread 3 ] DEBUG Engine               - scaledWidthProp$fxgl: DoubleProperty [bound, value: 1080.0]
10:24:32.917 [FXGL Background Thread 3 ] DEBUG Engine               - sceneFactory: com.example.rpgplatform.RPGPlatform$1@543ccb49
10:24:32.917 [FXGL Background Thread 3 ] DEBUG Engine               - secondsIn24h: 60
10:24:32.917 [FXGL Background Thread 3 ] DEBUG Engine               - soundMenuBack: menu/back.wav
10:24:32.917 [FXGL Background Thread 3 ] DEBUG Engine               - soundMenuPress: menu/press.wav
10:24:32.917 [FXGL Background Thread 3 ] DEBUG Engine               - soundMenuSelect: menu/select.wav
10:24:32.917 [FXGL Background Thread 3 ] DEBUG Engine               - soundNotification: core/notification.wav
10:24:32.917 [FXGL Background Thread 3 ] DEBUG Engine               - stageStyle: DECORATED
10:24:32.918 [FXGL Background Thread 3 ] DEBUG Engine               - supportedLanguages: [ENGLISH, FRENCH, GERMAN, HUNGARIAN, RUSSIAN]
10:24:32.918 [FXGL Background Thread 3 ] DEBUG Engine               - ticksPerSecond: -1
10:24:32.918 [FXGL Background Thread 3 ] DEBUG Engine               - title: Flat Former
 Ge Mu
10:24:32.918 [FXGL Background Thread 3 ] DEBUG Engine               - urlGithub: https://github.com/AlmasB/FXGL
10:24:32.918 [FXGL Background Thread 3 ] DEBUG Engine               - urlLeaderboard: http://fxgl-top.herokuapp.com/
10:24:32.918 [FXGL Background Thread 3 ] DEBUG Engine               - urlPOM: https://raw.githubusercontent.com/AlmasB/FXGL/release/README.md
10:24:32.918 [FXGL Background Thread 3 ] DEBUG Engine               - userAppClass: class com.example.rpgplatform.RPGPlatform
10:24:32.918 [FXGL Background Thread 3 ] DEBUG Engine               - version: 0.0
10:24:32.918 [FXGL Background Thread 3 ] DEBUG Engine               - versionCheckDays: 7
10:24:32.918 [FXGL Background Thread 3 ] DEBUG Engine               - width: 1080
10:24:32.918 [FXGL Background Thread 3 ] DEBUG Engine               - Logging services
10:24:32.919 [FXGL Background Thread 3 ] DEBUG Engine               - class com.almasb.fxgl.app.services.FXGLAssetLoaderService
10:24:32.919 [FXGL Background Thread 3 ] DEBUG Engine               - class com.almasb.fxgl.app.FXGLApplication$GameApplicationService
10:24:32.919 [FXGL Background Thread 3 ] DEBUG Engine               - class com.almasb.fxgl.app.services.FXGLDialogService
10:24:32.919 [FXGL Background Thread 3 ] DEBUG Engine               - class com.almasb.fxgl.app.services.IOTaskExecutorService
10:24:32.919 [FXGL Background Thread 3 ] DEBUG Engine               - class com.almasb.fxgl.io.FileSystemService
10:24:32.919 [FXGL Background Thread 3 ] DEBUG Engine               - class com.almasb.fxgl.localization.LocalizationService
10:24:32.919 [FXGL Background Thread 3 ] DEBUG Engine               - class com.almasb.fxgl.app.services.SystemBundleService
10:24:32.919 [FXGL Background Thread 3 ] DEBUG Engine               - class com.almasb.fxgl.profile.SaveLoadService
10:24:32.919 [FXGL Background Thread 3 ] DEBUG Engine               - class com.almasb.fxgl.ui.FXGLUIFactoryServiceProvider
10:24:32.919 [FXGL Background Thread 3 ] DEBUG Engine               - class com.almasb.fxgl.ui.FXGLDialogFactoryServiceProvider
10:24:32.919 [FXGL Background Thread 3 ] DEBUG Engine               - class com.almasb.fxgl.audio.AudioPlayer
10:24:32.919 [FXGL Background Thread 3 ] DEBUG Engine               - class com.almasb.fxgl.notification.impl.NotificationServiceProvider
10:24:32.919 [FXGL Background Thread 3 ] DEBUG Engine               - class com.almasb.fxgl.achievement.AchievementService
10:24:32.919 [FXGL Background Thread 3 ] DEBUG Engine               - class com.almasb.fxgl.cutscene.CutsceneService
10:24:32.920 [FXGL Background Thread 3 ] DEBUG Engine               - class com.almasb.fxgl.minigames.MiniGameService
10:24:32.920 [FXGL Background Thread 3 ] DEBUG Engine               - class com.almasb.fxgl.net.NetService
10:24:32.920 [FXGL Background Thread 3 ] DEBUG Engine               - class com.almasb.fxgl.app.services.UpdaterService
10:24:32.920 [FXGL Background Thread 3 ] DEBUG Engine               - class com.almasb.fxgl.dev.DevService
10:24:33.437 [JavaFX Application Thread] DEBUG Menu                 - fireNewGame()
10:24:33.437 [JavaFX Application Thread] DEBUG GameApplicationServi - Starting new game
10:24:33.438 [JavaFX Application Thread] DEBUG PrimaryStageWindow   - Pop state: MainMenu
10:24:33.438 [JavaFX Application Thread] DEBUG Input                - Clearing active input actions
10:24:33.439 [JavaFX Application Thread] DEBUG GameApplicationServi - Removing overlay from MainMenu and adding to FXGLMainMenuDummyScene
10:24:33.441 [JavaFX Application Thread] DEBUG PrimaryStageWindow   - FXGLMainMenuDummyScene <- MainMenu
10:24:33.442 [JavaFX Application Thread] DEBUG Input                - Clearing active input actions
10:24:33.461 [JavaFX Application Thread] DEBUG GameApplicationServi - Removing overlay from FXGLMainMenuDummyScene and adding to FXGLLoadingScene
10:24:33.461 [JavaFX Application Thread] DEBUG PrimaryStageWindow   - FXGLMainMenuDummyScene -> FXGLLoadingScene
10:24:33.461 [JavaFX Application Thread] DEBUG GameApplicationServi - Clearing previous game
10:24:33.461 [JavaFX Application Thread] DEBUG GameScene            - Clearing game scene
10:24:33.462 [JavaFX Application Thread] DEBUG GameWorld            - Clearing game world
10:24:33.462 [JavaFX Application Thread] DEBUG PhysicsWorld         - Clearing physics world
10:24:33.464 [FXGL Background Thread 2 ] DEBUG FXGLApplication      - Initializing game
10:24:33.546 [FXGL Background Thread 2 ] DEBUG TMXLevelLoader       - Parsed TiledMap: file:/C:/Users/User/IdeaProjects/RPGPlatform/target/classes/assets/levels/tmx/level1.tmx
10:24:33.547 [FXGL Background Thread 2 ] DEBUG TMXLevelLoader       - Creating tile layer entities
10:24:33.549 [FXGL Background Thread 2 ] DEBUG TilesetLoader        - Loading view for layer Tile Layer 1
10:24:33.552 [FXGL Background Thread 2 ] DEBUG TilesetLoader        - Created buffer with size 1050.0x700.0
10:24:33.574 [FXGL Background Thread 2 ] DEBUG TMXLevelLoader       - Creating object layer entities
10:24:33.595 [FXGL Background Thread 2 ] DEBUG GameWorld            - Clearing removable entities
10:24:33.597 [FXGL Background Thread 2 ] DEBUG GameWorld            - Setting level: com.almasb.fxgl.entity.level.Level@13e9199a
10:24:33.609 [FXGL Background Thread 2 ] DEBUG FXGLAssetLoaderServi - Loading from file system: file:/C:/Users/User/IdeaProjects/RPGPlatform/target/classes/assets/textures/WarriorIdle.png
10:24:33.617 [FXGL Background Thread 2 ] DEBUG FXGLAssetLoaderServi - Loading from file system: file:/C:/Users/User/IdeaProjects/RPGPlatform/target/classes/assets/textures/WarriorHigh_Jump.png
10:24:33.625 [FXGL Background Thread 2 ] DEBUG FXGLAssetLoaderServi - Loading from file system: file:/C:/Users/User/IdeaProjects/RPGPlatform/target/classes/assets/textures/WarriorWalk.png
10:24:33.628 [FXGL Background Thread 2 ] DEBUG FXGLAssetLoaderServi - Loading from file system: file:/C:/Users/User/IdeaProjects/RPGPlatform/target/classes/assets/textures/WarriorAttack.png
10:24:33.632 [FXGL Background Thread 2 ] DEBUG FXGLAssetLoaderServi - Loading from file system: file:/C:/Users/User/IdeaProjects/RPGPlatform/target/classes/assets/textures/WarriorSpecialAttack.png
10:24:33.652 [FXGL Background Thread 2 ] DEBUG FXGLAssetLoaderServi - Loading from file system: file:/C:/Users/User/IdeaProjects/RPGPlatform/target/classes/assets/textures/background/windrise-background.png
10:24:33.680 [FXGL Background Thread 2 ] INFO  FXGLApplication      - Game initialization took: 0.216 sec
10:24:33.681 [JavaFX Application Thread] DEBUG Input                - Clearing active input actions
10:24:33.687 [JavaFX Application Thread] DEBUG GameApplicationServi - Removing overlay from FXGLLoadingScene and adding to GameScene
10:24:33.687 [FXGL Background Thread 4 ] DEBUG Input                - Registered new binding: Left - A
10:24:33.689 [FXGL Background Thread 4 ] DEBUG Input                - Registered new binding: Right - D
10:24:33.693 [JavaFX Application Thread] DEBUG PrimaryStageWindow   - FXGLLoadingScene -> GameScene
10:24:33.693 [FXGL Background Thread 4 ] DEBUG Input                - Registered new binding: Jump - W
10:24:33.695 [FXGL Background Thread 4 ] DEBUG Input                - Registered new binding: BasicAttack - I
10:24:33.696 [JavaFX Application Thread] WARN  FXGLAssetLoaderServi - Asset "/assets/sounds/stage_start.wav" was not found!
10:24:33.697 [JavaFX Application Thread] WARN  FXGLAssetLoaderServi - Failed to load SOUND
10:24:33.699 [FXGL Background Thread 4 ] DEBUG Input                - Registered new binding: SkillAttack - P
10:24:33.701 [JavaFX Application Thread] DEBUG PrimaryStageWindow   - Push state: StageStartScene
10:24:33.701 [JavaFX Application Thread] DEBUG Input                - Clearing active input actions
10:24:33.702 [JavaFX Application Thread] DEBUG GameApplicationServi - Removing overlay from GameScene and adding to StageStartScene
10:24:33.702 [JavaFX Application Thread] DEBUG PrimaryStageWindow   - GameScene -> StageStartScene
10:24:37.474 [JavaFX Application Thread] DEBUG PrimaryStageWindow   - Pop state: StageStartScene
10:24:37.474 [JavaFX Application Thread] DEBUG Input                - Clearing active input actions
10:24:37.475 [JavaFX Application Thread] DEBUG GameApplicationServi - Removing overlay from StageStartScene and adding to GameScene
10:24:37.476 [JavaFX Application Thread] DEBUG PrimaryStageWindow   - GameScene <- StageStartScene
10:24:45.890 [JavaFX Application Thread] DEBUG FXGLApplication      - Exiting FXGL
10:24:45.890 [JavaFX Application Thread] DEBUG LoopRunner           - Stopping loop
10:24:45.891 [JavaFX Application Thread] DEBUG SystemBundleService  - Saving FXGL system data
10:24:45.893 [JavaFX Application Thread] DEBUG FileSystemAccess     - Writing to: C:\Users\User\IdeaProjects\RPGPlatform\system\fxgl.bundle
10:24:45.896 [JavaFX Application Thread] DEBUG Async                - Shutting down background threads
10:24:45.896 [JavaFX Application Thread] DEBUG PrimaryStageWindow   - Closing main window
10:24:45.911 [JavaFX Application Thread] DEBUG Logger               - Closing Logger
